<?xml version="1.0" encoding="UTF-8"?>
<!-- Generated by org.testng.reporters.JUnitReportReporter -->
<testsuite hostname="GLB-459-PC" failures="0" tests="1" name="com.power.testcases.Verify_FaceBook_Post_Date_Between_TestScript" time="675.370" errors="0" timestamp="2023-03-29T17:35:30 IST" skipped="0">
  <testcase classname="com.power.testcases.Verify_FaceBook_Post_Date_Between_TestScript" name="Verify_FaceBook_Post_Date_Between_TestScript" time="675.370"/>
  <system-out>
    <![CDATA[<B><font color = 'purple'> Step1 -</font> Logged into PowerAdSpy Application
<B><font color = 'purple'> Step2 -</font> I am on the page :PowerAdSpy | Facebook Dashboard
<B><font color = 'purple'> Step3 -</font> Power Ad Spy Logo is Displayed
<B><font color = 'purple'> Step4 -</font> Clicked On FaceBook Icon
       
<B><font color = 'green'>  - ShortBy Newest Step will Start from here </font>  
<B><font color = 'orange'> Step1 -</font> Clicked On sortBy Icon
<B><font color = 'orange'> Step2 -</font> Clicked On SortBy Newest Icon
<B><font color = 'orange'> Step3 -</font> Clicked On search Button Icon
<B><font color = 'green'>  -ShortBy Newest -Post Date Between All Step will Start from here  </font> 
<B><font color = 'orange'> Step4 -</font> Clicked On Post Date Between filter Icon
<B><font color = 'orange'> Step5 -</font> Clicked On  Post Between All Icon
<B><font color = 'orange'> Step6 -</font> Clicked On Search Button Icon
<B><font color = 'orange'> Step7 -</font>  Total Ad Count is :4653
 
<B><font color ='red'> 1 Ad -</font>  
<B><font color = 'blue'> ==> -</font> Ads Caputure Image Date :
<B><font color = 'blue'> ==> -</font> Image Date is :28 March 2023
<B><font color = 'blue'> ==> -</font> ID of the Ad = 21566
<B><font color = 'blue'> ==> -</font> Clicked On Show Analytics Icon
<B><font color = 'blue'> ==> -</font> Image Date of Post date is :28 March 2023
<B><font color = 'blue'> ==> -</font> Image Date of Last Seen is :28 March 2023
<B><font color = 'blue'> ==> -</font> Both  Date are Matching in Assert Pass :28 March 2023 == 28 March 2023
 
<B><font color ='red'> 2 Ad -</font>  
<B><font color = 'blue'> ==> -</font> Ads Caputure Image Date :
<B><font color = 'blue'> ==> -</font> Image Date is :28 March 2023
<B><font color = 'blue'> ==> -</font> ID of the Ad = 21565
<B><font color = 'blue'> ==> -</font> Clicked On Show Analytics Icon
<B><font color = 'blue'> ==> -</font> Image Date of Post date is :27 March 2023
<B><font color = 'blue'> ==> -</font> Image Date of Last Seen is :28 March 2023
<B><font color = 'blue'> ==> -</font> Both  Date are Matching in Assert Pass :28 March 2023 == 28 March 2023
 
<B><font color ='red'> 3 Ad -</font>  
<B><font color = 'blue'> ==> -</font> Ads Caputure Image Date :
<B><font color = 'blue'> ==> -</font> Image Date is :28 March 2023
<B><font color = 'blue'> ==> -</font> ID of the Ad = 21564
<B><font color = 'blue'> ==> -</font> Clicked On Show Analytics Icon
<B><font color = 'blue'> ==> -</font> Image Date of Post date is :21 March 2023
<B><font color = 'blue'> ==> -</font> Image Date of Last Seen is :28 March 2023
<B><font color = 'blue'> ==> -</font> Both  Date are Matching in Assert Pass :28 March 2023 == 28 March 2023
 
<B><font color ='red'> 4 Ad -</font>  
<B><font color = 'blue'> ==> -</font> Ads Caputure Image Date :
<B><font color = 'blue'> ==> -</font> Image Date is :28 March 2023
<B><font color = 'blue'> ==> -</font> ID of the Ad = 21563
<B><font color = 'blue'> ==> -</font> Clicked On Show Analytics Icon
<B><font color = 'blue'> ==> -</font> Image Date of Post date is :27 March 2023
<B><font color = 'blue'> ==> -</font> Image Date of Last Seen is :28 March 2023
<B><font color = 'blue'> ==> -</font> Both  Date are Matching in Assert Pass :28 March 2023 == 28 March 2023
 
<B><font color ='red'> 5 Ad -</font>  
<B><font color = 'blue'> ==> -</font> Ads Caputure Image Date :
<B><font color = 'blue'> ==> -</font> Image Date is :28 March 2023
<B><font color = 'blue'> ==> -</font> ID of the Ad = 21562
<B><font color = 'blue'> ==> -</font> Clicked On Show Analytics Icon
<B><font color = 'blue'> ==> -</font> Image Date of Post date is :28 March 2023
<B><font color = 'blue'> ==> -</font> Image Date of Last Seen is :28 March 2023
<B><font color = 'blue'> ==> -</font> Both  Date are Matching in Assert Pass :28 March 2023 == 28 March 2023
 
<B><font color ='red'> 6 Ad -</font>  
<B><font color = 'blue'> ==> -</font> Ads Caputure Image Date :
<B><font color = 'blue'> ==> -</font> Image Date is :28 March 2023
<B><font color = 'blue'> ==> -</font> ID of the Ad = 21561
<B><font color = 'blue'> ==> -</font> Clicked On Show Analytics Icon
<B><font color = 'blue'> ==> -</font> Image Date of Post date is :3 January 2023
<B><font color = 'blue'> ==> -</font> Image Date of Last Seen is :28 March 2023
<B><font color = 'blue'> ==> -</font> Both  Date are Matching in Assert Pass :28 March 2023 == 28 March 2023
 
<B><font color ='red'> 7 Ad -</font>  
<B><font color = 'blue'> ==> -</font> Ads Caputure Image Date :
<B><font color = 'blue'> ==> -</font> Image Date is :28 March 2023
<B><font color = 'blue'> ==> -</font> ID of the Ad = 21560
<B><font color = 'blue'> ==> -</font> Clicked On Show Analytics Icon
<B><font color = 'blue'> ==> -</font> Image Date of Post date is :15 January 2023
<B><font color = 'blue'> ==> -</font> Image Date of Last Seen is :28 March 2023
<B><font color = 'blue'> ==> -</font> Both  Date are Matching in Assert Pass :28 March 2023 == 28 March 2023
 
<B><font color ='red'> 8 Ad -</font>  
<B><font color = 'blue'> ==> -</font> Ads Caputure Image Date :
<B><font color = 'blue'> ==> -</font> Image Date is :27 March 2023
<B><font color = 'blue'> ==> -</font> ID of the Ad = 21559
<B><font color = 'blue'> ==> -</font> Clicked On Show Analytics Icon
<B><font color = 'blue'> ==> -</font> Image Date of Post date is :1 December 2022
<B><font color = 'blue'> ==> -</font> Image Date of Last Seen is :27 March 2023
<B><font color = 'blue'> ==> -</font> Both  Date are Matching in Assert Pass :27 March 2023 == 27 March 2023
 
<B><font color ='red'> 9 Ad -</font>  
<B><font color = 'blue'> ==> -</font> Ads Caputure Image Date :
<B><font color = 'blue'> ==> -</font> Image Date is :27 March 2023
<B><font color = 'blue'> ==> -</font> ID of the Ad = 21558
<B><font color = 'blue'> ==> -</font> Clicked On Show Analytics Icon
<B><font color = 'blue'> ==> -</font> Image Date of Post date is :20 March 2023
<B><font color = 'blue'> ==> -</font> Image Date of Last Seen is :27 March 2023
<B><font color = 'blue'> ==> -</font> Both  Date are Matching in Assert Pass :27 March 2023 == 27 March 2023
 
<B><font color ='red'> 10 Ad -</font>  
<B><font color = 'blue'> ==> -</font> Ads Caputure Image Date :
<B><font color = 'blue'> ==> -</font> Image Date is :27 March 2023
<B><font color = 'blue'> ==> -</font> ID of the Ad = 21557
<B><font color = 'blue'> ==> -</font> Clicked On Show Analytics Icon
<B><font color = 'blue'> ==> -</font> Image Date of Post date is :6 March 2023
<B><font color = 'blue'> ==> -</font> Image Date of Last Seen is :27 March 2023
<B><font color = 'blue'> ==> -</font> Both  Date are Matching in Assert Pass :27 March 2023 == 27 March 2023
 
<B><font color ='red'> 11 Ad -</font>  
<B><font color = 'blue'> ==> -</font> Ads Caputure Image Date :
<B><font color = 'blue'> ==> -</font> Image Date is :27 March 2023
<B><font color = 'blue'> ==> -</font> ID of the Ad = 21556
<B><font color = 'blue'> ==> -</font> Clicked On Show Analytics Icon
<B><font color = 'blue'> ==> -</font> Image Date of Post date is :--
<B><font color = 'blue'> ==> -</font> Image Date of Last Seen is :27 March 2023
<B><font color = 'blue'> ==> -</font> Both  Date are Matching in Assert Pass :27 March 2023 == 27 March 2023
 
<B><font color ='red'> 12 Ad -</font>  
<B><font color = 'blue'> ==> -</font> Ads Caputure Image Date :
<B><font color = 'blue'> ==> -</font> Image Date is :27 March 2023
<B><font color = 'blue'> ==> -</font> ID of the Ad = 21555
<B><font color = 'blue'> ==> -</font> Clicked On Show Analytics Icon
<B><font color = 'blue'> ==> -</font> Image Date of Post date is :1 March 2023
<B><font color = 'blue'> ==> -</font> Image Date of Last Seen is :27 March 2023
<B><font color = 'blue'> ==> -</font> Both  Date are Matching in Assert Pass :27 March 2023 == 27 March 2023
 
<B><font color ='red'> 13 Ad -</font>  
<B><font color = 'blue'> ==> -</font> Ads Caputure Image Date :
<B><font color = 'blue'> ==> -</font> Image Date is :27 March 2023
<B><font color = 'blue'> ==> -</font> ID of the Ad = 21554
<B><font color = 'blue'> ==> -</font> Clicked On Show Analytics Icon
<B><font color = 'blue'> ==> -</font> Image Date of Post date is :--
<B><font color = 'blue'> ==> -</font> Image Date of Last Seen is :27 March 2023
<B><font color = 'blue'> ==> -</font> Both  Date are Matching in Assert Pass :27 March 2023 == 27 March 2023
 
<B><font color ='red'> 14 Ad -</font>  
<B><font color = 'blue'> ==> -</font> Ads Caputure Image Date :
<B><font color = 'blue'> ==> -</font> Image Date is :28 March 2023
<B><font color = 'blue'> ==> -</font> ID of the Ad = 21553
<B><font color = 'blue'> ==> -</font> Clicked On Show Analytics Icon
<B><font color = 'blue'> ==> -</font> Image Date of Post date is :27 March 2023
<B><font color = 'blue'> ==> -</font> Image Date of Last Seen is :28 March 2023
<B><font color = 'blue'> ==> -</font> Both  Date are Matching in Assert Pass :28 March 2023 == 28 March 2023
 
<B><font color ='red'> 15 Ad -</font>  
<B><font color = 'blue'> ==> -</font> Ads Caputure Image Date :
<B><font color = 'blue'> ==> -</font> Image Date is :27 March 2023
<B><font color = 'blue'> ==> -</font> ID of the Ad = 21552
<B><font color = 'blue'> ==> -</font> Clicked On Show Analytics Icon
<B><font color = 'blue'> ==> -</font> Image Date of Post date is :20 February 2023
<B><font color = 'blue'> ==> -</font> Image Date of Last Seen is :27 March 2023
<B><font color = 'blue'> ==> -</font> Both  Date are Matching in Assert Pass :27 March 2023 == 27 March 2023
       
<B><font color = 'green'>  -ShortBy Newest -Post Date Between Today Step will Start from here  </font> 
<B><font color = 'orange'> Step4> -</font> Clicked On Post Date Between filter Icon
<B><font color = 'orange'> Step5 -</font> Clicked On  Post Between Today Icon
<B><font color = 'orange'> Step6 -</font> Clicked On Search Button Icon
<B><font color = 'orange'> Step7 -</font>  Total Ad Count is :
 
<B><font color ='red'> 1 Ad -</font>  
<B><font color = 'blue'> ==> -</font> Ads Caputure Image Date :
<B><font color = 'red'> ==> -</font> Image is not able: Oops! Looks like we don't have data for this search criteria yet.
 
<B><font color ='red'> 2 Ad -</font>  
<B><font color = 'blue'> ==> -</font> Ads Caputure Image Date :
<B><font color = 'red'> ==> -</font> Image is not able: Oops! Looks like we don't have data for this search criteria yet.
 
<B><font color ='red'> 3 Ad -</font>  
<B><font color = 'blue'> ==> -</font> Ads Caputure Image Date :
<B><font color = 'red'> ==> -</font> Image is not able: Oops! Looks like we don't have data for this search criteria yet.
 
<B><font color ='red'> 4 Ad -</font>  
<B><font color = 'blue'> ==> -</font> Ads Caputure Image Date :
<B><font color = 'red'> ==> -</font> Image is not able: Oops! Looks like we don't have data for this search criteria yet.
 
<B><font color ='red'> 5 Ad -</font>  
<B><font color = 'blue'> ==> -</font> Ads Caputure Image Date :
<B><font color = 'red'> ==> -</font> Image is not able: Oops! Looks like we don't have data for this search criteria yet.
 
<B><font color ='red'> 6 Ad -</font>  
<B><font color = 'blue'> ==> -</font> Ads Caputure Image Date :
<B><font color = 'red'> ==> -</font> Image is not able: Oops! Looks like we don't have data for this search criteria yet.
 
<B><font color ='red'> 7 Ad -</font>  
<B><font color = 'blue'> ==> -</font> Ads Caputure Image Date :
<B><font color = 'red'> ==> -</font> Image is not able: Oops! Looks like we don't have data for this search criteria yet.
 
<B><font color ='red'> 8 Ad -</font>  
<B><font color = 'blue'> ==> -</font> Ads Caputure Image Date :
<B><font color = 'red'> ==> -</font> Image is not able: Oops! Looks like we don't have data for this search criteria yet.
 
<B><font color ='red'> 9 Ad -</font>  
<B><font color = 'blue'> ==> -</font> Ads Caputure Image Date :
<B><font color = 'red'> ==> -</font> Image is not able: Oops! Looks like we don't have data for this search criteria yet.
 
<B><font color ='red'> 10 Ad -</font>  
<B><font color = 'blue'> ==> -</font> Ads Caputure Image Date :
<B><font color = 'red'> ==> -</font> Image is not able: Oops! Looks like we don't have data for this search criteria yet.
 
<B><font color ='red'> 11 Ad -</font>  
<B><font color = 'blue'> ==> -</font> Ads Caputure Image Date :
<B><font color = 'red'> ==> -</font> Image is not able: Oops! Looks like we don't have data for this search criteria yet.
 
<B><font color ='red'> 12 Ad -</font>  
<B><font color = 'blue'> ==> -</font> Ads Caputure Image Date :
<B><font color = 'red'> ==> -</font> Image is not able: Oops! Looks like we don't have data for this search criteria yet.
 
<B><font color ='red'> 13 Ad -</font>  
<B><font color = 'blue'> ==> -</font> Ads Caputure Image Date :
<B><font color = 'red'> ==> -</font> Image is not able: Oops! Looks like we don't have data for this search criteria yet.
 
<B><font color ='red'> 14 Ad -</font>  
<B><font color = 'blue'> ==> -</font> Ads Caputure Image Date :
<B><font color = 'red'> ==> -</font> Image is not able: Oops! Looks like we don't have data for this search criteria yet.
 
<B><font color ='red'> 15 Ad -</font>  
<B><font color = 'blue'> ==> -</font> Ads Caputure Image Date :
<B><font color = 'red'> ==> -</font> Image is not able: Oops! Looks like we don't have data for this search criteria yet.
       
<B><font color = 'green'>  -ShortBy Newest -Post Date Between Yesterday Step will Start from here  </font> 
<B><font color = 'orange'> Step4 -</font> Clicked On Post Date Between filter Icon
<B><font color = 'orange'> Step5 -</font> Clicked On  Post Between Yesterday Icon
<B><font color = 'orange'> Step6 -</font> Clicked On Search Button Icon
<B><font color = 'orange'> Step7 -</font>  Total Ad Count is :2
 
<B><font color ='red'> 1 Ad -</font>  
<B><font color = 'blue'> ==> -</font> Ads Caputure Image Date :
<B><font color = 'blue'> ==> -</font> Image Date is :28 March 2023
<B><font color = 'blue'> ==> -</font> ID of the Ad = 21566
<B><font color = 'blue'> ==> -</font> Clicked On Show Analytics Icon
<B><font color = 'blue'> ==> -</font> Image Date of Post date is :28 March 2023
<B><font color = 'blue'> ==> -</font> Image Date of Last Seen is :28 March 2023
<B><font color = 'blue'> ==> -</font> Both  Date are Matching in Assert Pass :28 March 2023 == 28 March 2023
 
<B><font color ='red'> 2 Ad -</font>  
<B><font color = 'blue'> ==> -</font> Ads Caputure Image Date :
<B><font color = 'blue'> ==> -</font> Image Date is :28 March 2023
<B><font color = 'blue'> ==> -</font> ID of the Ad = 21562
<B><font color = 'blue'> ==> -</font> Clicked On Show Analytics Icon
<B><font color = 'blue'> ==> -</font> Image Date of Post date is :28 March 2023
<B><font color = 'blue'> ==> -</font> Image Date of Last Seen is :28 March 2023
<B><font color = 'blue'> ==> -</font> Both  Date are Matching in Assert Pass :28 March 2023 == 28 March 2023
 
<B><font color ='red'> 3 Ad -</font>  
<B><font color = 'blue'> ==> -</font> Ads Caputure Image Date :
<B><font color = 'red'> ==> -</font> Image is not able: Oops! Looks like we don't have data for this search criteria yet.
 
<B><font color ='red'> 4 Ad -</font>  
<B><font color = 'blue'> ==> -</font> Ads Caputure Image Date :
<B><font color = 'red'> ==> -</font> Image is not able: Oops! Looks like we don't have data for this search criteria yet.
 
<B><font color ='red'> 5 Ad -</font>  
<B><font color = 'blue'> ==> -</font> Ads Caputure Image Date :
<B><font color = 'red'> ==> -</font> Image is not able: Oops! Looks like we don't have data for this search criteria yet.
 
<B><font color ='red'> 6 Ad -</font>  
<B><font color = 'blue'> ==> -</font> Ads Caputure Image Date :
<B><font color = 'red'> ==> -</font> Image is not able: Oops! Looks like we don't have data for this search criteria yet.
 
<B><font color ='red'> 7 Ad -</font>  
<B><font color = 'blue'> ==> -</font> Ads Caputure Image Date :
<B><font color = 'red'> ==> -</font> Image is not able: Oops! Looks like we don't have data for this search criteria yet.
 
<B><font color ='red'> 8 Ad -</font>  
<B><font color = 'blue'> ==> -</font> Ads Caputure Image Date :
<B><font color = 'red'> ==> -</font> Image is not able: Oops! Looks like we don't have data for this search criteria yet.
 
<B><font color ='red'> 9 Ad -</font>  
<B><font color = 'blue'> ==> -</font> Ads Caputure Image Date :
<B><font color = 'red'> ==> -</font> Image is not able: Oops! Looks like we don't have data for this search criteria yet.
 
<B><font color ='red'> 10 Ad -</font>  
<B><font color = 'blue'> ==> -</font> Ads Caputure Image Date :
<B><font color = 'red'> ==> -</font> Image is not able: Oops! Looks like we don't have data for this search criteria yet.
 
<B><font color ='red'> 11 Ad -</font>  
<B><font color = 'blue'> ==> -</font> Ads Caputure Image Date :
<B><font color = 'red'> ==> -</font> Image is not able: Oops! Looks like we don't have data for this search criteria yet.
 
<B><font color ='red'> 12 Ad -</font>  
<B><font color = 'blue'> ==> -</font> Ads Caputure Image Date :
<B><font color = 'red'> ==> -</font> Image is not able: Oops! Looks like we don't have data for this search criteria yet.
 
<B><font color ='red'> 13 Ad -</font>  
<B><font color = 'blue'> ==> -</font> Ads Caputure Image Date :
<B><font color = 'red'> ==> -</font> Image is not able: Oops! Looks like we don't have data for this search criteria yet.
 
<B><font color ='red'> 14 Ad -</font>  
<B><font color = 'blue'> ==> -</font> Ads Caputure Image Date :
<B><font color = 'red'> ==> -</font> Image is not able: Oops! Looks like we don't have data for this search criteria yet.
 
<B><font color ='red'> 15 Ad -</font>  
<B><font color = 'blue'> ==> -</font> Ads Caputure Image Date :
<B><font color = 'red'> ==> -</font> Image is not able: Oops! Looks like we don't have data for this search criteria yet.
       
<B><font color = 'green'>  -ShortBy Newest -Post Date Between Last Seven Days Step will Start from here  </font> 
<B><font color = 'orange'> Step4 -</font> Clicked On Post Date Between filter Icon
<B><font color = 'orange'> Step5 -</font> Clicked On  Post Between Last Seven Days Icon
<B><font color = 'orange'> Step6 -</font> Clicked On Search Button Icon
<B><font color = 'orange'> Step7 -</font>  Total Ad Count is :74
 
<B><font color ='red'> 1 Ad -</font>  
<B><font color = 'blue'> ==> -</font> Ads Caputure Image Date :
<B><font color = 'blue'> ==> -</font> Image Date is :28 March 2023
<B><font color = 'blue'> ==> -</font> ID of the Ad = 21566
<B><font color = 'blue'> ==> -</font> Clicked On Show Analytics Icon
<B><font color = 'blue'> ==> -</font> Image Date of Post date is :28 March 2023
<B><font color = 'blue'> ==> -</font> Image Date of Last Seen is :28 March 2023
<B><font color = 'blue'> ==> -</font> Both  Date are Matching in Assert Pass :28 March 2023 == 28 March 2023
 
<B><font color ='red'> 2 Ad -</font>  
<B><font color = 'blue'> ==> -</font> Ads Caputure Image Date :
<B><font color = 'blue'> ==> -</font> Image Date is :27 March 2023
<B><font color = 'blue'> ==> -</font> ID of the Ad = 21565
<B><font color = 'blue'> ==> -</font> Clicked On Show Analytics Icon
<B><font color = 'blue'> ==> -</font> Image Date of Post date is :27 March 2023
<B><font color = 'blue'> ==> -</font> Image Date of Last Seen is :28 March 2023
<B><font color = 'blue'> ==> -</font> Both  Date are Matching in Assert Pass :27 March 2023 == 27 March 2023
 
<B><font color ='red'> 3 Ad -</font>  
<B><font color = 'blue'> ==> -</font> Ads Caputure Image Date :
<B><font color = 'blue'> ==> -</font> Image Date is :27 March 2023
<B><font color = 'blue'> ==> -</font> ID of the Ad = 21563
<B><font color = 'blue'> ==> -</font> Clicked On Show Analytics Icon
<B><font color = 'blue'> ==> -</font> Image Date of Post date is :27 March 2023
<B><font color = 'blue'> ==> -</font> Image Date of Last Seen is :28 March 2023
<B><font color = 'blue'> ==> -</font> Both  Date are Matching in Assert Pass :27 March 2023 == 27 March 2023
 
<B><font color ='red'> 4 Ad -</font>  
<B><font color = 'blue'> ==> -</font> Ads Caputure Image Date :
<B><font color = 'blue'> ==> -</font> Image Date is :28 March 2023
<B><font color = 'blue'> ==> -</font> ID of the Ad = 21562
<B><font color = 'blue'> ==> -</font> Clicked On Show Analytics Icon
<B><font color = 'blue'> ==> -</font> Image Date of Post date is :28 March 2023
<B><font color = 'blue'> ==> -</font> Image Date of Last Seen is :28 March 2023
<B><font color = 'blue'> ==> -</font> Both  Date are Matching in Assert Pass :28 March 2023 == 28 March 2023
 
<B><font color ='red'> 5 Ad -</font>  
<B><font color = 'blue'> ==> -</font> Ads Caputure Image Date :
<B><font color = 'blue'> ==> -</font> Image Date is :27 March 2023
<B><font color = 'blue'> ==> -</font> ID of the Ad = 21553
<B><font color = 'blue'> ==> -</font> Clicked On Show Analytics Icon
<B><font color = 'blue'> ==> -</font> Image Date of Post date is :27 March 2023
<B><font color = 'blue'> ==> -</font> Image Date of Last Seen is :28 March 2023
<B><font color = 'blue'> ==> -</font> Both  Date are Matching in Assert Pass :27 March 2023 == 27 March 2023
 
<B><font color ='red'> 6 Ad -</font>  
<B><font color = 'blue'> ==> -</font> Ads Caputure Image Date :
<B><font color = 'blue'> ==> -</font> Image Date is :27 March 2023
<B><font color = 'blue'> ==> -</font> ID of the Ad = 21550
<B><font color = 'blue'> ==> -</font> Clicked On Show Analytics Icon
<B><font color = 'blue'> ==> -</font> Image Date of Post date is :27 March 2023
<B><font color = 'blue'> ==> -</font> Image Date of Last Seen is :28 March 2023
<B><font color = 'blue'> ==> -</font> Both  Date are Matching in Assert Pass :27 March 2023 == 27 March 2023
 
<B><font color ='red'> 7 Ad -</font>  
<B><font color = 'blue'> ==> -</font> Ads Caputure Image Date :
<B><font color = 'blue'> ==> -</font> Image Date is :27 March 2023
<B><font color = 'blue'> ==> -</font> ID of the Ad = 21549
<B><font color = 'blue'> ==> -</font> Clicked On Show Analytics Icon
<B><font color = 'blue'> ==> -</font> Image Date of Post date is :27 March 2023
<B><font color = 'blue'> ==> -</font> Image Date of Last Seen is :28 March 2023
<B><font color = 'blue'> ==> -</font> Both  Date are Matching in Assert Pass :27 March 2023 == 27 March 2023
 
<B><font color ='red'> 8 Ad -</font>  
<B><font color = 'blue'> ==> -</font> Ads Caputure Image Date :
<B><font color = 'blue'> ==> -</font> Image Date is :27 March 2023
<B><font color = 'blue'> ==> -</font> ID of the Ad = 21548
<B><font color = 'blue'> ==> -</font> Clicked On Show Analytics Icon
<B><font color = 'blue'> ==> -</font> Image Date of Post date is :27 March 2023
<B><font color = 'blue'> ==> -</font> Image Date of Last Seen is :27 March 2023
<B><font color = 'blue'> ==> -</font> Both  Date are Matching in Assert Pass :27 March 2023 == 27 March 2023
 
<B><font color ='red'> 9 Ad -</font>  
<B><font color = 'blue'> ==> -</font> Ads Caputure Image Date :
<B><font color = 'blue'> ==> -</font> Image Date is :27 March 2023
<B><font color = 'blue'> ==> -</font> ID of the Ad = 21547
<B><font color = 'blue'> ==> -</font> Clicked On Show Analytics Icon
<B><font color = 'blue'> ==> -</font> Image Date of Post date is :27 March 2023
<B><font color = 'blue'> ==> -</font> Image Date of Last Seen is :27 March 2023
<B><font color = 'blue'> ==> -</font> Both  Date are Matching in Assert Pass :27 March 2023 == 27 March 2023
 
<B><font color ='red'> 10 Ad -</font>  
<B><font color = 'blue'> ==> -</font> Ads Caputure Image Date :
<B><font color = 'blue'> ==> -</font> Image Date is :24 March 2023
<B><font color = 'blue'> ==> -</font> ID of the Ad = 21545
<B><font color = 'blue'> ==> -</font> Clicked On Show Analytics Icon
<B><font color = 'blue'> ==> -</font> Image Date of Post date is :24 March 2023
<B><font color = 'blue'> ==> -</font> Image Date of Last Seen is :28 March 2023
<B><font color = 'blue'> ==> -</font> Both  Date are Matching in Assert Pass :24 March 2023 == 24 March 2023
 
<B><font color ='red'> 11 Ad -</font>  
<B><font color = 'blue'> ==> -</font> Ads Caputure Image Date :
<B><font color = 'blue'> ==> -</font> Image Date is :24 March 2023
<B><font color = 'blue'> ==> -</font> ID of the Ad = 21543
<B><font color = 'blue'> ==> -</font> Clicked On Show Analytics Icon
<B><font color = 'blue'> ==> -</font> Image Date of Post date is :24 March 2023
<B><font color = 'blue'> ==> -</font> Image Date of Last Seen is :24 March 2023
<B><font color = 'blue'> ==> -</font> Both  Date are Matching in Assert Pass :24 March 2023 == 24 March 2023
 
<B><font color ='red'> 12 Ad -</font>  
<B><font color = 'blue'> ==> -</font> Ads Caputure Image Date :
<B><font color = 'blue'> ==> -</font> Image Date is :24 March 2023
<B><font color = 'blue'> ==> -</font> ID of the Ad = 21542
<B><font color = 'blue'> ==> -</font> Clicked On Show Analytics Icon
<B><font color = 'blue'> ==> -</font> Image Date of Post date is :24 March 2023
<B><font color = 'blue'> ==> -</font> Image Date of Last Seen is :24 March 2023
<B><font color = 'blue'> ==> -</font> Both  Date are Matching in Assert Pass :24 March 2023 == 24 March 2023
 
<B><font color ='red'> 13 Ad -</font>  
<B><font color = 'blue'> ==> -</font> Ads Caputure Image Date :
<B><font color = 'blue'> ==> -</font> Image Date is :24 March 2023
<B><font color = 'blue'> ==> -</font> ID of the Ad = 21541
<B><font color = 'blue'> ==> -</font> Clicked On Show Analytics Icon
<B><font color = 'blue'> ==> -</font> Image Date of Post date is :24 March 2023
<B><font color = 'blue'> ==> -</font> Image Date of Last Seen is :24 March 2023
<B><font color = 'blue'> ==> -</font> Both  Date are Matching in Assert Pass :24 March 2023 == 24 March 2023
 
<B><font color ='red'> 14 Ad -</font>  
<B><font color = 'blue'> ==> -</font> Ads Caputure Image Date :
<B><font color = 'blue'> ==> -</font> Image Date is :24 March 2023
<B><font color = 'blue'> ==> -</font> ID of the Ad = 21540
<B><font color = 'blue'> ==> -</font> Clicked On Show Analytics Icon
<B><font color = 'blue'> ==> -</font> Image Date of Post date is :24 March 2023
<B><font color = 'blue'> ==> -</font> Image Date of Last Seen is :24 March 2023
<B><font color = 'blue'> ==> -</font> Both  Date are Matching in Assert Pass :24 March 2023 == 24 March 2023
 
<B><font color ='red'> 15 Ad -</font>  
<B><font color = 'blue'> ==> -</font> Ads Caputure Image Date :
<B><font color = 'blue'> ==> -</font> Image Date is :24 March 2023
<B><font color = 'blue'> ==> -</font> ID of the Ad = 21539
<B><font color = 'blue'> ==> -</font> Clicked On Show Analytics Icon
<B><font color = 'blue'> ==> -</font> Image Date of Post date is :24 March 2023
<B><font color = 'blue'> ==> -</font> Image Date of Last Seen is :24 March 2023
<B><font color = 'blue'> ==> -</font> Both  Date are Matching in Assert Pass :24 March 2023 == 24 March 2023
       
<B><font color = 'green'>  -ShortBy Newest -Post Date Between Last Thirty Days Step will Start from here  </font> 
<B><font color = 'orange'> Step4 -</font> Clicked On Post Date Between filter Icon
<B><font color = 'orange'> Step5 -</font> Clicked On Post Between Last Thirty Days Icon
<B><font color = 'orange'> Step6 -</font> Clicked On Search Button Icon
<B><font color = 'orange'> Step7 -</font>  Total Ad Count is :159
 
<B><font color ='red'> 1 Ad -</font>  
<B><font color = 'blue'> ==> -</font> Ads Caputure Image Date :
<B><font color = 'blue'> ==> -</font> Image Date is :28 March 2023
<B><font color = 'blue'> ==> -</font> ID of the Ad = 21566
<B><font color = 'blue'> ==> -</font> Clicked On Show Analytics Icon
<B><font color = 'blue'> ==> -</font> Image Date of Post date is :28 March 2023
<B><font color = 'blue'> ==> -</font> Image Date of Last Seen is :28 March 2023
<B><font color = 'blue'> ==> -</font> Both  Date are Matching in Assert Pass :28 March 2023 == 28 March 2023
 
<B><font color ='red'> 2 Ad -</font>  
<B><font color = 'blue'> ==> -</font> Ads Caputure Image Date :
<B><font color = 'blue'> ==> -</font> Image Date is :27 March 2023
<B><font color = 'blue'> ==> -</font> ID of the Ad = 21565
<B><font color = 'blue'> ==> -</font> Clicked On Show Analytics Icon
<B><font color = 'blue'> ==> -</font> Image Date of Post date is :27 March 2023
<B><font color = 'blue'> ==> -</font> Image Date of Last Seen is :28 March 2023
<B><font color = 'blue'> ==> -</font> Both  Date are Matching in Assert Pass :27 March 2023 == 27 March 2023
 
<B><font color ='red'> 3 Ad -</font>  
<B><font color = 'blue'> ==> -</font> Ads Caputure Image Date :
<B><font color = 'blue'> ==> -</font> Image Date is :21 March 2023
<B><font color = 'blue'> ==> -</font> ID of the Ad = 21564
<B><font color = 'blue'> ==> -</font> Clicked On Show Analytics Icon
<B><font color = 'blue'> ==> -</font> Image Date of Post date is :21 March 2023
<B><font color = 'blue'> ==> -</font> Image Date of Last Seen is :28 March 2023
<B><font color = 'blue'> ==> -</font> Both  Date are Matching in Assert Pass :21 March 2023 == 21 March 2023
 
<B><font color ='red'> 4 Ad -</font>  
<B><font color = 'blue'> ==> -</font> Ads Caputure Image Date :
<B><font color = 'blue'> ==> -</font> Image Date is :27 March 2023
<B><font color = 'blue'> ==> -</font> ID of the Ad = 21563
<B><font color = 'blue'> ==> -</font> Clicked On Show Analytics Icon
<B><font color = 'blue'> ==> -</font> Image Date of Post date is :27 March 2023
<B><font color = 'blue'> ==> -</font> Image Date of Last Seen is :28 March 2023
<B><font color = 'blue'> ==> -</font> Both  Date are Matching in Assert Pass :27 March 2023 == 27 March 2023
 
<B><font color ='red'> 5 Ad -</font>  
<B><font color = 'blue'> ==> -</font> Ads Caputure Image Date :
<B><font color = 'blue'> ==> -</font> Image Date is :28 March 2023
<B><font color = 'blue'> ==> -</font> ID of the Ad = 21562
<B><font color = 'blue'> ==> -</font> Clicked On Show Analytics Icon
<B><font color = 'blue'> ==> -</font> Image Date of Post date is :28 March 2023
<B><font color = 'blue'> ==> -</font> Image Date of Last Seen is :28 March 2023
<B><font color = 'blue'> ==> -</font> Both  Date are Matching in Assert Pass :28 March 2023 == 28 March 2023
 
<B><font color ='red'> 6 Ad -</font>  
<B><font color = 'blue'> ==> -</font> Ads Caputure Image Date :
<B><font color = 'blue'> ==> -</font> Image Date is :20 March 2023
<B><font color = 'blue'> ==> -</font> ID of the Ad = 21558
<B><font color = 'blue'> ==> -</font> Clicked On Show Analytics Icon
<B><font color = 'blue'> ==> -</font> Image Date of Post date is :20 March 2023
<B><font color = 'blue'> ==> -</font> Image Date of Last Seen is :27 March 2023
<B><font color = 'blue'> ==> -</font> Both  Date are Matching in Assert Pass :20 March 2023 == 20 March 2023
 
<B><font color ='red'> 7 Ad -</font>  
<B><font color = 'blue'> ==> -</font> Ads Caputure Image Date :
<B><font color = 'blue'> ==> -</font> Image Date is :6 March 2023
<B><font color = 'blue'> ==> -</font> ID of the Ad = 21557
<B><font color = 'blue'> ==> -</font> Clicked On Show Analytics Icon
<B><font color = 'blue'> ==> -</font> Image Date of Post date is :6 March 2023
<B><font color = 'blue'> ==> -</font> Image Date of Last Seen is :27 March 2023
<B><font color = 'blue'> ==> -</font> Both  Date are Matching in Assert Pass :6 March 2023 == 6 March 2023
 
<B><font color ='red'> 8 Ad -</font>  
<B><font color = 'blue'> ==> -</font> Ads Caputure Image Date :
<B><font color = 'blue'> ==> -</font> Image Date is :1 March 2023
<B><font color = 'blue'> ==> -</font> ID of the Ad = 21555
<B><font color = 'blue'> ==> -</font> Clicked On Show Analytics Icon
<B><font color = 'blue'> ==> -</font> Image Date of Post date is :1 March 2023
<B><font color = 'blue'> ==> -</font> Image Date of Last Seen is :27 March 2023
<B><font color = 'blue'> ==> -</font> Both  Date are Matching in Assert Pass :1 March 2023 == 1 March 2023
 
<B><font color ='red'> 9 Ad -</font>  
<B><font color = 'blue'> ==> -</font> Ads Caputure Image Date :
<B><font color = 'blue'> ==> -</font> Image Date is :27 March 2023
<B><font color = 'blue'> ==> -</font> ID of the Ad = 21553
<B><font color = 'blue'> ==> -</font> Clicked On Show Analytics Icon
<B><font color = 'blue'> ==> -</font> Image Date of Post date is :27 March 2023
<B><font color = 'blue'> ==> -</font> Image Date of Last Seen is :28 March 2023
<B><font color = 'blue'> ==> -</font> Both  Date are Matching in Assert Pass :27 March 2023 == 27 March 2023
 
<B><font color ='red'> 10 Ad -</font>  
<B><font color = 'blue'> ==> -</font> Ads Caputure Image Date :
<B><font color = 'blue'> ==> -</font> Image Date is :21 March 2023
<B><font color = 'blue'> ==> -</font> ID of the Ad = 21551
<B><font color = 'blue'> ==> -</font> Clicked On Show Analytics Icon
<B><font color = 'blue'> ==> -</font> Image Date of Post date is :21 March 2023
<B><font color = 'blue'> ==> -</font> Image Date of Last Seen is :27 March 2023
<B><font color = 'blue'> ==> -</font> Both  Date are Matching in Assert Pass :21 March 2023 == 21 March 2023
 
<B><font color ='red'> 11 Ad -</font>  
<B><font color = 'blue'> ==> -</font> Ads Caputure Image Date :
<B><font color = 'blue'> ==> -</font> Image Date is :27 March 2023
<B><font color = 'blue'> ==> -</font> ID of the Ad = 21550
<B><font color = 'blue'> ==> -</font> Clicked On Show Analytics Icon
<B><font color = 'blue'> ==> -</font> Image Date of Post date is :27 March 2023
<B><font color = 'blue'> ==> -</font> Image Date of Last Seen is :28 March 2023
<B><font color = 'blue'> ==> -</font> Both  Date are Matching in Assert Pass :27 March 2023 == 27 March 2023
 
<B><font color ='red'> 12 Ad -</font>  
<B><font color = 'blue'> ==> -</font> Ads Caputure Image Date :
<B><font color = 'blue'> ==> -</font> Image Date is :27 March 2023
<B><font color = 'blue'> ==> -</font> ID of the Ad = 21549
<B><font color = 'blue'> ==> -</font> Clicked On Show Analytics Icon
<B><font color = 'blue'> ==> -</font> Image Date of Post date is :27 March 2023
<B><font color = 'blue'> ==> -</font> Image Date of Last Seen is :28 March 2023
<B><font color = 'blue'> ==> -</font> Both  Date are Matching in Assert Pass :27 March 2023 == 27 March 2023
 
<B><font color ='red'> 13 Ad -</font>  
<B><font color = 'blue'> ==> -</font> Ads Caputure Image Date :
<B><font color = 'blue'> ==> -</font> Image Date is :27 March 2023
<B><font color = 'blue'> ==> -</font> ID of the Ad = 21548
<B><font color = 'blue'> ==> -</font> Clicked On Show Analytics Icon
<B><font color = 'blue'> ==> -</font> Image Date of Post date is :27 March 2023
<B><font color = 'blue'> ==> -</font> Image Date of Last Seen is :27 March 2023
<B><font color = 'blue'> ==> -</font> Both  Date are Matching in Assert Pass :27 March 2023 == 27 March 2023
 
<B><font color ='red'> 14 Ad -</font>  
<B><font color = 'blue'> ==> -</font> Ads Caputure Image Date :
<B><font color = 'blue'> ==> -</font> Image Date is :27 March 2023
<B><font color = 'blue'> ==> -</font> ID of the Ad = 21547
<B><font color = 'blue'> ==> -</font> Clicked On Show Analytics Icon
<B><font color = 'blue'> ==> -</font> Image Date of Post date is :27 March 2023
<B><font color = 'blue'> ==> -</font> Image Date of Last Seen is :27 March 2023
<B><font color = 'blue'> ==> -</font> Both  Date are Matching in Assert Pass :27 March 2023 == 27 March 2023
 
<B><font color ='red'> 15 Ad -</font>  
<B><font color = 'blue'> ==> -</font> Ads Caputure Image Date :
<B><font color = 'blue'> ==> -</font> Image Date is :24 March 2023
<B><font color = 'blue'> ==> -</font> ID of the Ad = 21545
<B><font color = 'blue'> ==> -</font> Clicked On Show Analytics Icon
<B><font color = 'blue'> ==> -</font> Image Date of Post date is :24 March 2023
<B><font color = 'blue'> ==> -</font> Image Date of Last Seen is :28 March 2023
<B><font color = 'blue'> ==> -</font> Both  Date are Matching in Assert Pass :24 March 2023 == 24 March 2023
       
<B><font color = 'green'>  -ShortBy Newest -Post Date Between This Month Step will Start from here  </font> 
<B><font color = 'orange'> Step4 -</font> Clicked On Post Date Between filter Icon
<B><font color = 'orange'> Step5 -</font> Clicked On Post Between This Month Icon
<B><font color = 'orange'> Step6 -</font> Clicked On Search Button Icon
<B><font color = 'orange'> Step7 -</font>  Total Ad Count is :155
 
<B><font color ='red'> 1 Ad -</font>  
<B><font color = 'blue'> ==> -</font> Ads Caputure Image Date :
<B><font color = 'blue'> ==> -</font> Image Date is :28 March 2023
<B><font color = 'blue'> ==> -</font> ID of the Ad = 21566
<B><font color = 'blue'> ==> -</font> Clicked On Show Analytics Icon
<B><font color = 'blue'> ==> -</font> Image Date of Post date is :28 March 2023
<B><font color = 'blue'> ==> -</font> Image Date of Last Seen is :28 March 2023
<B><font color = 'blue'> ==> -</font> Both  Date are Matching in Assert Pass :28 March 2023 == 28 March 2023
 
<B><font color ='red'> 2 Ad -</font>  
<B><font color = 'blue'> ==> -</font> Ads Caputure Image Date :
<B><font color = 'blue'> ==> -</font> Image Date is :27 March 2023
<B><font color = 'blue'> ==> -</font> ID of the Ad = 21565
<B><font color = 'blue'> ==> -</font> Clicked On Show Analytics Icon
<B><font color = 'blue'> ==> -</font> Image Date of Post date is :27 March 2023
<B><font color = 'blue'> ==> -</font> Image Date of Last Seen is :28 March 2023
<B><font color = 'blue'> ==> -</font> Both  Date are Matching in Assert Pass :27 March 2023 == 27 March 2023
 
<B><font color ='red'> 3 Ad -</font>  
<B><font color = 'blue'> ==> -</font> Ads Caputure Image Date :
<B><font color = 'blue'> ==> -</font> Image Date is :21 March 2023
<B><font color = 'blue'> ==> -</font> ID of the Ad = 21564
<B><font color = 'blue'> ==> -</font> Clicked On Show Analytics Icon
<B><font color = 'blue'> ==> -</font> Image Date of Post date is :21 March 2023
<B><font color = 'blue'> ==> -</font> Image Date of Last Seen is :28 March 2023
<B><font color = 'blue'> ==> -</font> Both  Date are Matching in Assert Pass :21 March 2023 == 21 March 2023
 
<B><font color ='red'> 4 Ad -</font>  
<B><font color = 'blue'> ==> -</font> Ads Caputure Image Date :
<B><font color = 'blue'> ==> -</font> Image Date is :27 March 2023
<B><font color = 'blue'> ==> -</font> ID of the Ad = 21563
<B><font color = 'blue'> ==> -</font> Clicked On Show Analytics Icon
<B><font color = 'blue'> ==> -</font> Image Date of Post date is :27 March 2023
<B><font color = 'blue'> ==> -</font> Image Date of Last Seen is :28 March 2023
<B><font color = 'blue'> ==> -</font> Both  Date are Matching in Assert Pass :27 March 2023 == 27 March 2023
 
<B><font color ='red'> 5 Ad -</font>  
<B><font color = 'blue'> ==> -</font> Ads Caputure Image Date :
<B><font color = 'blue'> ==> -</font> Image Date is :28 March 2023
<B><font color = 'blue'> ==> -</font> ID of the Ad = 21562
<B><font color = 'blue'> ==> -</font> Clicked On Show Analytics Icon
<B><font color = 'blue'> ==> -</font> Image Date of Post date is :28 March 2023
<B><font color = 'blue'> ==> -</font> Image Date of Last Seen is :28 March 2023
<B><font color = 'blue'> ==> -</font> Both  Date are Matching in Assert Pass :28 March 2023 == 28 March 2023
 
<B><font color ='red'> 6 Ad -</font>  
<B><font color = 'blue'> ==> -</font> Ads Caputure Image Date :
<B><font color = 'blue'> ==> -</font> Image Date is :20 March 2023
<B><font color = 'blue'> ==> -</font> ID of the Ad = 21558
<B><font color = 'blue'> ==> -</font> Clicked On Show Analytics Icon
<B><font color = 'blue'> ==> -</font> Image Date of Post date is :20 March 2023
<B><font color = 'blue'> ==> -</font> Image Date of Last Seen is :27 March 2023
<B><font color = 'blue'> ==> -</font> Both  Date are Matching in Assert Pass :20 March 2023 == 20 March 2023
 
<B><font color ='red'> 7 Ad -</font>  
<B><font color = 'blue'> ==> -</font> Ads Caputure Image Date :
<B><font color = 'blue'> ==> -</font> Image Date is :6 March 2023
<B><font color = 'blue'> ==> -</font> ID of the Ad = 21557
<B><font color = 'blue'> ==> -</font> Clicked On Show Analytics Icon
<B><font color = 'blue'> ==> -</font> Image Date of Post date is :6 March 2023
<B><font color = 'blue'> ==> -</font> Image Date of Last Seen is :27 March 2023
<B><font color = 'blue'> ==> -</font> Both  Date are Matching in Assert Pass :6 March 2023 == 6 March 2023
 
<B><font color ='red'> 8 Ad -</font>  
<B><font color = 'blue'> ==> -</font> Ads Caputure Image Date :
<B><font color = 'blue'> ==> -</font> Image Date is :1 March 2023
<B><font color = 'blue'> ==> -</font> ID of the Ad = 21555
<B><font color = 'blue'> ==> -</font> Clicked On Show Analytics Icon
<B><font color = 'blue'> ==> -</font> Image Date of Post date is :1 March 2023
<B><font color = 'blue'> ==> -</font> Image Date of Last Seen is :27 March 2023
<B><font color = 'blue'> ==> -</font> Both  Date are Matching in Assert Pass :1 March 2023 == 1 March 2023
 
<B><font color ='red'> 9 Ad -</font>  
<B><font color = 'blue'> ==> -</font> Ads Caputure Image Date :
<B><font color = 'blue'> ==> -</font> Image Date is :27 March 2023
<B><font color = 'blue'> ==> -</font> ID of the Ad = 21553
<B><font color = 'blue'> ==> -</font> Clicked On Show Analytics Icon
<B><font color = 'blue'> ==> -</font> Image Date of Post date is :27 March 2023
<B><font color = 'blue'> ==> -</font> Image Date of Last Seen is :28 March 2023
<B><font color = 'blue'> ==> -</font> Both  Date are Matching in Assert Pass :27 March 2023 == 27 March 2023
 
<B><font color ='red'> 10 Ad -</font>  
<B><font color = 'blue'> ==> -</font> Ads Caputure Image Date :
<B><font color = 'blue'> ==> -</font> Image Date is :21 March 2023
<B><font color = 'blue'> ==> -</font> ID of the Ad = 21551
<B><font color = 'blue'> ==> -</font> Clicked On Show Analytics Icon
<B><font color = 'blue'> ==> -</font> Image Date of Post date is :21 March 2023
<B><font color = 'blue'> ==> -</font> Image Date of Last Seen is :27 March 2023
<B><font color = 'blue'> ==> -</font> Both  Date are Matching in Assert Pass :21 March 2023 == 21 March 2023
 
<B><font color ='red'> 11 Ad -</font>  
<B><font color = 'blue'> ==> -</font> Ads Caputure Image Date :
<B><font color = 'blue'> ==> -</font> Image Date is :27 March 2023
<B><font color = 'blue'> ==> -</font> ID of the Ad = 21550
<B><font color = 'blue'> ==> -</font> Clicked On Show Analytics Icon
<B><font color = 'blue'> ==> -</font> Image Date of Post date is :27 March 2023
<B><font color = 'blue'> ==> -</font> Image Date of Last Seen is :28 March 2023
<B><font color = 'blue'> ==> -</font> Both  Date are Matching in Assert Pass :27 March 2023 == 27 March 2023
 
<B><font color ='red'> 12 Ad -</font>  
<B><font color = 'blue'> ==> -</font> Ads Caputure Image Date :
<B><font color = 'blue'> ==> -</font> Image Date is :27 March 2023
<B><font color = 'blue'> ==> -</font> ID of the Ad = 21549
<B><font color = 'blue'> ==> -</font> Clicked On Show Analytics Icon
<B><font color = 'blue'> ==> -</font> Image Date of Post date is :27 March 2023
<B><font color = 'blue'> ==> -</font> Image Date of Last Seen is :28 March 2023
<B><font color = 'blue'> ==> -</font> Both  Date are Matching in Assert Pass :27 March 2023 == 27 March 2023
 
<B><font color ='red'> 13 Ad -</font>  
<B><font color = 'blue'> ==> -</font> Ads Caputure Image Date :
<B><font color = 'blue'> ==> -</font> Image Date is :27 March 2023
<B><font color = 'blue'> ==> -</font> ID of the Ad = 21548
<B><font color = 'blue'> ==> -</font> Clicked On Show Analytics Icon
<B><font color = 'blue'> ==> -</font> Image Date of Post date is :27 March 2023
<B><font color = 'blue'> ==> -</font> Image Date of Last Seen is :27 March 2023
<B><font color = 'blue'> ==> -</font> Both  Date are Matching in Assert Pass :27 March 2023 == 27 March 2023
 
<B><font color ='red'> 14 Ad -</font>  
<B><font color = 'blue'> ==> -</font> Ads Caputure Image Date :
<B><font color = 'blue'> ==> -</font> Image Date is :27 March 2023
<B><font color = 'blue'> ==> -</font> ID of the Ad = 21547
<B><font color = 'blue'> ==> -</font> Clicked On Show Analytics Icon
<B><font color = 'blue'> ==> -</font> Image Date of Post date is :27 March 2023
<B><font color = 'blue'> ==> -</font> Image Date of Last Seen is :27 March 2023
<B><font color = 'blue'> ==> -</font> Both  Date are Matching in Assert Pass :27 March 2023 == 27 March 2023
 
<B><font color ='red'> 15 Ad -</font>  
<B><font color = 'blue'> ==> -</font> Ads Caputure Image Date :
<B><font color = 'blue'> ==> -</font> Image Date is :24 March 2023
<B><font color = 'blue'> ==> -</font> ID of the Ad = 21545
<B><font color = 'blue'> ==> -</font> Clicked On Show Analytics Icon
<B><font color = 'blue'> ==> -</font> Image Date of Post date is :24 March 2023
<B><font color = 'blue'> ==> -</font> Image Date of Last Seen is :28 March 2023
<B><font color = 'blue'> ==> -</font> Both  Date are Matching in Assert Pass :24 March 2023 == 24 March 2023
       
<B><font color = 'green'>  -ShortBy Newest -Post Date Between Last month Step will Start from here  </font> 
<B><font color = 'orange'> Step4 -</font> Clicked On Post Date Between filter Icon
<B><font color = 'orange'> Step5 -</font> Clicked On Post Between Last Month Icon
<B><font color = 'orange'> Step6 -</font> Clicked On Search Button Icon
<B><font color = 'orange'> Step7 -</font>  Total Ad Count is :315
 
<B><font color ='red'> 1 Ad -</font>  
<B><font color = 'blue'> ==> -</font> Ads Caputure Image Date :
<B><font color = 'blue'> ==> -</font> Image Date is :20 February 2023
<B><font color = 'blue'> ==> -</font> ID of the Ad = 21552
<B><font color = 'blue'> ==> -</font> Clicked On Show Analytics Icon
<B><font color = 'blue'> ==> -</font> Image Date of Post date is :20 February 2023
<B><font color = 'blue'> ==> -</font> Image Date of Last Seen is :27 March 2023
<B><font color = 'blue'> ==> -</font> Both  Date are Matching in Assert Pass :20 February 2023 == 20 February 2023
 
<B><font color ='red'> 2 Ad -</font>  
<B><font color = 'blue'> ==> -</font> Ads Caputure Image Date :
<B><font color = 'blue'> ==> -</font> Image Date is :23 February 2023
<B><font color = 'blue'> ==> -</font> ID of the Ad = 21469
<B><font color = 'blue'> ==> -</font> Clicked On Show Analytics Icon
<B><font color = 'blue'> ==> -</font> Image Date of Post date is :23 February 2023
<B><font color = 'blue'> ==> -</font> Image Date of Last Seen is :22 March 2023
<B><font color = 'blue'> ==> -</font> Both  Date are Matching in Assert Pass :23 February 2023 == 23 February 2023
 
<B><font color ='red'> 3 Ad -</font>  
<B><font color = 'blue'> ==> -</font> Ads Caputure Image Date :
<B><font color = 'blue'> ==> -</font> Image Date is :25 February 2023
<B><font color = 'blue'> ==> -</font> ID of the Ad = 21266
<B><font color = 'blue'> ==> -</font> Clicked On Show Analytics Icon
<B><font color = 'blue'> ==> -</font> Image Date of Post date is :25 February 2023
<B><font color = 'blue'> ==> -</font> Image Date of Last Seen is :16 March 2023
<B><font color = 'blue'> ==> -</font> Both  Date are Matching in Assert Pass :25 February 2023 == 25 February 2023
 
<B><font color ='red'> 4 Ad -</font>  
<B><font color = 'blue'> ==> -</font> Ads Caputure Image Date :
<B><font color = 'blue'> ==> -</font> Image Date is :20 February 2023
<B><font color = 'blue'> ==> -</font> ID of the Ad = 21261
<B><font color = 'blue'> ==> -</font> Clicked On Show Analytics Icon
<B><font color = 'blue'> ==> -</font> Image Date of Post date is :20 February 2023
<B><font color = 'blue'> ==> -</font> Image Date of Last Seen is :16 March 2023
<B><font color = 'blue'> ==> -</font> Both  Date are Matching in Assert Pass :20 February 2023 == 20 February 2023
 
<B><font color ='red'> 5 Ad -</font>  
<B><font color = 'blue'> ==> -</font> Ads Caputure Image Date :
<B><font color = 'blue'> ==> -</font> Image Date is :20 February 2023
<B><font color = 'blue'> ==> -</font> ID of the Ad = 21252
<B><font color = 'blue'> ==> -</font> Clicked On Show Analytics Icon
<B><font color = 'blue'> ==> -</font> Image Date of Post date is :20 February 2023
<B><font color = 'blue'> ==> -</font> Image Date of Last Seen is :9 March 2023
<B><font color = 'blue'> ==> -</font> Both  Date are Matching in Assert Pass :20 February 2023 == 20 February 2023
 
<B><font color ='red'> 6 Ad -</font>  
<B><font color = 'blue'> ==> -</font> Ads Caputure Image Date :
<B><font color = 'blue'> ==> -</font> Image Date is :9 February 2023
<B><font color = 'blue'> ==> -</font> ID of the Ad = 21241
<B><font color = 'blue'> ==> -</font> Clicked On Show Analytics Icon
<B><font color = 'blue'> ==> -</font> Image Date of Post date is :9 February 2023
<B><font color = 'blue'> ==> -</font> Image Date of Last Seen is :9 March 2023
<B><font color = 'blue'> ==> -</font> Both  Date are Matching in Assert Pass :9 February 2023 == 9 February 2023
 
<B><font color ='red'> 7 Ad -</font>  
<B><font color = 'blue'> ==> -</font> Ads Caputure Image Date :
<B><font color = 'blue'> ==> -</font> Image Date is :27 February 2023
<B><font color = 'blue'> ==> -</font> ID of the Ad = 21227
<B><font color = 'blue'> ==> -</font> Clicked On Show Analytics Icon
<B><font color = 'blue'> ==> -</font> Image Date of Post date is :27 February 2023
<B><font color = 'blue'> ==> -</font> Image Date of Last Seen is :9 March 2023
<B><font color = 'blue'> ==> -</font> Both  Date are Matching in Assert Pass :27 February 2023 == 27 February 2023
 
<B><font color ='red'> 8 Ad -</font>  
<B><font color = 'blue'> ==> -</font> Ads Caputure Image Date :
<B><font color = 'blue'> ==> -</font> Image Date is :26 February 2023
<B><font color = 'blue'> ==> -</font> ID of the Ad = 21215
<B><font color = 'blue'> ==> -</font> Clicked On Show Analytics Icon
<B><font color = 'blue'> ==> -</font> Image Date of Post date is :26 February 2023
<B><font color = 'blue'> ==> -</font> Image Date of Last Seen is :28 February 2023
<B><font color = 'blue'> ==> -</font> Both  Date are Matching in Assert Pass :26 February 2023 == 26 February 2023
 
<B><font color ='red'> 9 Ad -</font>  
<B><font color = 'blue'> ==> -</font> Ads Caputure Image Date :
<B><font color = 'blue'> ==> -</font> Image Date is :24 February 2023
<B><font color = 'blue'> ==> -</font> ID of the Ad = 21213
<B><font color = 'blue'> ==> -</font> Clicked On Show Analytics Icon
<B><font color = 'blue'> ==> -</font> Image Date of Post date is :24 February 2023
<B><font color = 'blue'> ==> -</font> Image Date of Last Seen is :28 February 2023
<B><font color = 'blue'> ==> -</font> Both  Date are Matching in Assert Pass :24 February 2023 == 24 February 2023
 
<B><font color ='red'> 10 Ad -</font>  
<B><font color = 'blue'> ==> -</font> Ads Caputure Image Date :
<B><font color = 'blue'> ==> -</font> Image Date is :16 February 2023
<B><font color = 'blue'> ==> -</font> ID of the Ad = 21212
<B><font color = 'blue'> ==> -</font> Clicked On Show Analytics Icon
<B><font color = 'blue'> ==> -</font> Image Date of Post date is :16 February 2023
<B><font color = 'blue'> ==> -</font> Image Date of Last Seen is :28 February 2023
<B><font color = 'blue'> ==> -</font> Both  Date are Matching in Assert Pass :16 February 2023 == 16 February 2023
 
<B><font color ='red'> 11 Ad -</font>  
<B><font color = 'blue'> ==> -</font> Ads Caputure Image Date :
<B><font color = 'blue'> ==> -</font> Image Date is :26 February 2023
<B><font color = 'blue'> ==> -</font> ID of the Ad = 21211
<B><font color = 'blue'> ==> -</font> Clicked On Show Analytics Icon
<B><font color = 'blue'> ==> -</font> Image Date of Post date is :26 February 2023
<B><font color = 'blue'> ==> -</font> Image Date of Last Seen is :28 February 2023
<B><font color = 'blue'> ==> -</font> Both  Date are Matching in Assert Pass :26 February 2023 == 26 February 2023
 
<B><font color ='red'> 12 Ad -</font>  
<B><font color = 'blue'> ==> -</font> Ads Caputure Image Date :
<B><font color = 'blue'> ==> -</font> Image Date is :28 February 2023
<B><font color = 'blue'> ==> -</font> ID of the Ad = 21209
<B><font color = 'blue'> ==> -</font> Clicked On Show Analytics Icon
<B><font color = 'blue'> ==> -</font> Image Date of Post date is :28 February 2023
<B><font color = 'blue'> ==> -</font> Image Date of Last Seen is :28 February 2023
<B><font color = 'blue'> ==> -</font> Both  Date are Matching in Assert Pass :28 February 2023 == 28 February 2023
 
<B><font color ='red'> 13 Ad -</font>  
<B><font color = 'blue'> ==> -</font> Ads Caputure Image Date :
<B><font color = 'blue'> ==> -</font> Image Date is :28 February 2023
<B><font color = 'blue'> ==> -</font> ID of the Ad = 21208
<B><font color = 'blue'> ==> -</font> Clicked On Show Analytics Icon
<B><font color = 'blue'> ==> -</font> Image Date of Post date is :28 February 2023
<B><font color = 'blue'> ==> -</font> Image Date of Last Seen is :28 February 2023
<B><font color = 'blue'> ==> -</font> Both  Date are Matching in Assert Pass :28 February 2023 == 28 February 2023
 
<B><font color ='red'> 14 Ad -</font>  
<B><font color = 'blue'> ==> -</font> Ads Caputure Image Date :
<B><font color = 'blue'> ==> -</font> Image Date is :28 February 2023
<B><font color = 'blue'> ==> -</font> ID of the Ad = 21207
<B><font color = 'blue'> ==> -</font> Clicked On Show Analytics Icon
<B><font color = 'blue'> ==> -</font> Image Date of Post date is :28 February 2023
<B><font color = 'blue'> ==> -</font> Image Date of Last Seen is :28 February 2023
<B><font color = 'blue'> ==> -</font> Both  Date are Matching in Assert Pass :28 February 2023 == 28 February 2023
 
<B><font color ='red'> 15 Ad -</font>  
<B><font color = 'blue'> ==> -</font> Ads Caputure Image Date :
<B><font color = 'blue'> ==> -</font> Image Date is :28 February 2023
<B><font color = 'blue'> ==> -</font> ID of the Ad = 21206
<B><font color = 'blue'> ==> -</font> Clicked On Show Analytics Icon
<B><font color = 'blue'> ==> -</font> Image Date of Post date is :28 February 2023
<B><font color = 'blue'> ==> -</font> Image Date of Last Seen is :28 February 2023
<B><font color = 'blue'> ==> -</font> Both  Date are Matching in Assert Pass :28 February 2023 == 28 February 2023]]>
  </system-out>
</testsuite> <!-- com.power.testcases.Verify_FaceBook_Post_Date_Between_TestScript -->
