<?xml version="1.0" encoding="UTF-8"?>
<!-- Generated by org.testng.reporters.JUnitReportReporter -->
<testsuite hostname="GLB-459-PC" failures="0" tests="1" name="com.power.testcases.Verify_Gdn_Ad_Seen_Between_TestScript" time="1194.825" errors="0" timestamp="2023-03-29T17:35:30 IST" skipped="0">
  <testcase classname="com.power.testcases.Verify_Gdn_Ad_Seen_Between_TestScript" name="Gdn_Ad_Seen_Between_TestScript" time="1194.825"/>
  <system-out>
    <![CDATA[<B><font color = 'purple'> Step1 -</font> Logged into PowerAdSpy Application
<B><font color = 'purple'> Step2 -</font> Power Ad Spy Logo is Displayed
<B><font color = 'purple'> Step3 -</font> I am on the page :PowerAdSpy | Facebook Dashboard
<B><font color = 'purple'> Step4 -</font> Clicked On GDN  Icon
    
<B><font color = 'green'>  - ShortBy Newest Step will Start from here </font>  

<B><font color = 'orange'> Step1 -</font> Clicked On sortBy Icon
<B><font color = 'orange'> Step2 -</font> Clicked On SortBy Newest Icon
<B><font color = 'orange'> Step3 -</font> Clicked On search Button Icon
<B><font color = 'green'>  -ShortBy Newest -Ad Seen Between All Step will Start from here  </font> 
<B><font color = 'orange'> Step4 -</font> Clicked On Ad Seen between filter Icon
<B><font color = 'orange'> Step5 -</font> Clicked On Ad Seen between All Icon
<B><font color = 'orange'> Step6 -</font> Clicked On search Button Icon
<B><font color = 'orange'> Step7 -</font>  Total Ad Count is :49767
 
<B><font color ='red'> -1 Ad- -</font>  
<B><font color = 'blue'> ==> -</font> First Image Date is :28 March 2023
<B><font color = 'blue'> ==> -</font> Last Image Date is :28 March 2023
<B><font color = 'blue'> ==> -</font> ID of the  Ad = 268260
<B><font color = 'blue'> ==> -</font> Clicked On Show Analytics Icon
<B><font color = 'blue'> ==> -</font> Image Date of First Seen is :28 March 2023
<B><font color = 'blue'> ==> -</font> Image Date of Last Seen is :28 March 2023
<B><font color = 'blue'> ==> -</font> Image Date of Post Seen is :28 March 2023
<B><font color = 'blue'> ==> -</font> Both Matching First Seen  Date Assert Pass :28 March 2023=28 March 2023
<B><font color = 'blue'> ==> -</font> Both Matching last Seen  Date Assert Pass :28 March 2023=28 March 2023
 
<B><font color ='red'> -2 Ad- -</font>  
<B><font color = 'blue'> ==> -</font> First Image Date is :28 March 2023
<B><font color = 'blue'> ==> -</font> Last Image Date is :28 March 2023
<B><font color = 'blue'> ==> -</font> ID of the  Ad = 268259
<B><font color = 'blue'> ==> -</font> Clicked On Show Analytics Icon
<B><font color = 'blue'> ==> -</font> Image Date of First Seen is :28 March 2023
<B><font color = 'blue'> ==> -</font> Image Date of Last Seen is :28 March 2023
<B><font color = 'blue'> ==> -</font> Image Date of Post Seen is :28 March 2023
<B><font color = 'blue'> ==> -</font> Both Matching Date First Seen Assert Pass :28 March 2023=28 March 2023
<B><font color = 'blue'> ==> -</font> Both Matching last Seen  Date Assert Pass :28 March 2023=28 March 2023
 
<B><font color ='red'> -3 Ad- -</font>  
<B><font color = 'blue'> ==> -</font> First Image Date is :28 March 2023
<B><font color = 'blue'> ==> -</font> Last Image Date is :28 March 2023
<B><font color = 'blue'> ==> -</font> ID of the  Ad = 268258
<B><font color = 'blue'> ==> -</font> Clicked On Show Analytics Icon
<B><font color = 'blue'> ==> -</font> Image Date of First Seen is :28 March 2023
<B><font color = 'blue'> ==> -</font> Image Date of Last Seen is :28 March 2023
<B><font color = 'blue'> ==> -</font> Image Date of Post Seen is :28 March 2023
<B><font color = 'blue'> ==> -</font> Both Matching Date First Seen Assert Pass :28 March 2023=28 March 2023
<B><font color = 'blue'> ==> -</font> Both Matching last Seen  Date Assert Pass :28 March 2023=28 March 2023
 
<B><font color ='red'> -4 Ad- -</font>  
<B><font color = 'blue'> ==> -</font> First Image Date is :27 March 2023
<B><font color = 'blue'> ==> -</font> Last Image Date is :27 March 2023
<B><font color = 'blue'> ==> -</font> ID of the  Ad = 268257
<B><font color = 'blue'> ==> -</font> Clicked On Show Analytics Icon
<B><font color = 'blue'> ==> -</font> Image Date of First Seen is :27 March 2023
<B><font color = 'blue'> ==> -</font> Image Date of Last Seen is :27 March 2023
<B><font color = 'blue'> ==> -</font> Image Date of Post Seen is :27 March 2023
<B><font color = 'blue'> ==> -</font> Both Matching Date First Seen Assert Pass :27 March 2023=27 March 2023
<B><font color = 'blue'> ==> -</font> Both Matching last Seen  Date Assert Pass :27 March 2023=27 March 2023
 
<B><font color ='red'> -5 Ad- -</font>  
<B><font color = 'blue'> ==> -</font> First Image Date is :27 March 2023
<B><font color = 'blue'> ==> -</font> Last Image Date is :27 March 2023
<B><font color = 'blue'> ==> -</font> ID of the  Ad = 268256
<B><font color = 'blue'> ==> -</font> Clicked On Show Analytics Icon
<B><font color = 'blue'> ==> -</font> Image Date of First Seen is :27 March 2023
<B><font color = 'blue'> ==> -</font> Image Date of Last Seen is :27 March 2023
<B><font color = 'blue'> ==> -</font> Image Date of Post Seen is :27 March 2023
<B><font color = 'blue'> ==> -</font> Both Matching Date First Seen Assert Pass :27 March 2023=27 March 2023
<B><font color = 'blue'> ==> -</font> Both Matching last Seen  Date Assert Pass :27 March 2023=27 March 2023
 
<B><font color ='red'> 6 Ad- -</font>  
<B><font color = 'blue'> ==> -</font> First Image Date is :27 March 2023
<B><font color = 'blue'> ==> -</font> Last Image Date is :27 March 2023
<B><font color = 'blue'> ==> -</font> ID of the  Ad = 268255
<B><font color = 'blue'> ==> -</font> Clicked On Show Analytics Icon
<B><font color = 'blue'> ==> -</font> Image Date of First Seen is :27 March 2023
<B><font color = 'blue'> ==> -</font> Image Date of Last Seen is :27 March 2023
<B><font color = 'blue'> ==> -</font> Image Date of Post Seen is :27 March 2023
<B><font color = 'blue'> ==> -</font> Both Matching Date First Seen Assert Pass :27 March 2023=27 March 2023
<B><font color = 'blue'> ==> -</font> Both Matching last Seen  Date Assert Pass :27 March 2023=27 March 2023
 
<B><font color ='red'> 7 Ad- -</font>  
<B><font color = 'blue'> ==> -</font> First Image Date is :24 March 2023
<B><font color = 'blue'> ==> -</font> Last Image Date is :27 March 2023
<B><font color = 'blue'> ==> -</font> ID of the  Ad = 268254
<B><font color = 'blue'> ==> -</font> Clicked On Show Analytics Icon
<B><font color = 'blue'> ==> -</font> Image Date of First Seen is :24 March 2023
<B><font color = 'blue'> ==> -</font> Image Date of Last Seen is :27 March 2023
<B><font color = 'blue'> ==> -</font> Image Date of Post Seen is :24 March 2023
<B><font color = 'blue'> ==> -</font>Both Matching Date First Seen Assert Pass :24 March 2023=24 March 2023
<B><font color = 'blue'> ==> -</font> Both Matching last Seen  Date Assert Pass :27 March 2023=27 March 2023
 
<B><font color ='red'> -8 Ad  -</font>  
<B><font color = 'blue'> ==> -</font> First Image Date is :24 March 2023
<B><font color = 'blue'> ==> -</font> Last Image Date is :24 March 2023
<B><font color = 'blue'> ==> -</font> ID of the  Ad = 268253
<B><font color = 'blue'> ==> -</font> Clicked On Show Analytics Icon
<B><font color = 'blue'> ==> -</font> Image Date of First Seen is :24 March 2023
<B><font color = 'blue'> ==> -</font> Image Date of Last Seen is :24 March 2023
<B><font color = 'blue'> ==> -</font> Image Date of Post Seen is :24 March 2023
<B><font color = 'blue'> ==> -</font>Both Matching Date First Seen Assert Pass :24 March 2023=24 March 2023
<B><font color = 'blue'> ==> -</font> Both Matching last Seen  Date Assert Pass :24 March 2023=24 March 2023
 
<B><font color ='red'> 9 Ad- </font>  
<B><font color = 'blue'> ==> -</font> First Image Date is :23 March 2023
<B><font color = 'blue'> ==> -</font> Last Image Date is :23 March 2023
<B><font color = 'blue'> ==> -</font> ID of the  Ad = 268252
<B><font color = 'blue'> ==> -</font> Clicked On Show Analytics Icon
<B><font color = 'blue'> ==> -</font> Image Date of First Seen is :23 March 2023
<B><font color = 'blue'> ==> -</font> Image Date of Last Seen is :23 March 2023
<B><font color = 'blue'> ==> -</font> Image Date of Post Seen is :23 March 2023
<B><font color = 'blue'> ==> -</font> Both Matching Date First Seen Assert Pass :23 March 2023=23 March 2023
<B><font color = 'blue'> ==> -</font> Both Matching last Seen  Date Assert Pass :23 March 2023=23 March 2023
 
<B><font color ='red'> -10 Ad</font>  
<B><font color = 'blue'> ==> -</font> First Image Date is :23 March 2023
<B><font color = 'blue'> ==> -</font> Last Image Date is :23 March 2023
<B><font color = 'blue'> ==> -</font> ID of the  Ad = 268251
<B><font color = 'blue'> ==> -</font> Clicked On Show Analytics Icon
<B><font color = 'blue'> ==> -</font> Image Date of First Seen is :23 March 2023
<B><font color = 'blue'> ==> -</font> Image Date of Last Seen is :23 March 2023
<B><font color = 'blue'> ==> -</font> Image Date of Post Seen is :23 March 2023
<B><font color = 'blue'> ==> -</font> Both Matching Date First Seen Assert Pass :23 March 2023=23 March 2023
<B><font color = 'blue'> ==> -</font> Both Matching last Seen  Date Assert Pass :23 March 2023=23 March 2023
 
<B><font color ='red'> -11 Ad </font>  
<B><font color = 'blue'> ==> -</font> First Image Date is :23 March 2023
<B><font color = 'blue'> ==> -</font> Last Image Date is :23 March 2023
<B><font color = 'blue'> ==> -</font> ID of the  Ad = 268250
<B><font color = 'blue'> ==> -</font> Clicked On Show Analytics Icon
<B><font color = 'blue'> ==> -</font> Image Date of First Seen is :23 March 2023
<B><font color = 'blue'> ==> -</font> Image Date of Last Seen is :23 March 2023
<B><font color = 'blue'> ==> -</font> Image Date of Post Seen is :23 March 2023
<B><font color = 'blue'> ==> -</font> Both Matching Date First Seen Assert Pass :23 March 2023=23 March 2023
<B><font color = 'blue'> ==> -</font> Both Matching last Seen  Date Assert Pass :23 March 2023=23 March 2023
 
<B><font color ='red'> -12 Ad  -</font>  
<B><font color = 'blue'> ==> -</font> First Image Date is :23 March 2023
<B><font color = 'blue'> ==> -</font> Last Image Date is :23 March 2023
<B><font color = 'blue'> ==> -</font> ID of the  Ad = 268249
<B><font color = 'blue'> ==> -</font> Clicked On Show Analytics Icon
<B><font color = 'blue'> ==> -</font> Image Date of First Seen is :23 March 2023
<B><font color = 'blue'> ==> -</font> Image Date of Last Seen is :23 March 2023
<B><font color = 'blue'> ==> -</font> Image Date of Post Seen is :23 March 2023
<B><font color = 'blue'> ==> -</font> Both Matching Date First Seen Assert Pass :23 March 2023=March 23 2023
<B><font color = 'blue'> ==> -</font> Both Matching last Seen  Date Assert Pass :23 March 2023=23 March 2023
 
<B><font color ='red'> -13 Ad -</font>  
<B><font color = 'blue'> ==> -</font> First Image Date is :23 March 2023
<B><font color = 'blue'> ==> -</font> Last Image Date is :23 March 2023
<B><font color = 'blue'> ==> -</font> ID of the  Ad = 268248
<B><font color = 'blue'> ==> -</font> Clicked On Show Analytics Icon
<B><font color = 'blue'> ==> -</font> Image Date of First Seen is :23 March 2023
<B><font color = 'blue'> ==> -</font> Image Date of Last Seen is :23 March 2023
<B><font color = 'blue'> ==> -</font> Image Date of Post Seen is :23 March 2023
<B><font color = 'blue'> ==> -</font> Both Matching Date First Seen Assert Pass :23 March 2023=23 March 2023
<B><font color = 'blue'> ==> -</font> Both Matching last Seen  Date Assert Pass :23 March 2023=23 March 2023
 
<B><font color ='red'> -14 Ad -</font>  
<B><font color = 'blue'> ==> -</font> First Image Date is :23 March 2023
<B><font color = 'blue'> ==> -</font> Last Image Date is :23 March 2023
<B><font color = 'blue'> ==> -</font> ID of the  Ad = 268247
<B><font color = 'blue'> ==> -</font> Clicked On Show Analytics Icon
<B><font color = 'blue'> ==> -</font> Image Date of First Seen is :23 March 2023
<B><font color = 'blue'> ==> -</font> Image Date of Last Seen is :23 March 2023
<B><font color = 'blue'> ==> -</font> Image Date of Post Seen is :23 March 2023
<B><font color = 'blue'> ==> -</font> Both Matching Date First Seen Assert Pass :23 March 2023=23 March 2023
<B><font color = 'blue'> ==> -</font> Both Matching last Seen  Date Assert Pass :23 March 2023=23 March 2023
 
<B><font color ='red'> -15 Ad -</font>  
<B><font color = 'blue'> ==> -</font> First Image Date is :23 March 2023
<B><font color = 'blue'> ==> -</font> Last Image Date is :23 March 2023
<B><font color = 'blue'> ==> -</font> ID of the  Ad = 268246
<B><font color = 'blue'> ==> -</font> Clicked On Show Analytics Icon
<B><font color = 'blue'> ==> -</font> Image Date of First Seen is :23 March 2023
<B><font color = 'blue'> ==> -</font> Image Date of Last Seen is :23 March 2023
<B><font color = 'blue'> ==> -</font> Image Date of Post Seen is :23 March 2023
<B><font color = 'blue'> ==> -</font> Both Matching Date First Seen Assert Pass :23 March 2023=23 March 2023
<B><font color = 'blue'> ==> -</font> Both Matching last Seen  Date Assert Pass :23 March 2023=23 March 2023
 
<B><font color = 'green'> -ShortBy Newest -Ad Seen Between Today Step will Start from here </font> 
<B><font color = 'orange'> Step4 -</font> Clicked On Ad Seen between filter Icon
<B><font color = 'orange'> Step5 -</font> Clicked On Ad Seen between Today Icon
<B><font color = 'orange'> Step6 -</font> Clicked On search Button Icon
<B><font color = 'orange'> Step7 -</font>  Total Ad Count is :
 
<B><font color ='red'> -1 Ad- -</font>  
<B><font color = 'Red'> ==> -</font> Image is not able: Oops! Looks like we don't have data for this search criteria yet.
 
<B><font color ='red'> -2 Ad- -</font>  
<B><font color = 'Red'> ==> -</font> Image is not able: Oops! Looks like we don't have data for this search criteria yet.
 
<B><font color ='red'> -3 Ad- -</font>  
<B><font color = 'Red'> ==> -</font> Image is not able: Oops! Looks like we don't have data for this search criteria yet.
 
<B><font color ='red'> -4 Ad- -</font>  
<B><font color = 'Red'> ==> -</font> Image is not able: Oops! Looks like we don't have data for this search criteria yet.
 
<B><font color ='red'> -5 Ad- -</font>  
<B><font color = 'Red'> ==> -</font> Image is not able: Oops! Looks like we don't have data for this search criteria yet.
 
<B><font color ='red'> 6 Ad- -</font>  
<B><font color = 'Red'> ==> -</font> Image is not able: Oops! Looks like we don't have data for this search criteria yet.
 
<B><font color ='red'> 7 Ad- -</font>  
<B><font color = 'Red'> ==> -</font> Image is not able: Oops! Looks like we don't have data for this search criteria yet.
 
<B><font color ='red'> -8 Ad  -</font>  
<B><font color = 'Red'> ==> -</font> Image is not able: Oops! Looks like we don't have data for this search criteria yet.
 
<B><font color ='red'> 9 Ad- </font>  
<B><font color = 'Red'> ==> -</font> Image is not able: Oops! Looks like we don't have data for this search criteria yet.
 
<B><font color ='red'> -10 Ad</font>  
<B><font color = 'Red'> ==> -</font> Image is not able: Oops! Looks like we don't have data for this search criteria yet.
 
<B><font color ='red'> -11 Ad </font>  
<B><font color = 'Red'> ==> -</font> Image is not able: Oops! Looks like we don't have data for this search criteria yet.
 
<B><font color ='red'> -12 Ad  -</font>  
<B><font color = 'Red'> ==> -</font> Image is not able: Oops! Looks like we don't have data for this search criteria yet.
 
<B><font color ='red'> -13 Ad -</font>  
<B><font color = 'Red'> ==> -</font> Image is not able: Oops! Looks like we don't have data for this search criteria yet.
 
<B><font color ='red'> -14 Ad -</font>  
<B><font color = 'Red'> ==> -</font> Image is not able: Oops! Looks like we don't have data for this search criteria yet.
 
<B><font color ='red'> -15 Ad -</font>  
<B><font color = 'Red'> ==> -</font> Image is not able: Oops! Looks like we don't have data for this search criteria yet.
      
<B><font color = 'green'>  - ShortBy Newest -Ad Seen Between Yesterday Step will Start from here </font> 
<B><font color = 'orange'> Step1 -</font> Clicked On Ad Seen between filter Icon
<B><font color = 'orange'> Step2 -</font> Clicked On Ad Seen Between Yesterday Icon
<B><font color = 'orange'> Step3 -</font> Clicked On Search Button Icon
<B><font color = 'orange'> Step4 -</font>  Total Ad Count is :5
 
<B><font color ='red'> -1 Ad- -</font>  
<B><font color = 'blue'> ==> -</font> First Image Date is :28 March 2023
<B><font color = 'blue'> ==> -</font> Last Image Date is :28 March 2023
<B><font color = 'blue'> ==> -</font> ID of the  Ad = 268260
<B><font color = 'blue'> ==> -</font> Clicked On Show Analytics Icon
<B><font color = 'blue'> ==> -</font> Image Date of First Seen is :28 March 2023
<B><font color = 'blue'> ==> -</font> Image Date of Last Seen is :28 March 2023
<B><font color = 'blue'> ==> -</font> Image Date of Post Seen is :28 March 2023
<B><font color = 'blue'> ==> -</font> Both Matching First Seen  Date Assert Pass :28 March 2023=28 March 2023
<B><font color = 'blue'> ==> -</font> Both Matching last Seen  Date Assert Pass :28 March 2023=28 March 2023
 
<B><font color ='red'> -2 Ad- -</font>  
<B><font color = 'blue'> ==> -</font> First Image Date is :28 March 2023
<B><font color = 'blue'> ==> -</font> Last Image Date is :28 March 2023
<B><font color = 'blue'> ==> -</font> ID of the  Ad = 268259
<B><font color = 'blue'> ==> -</font> Clicked On Show Analytics Icon
<B><font color = 'blue'> ==> -</font> Image Date of First Seen is :28 March 2023
<B><font color = 'blue'> ==> -</font> Image Date of Last Seen is :28 March 2023
<B><font color = 'blue'> ==> -</font> Image Date of Post Seen is :28 March 2023
<B><font color = 'blue'> ==> -</font> Both Matching Date First Seen Assert Pass :28 March 2023=28 March 2023
<B><font color = 'blue'> ==> -</font> Both Matching last Seen  Date Assert Pass :28 March 2023=28 March 2023
 
<B><font color ='red'> -3 Ad- -</font>  
<B><font color = 'blue'> ==> -</font> First Image Date is :28 March 2023
<B><font color = 'blue'> ==> -</font> Last Image Date is :28 March 2023
<B><font color = 'blue'> ==> -</font> ID of the  Ad = 268258
<B><font color = 'blue'> ==> -</font> Clicked On Show Analytics Icon
<B><font color = 'blue'> ==> -</font> Image Date of First Seen is :28 March 2023
<B><font color = 'blue'> ==> -</font> Image Date of Last Seen is :28 March 2023
<B><font color = 'blue'> ==> -</font> Image Date of Post Seen is :28 March 2023
<B><font color = 'blue'> ==> -</font> Both Matching Date First Seen Assert Pass :28 March 2023=28 March 2023
<B><font color = 'blue'> ==> -</font> Both Matching last Seen  Date Assert Pass :28 March 2023=28 March 2023
 
<B><font color ='red'> -4 Ad- -</font>  
<B><font color = 'blue'> ==> -</font> First Image Date is :23 March 2023
<B><font color = 'blue'> ==> -</font> Last Image Date is :28 March 2023
<B><font color = 'blue'> ==> -</font> ID of the  Ad = 268243
<B><font color = 'blue'> ==> -</font> Clicked On Show Analytics Icon
<B><font color = 'blue'> ==> -</font> Image Date of First Seen is :23 March 2023
<B><font color = 'blue'> ==> -</font> Image Date of Last Seen is :28 March 2023
<B><font color = 'blue'> ==> -</font> Image Date of Post Seen is :23 March 2023
<B><font color = 'blue'> ==> -</font> Both Matching Date First Seen Assert Pass :23 March 2023=23 March 2023
<B><font color = 'blue'> ==> -</font> Both Matching last Seen  Date Assert Pass :28 March 2023=28 March 2023
 
<B><font color ='red'> -5 Ad- -</font>  
<B><font color = 'blue'> ==> -</font> First Image Date is :26 September 2022
<B><font color = 'blue'> ==> -</font> Last Image Date is :28 March 2023
<B><font color = 'blue'> ==> -</font> ID of the  Ad = 237525
<B><font color = 'blue'> ==> -</font> Clicked On Show Analytics Icon
<B><font color = 'blue'> ==> -</font> Image Date of First Seen is :26 September 2022
<B><font color = 'blue'> ==> -</font> Image Date of Last Seen is :28 March 2023
<B><font color = 'blue'> ==> -</font> Image Date of Post Seen is :26 September 2022
<B><font color = 'blue'> ==> -</font> Both Matching Date First Seen Assert Pass :26 September 2022=26 September 2022
<B><font color = 'blue'> ==> -</font> Both Matching last Seen  Date Assert Pass :28 March 2023=28 March 2023
 
<B><font color ='red'> 6 Ad- -</font>  
<B><font color = 'Red'> ==> -</font> Image is not able: Oops! Looks like we don't have data for this search criteria yet.
 
<B><font color ='red'> 7 Ad- -</font>  
<B><font color = 'Red'> ==> -</font> Image is not able: Oops! Looks like we don't have data for this search criteria yet.
 
<B><font color ='red'> -8 Ad  -</font>  
<B><font color = 'Red'> ==> -</font> Image is not able: Oops! Looks like we don't have data for this search criteria yet.
 
<B><font color ='red'> 9 Ad- </font>  
<B><font color = 'Red'> ==> -</font> Image is not able: Oops! Looks like we don't have data for this search criteria yet.
 
<B><font color ='red'> -10 Ad</font>  
<B><font color = 'Red'> ==> -</font> Image is not able: Oops! Looks like we don't have data for this search criteria yet.
 
<B><font color ='red'> -11 Ad </font>  
<B><font color = 'Red'> ==> -</font> Image is not able: Oops! Looks like we don't have data for this search criteria yet.
 
<B><font color ='red'> -12 Ad  -</font>  
<B><font color = 'Red'> ==> -</font> Image is not able: Oops! Looks like we don't have data for this search criteria yet.
 
<B><font color ='red'> -13 Ad -</font>  
<B><font color = 'Red'> ==> -</font> Image is not able: Oops! Looks like we don't have data for this search criteria yet.
 
<B><font color ='red'> -14 Ad -</font>  
<B><font color = 'Red'> ==> -</font> Image is not able: Oops! Looks like we don't have data for this search criteria yet.
 
<B><font color ='red'> -15 Ad -</font>  
<B><font color = 'Red'> ==> -</font> Image is not able: Oops! Looks like we don't have data for this search criteria yet.
  
<B><font color = 'green'>  - ShortBy Newest -Ad Seen Between Last Seven Days Step will Start from here </font> 
<B><font color = 'orange'> Step1 -</font> Clicked On Ad Seen between filter Icon
<B><font color = 'orange'> Step2 -</font> Clicked On Ad Seen Between Last Seven Days Icon
<B><font color = 'orange'> Step3 -</font> Clicked On Search Button Icon
<B><font color = 'orange'> Step4 -</font>  Total Ad Count is :21
 
<B><font color ='red'> -1 Ad- -</font>  
<B><font color = 'blue'> ==> -</font> First Image Date is :28 March 2023
<B><font color = 'blue'> ==> -</font> Last Image Date is :28 March 2023
<B><font color = 'blue'> ==> -</font> ID of the  Ad = 268260
<B><font color = 'blue'> ==> -</font> Clicked On Show Analytics Icon
<B><font color = 'blue'> ==> -</font> Image Date of First Seen is :28 March 2023
<B><font color = 'blue'> ==> -</font> Image Date of Last Seen is :28 March 2023
<B><font color = 'blue'> ==> -</font> Image Date of Post Seen is :28 March 2023
<B><font color = 'blue'> ==> -</font> Both Matching First Seen  Date Assert Pass :28 March 2023=28 March 2023
<B><font color = 'blue'> ==> -</font> Both Matching last Seen  Date Assert Pass :28 March 2023=28 March 2023
 
<B><font color ='red'> -2 Ad- -</font>  
<B><font color = 'blue'> ==> -</font> First Image Date is :28 March 2023
<B><font color = 'blue'> ==> -</font> Last Image Date is :28 March 2023
<B><font color = 'blue'> ==> -</font> ID of the  Ad = 268259
<B><font color = 'blue'> ==> -</font> Clicked On Show Analytics Icon
<B><font color = 'blue'> ==> -</font> Image Date of First Seen is :28 March 2023
<B><font color = 'blue'> ==> -</font> Image Date of Last Seen is :28 March 2023
<B><font color = 'blue'> ==> -</font> Image Date of Post Seen is :28 March 2023
<B><font color = 'blue'> ==> -</font> Both Matching Date First Seen Assert Pass :28 March 2023=28 March 2023
<B><font color = 'blue'> ==> -</font> Both Matching last Seen  Date Assert Pass :28 March 2023=28 March 2023
 
<B><font color ='red'> -3 Ad- -</font>  
<B><font color = 'blue'> ==> -</font> First Image Date is :28 March 2023
<B><font color = 'blue'> ==> -</font> Last Image Date is :28 March 2023
<B><font color = 'blue'> ==> -</font> ID of the  Ad = 268258
<B><font color = 'blue'> ==> -</font> Clicked On Show Analytics Icon
<B><font color = 'blue'> ==> -</font> Image Date of First Seen is :28 March 2023
<B><font color = 'blue'> ==> -</font> Image Date of Last Seen is :28 March 2023
<B><font color = 'blue'> ==> -</font> Image Date of Post Seen is :28 March 2023
<B><font color = 'blue'> ==> -</font> Both Matching Date First Seen Assert Pass :28 March 2023=28 March 2023
<B><font color = 'blue'> ==> -</font> Both Matching last Seen  Date Assert Pass :28 March 2023=28 March 2023
 
<B><font color ='red'> -4 Ad- -</font>  
<B><font color = 'blue'> ==> -</font> First Image Date is :27 March 2023
<B><font color = 'blue'> ==> -</font> Last Image Date is :27 March 2023
<B><font color = 'blue'> ==> -</font> ID of the  Ad = 268257
<B><font color = 'blue'> ==> -</font> Clicked On Show Analytics Icon
<B><font color = 'blue'> ==> -</font> Image Date of First Seen is :27 March 2023
<B><font color = 'blue'> ==> -</font> Image Date of Last Seen is :27 March 2023
<B><font color = 'blue'> ==> -</font> Image Date of Post Seen is :27 March 2023
<B><font color = 'blue'> ==> -</font> Both Matching Date First Seen Assert Pass :27 March 2023=27 March 2023
<B><font color = 'blue'> ==> -</font> Both Matching last Seen  Date Assert Pass :27 March 2023=27 March 2023
 
<B><font color ='red'> -5 Ad- -</font>  
<B><font color = 'blue'> ==> -</font> First Image Date is :27 March 2023
<B><font color = 'blue'> ==> -</font> Last Image Date is :27 March 2023
<B><font color = 'blue'> ==> -</font> ID of the  Ad = 268256
<B><font color = 'blue'> ==> -</font> Clicked On Show Analytics Icon
<B><font color = 'blue'> ==> -</font> Image Date of First Seen is :27 March 2023
<B><font color = 'blue'> ==> -</font> Image Date of Last Seen is :27 March 2023
<B><font color = 'blue'> ==> -</font> Image Date of Post Seen is :27 March 2023
<B><font color = 'blue'> ==> -</font> Both Matching Date First Seen Assert Pass :27 March 2023=27 March 2023
<B><font color = 'blue'> ==> -</font> Both Matching last Seen  Date Assert Pass :27 March 2023=27 March 2023
 
<B><font color ='red'> 6 Ad- -</font>  
<B><font color = 'blue'> ==> -</font> First Image Date is :27 March 2023
<B><font color = 'blue'> ==> -</font> Last Image Date is :27 March 2023
<B><font color = 'blue'> ==> -</font> ID of the  Ad = 268255
<B><font color = 'blue'> ==> -</font> Clicked On Show Analytics Icon
<B><font color = 'blue'> ==> -</font> Image Date of First Seen is :27 March 2023
<B><font color = 'blue'> ==> -</font> Image Date of Last Seen is :27 March 2023
<B><font color = 'blue'> ==> -</font> Image Date of Post Seen is :27 March 2023
<B><font color = 'blue'> ==> -</font> Both Matching Date First Seen Assert Pass :27 March 2023=27 March 2023
<B><font color = 'blue'> ==> -</font> Both Matching last Seen  Date Assert Pass :27 March 2023=27 March 2023
 
<B><font color ='red'> 7 Ad- -</font>  
<B><font color = 'blue'> ==> -</font> First Image Date is :24 March 2023
<B><font color = 'blue'> ==> -</font> Last Image Date is :27 March 2023
<B><font color = 'blue'> ==> -</font> ID of the  Ad = 268254
<B><font color = 'blue'> ==> -</font> Clicked On Show Analytics Icon
<B><font color = 'blue'> ==> -</font> Image Date of First Seen is :24 March 2023
<B><font color = 'blue'> ==> -</font> Image Date of Last Seen is :27 March 2023
<B><font color = 'blue'> ==> -</font> Image Date of Post Seen is :24 March 2023
<B><font color = 'blue'> ==> -</font>Both Matching Date First Seen Assert Pass :24 March 2023=24 March 2023
<B><font color = 'blue'> ==> -</font> Both Matching last Seen  Date Assert Pass :27 March 2023=27 March 2023
 
<B><font color ='red'> -8 Ad  -</font>  
<B><font color = 'blue'> ==> -</font> First Image Date is :24 March 2023
<B><font color = 'blue'> ==> -</font> Last Image Date is :24 March 2023
<B><font color = 'blue'> ==> -</font> ID of the  Ad = 268253
<B><font color = 'blue'> ==> -</font> Clicked On Show Analytics Icon
<B><font color = 'blue'> ==> -</font> Image Date of First Seen is :24 March 2023
<B><font color = 'blue'> ==> -</font> Image Date of Last Seen is :24 March 2023
<B><font color = 'blue'> ==> -</font> Image Date of Post Seen is :24 March 2023
<B><font color = 'blue'> ==> -</font>Both Matching Date First Seen Assert Pass :24 March 2023=24 March 2023
<B><font color = 'blue'> ==> -</font> Both Matching last Seen  Date Assert Pass :24 March 2023=24 March 2023
 
<B><font color ='red'> 9 Ad- </font>  
<B><font color = 'blue'> ==> -</font> First Image Date is :23 March 2023
<B><font color = 'blue'> ==> -</font> Last Image Date is :23 March 2023
<B><font color = 'blue'> ==> -</font> ID of the  Ad = 268252
<B><font color = 'blue'> ==> -</font> Clicked On Show Analytics Icon
<B><font color = 'blue'> ==> -</font> Image Date of First Seen is :23 March 2023
<B><font color = 'blue'> ==> -</font> Image Date of Last Seen is :23 March 2023
<B><font color = 'blue'> ==> -</font> Image Date of Post Seen is :23 March 2023
<B><font color = 'blue'> ==> -</font> Both Matching Date First Seen Assert Pass :23 March 2023=23 March 2023
<B><font color = 'blue'> ==> -</font> Both Matching last Seen  Date Assert Pass :23 March 2023=23 March 2023
 
<B><font color ='red'> -10 Ad</font>  
<B><font color = 'blue'> ==> -</font> First Image Date is :23 March 2023
<B><font color = 'blue'> ==> -</font> Last Image Date is :23 March 2023
<B><font color = 'blue'> ==> -</font> ID of the  Ad = 268251
<B><font color = 'blue'> ==> -</font> Clicked On Show Analytics Icon
<B><font color = 'blue'> ==> -</font> Image Date of First Seen is :23 March 2023
<B><font color = 'blue'> ==> -</font> Image Date of Last Seen is :23 March 2023
<B><font color = 'blue'> ==> -</font> Image Date of Post Seen is :23 March 2023
<B><font color = 'blue'> ==> -</font> Both Matching Date First Seen Assert Pass :23 March 2023=23 March 2023
<B><font color = 'blue'> ==> -</font> Both Matching last Seen  Date Assert Pass :23 March 2023=23 March 2023
 
<B><font color ='red'> -11 Ad </font>  
<B><font color = 'blue'> ==> -</font> First Image Date is :23 March 2023
<B><font color = 'blue'> ==> -</font> Last Image Date is :23 March 2023
<B><font color = 'blue'> ==> -</font> ID of the  Ad = 268250
<B><font color = 'blue'> ==> -</font> Clicked On Show Analytics Icon
<B><font color = 'blue'> ==> -</font> Image Date of First Seen is :23 March 2023
<B><font color = 'blue'> ==> -</font> Image Date of Last Seen is :23 March 2023
<B><font color = 'blue'> ==> -</font> Image Date of Post Seen is :23 March 2023
<B><font color = 'blue'> ==> -</font> Both Matching Date First Seen Assert Pass :23 March 2023=23 March 2023
<B><font color = 'blue'> ==> -</font> Both Matching last Seen  Date Assert Pass :23 March 2023=23 March 2023
 
<B><font color ='red'> -12 Ad  -</font>  
<B><font color = 'blue'> ==> -</font> First Image Date is :23 March 2023
<B><font color = 'blue'> ==> -</font> Last Image Date is :23 March 2023
<B><font color = 'blue'> ==> -</font> ID of the  Ad = 268249
<B><font color = 'blue'> ==> -</font> Clicked On Show Analytics Icon
<B><font color = 'blue'> ==> -</font> Image Date of First Seen is :23 March 2023
<B><font color = 'blue'> ==> -</font> Image Date of Last Seen is :23 March 2023
<B><font color = 'blue'> ==> -</font> Image Date of Post Seen is :23 March 2023
<B><font color = 'blue'> ==> -</font> Both Matching Date First Seen Assert Pass :23 March 2023=March 23 2023
<B><font color = 'blue'> ==> -</font> Both Matching last Seen  Date Assert Pass :23 March 2023=23 March 2023
 
<B><font color ='red'> -13 Ad -</font>  
<B><font color = 'blue'> ==> -</font> First Image Date is :23 March 2023
<B><font color = 'blue'> ==> -</font> Last Image Date is :23 March 2023
<B><font color = 'blue'> ==> -</font> ID of the  Ad = 268248
<B><font color = 'blue'> ==> -</font> Clicked On Show Analytics Icon
<B><font color = 'blue'> ==> -</font> Image Date of First Seen is :23 March 2023
<B><font color = 'blue'> ==> -</font> Image Date of Last Seen is :23 March 2023
<B><font color = 'blue'> ==> -</font> Image Date of Post Seen is :23 March 2023
<B><font color = 'blue'> ==> -</font> Both Matching Date First Seen Assert Pass :23 March 2023=23 March 2023
<B><font color = 'blue'> ==> -</font> Both Matching last Seen  Date Assert Pass :23 March 2023=23 March 2023
 
<B><font color ='red'> -14 Ad -</font>  
<B><font color = 'blue'> ==> -</font> First Image Date is :23 March 2023
<B><font color = 'blue'> ==> -</font> Last Image Date is :23 March 2023
<B><font color = 'blue'> ==> -</font> ID of the  Ad = 268247
<B><font color = 'blue'> ==> -</font> Clicked On Show Analytics Icon
<B><font color = 'blue'> ==> -</font> Image Date of First Seen is :23 March 2023
<B><font color = 'blue'> ==> -</font> Image Date of Last Seen is :23 March 2023
<B><font color = 'blue'> ==> -</font> Image Date of Post Seen is :23 March 2023
<B><font color = 'blue'> ==> -</font> Both Matching Date First Seen Assert Pass :23 March 2023=23 March 2023
<B><font color = 'blue'> ==> -</font> Both Matching last Seen  Date Assert Pass :23 March 2023=23 March 2023
 
<B><font color ='red'> -15 Ad -</font>  
<B><font color = 'blue'> ==> -</font> First Image Date is :23 March 2023
<B><font color = 'blue'> ==> -</font> Last Image Date is :23 March 2023
<B><font color = 'blue'> ==> -</font> ID of the  Ad = 268246
<B><font color = 'blue'> ==> -</font> Clicked On Show Analytics Icon
<B><font color = 'blue'> ==> -</font> Image Date of First Seen is :23 March 2023
<B><font color = 'blue'> ==> -</font> Image Date of Last Seen is :23 March 2023
<B><font color = 'blue'> ==> -</font> Image Date of Post Seen is :23 March 2023
<B><font color = 'blue'> ==> -</font> Both Matching Date First Seen Assert Pass :23 March 2023=23 March 2023
<B><font color = 'blue'> ==> -</font> Both Matching last Seen  Date Assert Pass :23 March 2023=23 March 2023
      
<B><font color = 'green'> - ShortBy Newest -Ad Seen Between Last Thirty Days Step will Start from here </font> 
<B><font color = 'orange'> Step4 -</font> Clicked On Ad Seen between filter Icon
<B><font color = 'orange'> Step5 -</font> Clicked On Ad Seen Between Last Thirty Days Icon
<B><font color = 'orange'> Step6 -</font> Clicked On Search Button Icon
<B><font color = 'orange'> Step7 -</font>  Total Ad Count is :90
 
<B><font color ='red'> -1 Ad- -</font>  
<B><font color = 'blue'> ==> -</font> First Image Date is :28 March 2023
<B><font color = 'blue'> ==> -</font> Last Image Date is :28 March 2023
<B><font color = 'blue'> ==> -</font> ID of the  Ad = 268260
<B><font color = 'blue'> ==> -</font> Clicked On Show Analytics Icon
<B><font color = 'blue'> ==> -</font> Image Date of First Seen is :28 March 2023
<B><font color = 'blue'> ==> -</font> Image Date of Last Seen is :28 March 2023
<B><font color = 'blue'> ==> -</font> Image Date of Post Seen is :28 March 2023
<B><font color = 'blue'> ==> -</font> Both Matching First Seen  Date Assert Pass :28 March 2023=28 March 2023
<B><font color = 'blue'> ==> -</font> Both Matching last Seen  Date Assert Pass :28 March 2023=28 March 2023
 
<B><font color ='red'> -2 Ad- -</font>  
<B><font color = 'blue'> ==> -</font> First Image Date is :28 March 2023
<B><font color = 'blue'> ==> -</font> Last Image Date is :28 March 2023
<B><font color = 'blue'> ==> -</font> ID of the  Ad = 268259
<B><font color = 'blue'> ==> -</font> Clicked On Show Analytics Icon
<B><font color = 'blue'> ==> -</font> Image Date of First Seen is :28 March 2023
<B><font color = 'blue'> ==> -</font> Image Date of Last Seen is :28 March 2023
<B><font color = 'blue'> ==> -</font> Image Date of Post Seen is :28 March 2023
<B><font color = 'blue'> ==> -</font> Both Matching Date First Seen Assert Pass :28 March 2023=28 March 2023
<B><font color = 'blue'> ==> -</font> Both Matching last Seen  Date Assert Pass :28 March 2023=28 March 2023
 
<B><font color ='red'> -3 Ad- -</font>  
<B><font color = 'blue'> ==> -</font> First Image Date is :28 March 2023
<B><font color = 'blue'> ==> -</font> Last Image Date is :28 March 2023
<B><font color = 'blue'> ==> -</font> ID of the  Ad = 268258
<B><font color = 'blue'> ==> -</font> Clicked On Show Analytics Icon
<B><font color = 'blue'> ==> -</font> Image Date of First Seen is :28 March 2023
<B><font color = 'blue'> ==> -</font> Image Date of Last Seen is :28 March 2023
<B><font color = 'blue'> ==> -</font> Image Date of Post Seen is :28 March 2023
<B><font color = 'blue'> ==> -</font> Both Matching Date First Seen Assert Pass :28 March 2023=28 March 2023
<B><font color = 'blue'> ==> -</font> Both Matching last Seen  Date Assert Pass :28 March 2023=28 March 2023
 
<B><font color ='red'> -4 Ad- -</font>  
<B><font color = 'blue'> ==> -</font> First Image Date is :27 March 2023
<B><font color = 'blue'> ==> -</font> Last Image Date is :27 March 2023
<B><font color = 'blue'> ==> -</font> ID of the  Ad = 268257
<B><font color = 'blue'> ==> -</font> Clicked On Show Analytics Icon
<B><font color = 'blue'> ==> -</font> Image Date of First Seen is :27 March 2023
<B><font color = 'blue'> ==> -</font> Image Date of Last Seen is :27 March 2023
<B><font color = 'blue'> ==> -</font> Image Date of Post Seen is :27 March 2023
<B><font color = 'blue'> ==> -</font> Both Matching Date First Seen Assert Pass :27 March 2023=27 March 2023
<B><font color = 'blue'> ==> -</font> Both Matching last Seen  Date Assert Pass :27 March 2023=27 March 2023
 
<B><font color ='red'> -5 Ad- -</font>  
<B><font color = 'blue'> ==> -</font> First Image Date is :27 March 2023
<B><font color = 'blue'> ==> -</font> Last Image Date is :27 March 2023
<B><font color = 'blue'> ==> -</font> ID of the  Ad = 268256
<B><font color = 'blue'> ==> -</font> Clicked On Show Analytics Icon
<B><font color = 'blue'> ==> -</font> Image Date of First Seen is :27 March 2023
<B><font color = 'blue'> ==> -</font> Image Date of Last Seen is :27 March 2023
<B><font color = 'blue'> ==> -</font> Image Date of Post Seen is :27 March 2023
<B><font color = 'blue'> ==> -</font> Both Matching Date First Seen Assert Pass :27 March 2023=27 March 2023
<B><font color = 'blue'> ==> -</font> Both Matching last Seen  Date Assert Pass :27 March 2023=27 March 2023
 
<B><font color ='red'> 6 Ad- -</font>  
<B><font color = 'blue'> ==> -</font> First Image Date is :27 March 2023
<B><font color = 'blue'> ==> -</font> Last Image Date is :27 March 2023
<B><font color = 'blue'> ==> -</font> ID of the  Ad = 268255
<B><font color = 'blue'> ==> -</font> Clicked On Show Analytics Icon
<B><font color = 'blue'> ==> -</font> Image Date of First Seen is :27 March 2023
<B><font color = 'blue'> ==> -</font> Image Date of Last Seen is :27 March 2023
<B><font color = 'blue'> ==> -</font> Image Date of Post Seen is :27 March 2023
<B><font color = 'blue'> ==> -</font> Both Matching Date First Seen Assert Pass :27 March 2023=27 March 2023
<B><font color = 'blue'> ==> -</font> Both Matching last Seen  Date Assert Pass :27 March 2023=27 March 2023
 
<B><font color ='red'> 7 Ad- -</font>  
<B><font color = 'blue'> ==> -</font> First Image Date is :24 March 2023
<B><font color = 'blue'> ==> -</font> Last Image Date is :27 March 2023
<B><font color = 'blue'> ==> -</font> ID of the  Ad = 268254
<B><font color = 'blue'> ==> -</font> Clicked On Show Analytics Icon
<B><font color = 'blue'> ==> -</font> Image Date of First Seen is :24 March 2023
<B><font color = 'blue'> ==> -</font> Image Date of Last Seen is :27 March 2023
<B><font color = 'blue'> ==> -</font> Image Date of Post Seen is :24 March 2023
<B><font color = 'blue'> ==> -</font>Both Matching Date First Seen Assert Pass :24 March 2023=24 March 2023
<B><font color = 'blue'> ==> -</font> Both Matching last Seen  Date Assert Pass :27 March 2023=27 March 2023
 
<B><font color ='red'> -8 Ad  -</font>  
<B><font color = 'blue'> ==> -</font> First Image Date is :24 March 2023
<B><font color = 'blue'> ==> -</font> Last Image Date is :24 March 2023
<B><font color = 'blue'> ==> -</font> ID of the  Ad = 268253
<B><font color = 'blue'> ==> -</font> Clicked On Show Analytics Icon
<B><font color = 'blue'> ==> -</font> Image Date of First Seen is :24 March 2023
<B><font color = 'blue'> ==> -</font> Image Date of Last Seen is :24 March 2023
<B><font color = 'blue'> ==> -</font> Image Date of Post Seen is :24 March 2023
<B><font color = 'blue'> ==> -</font>Both Matching Date First Seen Assert Pass :24 March 2023=24 March 2023
<B><font color = 'blue'> ==> -</font> Both Matching last Seen  Date Assert Pass :24 March 2023=24 March 2023
 
<B><font color ='red'> 9 Ad- </font>  
<B><font color = 'blue'> ==> -</font> First Image Date is :23 March 2023
<B><font color = 'blue'> ==> -</font> Last Image Date is :23 March 2023
<B><font color = 'blue'> ==> -</font> ID of the  Ad = 268252
<B><font color = 'blue'> ==> -</font> Clicked On Show Analytics Icon
<B><font color = 'blue'> ==> -</font> Image Date of First Seen is :23 March 2023
<B><font color = 'blue'> ==> -</font> Image Date of Last Seen is :23 March 2023
<B><font color = 'blue'> ==> -</font> Image Date of Post Seen is :23 March 2023
<B><font color = 'blue'> ==> -</font> Both Matching Date First Seen Assert Pass :23 March 2023=23 March 2023
<B><font color = 'blue'> ==> -</font> Both Matching last Seen  Date Assert Pass :23 March 2023=23 March 2023
 
<B><font color ='red'> -10 Ad</font>  
<B><font color = 'blue'> ==> -</font> First Image Date is :23 March 2023
<B><font color = 'blue'> ==> -</font> Last Image Date is :23 March 2023
<B><font color = 'blue'> ==> -</font> ID of the  Ad = 268251
<B><font color = 'blue'> ==> -</font> Clicked On Show Analytics Icon
<B><font color = 'blue'> ==> -</font> Image Date of First Seen is :23 March 2023
<B><font color = 'blue'> ==> -</font> Image Date of Last Seen is :23 March 2023
<B><font color = 'blue'> ==> -</font> Image Date of Post Seen is :23 March 2023
<B><font color = 'blue'> ==> -</font> Both Matching Date First Seen Assert Pass :23 March 2023=23 March 2023
<B><font color = 'blue'> ==> -</font> Both Matching last Seen  Date Assert Pass :23 March 2023=23 March 2023
 
<B><font color ='red'> -11 Ad </font>  
<B><font color = 'blue'> ==> -</font> First Image Date is :23 March 2023
<B><font color = 'blue'> ==> -</font> Last Image Date is :23 March 2023
<B><font color = 'blue'> ==> -</font> ID of the  Ad = 268250
<B><font color = 'blue'> ==> -</font> Clicked On Show Analytics Icon
<B><font color = 'blue'> ==> -</font> Image Date of First Seen is :23 March 2023
<B><font color = 'blue'> ==> -</font> Image Date of Last Seen is :23 March 2023
<B><font color = 'blue'> ==> -</font> Image Date of Post Seen is :23 March 2023
<B><font color = 'blue'> ==> -</font> Both Matching Date First Seen Assert Pass :23 March 2023=23 March 2023
<B><font color = 'blue'> ==> -</font> Both Matching last Seen  Date Assert Pass :23 March 2023=23 March 2023
 
<B><font color ='red'> -12 Ad  -</font>  
<B><font color = 'blue'> ==> -</font> First Image Date is :23 March 2023
<B><font color = 'blue'> ==> -</font> Last Image Date is :23 March 2023
<B><font color = 'blue'> ==> -</font> ID of the  Ad = 268249
<B><font color = 'blue'> ==> -</font> Clicked On Show Analytics Icon
<B><font color = 'blue'> ==> -</font> Image Date of First Seen is :23 March 2023
<B><font color = 'blue'> ==> -</font> Image Date of Last Seen is :23 March 2023
<B><font color = 'blue'> ==> -</font> Image Date of Post Seen is :23 March 2023
<B><font color = 'blue'> ==> -</font> Both Matching Date First Seen Assert Pass :23 March 2023=March 23 2023
<B><font color = 'blue'> ==> -</font> Both Matching last Seen  Date Assert Pass :23 March 2023=23 March 2023
 
<B><font color ='red'> -13 Ad -</font>  
<B><font color = 'blue'> ==> -</font> First Image Date is :23 March 2023
<B><font color = 'blue'> ==> -</font> Last Image Date is :23 March 2023
<B><font color = 'blue'> ==> -</font> ID of the  Ad = 268248
<B><font color = 'blue'> ==> -</font> Clicked On Show Analytics Icon
<B><font color = 'blue'> ==> -</font> Image Date of First Seen is :23 March 2023
<B><font color = 'blue'> ==> -</font> Image Date of Last Seen is :23 March 2023
<B><font color = 'blue'> ==> -</font> Image Date of Post Seen is :23 March 2023
<B><font color = 'blue'> ==> -</font> Both Matching Date First Seen Assert Pass :23 March 2023=23 March 2023
<B><font color = 'blue'> ==> -</font> Both Matching last Seen  Date Assert Pass :23 March 2023=23 March 2023
 
<B><font color ='red'> -14 Ad -</font>  
<B><font color = 'blue'> ==> -</font> First Image Date is :23 March 2023
<B><font color = 'blue'> ==> -</font> Last Image Date is :23 March 2023
<B><font color = 'blue'> ==> -</font> ID of the  Ad = 268247
<B><font color = 'blue'> ==> -</font> Clicked On Show Analytics Icon
<B><font color = 'blue'> ==> -</font> Image Date of First Seen is :23 March 2023
<B><font color = 'blue'> ==> -</font> Image Date of Last Seen is :23 March 2023
<B><font color = 'blue'> ==> -</font> Image Date of Post Seen is :23 March 2023
<B><font color = 'blue'> ==> -</font> Both Matching Date First Seen Assert Pass :23 March 2023=23 March 2023
<B><font color = 'blue'> ==> -</font> Both Matching last Seen  Date Assert Pass :23 March 2023=23 March 2023
 
<B><font color ='red'> -15 Ad -</font>  
<B><font color = 'blue'> ==> -</font> First Image Date is :23 March 2023
<B><font color = 'blue'> ==> -</font> Last Image Date is :23 March 2023
<B><font color = 'blue'> ==> -</font> ID of the  Ad = 268246
<B><font color = 'blue'> ==> -</font> Clicked On Show Analytics Icon
<B><font color = 'blue'> ==> -</font> Image Date of First Seen is :23 March 2023
<B><font color = 'blue'> ==> -</font> Image Date of Last Seen is :23 March 2023
<B><font color = 'blue'> ==> -</font> Image Date of Post Seen is :23 March 2023
<B><font color = 'blue'> ==> -</font> Both Matching Date First Seen Assert Pass :23 March 2023=23 March 2023
<B><font color = 'blue'> ==> -</font> Both Matching last Seen  Date Assert Pass :23 March 2023=23 March 2023
      
<B><font color = 'green'>  -ShortBy Newest -Ad Seen Between This Month Step will Start from here </font> 
<B><font color = 'orange'> Step4 -</font> Clicked On Ad Seen between filter Icon
<B><font color = 'orange'> Step5 -</font> Clicked On Ad Seen Between This Month Icon
<B><font color = 'orange'> Step6 -</font> Clicked On Search Button Icon
<B><font color = 'orange'> Step7 -</font>  Total Ad Count is :86
 
<B><font color ='red'> -1 Ad- -</font>  
<B><font color = 'blue'> ==> -</font> First Image Date is :28 March 2023
<B><font color = 'blue'> ==> -</font> Last Image Date is :28 March 2023
<B><font color = 'blue'> ==> -</font> ID of the  Ad = 268260
<B><font color = 'blue'> ==> -</font> Clicked On Show Analytics Icon
<B><font color = 'blue'> ==> -</font> Image Date of First Seen is :28 March 2023
<B><font color = 'blue'> ==> -</font> Image Date of Last Seen is :28 March 2023
<B><font color = 'blue'> ==> -</font> Image Date of Post Seen is :28 March 2023
<B><font color = 'blue'> ==> -</font> Both Matching First Seen  Date Assert Pass :28 March 2023=28 March 2023
<B><font color = 'blue'> ==> -</font> Both Matching last Seen  Date Assert Pass :28 March 2023=28 March 2023
 
<B><font color ='red'> -2 Ad- -</font>  
<B><font color = 'blue'> ==> -</font> First Image Date is :28 March 2023
<B><font color = 'blue'> ==> -</font> Last Image Date is :28 March 2023
<B><font color = 'blue'> ==> -</font> ID of the  Ad = 268259
<B><font color = 'blue'> ==> -</font> Clicked On Show Analytics Icon
<B><font color = 'blue'> ==> -</font> Image Date of First Seen is :28 March 2023
<B><font color = 'blue'> ==> -</font> Image Date of Last Seen is :28 March 2023
<B><font color = 'blue'> ==> -</font> Image Date of Post Seen is :28 March 2023
<B><font color = 'blue'> ==> -</font> Both Matching Date First Seen Assert Pass :28 March 2023=28 March 2023
<B><font color = 'blue'> ==> -</font> Both Matching last Seen  Date Assert Pass :28 March 2023=28 March 2023
 
<B><font color ='red'> -3 Ad- -</font>  
<B><font color = 'blue'> ==> -</font> First Image Date is :28 March 2023
<B><font color = 'blue'> ==> -</font> Last Image Date is :28 March 2023
<B><font color = 'blue'> ==> -</font> ID of the  Ad = 268258
<B><font color = 'blue'> ==> -</font> Clicked On Show Analytics Icon
<B><font color = 'blue'> ==> -</font> Image Date of First Seen is :28 March 2023
<B><font color = 'blue'> ==> -</font> Image Date of Last Seen is :28 March 2023
<B><font color = 'blue'> ==> -</font> Image Date of Post Seen is :28 March 2023
<B><font color = 'blue'> ==> -</font> Both Matching Date First Seen Assert Pass :28 March 2023=28 March 2023
<B><font color = 'blue'> ==> -</font> Both Matching last Seen  Date Assert Pass :28 March 2023=28 March 2023
 
<B><font color ='red'> -4 Ad- -</font>  
<B><font color = 'blue'> ==> -</font> First Image Date is :27 March 2023
<B><font color = 'blue'> ==> -</font> Last Image Date is :27 March 2023
<B><font color = 'blue'> ==> -</font> ID of the  Ad = 268257
<B><font color = 'blue'> ==> -</font> Clicked On Show Analytics Icon
<B><font color = 'blue'> ==> -</font> Image Date of First Seen is :27 March 2023
<B><font color = 'blue'> ==> -</font> Image Date of Last Seen is :27 March 2023
<B><font color = 'blue'> ==> -</font> Image Date of Post Seen is :27 March 2023
<B><font color = 'blue'> ==> -</font> Both Matching Date First Seen Assert Pass :27 March 2023=27 March 2023
<B><font color = 'blue'> ==> -</font> Both Matching last Seen  Date Assert Pass :27 March 2023=27 March 2023
 
<B><font color ='red'> -5 Ad- -</font>  
<B><font color = 'blue'> ==> -</font> First Image Date is :27 March 2023
<B><font color = 'blue'> ==> -</font> Last Image Date is :27 March 2023
<B><font color = 'blue'> ==> -</font> ID of the  Ad = 268256
<B><font color = 'blue'> ==> -</font> Clicked On Show Analytics Icon
<B><font color = 'blue'> ==> -</font> Image Date of First Seen is :27 March 2023
<B><font color = 'blue'> ==> -</font> Image Date of Last Seen is :27 March 2023
<B><font color = 'blue'> ==> -</font> Image Date of Post Seen is :27 March 2023
<B><font color = 'blue'> ==> -</font> Both Matching Date First Seen Assert Pass :27 March 2023=27 March 2023
<B><font color = 'blue'> ==> -</font> Both Matching last Seen  Date Assert Pass :27 March 2023=27 March 2023
 
<B><font color ='red'> 6 Ad- -</font>  
<B><font color = 'blue'> ==> -</font> First Image Date is :27 March 2023
<B><font color = 'blue'> ==> -</font> Last Image Date is :27 March 2023
<B><font color = 'blue'> ==> -</font> ID of the  Ad = 268255
<B><font color = 'blue'> ==> -</font> Clicked On Show Analytics Icon
<B><font color = 'blue'> ==> -</font> Image Date of First Seen is :27 March 2023
<B><font color = 'blue'> ==> -</font> Image Date of Last Seen is :27 March 2023
<B><font color = 'blue'> ==> -</font> Image Date of Post Seen is :27 March 2023
<B><font color = 'blue'> ==> -</font> Both Matching Date First Seen Assert Pass :27 March 2023=27 March 2023
<B><font color = 'blue'> ==> -</font> Both Matching last Seen  Date Assert Pass :27 March 2023=27 March 2023
 
<B><font color ='red'> 7 Ad- -</font>  
<B><font color = 'blue'> ==> -</font> First Image Date is :24 March 2023
<B><font color = 'blue'> ==> -</font> Last Image Date is :27 March 2023
<B><font color = 'blue'> ==> -</font> ID of the  Ad = 268254
<B><font color = 'blue'> ==> -</font> Clicked On Show Analytics Icon
<B><font color = 'blue'> ==> -</font> Image Date of First Seen is :24 March 2023
<B><font color = 'blue'> ==> -</font> Image Date of Last Seen is :27 March 2023
<B><font color = 'blue'> ==> -</font> Image Date of Post Seen is :24 March 2023
<B><font color = 'blue'> ==> -</font>Both Matching Date First Seen Assert Pass :24 March 2023=24 March 2023
<B><font color = 'blue'> ==> -</font> Both Matching last Seen  Date Assert Pass :27 March 2023=27 March 2023
 
<B><font color ='red'> -8 Ad  -</font>  
<B><font color = 'blue'> ==> -</font> First Image Date is :24 March 2023
<B><font color = 'blue'> ==> -</font> Last Image Date is :24 March 2023
<B><font color = 'blue'> ==> -</font> ID of the  Ad = 268253
<B><font color = 'blue'> ==> -</font> Clicked On Show Analytics Icon
<B><font color = 'blue'> ==> -</font> Image Date of First Seen is :24 March 2023
<B><font color = 'blue'> ==> -</font> Image Date of Last Seen is :24 March 2023
<B><font color = 'blue'> ==> -</font> Image Date of Post Seen is :24 March 2023
<B><font color = 'blue'> ==> -</font>Both Matching Date First Seen Assert Pass :24 March 2023=24 March 2023
<B><font color = 'blue'> ==> -</font> Both Matching last Seen  Date Assert Pass :24 March 2023=24 March 2023
 
<B><font color ='red'> 9 Ad- </font>  
<B><font color = 'blue'> ==> -</font> First Image Date is :23 March 2023
<B><font color = 'blue'> ==> -</font> Last Image Date is :23 March 2023
<B><font color = 'blue'> ==> -</font> ID of the  Ad = 268252
<B><font color = 'blue'> ==> -</font> Clicked On Show Analytics Icon
<B><font color = 'blue'> ==> -</font> Image Date of First Seen is :23 March 2023
<B><font color = 'blue'> ==> -</font> Image Date of Last Seen is :23 March 2023
<B><font color = 'blue'> ==> -</font> Image Date of Post Seen is :23 March 2023
<B><font color = 'blue'> ==> -</font> Both Matching Date First Seen Assert Pass :23 March 2023=23 March 2023
<B><font color = 'blue'> ==> -</font> Both Matching last Seen  Date Assert Pass :23 March 2023=23 March 2023
 
<B><font color ='red'> -10 Ad</font>  
<B><font color = 'blue'> ==> -</font> First Image Date is :23 March 2023
<B><font color = 'blue'> ==> -</font> Last Image Date is :23 March 2023
<B><font color = 'blue'> ==> -</font> ID of the  Ad = 268251
<B><font color = 'blue'> ==> -</font> Clicked On Show Analytics Icon
<B><font color = 'blue'> ==> -</font> Image Date of First Seen is :23 March 2023
<B><font color = 'blue'> ==> -</font> Image Date of Last Seen is :23 March 2023
<B><font color = 'blue'> ==> -</font> Image Date of Post Seen is :23 March 2023
<B><font color = 'blue'> ==> -</font> Both Matching Date First Seen Assert Pass :23 March 2023=23 March 2023
<B><font color = 'blue'> ==> -</font> Both Matching last Seen  Date Assert Pass :23 March 2023=23 March 2023
 
<B><font color ='red'> -11 Ad </font>  
<B><font color = 'blue'> ==> -</font> First Image Date is :23 March 2023
<B><font color = 'blue'> ==> -</font> Last Image Date is :23 March 2023
<B><font color = 'blue'> ==> -</font> ID of the  Ad = 268250
<B><font color = 'blue'> ==> -</font> Clicked On Show Analytics Icon
<B><font color = 'blue'> ==> -</font> Image Date of First Seen is :23 March 2023
<B><font color = 'blue'> ==> -</font> Image Date of Last Seen is :23 March 2023
<B><font color = 'blue'> ==> -</font> Image Date of Post Seen is :23 March 2023
<B><font color = 'blue'> ==> -</font> Both Matching Date First Seen Assert Pass :23 March 2023=23 March 2023
<B><font color = 'blue'> ==> -</font> Both Matching last Seen  Date Assert Pass :23 March 2023=23 March 2023
 
<B><font color ='red'> -12 Ad  -</font>  
<B><font color = 'blue'> ==> -</font> First Image Date is :23 March 2023
<B><font color = 'blue'> ==> -</font> Last Image Date is :23 March 2023
<B><font color = 'blue'> ==> -</font> ID of the  Ad = 268249
<B><font color = 'blue'> ==> -</font> Clicked On Show Analytics Icon
<B><font color = 'blue'> ==> -</font> Image Date of First Seen is :23 March 2023
<B><font color = 'blue'> ==> -</font> Image Date of Last Seen is :23 March 2023
<B><font color = 'blue'> ==> -</font> Image Date of Post Seen is :23 March 2023
<B><font color = 'blue'> ==> -</font> Both Matching Date First Seen Assert Pass :23 March 2023=March 23 2023
<B><font color = 'blue'> ==> -</font> Both Matching last Seen  Date Assert Pass :23 March 2023=23 March 2023
 
<B><font color ='red'> -13 Ad -</font>  
<B><font color = 'blue'> ==> -</font> First Image Date is :23 March 2023
<B><font color = 'blue'> ==> -</font> Last Image Date is :23 March 2023
<B><font color = 'blue'> ==> -</font> ID of the  Ad = 268248
<B><font color = 'blue'> ==> -</font> Clicked On Show Analytics Icon
<B><font color = 'blue'> ==> -</font> Image Date of First Seen is :23 March 2023
<B><font color = 'blue'> ==> -</font> Image Date of Last Seen is :23 March 2023
<B><font color = 'blue'> ==> -</font> Image Date of Post Seen is :23 March 2023
<B><font color = 'blue'> ==> -</font> Both Matching Date First Seen Assert Pass :23 March 2023=23 March 2023
<B><font color = 'blue'> ==> -</font> Both Matching last Seen  Date Assert Pass :23 March 2023=23 March 2023
 
<B><font color ='red'> -14 Ad -</font>  
<B><font color = 'blue'> ==> -</font> First Image Date is :23 March 2023
<B><font color = 'blue'> ==> -</font> Last Image Date is :23 March 2023
<B><font color = 'blue'> ==> -</font> ID of the  Ad = 268247
<B><font color = 'blue'> ==> -</font> Clicked On Show Analytics Icon
<B><font color = 'blue'> ==> -</font> Image Date of First Seen is :23 March 2023
<B><font color = 'blue'> ==> -</font> Image Date of Last Seen is :23 March 2023
<B><font color = 'blue'> ==> -</font> Image Date of Post Seen is :23 March 2023
<B><font color = 'blue'> ==> -</font> Both Matching Date First Seen Assert Pass :23 March 2023=23 March 2023
<B><font color = 'blue'> ==> -</font> Both Matching last Seen  Date Assert Pass :23 March 2023=23 March 2023
 
<B><font color ='red'> -15 Ad -</font>  
<B><font color = 'blue'> ==> -</font> First Image Date is :23 March 2023
<B><font color = 'blue'> ==> -</font> Last Image Date is :23 March 2023
<B><font color = 'blue'> ==> -</font> ID of the  Ad = 268246
<B><font color = 'blue'> ==> -</font> Clicked On Show Analytics Icon
<B><font color = 'blue'> ==> -</font> Image Date of First Seen is :23 March 2023
<B><font color = 'blue'> ==> -</font> Image Date of Last Seen is :23 March 2023
<B><font color = 'blue'> ==> -</font> Image Date of Post Seen is :23 March 2023
<B><font color = 'blue'> ==> -</font> Both Matching Date First Seen Assert Pass :23 March 2023=23 March 2023
<B><font color = 'blue'> ==> -</font> Both Matching last Seen  Date Assert Pass :23 March 2023=23 March 2023
      
<B><font color = 'green'>  -ShortBy Newest -Ad Seen Between Last Month Step will Start from here </font> 
<B><font color = 'orange'> Step4 -</font> Clicked On ad Seen between filter Icon
<B><font color = 'orange'> Step5 -</font> Clicked On Ad Seen Between Last Month Icon
<B><font color = 'orange'> Step6 -</font> Clicked On Search Button Icon
<B><font color = 'orange'> Step7 -</font>  Total Ad Count is :7993
 
<B><font color ='red'> -1 Ad- -</font>  
<B><font color = 'blue'> ==> -</font> First Image Date is :28 February 2023
<B><font color = 'blue'> ==> -</font> Last Image Date is :28 February 2023
<B><font color = 'blue'> ==> -</font> ID of the  Ad = 268185
<B><font color = 'blue'> ==> -</font> Clicked On Show Analytics Icon
<B><font color = 'blue'> ==> -</font> Image Date of First Seen is :28 February 2023
<B><font color = 'blue'> ==> -</font> Image Date of Last Seen is :28 February 2023
<B><font color = 'blue'> ==> -</font> Image Date of Post Seen is :28 February 2023
<B><font color = 'blue'> ==> -</font> Both Matching First Seen  Date Assert Pass :28 February 2023=28 February 2023
<B><font color = 'blue'> ==> -</font> Both Matching last Seen  Date Assert Pass :28 February 2023=28 February 2023
 
<B><font color ='red'> -2 Ad- -</font>  
<B><font color = 'blue'> ==> -</font> First Image Date is :28 February 2023
<B><font color = 'blue'> ==> -</font> Last Image Date is :28 February 2023
<B><font color = 'blue'> ==> -</font> ID of the  Ad = 268184
<B><font color = 'blue'> ==> -</font> Clicked On Show Analytics Icon
<B><font color = 'blue'> ==> -</font> Image Date of First Seen is :28 February 2023
<B><font color = 'blue'> ==> -</font> Image Date of Last Seen is :28 February 2023
<B><font color = 'blue'> ==> -</font> Image Date of Post Seen is :28 February 2023
<B><font color = 'blue'> ==> -</font> Both Matching Date First Seen Assert Pass :28 February 2023=28 February 2023
<B><font color = 'blue'> ==> -</font> Both Matching last Seen  Date Assert Pass :28 February 2023=28 February 2023
 
<B><font color ='red'> -3 Ad- -</font>  
<B><font color = 'blue'> ==> -</font> First Image Date is :28 February 2023
<B><font color = 'blue'> ==> -</font> Last Image Date is :28 February 2023
<B><font color = 'blue'> ==> -</font> ID of the  Ad = 268183
<B><font color = 'blue'> ==> -</font> Clicked On Show Analytics Icon
<B><font color = 'blue'> ==> -</font> Image Date of First Seen is :28 February 2023
<B><font color = 'blue'> ==> -</font> Image Date of Last Seen is :28 February 2023
<B><font color = 'blue'> ==> -</font> Image Date of Post Seen is :28 February 2023
<B><font color = 'blue'> ==> -</font> Both Matching Date First Seen Assert Pass :28 February 2023=28 February 2023
<B><font color = 'blue'> ==> -</font> Both Matching last Seen  Date Assert Pass :28 February 2023=28 February 2023
 
<B><font color ='red'> -4 Ad- -</font>  
<B><font color = 'blue'> ==> -</font> First Image Date is :24 February 2023
<B><font color = 'blue'> ==> -</font> Last Image Date is :24 February 2023
<B><font color = 'blue'> ==> -</font> ID of the  Ad = 268182
<B><font color = 'blue'> ==> -</font> Clicked On Show Analytics Icon
<B><font color = 'blue'> ==> -</font> Image Date of First Seen is :24 February 2023
<B><font color = 'blue'> ==> -</font> Image Date of Last Seen is :24 February 2023
<B><font color = 'blue'> ==> -</font> Image Date of Post Seen is :24 February 2023
<B><font color = 'blue'> ==> -</font> Both Matching Date First Seen Assert Pass :24 February 2023=24 February 2023
<B><font color = 'blue'> ==> -</font> Both Matching last Seen  Date Assert Pass :24 February 2023=24 February 2023
 
<B><font color ='red'> -5 Ad- -</font>  
<B><font color = 'blue'> ==> -</font> First Image Date is :22 February 2023
<B><font color = 'blue'> ==> -</font> Last Image Date is :22 February 2023
<B><font color = 'blue'> ==> -</font> ID of the  Ad = 268178
<B><font color = 'blue'> ==> -</font> Clicked On Show Analytics Icon
<B><font color = 'blue'> ==> -</font> Image Date of First Seen is :22 February 2023
<B><font color = 'blue'> ==> -</font> Image Date of Last Seen is :22 February 2023
<B><font color = 'blue'> ==> -</font> Image Date of Post Seen is :22 February 2023
<B><font color = 'blue'> ==> -</font> Both Matching Date First Seen Assert Pass :22 February 2023=22 February 2023
<B><font color = 'blue'> ==> -</font> Both Matching last Seen  Date Assert Pass :22 February 2023=22 February 2023
 
<B><font color ='red'> 6 Ad- -</font>  
<B><font color = 'blue'> ==> -</font> First Image Date is :22 February 2023
<B><font color = 'blue'> ==> -</font> Last Image Date is :22 February 2023
<B><font color = 'blue'> ==> -</font> ID of the  Ad = 268180
<B><font color = 'blue'> ==> -</font> Clicked On Show Analytics Icon
<B><font color = 'blue'> ==> -</font> Image Date of First Seen is :22 February 2023
<B><font color = 'blue'> ==> -</font> Image Date of Last Seen is :22 February 2023
<B><font color = 'blue'> ==> -</font> Image Date of Post Seen is :22 February 2023
<B><font color = 'blue'> ==> -</font> Both Matching Date First Seen Assert Pass :22 February 2023=22 February 2023
<B><font color = 'blue'> ==> -</font> Both Matching last Seen  Date Assert Pass :22 February 2023=22 February 2023
 
<B><font color ='red'> 7 Ad- -</font>  
<B><font color = 'blue'> ==> -</font> First Image Date is :22 February 2023
<B><font color = 'blue'> ==> -</font> Last Image Date is :22 February 2023
<B><font color = 'blue'> ==> -</font> ID of the  Ad = 268179
<B><font color = 'blue'> ==> -</font> Clicked On Show Analytics Icon
<B><font color = 'blue'> ==> -</font> Image Date of First Seen is :22 February 2023
<B><font color = 'blue'> ==> -</font> Image Date of Last Seen is :22 February 2023
<B><font color = 'blue'> ==> -</font> Image Date of Post Seen is :22 February 2023
<B><font color = 'blue'> ==> -</font>Both Matching Date First Seen Assert Pass :22 February 2023=22 February 2023
<B><font color = 'blue'> ==> -</font> Both Matching last Seen  Date Assert Pass :22 February 2023=22 February 2023
 
<B><font color ='red'> -8 Ad  -</font>  
<B><font color = 'blue'> ==> -</font> First Image Date is :20 February 2023
<B><font color = 'blue'> ==> -</font> Last Image Date is :20 February 2023
<B><font color = 'blue'> ==> -</font> ID of the  Ad = 268175
<B><font color = 'blue'> ==> -</font> Clicked On Show Analytics Icon
<B><font color = 'blue'> ==> -</font> Image Date of First Seen is :20 February 2023
<B><font color = 'blue'> ==> -</font> Image Date of Last Seen is :20 February 2023
<B><font color = 'blue'> ==> -</font> Image Date of Post Seen is :20 February 2023
<B><font color = 'blue'> ==> -</font>Both Matching Date First Seen Assert Pass :20 February 2023=20 February 2023
<B><font color = 'blue'> ==> -</font> Both Matching last Seen  Date Assert Pass :20 February 2023=20 February 2023
 
<B><font color ='red'> 9 Ad- </font>  
<B><font color = 'blue'> ==> -</font> First Image Date is :21 February 2023
<B><font color = 'blue'> ==> -</font> Last Image Date is :21 February 2023
<B><font color = 'blue'> ==> -</font> ID of the  Ad = 268177
<B><font color = 'blue'> ==> -</font> Clicked On Show Analytics Icon
<B><font color = 'blue'> ==> -</font> Image Date of First Seen is :21 February 2023
<B><font color = 'blue'> ==> -</font> Image Date of Last Seen is :21 February 2023
<B><font color = 'blue'> ==> -</font> Image Date of Post Seen is :21 February 2023
<B><font color = 'blue'> ==> -</font> Both Matching Date First Seen Assert Pass :21 February 2023=21 February 2023
<B><font color = 'blue'> ==> -</font> Both Matching last Seen  Date Assert Pass :21 February 2023=21 February 2023
 
<B><font color ='red'> -10 Ad</font>  
<B><font color = 'blue'> ==> -</font> First Image Date is :21 February 2023
<B><font color = 'blue'> ==> -</font> Last Image Date is :21 February 2023
<B><font color = 'blue'> ==> -</font> ID of the  Ad = 268176
<B><font color = 'blue'> ==> -</font> Clicked On Show Analytics Icon
<B><font color = 'blue'> ==> -</font> Image Date of First Seen is :21 February 2023
<B><font color = 'blue'> ==> -</font> Image Date of Last Seen is :21 February 2023
<B><font color = 'blue'> ==> -</font> Image Date of Post Seen is :21 February 2023
<B><font color = 'blue'> ==> -</font> Both Matching Date First Seen Assert Pass :21 February 2023=21 February 2023
<B><font color = 'blue'> ==> -</font> Both Matching last Seen  Date Assert Pass :21 February 2023=21 February 2023
 
<B><font color ='red'> -11 Ad </font>  
<B><font color = 'blue'> ==> -</font> First Image Date is :20 February 2023
<B><font color = 'blue'> ==> -</font> Last Image Date is :20 February 2023
<B><font color = 'blue'> ==> -</font> ID of the  Ad = 268172
<B><font color = 'blue'> ==> -</font> Clicked On Show Analytics Icon
<B><font color = 'blue'> ==> -</font> Image Date of First Seen is :20 February 2023
<B><font color = 'blue'> ==> -</font> Image Date of Last Seen is :20 February 2023
<B><font color = 'blue'> ==> -</font> Image Date of Post Seen is :20 February 2023
<B><font color = 'blue'> ==> -</font> Both Matching Date First Seen Assert Pass :20 February 2023=20 February 2023
<B><font color = 'blue'> ==> -</font> Both Matching last Seen  Date Assert Pass :20 February 2023=20 February 2023
 
<B><font color ='red'> -12 Ad  -</font>  
<B><font color = 'blue'> ==> -</font> First Image Date is :20 February 2023
<B><font color = 'blue'> ==> -</font> Last Image Date is :20 February 2023
<B><font color = 'blue'> ==> -</font> ID of the  Ad = 268174
<B><font color = 'blue'> ==> -</font> Clicked On Show Analytics Icon
<B><font color = 'blue'> ==> -</font> Image Date of First Seen is :20 February 2023
<B><font color = 'blue'> ==> -</font> Image Date of Last Seen is :20 February 2023
<B><font color = 'blue'> ==> -</font> Image Date of Post Seen is :20 February 2023
<B><font color = 'blue'> ==> -</font> Both Matching Date First Seen Assert Pass :20 February 2023=February 20 2023
<B><font color = 'blue'> ==> -</font> Both Matching last Seen  Date Assert Pass :20 February 2023=20 February 2023
 
<B><font color ='red'> -13 Ad -</font>  
<B><font color = 'blue'> ==> -</font> First Image Date is :20 February 2023
<B><font color = 'blue'> ==> -</font> Last Image Date is :20 February 2023
<B><font color = 'blue'> ==> -</font> ID of the  Ad = 268173
<B><font color = 'blue'> ==> -</font> Clicked On Show Analytics Icon
<B><font color = 'blue'> ==> -</font> Image Date of First Seen is :20 February 2023
<B><font color = 'blue'> ==> -</font> Image Date of Last Seen is :20 February 2023
<B><font color = 'blue'> ==> -</font> Image Date of Post Seen is :20 February 2023
<B><font color = 'blue'> ==> -</font> Both Matching Date First Seen Assert Pass :20 February 2023=20 February 2023
<B><font color = 'blue'> ==> -</font> Both Matching last Seen  Date Assert Pass :20 February 2023=20 February 2023
 
<B><font color ='red'> -14 Ad -</font>  
<B><font color = 'blue'> ==> -</font> First Image Date is :20 February 2023
<B><font color = 'blue'> ==> -</font> Last Image Date is :20 February 2023
<B><font color = 'blue'> ==> -</font> ID of the  Ad = 268169
<B><font color = 'blue'> ==> -</font> Clicked On Show Analytics Icon
<B><font color = 'blue'> ==> -</font> Image Date of First Seen is :20 February 2023
<B><font color = 'blue'> ==> -</font> Image Date of Last Seen is :20 February 2023
<B><font color = 'blue'> ==> -</font> Image Date of Post Seen is :20 February 2023
<B><font color = 'blue'> ==> -</font> Both Matching Date First Seen Assert Pass :20 February 2023=20 February 2023
<B><font color = 'blue'> ==> -</font> Both Matching last Seen  Date Assert Pass :20 February 2023=20 February 2023
 
<B><font color ='red'> -15 Ad -</font>  
<B><font color = 'blue'> ==> -</font> First Image Date is :20 February 2023
<B><font color = 'blue'> ==> -</font> Last Image Date is :20 February 2023
<B><font color = 'blue'> ==> -</font> ID of the  Ad = 268171
<B><font color = 'blue'> ==> -</font> Clicked On Show Analytics Icon
<B><font color = 'blue'> ==> -</font> Image Date of First Seen is :20 February 2023
<B><font color = 'blue'> ==> -</font> Image Date of Last Seen is :20 February 2023
<B><font color = 'blue'> ==> -</font> Image Date of Post Seen is :20 February 2023
<B><font color = 'blue'> ==> -</font> Both Matching Date First Seen Assert Pass :20 February 2023=20 February 2023
<B><font color = 'blue'> ==> -</font> Both Matching last Seen  Date Assert Pass :20 February 2023=20 February 2023]]>
  </system-out>
</testsuite> <!-- com.power.testcases.Verify_Gdn_Ad_Seen_Between_TestScript -->
