<?xml version="1.0" encoding="UTF-8"?>
<!-- Generated by org.testng.reporters.JUnitReportReporter -->
<testsuite hostname="GLB-459-PC" failures="0" tests="1" name="com.power.testcases.Verify_Pinterest_landerProperties_Marketing_Platform_TestScript" time="394.967" errors="0" timestamp="2023-03-29T17:35:30 IST" skipped="0">
  <testcase classname="com.power.testcases.Verify_Pinterest_landerProperties_Marketing_Platform_TestScript" name="Verify_Pinterest_landerProperties_Marketing_Platform_TestScript" time="394.967"/>
  <system-out>
    <![CDATA[<B><font color = 'orange'> Step1 -</font> Logged into PowerAdSpy Application
<B><font color = 'orange'> Step2 -</font> I am on the page :PowerAdSpy | Facebook Dashboard
<B><font color = 'orange'> Step3 -</font> Power Ad Spy Logo is Displayed
<B><font color = 'orange'> Step4 -</font> Clicked On pinterest Icon
       
<B><font color = 'purple'>  - ShortBy Newest Step will Start from here </font>  
<B><font color = 'orange'> Step1 -</font> Clicked On sortBy Icon
<B><font color = 'orange'> Step2 -</font> Clicked On SortBy Newest Icon
<B><font color = 'orange'> Step3 -</font> Clicked On search Button Icon
<B><font color = 'orange'> Step4 -</font> Clicked On Lander Properties Button Icon
<B><font color = 'orange'> Step5 -</font> Clicked On Marketing Platform click
 
<B><font color = 'Green'>-Marketing Platform</font>
       :-null
<B><font color = 'orange'> Step1 -</font> Selected  On Marketing Platform Google Marketing Platform
<B><font color = 'orange'> Step2 -</font> Clicked On search Button Icon
<B><font color = 'orange'> Step3 -</font> Total_Ads_Count_newest= 120
 
<B><font color ='red'> 1 Ad -</font>  
<B><font color = 'blue'> ==> -</font> ID of the Ad = 101484
<B><font color = 'blue'> ==> -</font> Clicked On ShowAnalytics Icon
 
<B><font color = 'blue'> ==> -</font>Basic info: URL: https://ad.doubleclick.net/ddm/trackclk/N339.781595PINTERESTINC/B28666917.347236646;dc_trk_aid=538802873;dc_trk_cid=178799857;dc_lat=;dc_rdid=;tag_for_child_directed_treatment=;tfua=;ltd=?pp=0
<B><font color = 'green'> ===> -</font> Assert pass: doubleclick==doubleclick
 
<B><font color = 'blue'> ==> -</font>Redirects: URL: null
 
<B><font color = 'blue'> ==> -</font>Outgoing links: Source URL: null
 
<B><font color = 'blue'> ==> -</font>Outgoing links: Redirect URL: null
 
<B><font color = 'blue'> ==> -</font>Outgoing links: Final URL:null
 
<B><font color = 'blue'> ==> -</font>Fb post link: URL : null
 
<B><font color ='red'> 2 Ad -</font>  
<B><font color = 'blue'> ==> -</font> ID of the Ad = 101472
<B><font color = 'blue'> ==> -</font> Clicked On ShowAnalytics Icon
 
<B><font color = 'blue'> ==> -</font>Basic info: URL: https://ad.doubleclick.net/ddm/trackclk/N8897.1861114BRANDNETWORKSLLC/B29288519.358440585;dc_trk_aid=549361628;dc_trk_cid=185815312;dc_lat=;dc_rdid=;tag_for_child_directed_treatment=;tfua=;ltd=?pp=0
<B><font color = 'green'> ===> -</font> Assert pass: doubleclick==doubleclick
 
<B><font color = 'blue'> ==> -</font>Redirects: URL: null
 
<B><font color = 'blue'> ==> -</font>Outgoing links: Source URL: null
 
<B><font color = 'blue'> ==> -</font>Outgoing links: Redirect URL: null
 
<B><font color = 'blue'> ==> -</font>Outgoing links: Final URL:null
 
<B><font color = 'blue'> ==> -</font>Fb post link: URL : null
 
<B><font color ='red'> 3 Ad -</font>  
<B><font color = 'blue'> ==> -</font> ID of the Ad = 101462
<B><font color = 'blue'> ==> -</font> Clicked On ShowAnalytics Icon
 
<B><font color = 'blue'> ==> -</font>Basic info: URL: https://ad.doubleclick.net/ddm/trackclk/N5883.2293319PINTEREST/B29260649.358605018;dc_trk_aid=549383826;dc_trk_cid=185783129;dc_lat=;dc_rdid=;tag_for_child_directed_treatment=;tfua=;ltd=?pp=0
<B><font color = 'green'> ===> -</font> Assert pass: doubleclick==doubleclick
 
<B><font color = 'blue'> ==> -</font>Redirects: URL: null
 
<B><font color = 'blue'> ==> -</font>Outgoing links: Source URL: null
 
<B><font color = 'blue'> ==> -</font>Outgoing links: Redirect URL: null
 
<B><font color = 'blue'> ==> -</font>Outgoing links: Final URL:null
 
<B><font color = 'blue'> ==> -</font>Fb post link: URL : null
 
<B><font color ='red'> 4 Ad -</font>  
<B><font color = 'blue'> ==> -</font> ID of the Ad = 101418
<B><font color = 'blue'> ==> -</font> Clicked On ShowAnalytics Icon
 
<B><font color = 'blue'> ==> -</font>Basic info: URL: https://ad.doubleclick.net/ddm/trackclk/N5762.781595PINTERESTINC/B29246684.357787213;dc_trk_aid=548659240;dc_trk_cid=185519756;dc_lat=;dc_rdid=;tag_for_child_directed_treatment=;tfua=;ltd=?pp=0
<B><font color = 'green'> ===> -</font> Assert pass: doubleclick==doubleclick
 
<B><font color = 'blue'> ==> -</font>Redirects: URL: https://ad.doubleclick.net/ddm/trackclk/N5762.781595PINTERESTINC/B29246684.357787213;dc_trk_aid=548659240;dc_trk_cid=185519756;dc_lat=;dc_rdid=;tag_for_child_directed_treatment=;tfua=;ltd=?pp=0
<B><font color = 'green'> ===> -</font> Assert pass: doubleclick==doubleclick
 
<B><font color = 'blue'> ==> -</font>Redirects: URL: https://ad.doubleclick.net/ddm/trackclk/N5762.781595PINTERESTINC/B29246684.357787213;dc_trk_aid=548659240;dc_trk_cid=185519756;dc_lat=;dc_rdid=;tag_for_child_directed_treatment=;tfua=;ltd=?pp=0
<B><font color = 'green'> ===> -</font> Assert pass: doubleclick==doubleclick
 
<B><font color = 'blue'> ==> -</font>Outgoing links: Source URL: null
 
<B><font color = 'blue'> ==> -</font>Outgoing links: Redirect URL: https://ad.doubleclick.net/ddm/trackclk/N5762.781595PINTERESTINC/B29246684.357787213;dc_trk_aid=548659240;dc_trk_cid=185519756;dc_lat=;dc_rdid=;tag_for_child_directed_treatment=;tfua=;ltd=?pp=0
<B><font color = 'green'> ===> -</font> Assert pass: doubleclick==doubleclick
 
<B><font color = 'blue'> ==> -</font>Outgoing links: Final URL:null
 
<B><font color = 'blue'> ==> -</font>Fb post link: URL : null
 
<B><font color ='red'> 5 Ad -</font>  
<B><font color = 'blue'> ==> -</font> ID of the Ad = 101379
<B><font color = 'blue'> ==> -</font> Clicked On ShowAnalytics Icon
 
<B><font color = 'blue'> ==> -</font>Basic info: URL: https://ad.doubleclick.net/ddm/clk/548391449;357617578;f?https://au.pandora.net/en/collections/pandora-moments/love/?cid=socp:pinterest:valentinesday:collectionmixed:upperfunnel:no_promo:::::::mixed::::&pp=0&epik=dj0yJnU9ZWRaTDJaWVhGS0NLUEtmQ1BCUU1fZHBqVWR4RlFJbUkmcD0xJm49WGRrR2ExSVQ0YXRyd2ZWNnRUcWdidyZ0PUFBQUFBR1Bjc0dF
<B><font color = 'green'> ===> -</font> Assert pass: doubleclick==doubleclick
 
<B><font color = 'blue'> ==> -</font>Redirects: URL: https://ad.doubleclick.net/ddm/clk/548391449;357617578;f?https://au.pandora.net/en/collections/pandora-moments/love/?cid=socp:pinterest:valentinesday:collectionmixed:upperfunnel:no_promo:::::::mixed::::&pp=0&epik=dj0yJnU9ZWRaTDJaWVhGS0NLUEtmQ1BCUU1fZHBqVWR4RlFJbUkmcD0xJm49WGRrR2ExSVQ0YXRyd2ZWNnRUcWdidyZ0PUFBQUFBR1Bjc0dF
<B><font color = 'green'> ===> -</font> Assert pass: doubleclick==doubleclick
 
<B><font color = 'blue'> ==> -</font>Redirects: URL: https://ad.doubleclick.net/ddm/clk/548391449;357617578;f?https://au.pandora.net/en/collections/pandora-moments/love/?cid=socp:pinterest:valentinesday:collectionmixed:upperfunnel:no_promo:::::::mixed::::&pp=0&epik=dj0yJnU9ZWRaTDJaWVhGS0NLUEtmQ1BCUU1fZHBqVWR4RlFJbUkmcD0xJm49WGRrR2ExSVQ0YXRyd2ZWNnRUcWdidyZ0PUFBQUFBR1Bjc0dF
<B><font color = 'green'> ===> -</font> Assert pass: doubleclick==doubleclick
 
<B><font color = 'blue'> ==> -</font>Redirects: URL: chrome-error://chromewebdata/
 
<B><font color = 'blue'> ==> -</font>Outgoing links: Source URL: null
 
<B><font color = 'blue'> ==> -</font>Outgoing links: Redirect URL: https://ad.doubleclick.net/ddm/clk/548391449;357617578;f?https://au.pandora.net/en/collections/pandora-moments/love/?cid=socp:pinterest:valentinesday:collectionmixed:upperfunnel:no_promo:::::::mixed::::&pp=0&epik=dj0yJnU9ZWRaTDJaWVhGS0NLUEtmQ1BCUU1fZHBqVWR4RlFJbUkmcD0xJm49WGRrR2ExSVQ0YXRyd2ZWNnRUcWdidyZ0PUFBQUFBR1Bjc0dF
<B><font color = 'green'> ===> -</font> Assert pass: doubleclick==doubleclick
 
<B><font color = 'blue'> ==> -</font>Outgoing links: Final URL:null
 
<B><font color = 'blue'> ==> -</font>Fb post link: URL : null
 
<B><font color ='red'> 6 Ad -</font>  
<B><font color = 'blue'> ==> -</font> ID of the Ad = 101374
<B><font color = 'blue'> ==> -</font> Clicked On ShowAnalytics Icon
 
<B><font color = 'blue'> ==> -</font>Basic info: URL: https://ad.doubleclick.net/ddm/trackclk/N1243037.3706128PINTERESTAU/B28098557.357770039;dc_trk_aid=548912693;dc_trk_cid=185697914;dc_lat=;dc_rdid=;tag_for_child_directed_treatment=;tfua=;ltd=?pp=0
<B><font color = 'green'> ===> -</font> Assert pass: doubleclick==doubleclick
 
<B><font color = 'blue'> ==> -</font>Redirects: URL: null
 
<B><font color = 'blue'> ==> -</font>Outgoing links: Source URL: null
 
<B><font color = 'blue'> ==> -</font>Outgoing links: Redirect URL: null
 
<B><font color = 'blue'> ==> -</font>Outgoing links: Final URL:null
 
<B><font color = 'blue'> ==> -</font>Fb post link: URL : null
 
<B><font color ='red'> 7 Ad -</font>  
<B><font color = 'blue'> ==> -</font> ID of the Ad = 101347
<B><font color = 'blue'> ==> -</font> Clicked On ShowAnalytics Icon
 
<B><font color = 'blue'> ==> -</font>Basic info: URL: https://ad.doubleclick.net/ddm/clk/546120514;355170681;z?pp=0
<B><font color = 'green'> ===> -</font> Assert pass: doubleclick==doubleclick
 
<B><font color = 'blue'> ==> -</font>Redirects: URL: null
 
<B><font color = 'blue'> ==> -</font>Outgoing links: Source URL: null
 
<B><font color = 'blue'> ==> -</font>Outgoing links: Redirect URL: null
 
<B><font color = 'blue'> ==> -</font>Outgoing links: Final URL:null
 
<B><font color = 'blue'> ==> -</font>Fb post link: URL : null
 
<B><font color ='red'> 8 Ad -</font>  
<B><font color = 'blue'> ==> -</font> ID of the Ad = 101320
<B><font color = 'blue'> ==> -</font> Clicked On ShowAnalytics Icon
 
<B><font color = 'blue'> ==> -</font>Basic info: URL: https://ad.doubleclick.net/ddm/clk/536318655;344938830;t?https://ad.doubleclick.net/ddm/clk/465731101;270883043;y?https://www.ashleyfurniture.com/p/home_accents_foflor_21_x_5_delft_floral_accent_runner/R60001066.html?mrkgcl=1069&product_id=R60001066&utm_medium=social&utm_source=Pinterest&utm_campaign=Shopping_Conversion&utm_source=8450851|4824168&utm_medium=social&utm_campaign=25259588&utm_term=344938830&utm_content=536318655|0&pp=0
<B><font color = 'green'> ===> -</font> Assert pass: doubleclick==doubleclick
 
<B><font color = 'blue'> ==> -</font>Redirects: URL: https://ad.doubleclick.net/ddm/clk/536318655;344938830;t?https://ad.doubleclick.net/ddm/clk/465731101;270883043;y?https://www.ashleyfurniture.com/p/home_accents_foflor_21_x_5_delft_floral_accent_runner/R60001066.html?mrkgcl=1069&product_id=R60001066&utm_medium=social&utm_source=Pinterest&utm_campaign=Shopping_Conversion&utm_source=8450851|4824168&utm_medium=social&utm_campaign=25259588&utm_term=344938830&utm_content=536318655|0&pp=0
<B><font color = 'green'> ===> -</font> Assert pass: doubleclick==doubleclick
 
<B><font color = 'blue'> ==> -</font>Redirects: URL: https://ad.doubleclick.net/ddm/clk/536318655;344938830;t?https://ad.doubleclick.net/ddm/clk/465731101;270883043;y?https://www.ashleyfurniture.com/p/home_accents_foflor_21_x_5_delft_floral_accent_runner/R60001066.html?mrkgcl=1069&product_id=R60001066&utm_medium=social&utm_source=Pinterest&utm_campaign=Shopping_Conversion&utm_source=8450851|4824168&utm_medium=social&utm_campaign=25259588&utm_term=344938830&utm_content=536318655|0&pp=0
<B><font color = 'green'> ===> -</font> Assert pass: doubleclick==doubleclick
 
<B><font color = 'blue'> ==> -</font>Outgoing links: Source URL: null
 
<B><font color = 'blue'> ==> -</font>Outgoing links: Redirect URL: https://ad.doubleclick.net/ddm/clk/536318655;344938830;t?https://ad.doubleclick.net/ddm/clk/465731101;270883043;y?https://www.ashleyfurniture.com/p/home_accents_foflor_21_x_5_delft_floral_accent_runner/R60001066.html?mrkgcl=1069&product_id=R60001066&utm_medium=social&utm_source=Pinterest&utm_campaign=Shopping_Conversion&utm_source=8450851|4824168&utm_medium=social&utm_campaign=25259588&utm_term=344938830&utm_content=536318655|0&pp=0
<B><font color = 'green'> ===> -</font> Assert pass: doubleclick==doubleclick
 
<B><font color = 'blue'> ==> -</font>Outgoing links: Final URL:null
 
<B><font color = 'blue'> ==> -</font>Fb post link: URL : null
 
<B><font color ='red'> 9 Ad -</font>  
<B><font color = 'blue'> ==> -</font> ID of the Ad = 101307
<B><font color = 'blue'> ==> -</font> Clicked On ShowAnalytics Icon
 
<B><font color = 'blue'> ==> -</font>Basic info: URL: https://ad.doubleclick.net/ddm/trackclk/N465010.2293319PINTEREST/B28927423.353152624;dc_trk_aid=544239991;dc_trk_cid=182637599;dc_lat=;dc_rdid=;tag_for_child_directed_treatment=;tfua=;ltd=?pp=0
<B><font color = 'green'> ===> -</font> Assert pass: doubleclick==doubleclick
 
<B><font color = 'blue'> ==> -</font>Redirects: URL: null
 
<B><font color = 'blue'> ==> -</font>Outgoing links: Source URL: null
 
<B><font color = 'blue'> ==> -</font>Outgoing links: Redirect URL: null
 
<B><font color = 'blue'> ==> -</font>Outgoing links: Final URL:null
 
<B><font color = 'blue'> ==> -</font>Fb post link: URL : null
 
<B><font color ='red'> 10 Ad -</font>  
<B><font color = 'blue'> ==> -</font> ID of the Ad = 101212
<B><font color = 'blue'> ==> -</font> Clicked On ShowAnalytics Icon
 
<B><font color = 'blue'> ==> -</font>Basic info: URL: https://ad.doubleclick.net/ddm/clk/544946998;315899835;s?https://www.hollisterco.com/shop/uk/gilly-hicks/gifts-66008045?cmp=SOC:HOL22:GHK:F:UK:PSP:PINT:X:X:X:HPYGFT:X:GG-GHK::X:GiftingDecWk1&pp=0&epik=dj0yJnU9R2V0bkxtRElpZlFFcm95MXVpM3RlQ3J1TFNuX2FuU3gmcD0xJm49NS1ndHNnVHJycGNFbTk2TVhRS1laZyZ0PUFBQUFBR09wUjVz
<B><font color = 'green'> ===> -</font> Assert pass: doubleclick==doubleclick
 
<B><font color = 'blue'> ==> -</font>Redirects: URL: null
 
<B><font color = 'blue'> ==> -</font>Outgoing links: Source URL: null
 
<B><font color = 'blue'> ==> -</font>Outgoing links: Redirect URL: null
 
<B><font color = 'blue'> ==> -</font>Outgoing links: Final URL:null
 
<B><font color = 'blue'> ==> -</font>Fb post link: URL : null
 
<B><font color ='red'> 11 Ad -</font>  
<B><font color = 'blue'> ==> -</font> ID of the Ad = 101204
<B><font color = 'blue'> ==> -</font> Clicked On ShowAnalytics Icon
 
<B><font color = 'blue'> ==> -</font>Basic info: URL: https://ad.doubleclick.net/ddm/clk/546455963;315899835;h?https://www.hollisterco.com/shop/uk/gilly-hicks/women-all-site-promotions?cmp=SOC:HOL22:GHK:F:UK:PSP:PINT:X:X:X:X:X:SALE-GHK::X:DecWk5WinterSale&pp=0&epik=dj0yJnU9WnI5Wmd1My15QWlWU0NVaV8zM3Z6cUVRVTQwNGR3RjMmcD0xJm49Vll5OXhpRzZLeXR0ZUw2VFFZbWxOQSZ0PUFBQUFBR09wUjRr
<B><font color = 'green'> ===> -</font> Assert pass: doubleclick==doubleclick
 
<B><font color = 'blue'> ==> -</font>Redirects: URL: null
 
<B><font color = 'blue'> ==> -</font>Outgoing links: Source URL: null
 
<B><font color = 'blue'> ==> -</font>Outgoing links: Redirect URL: null
 
<B><font color = 'blue'> ==> -</font>Outgoing links: Final URL:null
 
<B><font color = 'blue'> ==> -</font>Fb post link: URL : null
 
<B><font color ='red'> 12 Ad -</font>  
<B><font color = 'blue'> ==> -</font> ID of the Ad = 101185
<B><font color = 'blue'> ==> -</font> Clicked On ShowAnalytics Icon
 
<B><font color = 'blue'> ==> -</font>Basic info: URL: https://ad.doubleclick.net/ddm/trackclk/N8232.781595PINTERESTINC/B26889250.350925637;dc_trk_aid=542002368;dc_trk_cid=131035673;dc_lat=;dc_rdid=;tag_for_child_directed_treatment=;tfua=;ltd=?pp=0
<B><font color = 'green'> ===> -</font> Assert pass: doubleclick==doubleclick
 
<B><font color = 'blue'> ==> -</font>Redirects: URL: https://ad.doubleclick.net/ddm/trackclk/N8232.781595PINTERESTINC/B26889250.350925637;dc_trk_aid=542002368;dc_trk_cid=131035673;dc_lat=;dc_rdid=;tag_for_child_directed_treatment=;tfua=;ltd=?pp=0
<B><font color = 'green'> ===> -</font> Assert pass: doubleclick==doubleclick
 
<B><font color = 'blue'> ==> -</font>Redirects: URL: https://ad.doubleclick.net/ddm/trackclk/N8232.781595PINTERESTINC/B26889250.350925637;dc_trk_aid=542002368;dc_trk_cid=131035673;dc_lat=;dc_rdid=;tag_for_child_directed_treatment=;tfua=;ltd=?pp=0
<B><font color = 'green'> ===> -</font> Assert pass: doubleclick==doubleclick
 
<B><font color = 'blue'> ==> -</font>Outgoing links: Source URL: null
 
<B><font color = 'blue'> ==> -</font>Outgoing links: Redirect URL: https://ad.doubleclick.net/ddm/trackclk/N8232.781595PINTERESTINC/B26889250.350925637;dc_trk_aid=542002368;dc_trk_cid=131035673;dc_lat=;dc_rdid=;tag_for_child_directed_treatment=;tfua=;ltd=?pp=0
<B><font color = 'green'> ===> -</font> Assert pass: doubleclick==doubleclick
 
<B><font color = 'blue'> ==> -</font>Outgoing links: Final URL:null
 
<B><font color = 'blue'> ==> -</font>Fb post link: URL : null
 
<B><font color ='red'> 13 Ad -</font>  
<B><font color = 'blue'> ==> -</font> ID of the Ad = 101163
<B><font color = 'blue'> ==> -</font> Clicked On ShowAnalytics Icon
 
<B><font color = 'blue'> ==> -</font>Basic info: URL: https://ad.doubleclick.net/ddm/trackclk/N5762.2293319PINTEREST/B28294867.343515186;dc_trk_aid=535128279;dc_trk_cid=176501157;dc_lat=;dc_rdid=;tag_for_child_directed_treatment=;tfua=;ltd=?pp=0
<B><font color = 'green'> ===> -</font> Assert pass: doubleclick==doubleclick
 
<B><font color = 'blue'> ==> -</font>Redirects: URL: https://ad.doubleclick.net/ddm/trackclk/N5762.2293319PINTEREST/B28294867.343515186;dc_trk_aid=535128279;dc_trk_cid=176501157;dc_lat=;dc_rdid=;tag_for_child_directed_treatment=;tfua=;ltd=?pp=0
<B><font color = 'green'> ===> -</font> Assert pass: doubleclick==doubleclick
 
<B><font color = 'blue'> ==> -</font>Redirects: URL: https://ad.doubleclick.net/ddm/trackclk/N5762.2293319PINTEREST/B28294867.343515186;dc_trk_aid=535128279;dc_trk_cid=176501157;dc_lat=;dc_rdid=;tag_for_child_directed_treatment=;tfua=;ltd=?pp=0
<B><font color = 'green'> ===> -</font> Assert pass: doubleclick==doubleclick
 
<B><font color = 'blue'> ==> -</font>Outgoing links: Source URL: null
 
<B><font color = 'blue'> ==> -</font>Outgoing links: Redirect URL: https://ad.doubleclick.net/ddm/trackclk/N5762.2293319PINTEREST/B28294867.343515186;dc_trk_aid=535128279;dc_trk_cid=176501157;dc_lat=;dc_rdid=;tag_for_child_directed_treatment=;tfua=;ltd=?pp=0
<B><font color = 'green'> ===> -</font> Assert pass: doubleclick==doubleclick
 
<B><font color = 'blue'> ==> -</font>Outgoing links: Final URL:null
 
<B><font color = 'blue'> ==> -</font>Fb post link: URL : null
 
<B><font color ='red'> 14 Ad -</font>  
<B><font color = 'blue'> ==> -</font> ID of the Ad = 100748
<B><font color = 'blue'> ==> -</font> Clicked On ShowAnalytics Icon
 
<B><font color = 'blue'> ==> -</font>Basic info: URL: https://account.chase.com/consumer/business/QK72677?jp_cmp=bb/27493916/SOC/168548437/332213387&sr_source=Pinterest
 
<B><font color = 'blue'> ==> -</font>Redirects: URL: https://ad.doubleclick.net/ddm/trackclk/N5762.781595PINTERESTINC/B27493916.332213387;dc_trk_aid=524153820;dc_trk_cid=168548437;dc_lat=;dc_rdid=;tag_for_child_directed_treatment=;tfua=;ltd=?pp=0
<B><font color = 'green'> ===> -</font> Assert pass: doubleclick==doubleclick
 
<B><font color = 'blue'> ==> -</font>Redirects: URL: https://ad.doubleclick.net/ddm/trackclk/N5762.781595PINTERESTINC/B27493916.332213387;dc_trk_aid=524153820;dc_trk_cid=168548437;dc_lat=;dc_rdid=;tag_for_child_directed_treatment=;tfua=;ltd=?pp=0
<B><font color = 'green'> ===> -</font> Assert pass: doubleclick==doubleclick
 
<B><font color = 'blue'> ==> -</font>Outgoing links: Source URL: null
 
<B><font color = 'blue'> ==> -</font>Outgoing links: Redirect URL: https://ad.doubleclick.net/ddm/trackclk/N5762.781595PINTERESTINC/B27493916.332213387;dc_trk_aid=524153820;dc_trk_cid=168548437;dc_lat=;dc_rdid=;tag_for_child_directed_treatment=;tfua=;ltd=?pp=0
<B><font color = 'green'> ===> -</font> Assert pass: doubleclick==doubleclick
 
<B><font color = 'blue'> ==> -</font>Outgoing links: Final URL:null
 
<B><font color = 'blue'> ==> -</font>Fb post link: URL : null
 
<B><font color ='red'> 15 Ad -</font>  
<B><font color = 'blue'> ==> -</font> ID of the Ad = 100642
<B><font color = 'blue'> ==> -</font> Clicked On ShowAnalytics Icon
 
<B><font color = 'blue'> ==> -</font>Basic info: URL: https://ad.doubleclick.net/ddm/trackclk/N1012629.2293319PINTEREST/B27002837.345725676;dc_trk_aid=537548947;dc_trk_cid=177638689;dc_lat=;dc_rdid=;tag_for_child_directed_treatment=;tfua=;ltd=?pp=0
<B><font color = 'green'> ===> -</font> Assert pass: doubleclick==doubleclick
 
<B><font color = 'blue'> ==> -</font>Redirects: URL: https://ad.doubleclick.net/ddm/trackclk/N1012629.2293319PINTEREST/B27002837.345725676;dc_trk_aid=537548947;dc_trk_cid=177638689;dc_lat=;dc_rdid=;tag_for_child_directed_treatment=;tfua=;ltd=?pp=0
<B><font color = 'green'> ===> -</font> Assert pass: doubleclick==doubleclick
 
<B><font color = 'blue'> ==> -</font>Redirects: URL: https://ad.doubleclick.net/ddm/trackclk/N1012629.2293319PINTEREST/B27002837.345725676;dc_trk_aid=537548947;dc_trk_cid=177638689;dc_lat=;dc_rdid=;tag_for_child_directed_treatment=;tfua=;ltd=?pp=0
<B><font color = 'green'> ===> -</font> Assert pass: doubleclick==doubleclick
 
<B><font color = 'blue'> ==> -</font>Outgoing links: Source URL: null
 
<B><font color = 'blue'> ==> -</font>Outgoing links: Redirect URL: https://ad.doubleclick.net/ddm/trackclk/N1012629.2293319PINTEREST/B27002837.345725676;dc_trk_aid=537548947;dc_trk_cid=177638689;dc_lat=;dc_rdid=;tag_for_child_directed_treatment=;tfua=;ltd=?pp=0
<B><font color = 'green'> ===> -</font> Assert pass: doubleclick==doubleclick
 
<B><font color = 'blue'> ==> -</font>Outgoing links: Final URL:null
 
<B><font color = 'blue'> ==> -</font>Fb post link: URL : null]]>
  </system-out>
</testsuite> <!-- com.power.testcases.Verify_Pinterest_landerProperties_Marketing_Platform_TestScript -->
