<?xml version="1.0" encoding="UTF-8"?>
<!-- Generated by org.testng.reporters.JUnitReportReporter -->
<testsuite hostname="GLB-459-PC" failures="0" tests="1" name="com.power.testcases.Verify_Quora_filters_Language" time="74.870" errors="0" timestamp="2023-03-29T17:35:30 IST" skipped="0">
  <testcase classname="com.power.testcases.Verify_Quora_filters_Language" name="verify_Country" time="74.870"/>
  <system-out>
    <![CDATA[<B><font color = 'Burgundy'> Step1 -</font> Logged into PowerAdSpy Application
<B><font color = 'Burgundy'> Step2 -</font> I am on the page :PowerAdSpy | Facebook Dashboard
<B><font color = 'Burgundy'> Step3 -</font> Power Ad Spy Logo is Displayed
<B><font color = 'Burgundy'> Step4 -</font> Clicked On quora Icon
<B><font color = 'Burgundy'> Step5 -</font> I am on the page :PowerAdSpy | Quora Dashboard
<B><font color = 'Burgundy'> Step6 -</font> Clicked on filters :
 
<B><font color = 'Green'>- Language </font>
       ==> -Abkhazian
<B><font color = 'orange'> Step1 -</font> Clicked On Search Button Icon
<B><font color = 'orange'> Step2 -</font>  Total Ad Count is :
 
<B><font color ='red'> -1 Ad -</font>  
<B><font color = 'Red'> ==> -</font> Image is not able: Oops! Looks like we don't have data for this search criteria yet.
 
<B><font color ='red'> -2 Ad -</font>  
<B><font color = 'Red'> ==> -</font> Image is not able: Oops! Looks like we don't have data for this search criteria yet.
 
<B><font color ='red'> -3 Ad -</font>  
<B><font color = 'Red'> ==> -</font> Image is not able: Oops! Looks like we don't have data for this search criteria yet.
 
<B><font color ='red'> -4 Ad -</font>  
<B><font color = 'Red'> ==> -</font> Image is not able: Oops! Looks like we don't have data for this search criteria yet.
 
<B><font color ='red'> -5 Ad -</font>  
<B><font color = 'Red'> ==> -</font> Image is not able: Oops! Looks like we don't have data for this search criteria yet.
 
<B><font color ='red'> -6 Ad -</font>  
<B><font color = 'Red'> ==> -</font> Image is not able: Oops! Looks like we don't have data for this search criteria yet.
 
<B><font color ='red'> -7 Ad -</font>  
<B><font color = 'Red'> ==> -</font> Image is not able: Oops! Looks like we don't have data for this search criteria yet.
 
<B><font color ='red'> -8 Ad -</font>  
<B><font color = 'Red'> ==> -</font> Image is not able: Oops! Looks like we don't have data for this search criteria yet.
 
<B><font color ='red'> -9 Ad -</font>  
<B><font color = 'Red'> ==> -</font> Image is not able: Oops! Looks like we don't have data for this search criteria yet.
 
<B><font color ='red'> -10 Ad -</font>  
<B><font color = 'Red'> ==> -</font> Image is not able: Oops! Looks like we don't have data for this search criteria yet.
 
<B><font color ='red'> -11 Ad -</font>  
<B><font color = 'Red'> ==> -</font> Image is not able: Oops! Looks like we don't have data for this search criteria yet.
 
<B><font color ='red'> -12 Ad -</font>  
<B><font color = 'Red'> ==> -</font> Image is not able: Oops! Looks like we don't have data for this search criteria yet.
 
<B><font color ='red'> -13 Ad -</font>  
<B><font color = 'Red'> ==> -</font> Image is not able: Oops! Looks like we don't have data for this search criteria yet.
 
<B><font color ='red'> -14 Ad -</font>  
<B><font color = 'Red'> ==> -</font> Image is not able: Oops! Looks like we don't have data for this search criteria yet.
 
<B><font color ='red'> -15 Ad -</font>  
<B><font color = 'Red'> ==> -</font> Image is not able: Oops! Looks like we don't have data for this search criteria yet.]]>
  </system-out>
</testsuite> <!-- com.power.testcases.Verify_Quora_filters_Language -->
