<?xml version="1.0" encoding="UTF-8"?>
<!-- Generated by org.testng.reporters.JUnitReportReporter -->
<testsuite hostname="GLB-459-PC" failures="0" tests="1" name="com.power.testcases.Verify_Youtube_Sortby_Likes_Comments" time="166.003" errors="0" timestamp="2023-03-29T17:35:30 IST" skipped="0">
  <testcase classname="com.power.testcases.Verify_Youtube_Sortby_Likes_Comments" name="verify_likes_comments" time="166.003"/>
  <system-out>
    <![CDATA[<B><font color = 'Burgundy'> Step1 -</font> Logged into PowerAdSpy Application
<B><font color = 'Burgundy'> Step2 -</font> I am on the page :PowerAdSpy | Facebook Dashboard
<B><font color = 'Burgundy'> Step3 -</font> Power Ad Spy Logo is Displayed
<B><font color = 'Burgundy'> Step4 -</font> Clicked On Youtube Icon
<B><font color = 'Burgundy'> Step5 -</font> I am on the page :PowerAdSpy | Youtube Dashboard

<B><font color = 'green'> Likes -</font> 
<B><font color = 'Burgundy'> ==> -</font> Clicked On clear search.
<B><font color = 'Burgundy'> ==> -</font> Clicked on SortBy.
<B><font color = 'Burgundy'> ==> -</font> Clicked on Likes.
<B><font color = 'blue'> ==> -</font> Entered value into minimum range Likes :2000
<B><font color = 'blue'> ==> -</font> Entered value into maximum range Likes :30000
<B><font color = 'blue'> ==> -</font> Clicked On Search Bar.
<B><font color = 'blue'> ==> -</font> Total_Ads_Count_newest= 18010

<B><font color = 'red'> 1st Ad -</font> 
<B><font color = 'red'> ==> -</font> Oops! Looks like we don't have data for this search criteria yet.

<B><font color = 'red'> 2nd Ad -</font> 
<B><font color = 'red'> ==> -</font> Oops! Looks like we don't have data for this search criteria yet.

<B><font color = 'red'> 3rd Ad -</font> 
<B><font color = 'red'> ==> -</font> Oops! Looks like we don't have data for this search criteria yet.

<B><font color = 'red'> 4th Ad -</font> 
<B><font color = 'red'> ==> -</font> Oops! Looks like we don't have data for this search criteria yet.

<B><font color = 'red'> 5th Ad -</font> 
<B><font color = 'red'> ==> -</font> Oops! Looks like we don't have data for this search criteria yet.

<B><font color = 'red'> 6th Ad -</font> 
<B><font color = 'red'> ==> -</font> Oops! Looks like we don't have data for this search criteria yet.

<B><font color = 'red'> 7th Ad -</font> 
<B><font color = 'red'> ==> -</font> Oops! Looks like we don't have data for this search criteria yet.

<B><font color = 'red'> 8th Ad -</font> 
<B><font color = 'red'> ==> -</font> Oops! Looks like we don't have data for this search criteria yet.

<B><font color = 'red'> 9th Ad -</font> 
<B><font color = 'red'> ==> -</font> Oops! Looks like we don't have data for this search criteria yet.

<B><font color = 'red'> 10th Ad -</font> 
<B><font color = 'red'> ==> -</font> Oops! Looks like we don't have data for this search criteria yet.

<B><font color = 'red'> 11th Ad -</font> 
<B><font color = 'red'> ==> -</font> Oops! Looks like we don't have data for this search criteria yet.

<B><font color = 'red'> 12th Ad -</font> 
<B><font color = 'red'> ==> -</font> Oops! Looks like we don't have data for this search criteria yet.

<B><font color = 'red'> 13th Ad -</font> 
<B><font color = 'red'> ==> -</font> Oops! Looks like we don't have data for this search criteria yet.

<B><font color = 'red'> 14th Ad -</font> 
<B><font color = 'red'> ==> -</font> Oops! Looks like we don't have data for this search criteria yet.

<B><font color = 'red'> 15th Ad -</font> 
<B><font color = 'red'> ==> -</font> Oops! Looks like we don't have data for this search criteria yet.

<B><font color = 'green'> Comments -</font> 
<B><font color = 'Burgundy'> ==> -</font> Clicked on SortBy.
<B><font color = 'Burgundy'> ==> -</font> Clicked on Comments.
<B><font color = 'blue'> ==> -</font> Entered value into minimum range Comments :100
<B><font color = 'blue'> ==> -</font> Entered value into maximum range Comments :2000
<B><font color = 'blue'> ==> -</font> Clicked On Search Bar
<B><font color = 'Burgundy'> ==> -</font> Clicked On Search Bar.
<B><font color = 'Burgundy'> ==> -</font> Total_Ads_Count_comments= 18010

<B><font color = 'Blue-Violet'> 1st Ad -</font> 
<B><font color = 'red'> ==> -</font> Oops! Looks like we don't have data for this search criteria yet.

<B><font color = 'Blue-Violet'> 2nd Ad -</font> 
<B><font color = 'red'> ==> -</font> Oops! Looks like we don't have data for this search criteria yet.

<B><font color = 'Blue-Violet'> 3rd Ad -</font> 
<B><font color = 'red'> ==> -</font> Oops! Looks like we don't have data for this search criteria yet.

<B><font color = 'Blue-Violet'> 4th Ad -</font> 
<B><font color = 'red'> ==> -</font> Oops! Looks like we don't have data for this search criteria yet.

<B><font color = 'Blue-Violet'> 5th Ad -</font> 
<B><font color = 'red'> ==> -</font> Oops! Looks like we don't have data for this search criteria yet.

<B><font color = 'Blue-Violet'> 6th Ad -</font> 
<B><font color = 'red'> ==> -</font> Oops! Looks like we don't have data for this search criteria yet.

<B><font color = 'Blue-Violet'> 7th Ad -</font> 
<B><font color = 'red'> ==> -</font> Oops! Looks like we don't have data for this search criteria yet.

<B><font color = 'Blue-Violet'> 8th Ad -</font> 
<B><font color = 'red'> ==> -</font> Oops! Looks like we don't have data for this search criteria yet.

<B><font color = 'Blue-Violet'> 9th Ad -</font> 
<B><font color = 'red'> ==> -</font> Oops! Looks like we don't have data for this search criteria yet.

<B><font color = 'Blue-Violet'> 10th Ad -</font> 
<B><font color = 'red'> ==> -</font> Oops! Looks like we don't have data for this search criteria yet.

<B><font color = 'Blue-Violet'> 11th Ad -</font> 
<B><font color = 'red'> ==> -</font> Oops! Looks like we don't have data for this search criteria yet.

<B><font color = 'Blue-Violet'> 12th Ad -</font> 
<B><font color = 'red'> ==> -</font> Oops! Looks like we don't have data for this search criteria yet.

<B><font color = 'Blue-Violet'> 13th Ad -</font> 
<B><font color = 'red'> ==> -</font> Oops! Looks like we don't have data for this search criteria yet.

<B><font color = 'Blue-Violet'> 14th Ad -</font> 
<B><font color = 'red'> ==> -</font> Oops! Looks like we don't have data for this search criteria yet.

<B><font color = 'Blue-Violet'> 15th Ad -</font> 
<B><font color = 'red'> ==> -</font> Oops! Looks like we don't have data for this search criteria yet.]]>
  </system-out>
</testsuite> <!-- com.power.testcases.Verify_Youtube_Sortby_Likes_Comments -->
