<?xml version="1.0" encoding="UTF-8"?>
<!-- Generated by org.testng.reporters.JUnitReportReporter -->
<testsuite hostname="GLB-459-PC" failures="0" tests="1" name="com.power.testcases.Verify_Native_LanderProperties_AffiliateNetwork" time="387.532" errors="0" timestamp="2023-02-24T13:00:49 IST" skipped="0">
  <testcase classname="com.power.testcases.Verify_Native_LanderProperties_AffiliateNetwork" name="verify_LanderProperties" time="387.532"/>
  <system-out>
    <![CDATA[<B><font color = 'orange'> Step1 -</font> Logged into PowerAdSpy Application
<B><font color = 'orange'> Step2 -</font> I am on the page :PowerAdSpy | Facebook Dashboard
<B><font color = 'orange'> Step3 -</font> Power Ad Spy Logo is Displayed
<B><font color = 'orange'> Step4 -</font> Clicked On Native Icon
       
<B><font color = 'purple'>  - ShortBy Newest Step will Start from here </font>  
<B><font color = 'orange'> Step1 -</font> Clicked On sortBy Icon
<B><font color = 'orange'> Step2 -</font> Clicked On SortBy Newest Icon
<B><font color = 'orange'> Step3 -</font> Clicked On search Button Icon
<B><font color = 'orange'> Step4 -</font> Clicked On Lander Properties Button Icon
<B><font color = 'orange'> Step5 -</font> Clicked On Affiliate Network click
 
<B><font color = 'Green'>- Affiliate Network </font>
       :-eBay Partner Network (EPN)
<B><font color = 'orange'> Step1 -</font> Selected  On Affiliate NetworkeBay Partner Network (EPN)
<B><font color = 'orange'> Step2 -</font> Clicked On search Button Icon
<B><font color = 'orange'> Step3 -</font> Total_Ads_Count_newest= 48
 
<B><font color ='red'> 1 Ad -</font>  
<B><font color = 'blue'> ==> -</font> ID of the Ad = 153198
<B><font color = 'blue'> ==> -</font> Clicked On ShowAnalytics Icon
 
<B><font color ='red'> 2 Ad -</font>  
<B><font color = 'blue'> ==> -</font> ID of the Ad = 152274
<B><font color = 'blue'> ==> -</font> Clicked On ShowAnalytics Icon
 
<B><font color ='red'> 3 Ad -</font>  
<B><font color = 'blue'> ==> -</font> ID of the Ad = 152240
<B><font color = 'blue'> ==> -</font> Clicked On ShowAnalytics Icon
 
<B><font color ='red'> 4 Ad -</font>  
<B><font color = 'blue'> ==> -</font> ID of the Ad = 149290
<B><font color = 'blue'> ==> -</font> Clicked On ShowAnalytics Icon
<B><font color = 'green'> ===> -</font> Assert pass: ebay.com==ebay.com
 
<B><font color ='red'> 5 Ad -</font>  
<B><font color = 'blue'> ==> -</font> ID of the Ad = 147883
<B><font color = 'blue'> ==> -</font> Clicked On ShowAnalytics Icon
 
<B><font color ='red'> 6 Ad -</font>  
<B><font color = 'blue'> ==> -</font> ID of the Ad = 147318
<B><font color = 'blue'> ==> -</font> Clicked On ShowAnalytics Icon
 
<B><font color ='red'> 7 Ad -</font>  
<B><font color = 'blue'> ==> -</font> ID of the Ad = 147196
<B><font color = 'blue'> ==> -</font> Clicked On ShowAnalytics Icon
 
<B><font color ='red'> 8 Ad -</font>  
<B><font color = 'blue'> ==> -</font> ID of the Ad = 146041
<B><font color = 'blue'> ==> -</font> Clicked On ShowAnalytics Icon
<B><font color = 'green'> ===> -</font> Assert pass: ebay.com==ebay.com
 
<B><font color ='red'> 9 Ad -</font>  
<B><font color = 'blue'> ==> -</font> ID of the Ad = 142901
<B><font color = 'blue'> ==> -</font> Clicked On ShowAnalytics Icon
 
<B><font color ='red'> 10 Ad -</font>  
<B><font color = 'blue'> ==> -</font> ID of the Ad = 141924
<B><font color = 'blue'> ==> -</font> Clicked On ShowAnalytics Icon
 
<B><font color ='red'> 11 Ad -</font>  
<B><font color = 'blue'> ==> -</font> ID of the Ad = 141816
<B><font color = 'blue'> ==> -</font> Clicked On ShowAnalytics Icon
<B><font color = 'green'> ===> -</font> Assert pass: ebay.com==ebay.com
 
<B><font color ='red'> 12 Ad -</font>  
<B><font color = 'blue'> ==> -</font> ID of the Ad = 141732
<B><font color = 'blue'> ==> -</font> Clicked On ShowAnalytics Icon
 
<B><font color ='red'> 13 Ad -</font>  
<B><font color = 'blue'> ==> -</font> ID of the Ad = 134120
<B><font color = 'blue'> ==> -</font> Clicked On ShowAnalytics Icon
 
<B><font color ='red'> 14 Ad -</font>  
<B><font color = 'blue'> ==> -</font> ID of the Ad = 133189
<B><font color = 'blue'> ==> -</font> Clicked On ShowAnalytics Icon
 
<B><font color ='red'> 15 Ad -</font>  
<B><font color = 'blue'> ==> -</font> ID of the Ad = 132703
<B><font color = 'blue'> ==> -</font> Clicked On ShowAnalytics Icon]]>
  </system-out>
</testsuite> <!-- com.power.testcases.Verify_Native_LanderProperties_AffiliateNetwork -->
