<?xml version="1.0" encoding="UTF-8"?>
<!-- Generated by org.testng.reporters.JUnitReportReporter -->
<testsuite hostname="GLB-459-PC" failures="0" tests="1" name="com.power.testcases.Verify_Gdn_landerProperties_EcommercePlatform_TestScript" time="477.633" errors="0" timestamp="2023-03-29T17:35:30 IST" skipped="0">
  <testcase classname="com.power.testcases.Verify_Gdn_landerProperties_EcommercePlatform_TestScript" name="Verify_Gdn_landerProperties_EcommercePlatform_TestScript" time="477.633"/>
  <system-out>
    <![CDATA[<B><font color = 'purple'> Step1 -</font> Logged into PowerAdSpy Application
<B><font color = 'purple'> Step3 -</font> Power Ad Spy Logo is Displayed
<B><font color = 'purple'> Step2 -</font> I am on the page :PowerAdSpy | Facebook Dashboard
<B><font color = 'purple'> Step4 -</font> Clicked On GDN  Icon
    
<B><font color = 'green'>  - ShortBy Newest Step will Start from here </font>  

<B><font color = 'orange'> Step1 -</font> Clicked On sortBy Icon
<B><font color = 'orange'> Step2 -</font> Clicked On SortBy Newest Icon
<B><font color = 'orange'> Step3 -</font> Clicked On search Button Icon
<B><font color = 'orange'> Step4 -</font> Clicked On Lander Properties Button Icon
<B><font color = 'orange'> Step5 -</font> Clicked On Ecommerce platform click
 
<B><font color = 'Green'>- Ecommerce Platform</font>
       :-Shopify
<B><font color = 'orange'> Step1 -</font> Selected  On Ecommerce platform Shopify
<B><font color = 'orange'> Step2 -</font> Clicked On search Button Icon
<B><font color = 'orange'> Step3 -</font> Total_Ads_Count_newest= 1577
 
<B><font color ='red'> 1 Ad -</font>  
<B><font color = 'blue'> ==> -</font> ID of the Ad = 268208
<B><font color = 'blue'> ==> -</font> Brand Image link Ecom Platform:= Shopify.png
<B><font color = 'blue'> ==> -</font> Both  Ecommerce Platform are Matching in Assert Pass :Shopify.png == Shopify.png
<B><font color = 'blue'> ==> -</font> Clicked On ShowAnalytics Icon
<B><font color = 'green'> ===> -</font> Assert pass: cdn.shopify.com==cdn.shopify.com
 
<B><font color ='red'> 2 Ad -</font>  
<B><font color = 'blue'> ==> -</font> ID of the Ad = 268197
<B><font color = 'blue'> ==> -</font> Brand Image link Ecom Platform:= Shopify.png
<B><font color = 'blue'> ==> -</font> Both  Ecommerce Platform are Matching in Assert Pass :Shopify.png == Shopify.png
<B><font color = 'blue'> ==> -</font> Clicked On ShowAnalytics Icon
<B><font color = 'green'> ===> -</font> Assert pass: cdn.shopify.com==cdn.shopify.com
 
<B><font color ='red'> 3 Ad -</font>  
<B><font color = 'blue'> ==> -</font> ID of the Ad = 267973
<B><font color = 'blue'> ==> -</font> Brand Image link Ecom Platform:= Shopify.png
<B><font color = 'blue'> ==> -</font> Both  Ecommerce Platform are Matching in Assert Pass :Shopify.png == Shopify.png
<B><font color = 'blue'> ==> -</font> Clicked On ShowAnalytics Icon
<B><font color = 'green'> ===> -</font> Assert pass: cdn.shopify.com==cdn.shopify.com
 
<B><font color ='red'> 4 Ad -</font>  
<B><font color = 'blue'> ==> -</font> ID of the Ad = 267687
<B><font color = 'blue'> ==> -</font> Brand Image link Ecom Platform:= Shopify.png
<B><font color = 'blue'> ==> -</font> Both  Ecommerce Platform are Matching in Assert Pass :Shopify.png == Shopify.png
<B><font color = 'blue'> ==> -</font> Clicked On ShowAnalytics Icon
<B><font color = 'green'> ===> -</font> Assert pass: cdn.shopify.com==cdn.shopify.com
 
<B><font color ='red'> 5 Ad -</font>  
<B><font color = 'blue'> ==> -</font> ID of the Ad = 267686
<B><font color = 'blue'> ==> -</font> Brand Image link Ecom Platform:= Shopify.png
<B><font color = 'blue'> ==> -</font> Both  Ecommerce Platform are Matching in Assert Pass :Shopify.png == Shopify.png
<B><font color = 'blue'> ==> -</font> Clicked On ShowAnalytics Icon
<B><font color = 'green'> ===> -</font> Assert pass: cdn.shopify.com==cdn.shopify.com
 
<B><font color ='red'> 6 Ad -</font>  
<B><font color = 'blue'> ==> -</font> ID of the Ad = 267685
<B><font color = 'blue'> ==> -</font> Brand Image link Ecom Platform:= Shopify.png
<B><font color = 'blue'> ==> -</font> Both  Ecommerce Platform are Matching in Assert Pass :Shopify.png == Shopify.png
<B><font color = 'blue'> ==> -</font> Clicked On ShowAnalytics Icon
<B><font color = 'green'> ===> -</font> Assert pass: cdn.shopify.com==cdn.shopify.com
 
<B><font color ='red'> 7 Ad -</font>  
<B><font color = 'blue'> ==> -</font> ID of the Ad = 267684
<B><font color = 'blue'> ==> -</font> Brand Image link Ecom Platform:= Shopify.png
<B><font color = 'blue'> ==> -</font> Both  Ecommerce Platform are Matching in Assert Pass :Shopify.png == Shopify.png
<B><font color = 'blue'> ==> -</font> Clicked On ShowAnalytics Icon
<B><font color = 'green'> ===> -</font> Assert pass: cdn.shopify.com==cdn.shopify.com
 
<B><font color ='red'> 8 Ad -</font>  
<B><font color = 'blue'> ==> -</font> ID of the Ad = 267683
<B><font color = 'blue'> ==> -</font> Brand Image link Ecom Platform:= Shopify.png
<B><font color = 'blue'> ==> -</font> Both  Ecommerce Platform are Matching in Assert Pass :Shopify.png == Shopify.png
<B><font color = 'blue'> ==> -</font> Clicked On ShowAnalytics Icon
<B><font color = 'green'> ===> -</font> Assert pass: cdn.shopify.com==cdn.shopify.com
 
<B><font color ='red'> 9 Ad -</font>  
<B><font color = 'blue'> ==> -</font> ID of the Ad = 267682
<B><font color = 'blue'> ==> -</font> Brand Image link Ecom Platform:= Shopify.png
<B><font color = 'blue'> ==> -</font> Both  Ecommerce Platform are Matching in Assert Pass :Shopify.png == Shopify.png
<B><font color = 'blue'> ==> -</font> Clicked On ShowAnalytics Icon
<B><font color = 'green'> ===> -</font> Assert pass: cdn.shopify.com==cdn.shopify.com
 
<B><font color ='red'> 10 Ad -</font>  
<B><font color = 'blue'> ==> -</font> ID of the Ad = 267678
<B><font color = 'blue'> ==> -</font> Brand Image link Ecom Platform:= Shopify.png
<B><font color = 'blue'> ==> -</font> Both  Ecommerce Platform are Matching in Assert Pass :Shopify.png == Shopify.png
<B><font color = 'blue'> ==> -</font> Clicked On ShowAnalytics Icon
<B><font color = 'green'> ===> -</font> Assert pass: cdn.shopify.com==cdn.shopify.com
 
<B><font color ='red'> 11 Ad -</font>  
<B><font color = 'blue'> ==> -</font> ID of the Ad = 267584
<B><font color = 'blue'> ==> -</font> Brand Image link Ecom Platform:= Shopify.png
<B><font color = 'blue'> ==> -</font> Both  Ecommerce Platform are Matching in Assert Pass :Shopify.png == Shopify.png
<B><font color = 'blue'> ==> -</font> Clicked On ShowAnalytics Icon
<B><font color = 'green'> ===> -</font> Assert pass: cdn.shopify.com==cdn.shopify.com
 
<B><font color ='red'> 12 Ad -</font>  
<B><font color = 'blue'> ==> -</font> ID of the Ad = 267548
<B><font color = 'blue'> ==> -</font> Brand Image link Ecom Platform:= Shopify.png
<B><font color = 'blue'> ==> -</font> Both  Ecommerce Platform are Matching in Assert Pass :Shopify.png == Shopify.png
<B><font color = 'blue'> ==> -</font> Clicked On ShowAnalytics Icon
<B><font color = 'green'> ===> -</font> Assert pass: cdn.shopify.com==cdn.shopify.com
 
<B><font color ='red'> 13 Ad -</font>  
<B><font color = 'blue'> ==> -</font> ID of the Ad = 267487
<B><font color = 'blue'> ==> -</font> Brand Image link Ecom Platform:= Shopify.png
<B><font color = 'blue'> ==> -</font> Both  Ecommerce Platform are Matching in Assert Pass :Shopify.png == Shopify.png
<B><font color = 'blue'> ==> -</font> Clicked On ShowAnalytics Icon
<B><font color = 'green'> ===> -</font> Assert pass: cdn.shopify.com==cdn.shopify.com
 
<B><font color ='red'> 14 Ad -</font>  
<B><font color = 'blue'> ==> -</font> ID of the Ad = 267486
<B><font color = 'blue'> ==> -</font> Brand Image link Ecom Platform:= Shopify.png
<B><font color = 'blue'> ==> -</font> Both  Ecommerce Platform are Matching in Assert Pass :Shopify.png == Shopify.png
<B><font color = 'blue'> ==> -</font> Clicked On ShowAnalytics Icon
<B><font color = 'green'> ===> -</font> Assert pass: cdn.shopify.com==cdn.shopify.com
 
<B><font color ='red'> 15 Ad -</font>  
<B><font color = 'blue'> ==> -</font> ID of the Ad = 267337
<B><font color = 'blue'> ==> -</font> Brand Image link Ecom Platform:= Shopify.png
<B><font color = 'blue'> ==> -</font> Both  Ecommerce Platform are Matching in Assert Pass :Shopify.png == Shopify.png
<B><font color = 'blue'> ==> -</font> Clicked On ShowAnalytics Icon
<B><font color = 'green'> ===> -</font> Assert pass: cdn.shopify.com==cdn.shopify.com]]>
  </system-out>
</testsuite> <!-- com.power.testcases.Verify_Gdn_landerProperties_EcommercePlatform_TestScript -->
