<?xml version="1.0" encoding="UTF-8"?>
<!-- Generated by org.testng.reporters.JUnitReportReporter -->
<testsuite hostname="GLB-459-PC" failures="1" tests="1" name="com.power.testcases.Verify_Google_Functionality_Of_RightSide_Icon_TestScript" time="82.169" errors="0" timestamp="2023-02-09T15:09:32 IST" skipped="0">
  <testcase classname="com.power.testcases.Verify_Google_Functionality_Of_RightSide_Icon_TestScript" name="Facebook_Functionality_Of_RightSide_Icon_TestScript" time="82.169">
    <failure message="expected [app.respondent.io] but found [123, 4566]" type="java.lang.AssertionError">
      <![CDATA[java.lang.AssertionError: expected [app.respondent.io] but found [123, 4566]
at org.testng.Assert.fail(Assert.java:110)
at org.testng.Assert.failNotEquals(Assert.java:1413)
at org.testng.Assert.assertEqualsImpl(Assert.java:149)
at org.testng.Assert.assertEquals(Assert.java:131)
at org.testng.Assert.assertEquals(Assert.java:655)
at org.testng.Assert.assertEquals(Assert.java:665)
at com.power.qa.pages.Google_Pages.CreateRequest(Google_Pages.java:26424)
at com.power.testcases.Verify_Google_Functionality_Of_RightSide_Icon_TestScript.Facebook_Functionality_Of_RightSide_Icon_TestScript(Verify_Google_Functionality_Of_RightSide_Icon_TestScript.java:22)
at java.base/jdk.internal.reflect.NativeMethodAccessorImpl.invoke0(Native Method)
at java.base/jdk.internal.reflect.NativeMethodAccessorImpl.invoke(NativeMethodAccessorImpl.java:77)
at java.base/jdk.internal.reflect.DelegatingMethodAccessorImpl.invoke(DelegatingMethodAccessorImpl.java:43)
at java.base/java.lang.reflect.Method.invoke(Method.java:568)
at org.testng.internal.invokers.MethodInvocationHelper.invokeMethod(MethodInvocationHelper.java:139)
at org.testng.internal.invokers.TestInvoker.invokeMethod(TestInvoker.java:677)
at org.testng.internal.invokers.TestInvoker.invokeTestMethod(TestInvoker.java:221)
at org.testng.internal.invokers.MethodRunner.runInSequence(MethodRunner.java:50)
at org.testng.internal.invokers.TestInvoker$MethodInvocationAgent.invoke(TestInvoker.java:962)
at org.testng.internal.invokers.TestInvoker.invokeTestMethods(TestInvoker.java:194)
at org.testng.internal.invokers.TestMethodWorker.invokeTestMethods(TestMethodWorker.java:148)
at org.testng.internal.invokers.TestMethodWorker.run(TestMethodWorker.java:128)
at java.base/java.util.ArrayList.forEach(ArrayList.java:1511)
at org.testng.TestRunner.privateRun(TestRunner.java:806)
at org.testng.TestRunner.run(TestRunner.java:601)
at org.testng.SuiteRunner.runTest(SuiteRunner.java:433)
at org.testng.SuiteRunner.runSequentially(SuiteRunner.java:427)
at org.testng.SuiteRunner.privateRun(SuiteRunner.java:387)
at org.testng.SuiteRunner.run(SuiteRunner.java:330)
at org.testng.SuiteRunnerWorker.runSuite(SuiteRunnerWorker.java:52)
at org.testng.SuiteRunnerWorker.run(SuiteRunnerWorker.java:95)
at org.testng.TestNG.runSuitesSequentially(TestNG.java:1256)
at org.testng.TestNG.runSuitesLocally(TestNG.java:1176)
at org.testng.TestNG.runSuites(TestNG.java:1099)
at org.testng.TestNG.run(TestNG.java:1067)
at org.testng.remote.AbstractRemoteTestNG.run(AbstractRemoteTestNG.java:115)
at org.testng.remote.RemoteTestNG.initAndRun(RemoteTestNG.java:251)
at org.testng.remote.RemoteTestNG.main(RemoteTestNG.java:77)
]]>
    </failure>
  </testcase> <!-- Facebook_Functionality_Of_RightSide_Icon_TestScript -->
  <system-out>
    <![CDATA[<B><font color = 'purple'> Step1 -</font> Logged into PowerAdSpy Application
<B><font color = 'purple'> Step2 -</font> I am on the page :PowerAdSpy | Facebook Dashboard
<B><font color = 'purple'> Step3 -</font> Power Ad Spy Logo is Displayed
<B><font color = 'purple'> Step4 -</font> Clicked On FaceBook Icon
<B><font color = 'purple'> Step5 -</font> Clicked On Google Icon
<B><font color = 'purple'> Step6 -</font> Logged into PowerAdSpy Application
<B><font color = 'purple'> Step7 -</font> I am on the page :PowerAdSpy | Google Dashboard
       
<B><font color = 'red'> - Create Request step start here </font>
<B><font color = 'orange'> Step1 -</font> Clicked On Google Icon
<B><font color = 'orange'> Step2 -</font> Clicked On + Icon or Create Request Icon
<B><font color = 'orange'> Step3 -</font> Create Request: PowerAdSpy | Google Dashboard
<B><font color = 'orange'> Step4 -</font> Get Current url: https://app-dev.poweradspy.com/google/dashboard
  
<B><font color = 'Green'> Enter URL -</font> 
<B><font color = 'orange'> Step1 -</font> Enter url: app.respondent.io
<B><font color = 'orange'> Step2 -</font> Request table views  Url123, 4566]]>
  </system-out>
</testsuite> <!-- com.power.testcases.Verify_Google_Functionality_Of_RightSide_Icon_TestScript -->
