<?xml version="1.0" encoding="UTF-8"?>
<!-- Generated by org.testng.reporters.JUnitReportReporter -->
<testsuite hostname="GLB-459-PC" failures="0" tests="1" name="com.power.testcases.Verify_Google_Ad_Seen_Between_TestScript" time="168.080" errors="0" timestamp="2023-03-29T17:35:30 IST" skipped="0">
  <testcase classname="com.power.testcases.Verify_Google_Ad_Seen_Between_TestScript" name="Google_Ad_Seen_Between_TestScript" time="168.080"/>
  <system-out>
    <![CDATA[<B><font color = 'purple'> Step1 -</font> Logged into PowerAdSpy Application
<B><font color = 'purple'> Step2 -</font> I am on the page :PowerAdSpy | Facebook Dashboard
<B><font color = 'purple'> Step3 -</font> Power Ad Spy Logo is Displayed
<B><font color = 'purple'> Step4 -</font> Clicked On FaceBook Icon
<B><font color = 'purple'> Step5 -</font> Clicked On Google Icon
<B><font color = 'purple'> Step6 -</font> Logged into PowerAdSpy Application
<B><font color = 'purple'> Step7 -</font> I am on the page :PowerAdSpy | Google Dashboard
       
<B><font color = 'green'>  - ShortBy Newest Step will Start from here </font>  
<B><font color = 'orange'> Step1 -</font> Clicked On sortBy Icon
<B><font color = 'orange'> Step2 -</font> Clicked On SortBy Newest Icon
<B><font color = 'orange'> Step3 -</font> Clicked On search Button Icon
<B><font color = 'green'>  -ShortBy Newest -Ad Seen Between All Step will Start from here  </font> 
<B><font color = 'orange'> Step4 -</font> Clicked On Ad Seen between filter Icon
<B><font color = 'orange'> Step5 -</font> Clicked On Ad Seen between All Icon
<B><font color = 'orange'> Step6 -</font> Clicked On search Button Icon
<B><font color = 'orange'> Step7 -</font>  Total Ad Count is :
 
<B><font color ='red'> -1 Ad -</font>  
<B><font color = 'blue'> ==> -</font> Capturing Image Date
<B><font color = 'Red'> ==> -</font> Image is not able: Oops! Looks like we don't have data for this search criteria yet.
 
<B><font color ='red'> -2 Ad -</font>  
<B><font color = 'blue'> ==> -</font> Capturing Image Date
<B><font color = 'Red'> ==> -</font> Image is not able: Oops! Looks like we don't have data for this search criteria yet.
 
<B><font color ='red'> -3 Ad -</font>  
<B><font color = 'blue'> ==> -</font> Capturing Image Date
<B><font color = 'Red'> ==> -</font> Image is not able: Oops! Looks like we don't have data for this search criteria yet.
 
<B><font color ='red'> -4 Ad -</font>  
<B><font color = 'blue'> ==> -</font> Capturing Image Date
<B><font color = 'Red'> ==> -</font> Image is not able: Oops! Looks like we don't have data for this search criteria yet.
 
<B><font color ='red'> -5 Ad -</font>  
<B><font color = 'blue'> ==> -</font> Capturing Image Date
<B><font color = 'Red'> ==> -</font> Image is not able: Oops! Looks like we don't have data for this search criteria yet.
 
<B><font color ='red'> -6 Ad -</font>  
<B><font color = 'blue'> ==> -</font> Capturing Image Date
<B><font color = 'Red'> ==> -</font> Image is not able: Oops! Looks like we don't have data for this search criteria yet.
 
<B><font color ='red'> -7 Ad -</font>  
<B><font color = 'blue'> ==> -</font> Capturing Image Date
<B><font color = 'Red'> ==> -</font> Image is not able: Oops! Looks like we don't have data for this search criteria yet.
 
<B><font color ='red'> -8 Ad -</font>  
<B><font color = 'blue'> ==> -</font> Capturing Image Date
<B><font color = 'Red'> ==> -</font> Image is not able: Oops! Looks like we don't have data for this search criteria yet.
 
<B><font color ='red'> -9 Ad -</font>  
<B><font color = 'blue'> ==> -</font> Capturing Image Date
<B><font color = 'Red'> ==> -</font> Image is not able: Oops! Looks like we don't have data for this search criteria yet.
 
<B><font color ='red'> -10 Ad -</font>  
<B><font color = 'blue'> ==> -</font> Capturing Image Date
<B><font color = 'Red'> ==> -</font> Image is not able: Oops! Looks like we don't have data for this search criteria yet.
 
<B><font color ='red'> -11 Ad -</font>  
<B><font color = 'blue'> ==> -</font> Capturing Image Date
<B><font color = 'Red'> ==> -</font> Image is not able: Oops! Looks like we don't have data for this search criteria yet.
 
<B><font color ='red'> -12 Ad -</font>  
<B><font color = 'blue'> ==> -</font> Capturing Image Date
<B><font color = 'Red'> ==> -</font> Image is not able: Oops! Looks like we don't have data for this search criteria yet.
 
<B><font color ='red'> -13 Ad -</font>  
<B><font color = 'blue'> ==> -</font> Capturing Image Date
<B><font color = 'Red'> ==> -</font> Image is not able: Oops! Looks like we don't have data for this search criteria yet.
 
<B><font color ='red'> -14 Ad -</font>  
<B><font color = 'blue'> ==> -</font> Capturing Image Date
<B><font color = 'Red'> ==> -</font> Image is not able: Oops! Looks like we don't have data for this search criteria yet.
 
<B><font color ='red'> -15 Ad -</font>  
<B><font color = 'blue'> ==> -</font> Capturing Image Date
<B><font color = 'Red'> ==> -</font> Image is not able: Oops! Looks like we don't have data for this search criteria yet.
 
<B><font color = 'green'> -ShortBy Newest -Ad Seen Between Today Step will Start from here </font> 
<B><font color = 'orange'> Step4 -</font> Clicked On Ad Seen between filter Icon
<B><font color = 'orange'> Step5 -</font> Clicked On Ad Seen between Today Icon
<B><font color = 'orange'> Step6 -</font> Clicked On search Button Icon
<B><font color = 'orange'> Step7 -</font>  Total Ad Count is :
 
<B><font color ='red'> -1 Ad -</font>  
<B><font color = 'blue'> ==> -</font> Capturing Image Date
<B><font color = 'Red'> ==> -</font> Image is not able: Oops! Looks like we don't have data for this search criteria yet.
 
<B><font color ='red'> -2 Ad -</font>  
<B><font color = 'blue'> ==> -</font> Capturing Image Date
<B><font color = 'Red'> ==> -</font> Image is not able: Oops! Looks like we don't have data for this search criteria yet.
 
<B><font color ='red'> -3 Ad -</font>  
<B><font color = 'blue'> ==> -</font> Capturing Image Date
<B><font color = 'Red'> ==> -</font> Image is not able: Oops! Looks like we don't have data for this search criteria yet.
 
<B><font color ='red'> -4 Ad -</font>  
<B><font color = 'blue'> ==> -</font> Capturing Image Date
<B><font color = 'Red'> ==> -</font> Image is not able: Oops! Looks like we don't have data for this search criteria yet.
 
<B><font color ='red'> -5 Ad -</font>  
<B><font color = 'blue'> ==> -</font> Capturing Image Date
<B><font color = 'Red'> ==> -</font> Image is not able: Oops! Looks like we don't have data for this search criteria yet.
 
<B><font color ='red'> -6 Ad -</font>  
<B><font color = 'blue'> ==> -</font> Capturing Image Date
<B><font color = 'Red'> ==> -</font> Image is not able: Oops! Looks like we don't have data for this search criteria yet.
 
<B><font color ='red'> -7 Ad -</font>  
<B><font color = 'blue'> ==> -</font> Capturing Image Date
<B><font color = 'Red'> ==> -</font> Image is not able: Oops! Looks like we don't have data for this search criteria yet.
 
<B><font color ='red'> -8 Ad -</font>  
<B><font color = 'blue'> ==> -</font> Capturing Image Date
<B><font color = 'Red'> ==> -</font> Image is not able: Oops! Looks like we don't have data for this search criteria yet.
 
<B><font color ='red'> -9 Ad -</font>  
<B><font color = 'blue'> ==> -</font> Capturing Image Date
<B><font color = 'Red'> ==> -</font> Image is not able: Oops! Looks like we don't have data for this search criteria yet.
 
<B><font color ='red'> -10 Ad -</font>  
<B><font color = 'blue'> ==> -</font> Capturing Image Date
<B><font color = 'Red'> ==> -</font> Image is not able: Oops! Looks like we don't have data for this search criteria yet.
 
<B><font color ='red'> -11 Ad -</font>  
<B><font color = 'blue'> ==> -</font> Capturing Image Date
<B><font color = 'Red'> ==> -</font> Image is not able: Oops! Looks like we don't have data for this search criteria yet.
 
<B><font color ='red'> -12 Ad -</font>  
<B><font color = 'blue'> ==> -</font> Capturing Image Date
<B><font color = 'Red'> ==> -</font> Image is not able: Oops! Looks like we don't have data for this search criteria yet.
 
<B><font color ='red'> -13 Ad -</font>  
<B><font color = 'blue'> ==> -</font> Capturing Image Date
<B><font color = 'Red'> ==> -</font> Image is not able: Oops! Looks like we don't have data for this search criteria yet.
 
<B><font color ='red'> -14 Ad -</font>  
<B><font color = 'blue'> ==> -</font> Capturing Image Date
<B><font color = 'Red'> ==> -</font> Image is not able: Oops! Looks like we don't have data for this search criteria yet.
 
<B><font color ='red'> -15 Ad -</font>  
<B><font color = 'blue'> ==> -</font> Capturing Image Date
<B><font color = 'Red'> ==> -</font> Image is not able: Oops! Looks like we don't have data for this search criteria yet.
      
<B><font color = 'green'>  - ShortBy Newest -Ad Seen Between Yesterday Step will Start from here </font> 
<B><font color = 'orange'> Step1 -</font> Clicked On Ad Seen between filter Icon
<B><font color = 'orange'> Step2 -</font> Clicked On Ad Seen Between Yesterday Icon
<B><font color = 'orange'> Step3 -</font> Clicked On Search Button Icon
<B><font color = 'orange'> Step4 -</font>  Total Ad Count is :
 
<B><font color ='red'> -1 Ad -</font>  
<B><font color = 'blue'> ==> -</font> Capturing Image Date
<B><font color = 'Red'> ==> -</font> Image is not able: Oops! Looks like we don't have data for this search criteria yet.
 
<B><font color ='red'> -2 Ad -</font>  
<B><font color = 'blue'> ==> -</font> Capturing Image Date
<B><font color = 'Red'> ==> -</font> Image is not able: Oops! Looks like we don't have data for this search criteria yet.
 
<B><font color ='red'> -3 Ad -</font>  
<B><font color = 'blue'> ==> -</font> Capturing Image Date
<B><font color = 'Red'> ==> -</font> Image is not able: Oops! Looks like we don't have data for this search criteria yet.
 
<B><font color ='red'> -4 Ad -</font>  
<B><font color = 'blue'> ==> -</font> Capturing Image Date
<B><font color = 'Red'> ==> -</font> Image is not able: Oops! Looks like we don't have data for this search criteria yet.
 
<B><font color ='red'> -5 Ad -</font>  
<B><font color = 'blue'> ==> -</font> Capturing Image Date
<B><font color = 'Red'> ==> -</font> Image is not able: Oops! Looks like we don't have data for this search criteria yet.
 
<B><font color ='red'> -6 Ad -</font>  
<B><font color = 'blue'> ==> -</font> Capturing Image Date
<B><font color = 'Red'> ==> -</font> Image is not able: Oops! Looks like we don't have data for this search criteria yet.
 
<B><font color ='red'> -7 Ad -</font>  
<B><font color = 'blue'> ==> -</font> Capturing Image Date
<B><font color = 'Red'> ==> -</font> Image is not able: Oops! Looks like we don't have data for this search criteria yet.
 
<B><font color ='red'> -9 Ad -</font>  
<B><font color = 'blue'> ==> -</font> Capturing Image Date
<B><font color = 'Red'> ==> -</font> Image is not able: Oops! Looks like we don't have data for this search criteria yet.
 
<B><font color ='red'> -10 Ad -</font>  
<B><font color = 'Red'> ==> -</font> Image is not able: Oops! Looks like we don't have data for this search criteria yet.
 
<B><font color ='red'> -11 Ad -</font>  
<B><font color = 'Red'> ==> -</font> Image is not able: Oops! Looks like we don't have data for this search criteria yet.
 
<B><font color ='red'> -12 Ad -</font>  
<B><font color = 'Red'> ==> -</font> Image is not able: Oops! Looks like we don't have data for this search criteria yet.
 
<B><font color ='red'> -13 Ad -</font>  
<B><font color = 'Red'> ==> -</font> Image is not able: Oops! Looks like we don't have data for this search criteria yet.
 
<B><font color ='red'> -14 Ad -</font>  
<B><font color = 'Red'> ==> -</font> Image is not able: Oops! Looks like we don't have data for this search criteria yet.
 
<B><font color ='red'> -15 Ad -</font>  
<B><font color = 'Red'> ==> -</font> Image is not able: Oops! Looks like we don't have data for this search criteria yet.
  
<B><font color = 'green'>  - ShortBy Newest -Ad Seen Between Last Seven Days Step will Start from here </font> 
<B><font color = 'orange'> Step1 -</font> Clicked On Ad Seen between filter Icon
<B><font color = 'orange'> Step2 -</font> Clicked On Ad Seen Between Last Seven Days Icon
<B><font color = 'orange'> Step3 -</font> Clicked On Search Button Icon
<B><font color = 'orange'> Step4 -</font>  Total Ad Count is :
 
<B><font color ='red'> -1 Ad -</font>  
<B><font color = 'blue'> ==> -</font> Capturing Image Date
<B><font color = 'Red'> ==> -</font> Image is not able: Oops! Looks like we don't have data for this search criteria yet.
 
<B><font color ='red'> -2 Ad -</font>  
<B><font color = 'blue'> ==> -</font> Capturing Image Date
<B><font color = 'Red'> ==> -</font> Image is not able: Oops! Looks like we don't have data for this search criteria yet.
 
<B><font color ='red'> -3 Ad -</font>  
<B><font color = 'blue'> ==> -</font> Capturing Image Date
<B><font color = 'Red'> ==> -</font> Image is not able: Oops! Looks like we don't have data for this search criteria yet.
 
<B><font color ='red'> -4 Ad -</font>  
<B><font color = 'blue'> ==> -</font> Capturing Image Date
<B><font color = 'Red'> ==> -</font> Image is not able: Oops! Looks like we don't have data for this search criteria yet.
 
<B><font color ='red'> -5 Ad -</font>  
<B><font color = 'blue'> ==> -</font> Capturing Image Date
<B><font color = 'Red'> ==> -</font> Image is not able: Oops! Looks like we don't have data for this search criteria yet.
 
<B><font color ='red'> -6 Ad -</font>  
<B><font color = 'blue'> ==> -</font> Capturing Image Date
<B><font color = 'Red'> ==> -</font> Image is not able: Oops! Looks like we don't have data for this search criteria yet.
 
<B><font color ='red'> -7 Ad -</font>  
<B><font color = 'blue'> ==> -</font> Capturing Image Date
<B><font color = 'Red'> ==> -</font> Image is not able: Oops! Looks like we don't have data for this search criteria yet.
 
<B><font color ='red'> -8 Ad -</font>  
<B><font color = 'blue'> ==> -</font> Capturing Image Date
<B><font color = 'Red'> ==> -</font> Image is not able: Oops! Looks like we don't have data for this search criteria yet.
 
<B><font color ='red'> -8 Ad -</font>  
<B><font color = 'blue'> ==> -</font> Capturing Image Date
<B><font color = 'Red'> ==> -</font> Image is not able: Oops! Looks like we don't have data for this search criteria yet.
 
<B><font color ='red'> -9 Ad -</font>  
<B><font color = 'blue'> ==> -</font> Capturing Image Date
<B><font color = 'Red'> ==> -</font> Image is not able: Oops! Looks like we don't have data for this search criteria yet.
 
<B><font color ='red'> -10 Ad -</font>  
<B><font color = 'blue'> ==> -</font> Capturing Image Date
<B><font color = 'Red'> ==> -</font> Image is not able: Oops! Looks like we don't have data for this search criteria yet.
 
<B><font color ='red'> -11 Ad -</font>  
<B><font color = 'blue'> ==> -</font> Capturing Image Date
<B><font color = 'Red'> ==> -</font> Image is not able: Oops! Looks like we don't have data for this search criteria yet.
 
<B><font color ='red'> -12 Ad -</font>  
<B><font color = 'blue'> ==> -</font> Capturing Image Date
<B><font color = 'Red'> ==> -</font> Image is not able: Oops! Looks like we don't have data for this search criteria yet.
 
<B><font color ='red'> -13 Ad -</font>  
<B><font color = 'blue'> ==> -</font> Capturing Image Date
<B><font color = 'Red'> ==> -</font> Image is not able: Oops! Looks like we don't have data for this search criteria yet.
 
<B><font color ='red'> -14 Ad -</font>  
<B><font color = 'blue'> ==> -</font> Capturing Image Date
<B><font color = 'Red'> ==> -</font> Image is not able: Oops! Looks like we don't have data for this search criteria yet.
 
<B><font color ='red'> -15 Ad -</font>  
<B><font color = 'blue'> ==> -</font> Capturing Image Date
<B><font color = 'Red'> ==> -</font> Image is not able: Oops! Looks like we don't have data for this search criteria yet.
      
<B><font color = 'green'> - ShortBy Newest -Ad Seen Between Last Thirty Days Step will Start from here </font> 
<B><font color = 'orange'> Step4 -</font> Clicked On Ad Seen between filter Icon
<B><font color = 'orange'> Step5 -</font> Clicked On Ad Seen Between Last Thirty Days Icon
<B><font color = 'orange'> Step6 -</font> Clicked On Search Button Icon
<B><font color = 'orange'> Step7 -</font>  Total Ad Count is :
 
<B><font color ='red'> -1 Ad -</font>  
<B><font color = 'blue'> ==> -</font> Capturing Image Date
<B><font color = 'Red'> ==> -</font> Image is not able: Oops! Looks like we don't have data for this search criteria yet.
 
<B><font color ='red'> -2 Ad -</font>  
<B><font color = 'blue'> ==> -</font> Capturing Image Date
<B><font color = 'Red'> ==> -</font> Image is not able: Oops! Looks like we don't have data for this search criteria yet.
 
<B><font color ='red'> -3 Ad -</font>  
<B><font color = 'blue'> ==> -</font> Capturing Image Date
<B><font color = 'Red'> ==> -</font> Image is not able: Oops! Looks like we don't have data for this search criteria yet.
 
<B><font color ='red'> -4 Ad -</font>  
<B><font color = 'blue'> ==> -</font> Capturing Image Date
<B><font color = 'Red'> ==> -</font> Image is not able: Oops! Looks like we don't have data for this search criteria yet.
 
<B><font color ='red'> -5 Ad -</font>  
<B><font color = 'blue'> ==> -</font> Capturing Image Date
<B><font color = 'Red'> ==> -</font> Image is not able: Oops! Looks like we don't have data for this search criteria yet.
 
<B><font color ='red'> -6 Ad -</font>  
<B><font color = 'blue'> ==> -</font> Capturing Image Date
<B><font color = 'Red'> ==> -</font> Image is not able: Oops! Looks like we don't have data for this search criteria yet.
 
<B><font color ='red'> -7 Ad -</font>  
<B><font color = 'blue'> ==> -</font> Capturing Image Date
<B><font color = 'Red'> ==> -</font> Image is not able: Oops! Looks like we don't have data for this search criteria yet.
 
<B><font color ='red'> -8 Ad -</font>  
<B><font color = 'blue'> ==> -</font> Capturing Image Date
<B><font color = 'Red'> ==> -</font> Image is not able: Oops! Looks like we don't have data for this search criteria yet.
 
<B><font color ='red'> -9 Ad -</font>  
<B><font color = 'blue'> ==> -</font> Capturing Image Date
<B><font color = 'Red'> ==> -</font> Image is not able: Oops! Looks like we don't have data for this search criteria yet.
 
<B><font color ='red'> -10 Ad -</font>  
<B><font color = 'blue'> ==> -</font> Capturing Image Date
<B><font color = 'Red'> ==> -</font> Image is not able: Oops! Looks like we don't have data for this search criteria yet.
 
<B><font color ='red'> -11 Ad -</font>  
<B><font color = 'blue'> ==> -</font> Capturing Image Date
<B><font color = 'Red'> ==> -</font> Image is not able: Oops! Looks like we don't have data for this search criteria yet.
 
<B><font color ='red'> -12 Ad -</font>  
<B><font color = 'blue'> ==> -</font> Capturing Image Date
<B><font color = 'Red'> ==> -</font> Image is not able: Oops! Looks like we don't have data for this search criteria yet.
 
<B><font color ='red'> -13 Ad -</font>  
<B><font color = 'blue'> ==> -</font> Capturing Image Date
<B><font color = 'Red'> ==> -</font> Image is not able: Oops! Looks like we don't have data for this search criteria yet.
 
<B><font color ='red'> -14 Ad -</font>  
<B><font color = 'blue'> ==> -</font> Capturing Image Date
<B><font color = 'Red'> ==> -</font> Image is not able: Oops! Looks like we don't have data for this search criteria yet.
 
<B><font color ='red'> -15 Ad -</font>  
<B><font color = 'blue'> ==> -</font> Capturing Image Date
<B><font color = 'Red'> ==> -</font> Image is not able: Oops! Looks like we don't have data for this search criteria yet.
      
<B><font color = 'green'>  -ShortBy Newest -Ad Seen Between This Month Step will Start from here </font> 
<B><font color = 'orange'> Step4 -</font> Clicked On Ad Seen between filter Icon
<B><font color = 'orange'> Step5 -</font> Clicked On Ad Seen Between This Month Icon
<B><font color = 'orange'> Step6 -</font> Clicked On Search Button Icon
<B><font color = 'orange'> Step7 -</font>  Total Ad Count is :
 
<B><font color ='red'> -1 Ad -</font>  
<B><font color = 'blue'> ==> -</font> Capturing Image Date
<B><font color = 'Red'> ==> -</font> Image is not able: Oops! Looks like we don't have data for this search criteria yet.
 
<B><font color ='red'> -2 Ad -</font>  
<B><font color = 'blue'> ==> -</font> Capturing Image Date
<B><font color = 'Red'> ==> -</font> Image is not able: Oops! Looks like we don't have data for this search criteria yet.
 
<B><font color ='red'> -3 Ad -</font>  
<B><font color = 'blue'> ==> -</font> Capturing Image Date
<B><font color = 'Red'> ==> -</font> Image is not able: Oops! Looks like we don't have data for this search criteria yet.
 
<B><font color ='red'> -4 Ad -</font>  
<B><font color = 'blue'> ==> -</font> Capturing Image Date
<B><font color = 'Red'> ==> -</font> Image is not able: Oops! Looks like we don't have data for this search criteria yet.
 
<B><font color ='red'> -5 Ad -</font>  
<B><font color = 'blue'> ==> -</font> Capturing Image Date
<B><font color = 'Red'> ==> -</font> Image is not able: Oops! Looks like we don't have data for this search criteria yet.
 
<B><font color ='red'> -6 Ad -</font>  
<B><font color = 'blue'> ==> -</font> Capturing Image Date
<B><font color = 'Red'> ==> -</font> Image is not able: Oops! Looks like we don't have data for this search criteria yet.
 
<B><font color ='red'> -7 Ad -</font>  
<B><font color = 'blue'> ==> -</font> Capturing Image Date
<B><font color = 'Red'> ==> -</font> Image is not able: Oops! Looks like we don't have data for this search criteria yet.
 
<B><font color ='red'> -8 Ad -</font>  
<B><font color = 'blue'> ==> -</font> Capturing Image Date
<B><font color = 'Red'> ==> -</font> Image is not able: Oops! Looks like we don't have data for this search criteria yet.
 
<B><font color ='red'> -9 Ad -</font>  
<B><font color = 'blue'> ==> -</font> Capturing Image Date
<B><font color = 'Red'> ==> -</font> Image is not able: Oops! Looks like we don't have data for this search criteria yet.
 
<B><font color ='red'> -10 Ad -</font>  
<B><font color = 'blue'> ==> -</font> Capturing Image Date
<B><font color = 'Red'> ==> -</font> Image is not able: Oops! Looks like we don't have data for this search criteria yet.
 
<B><font color ='red'> -11 Ad -</font>  
<B><font color = 'blue'> ==> -</font> Capturing Image Date
<B><font color = 'Red'> ==> -</font> Image is not able: Oops! Looks like we don't have data for this search criteria yet.
 
<B><font color ='red'> -12 Ad -</font>  
<B><font color = 'blue'> ==> -</font> Capturing Image Date
<B><font color = 'Red'> ==> -</font> Image is not able: Oops! Looks like we don't have data for this search criteria yet.
 
<B><font color ='red'> -13 Ad -</font>  
<B><font color = 'blue'> ==> -</font> Capturing Image Date
<B><font color = 'Red'> ==> -</font> Image is not able: Oops! Looks like we don't have data for this search criteria yet.
 
<B><font color ='red'> -14 Ad -</font>  
<B><font color = 'blue'> ==> -</font> Capturing Image Date
<B><font color = 'Red'> ==> -</font> Image is not able: Oops! Looks like we don't have data for this search criteria yet.
 
<B><font color ='red'> -15 Ad -</font>  
<B><font color = 'blue'> ==> -</font> Capturing Image Date
<B><font color = 'Red'> ==> -</font> Image is not able: Oops! Looks like we don't have data for this search criteria yet.
      
<B><font color = 'green'>  -ShortBy Newest -Ad Seen Between Last Month Step will Start from here </font> 
<B><font color = 'orange'> Step4 -</font> Clicked On ad Seen between filter Icon
<B><font color = 'orange'> Step5 -</font> Clicked On Ad Seen Between Last Month Icon
<B><font color = 'orange'> Step6 -</font> Clicked On Search Button Icon
<B><font color = 'orange'> Step7 -</font>  Total Ad Count is :
 
<B><font color ='red'> -1 Ad -</font>  
<B><font color = 'blue'> ==> -</font> Capturing Image Date
<B><font color = 'Red'> ==> -</font> Image is not able: Oops! Looks like we don't have data for this search criteria yet.
 
<B><font color ='red'> -2 Ad -</font>  
<B><font color = 'blue'> ==> -</font> Capturing Image Date
<B><font color = 'Red'> ==> -</font> Image is not able: Oops! Looks like we don't have data for this search criteria yet.
 
<B><font color ='red'> -3 Ad -</font>  
<B><font color = 'blue'> ==> -</font> Capturing Image Date
<B><font color = 'Red'> ==> -</font> Image is not able: Oops! Looks like we don't have data for this search criteria yet.
 
<B><font color ='red'> -4 Ad -</font>  
<B><font color = 'blue'> ==> -</font> Capturing Image Date
<B><font color = 'Red'> ==> -</font> Image is not able: Oops! Looks like we don't have data for this search criteria yet.
 
<B><font color ='red'> -5 Ad -</font>  
<B><font color = 'blue'> ==> -</font> Capturing Image Date
<B><font color = 'Red'> ==> -</font> Image is not able: Oops! Looks like we don't have data for this search criteria yet.
 
<B><font color ='red'> -6 Ad -</font>  
<B><font color = 'blue'> ==> -</font> Capturing Image Date
<B><font color = 'Red'> ==> -</font> Image is not able: Oops! Looks like we don't have data for this search criteria yet.
 
<B><font color ='red'> -7 Ad -</font>  
<B><font color = 'blue'> ==> -</font> Capturing Image Date
<B><font color = 'Red'> ==> -</font> Image is not able: Oops! Looks like we don't have data for this search criteria yet.
 
<B><font color ='red'> -8 Ad -</font>  
<B><font color = 'blue'> ==> -</font> Capturing Image Date
<B><font color = 'Red'> ==> -</font> Image is not able: Oops! Looks like we don't have data for this search criteria yet.
 
<B><font color ='red'> -9 Ad -</font>  
<B><font color = 'blue'> ==> -</font> Capturing Image Date
<B><font color = 'Red'> ==> -</font> Image is not able: Oops! Looks like we don't have data for this search criteria yet.
 
<B><font color ='red'> -10 Ad -</font>  
<B><font color = 'blue'> ==> -</font> Capturing Image Date
<B><font color = 'Red'> ==> -</font> Image is not able: Oops! Looks like we don't have data for this search criteria yet.
 
<B><font color ='red'> -11 Ad -</font>  
<B><font color = 'blue'> ==> -</font> Capturing Image Date
<B><font color = 'Red'> ==> -</font> Image is not able: Oops! Looks like we don't have data for this search criteria yet.
 
<B><font color ='red'> -12 Ad -</font>  
<B><font color = 'blue'> ==> -</font> Capturing Image Date
<B><font color = 'Red'> ==> -</font> Image is not able: Oops! Looks like we don't have data for this search criteria yet.
 
<B><font color ='red'> -13 Ad -</font>  
<B><font color = 'blue'> ==> -</font> Capturing Image Date
<B><font color = 'Red'> ==> -</font> Image is not able: Oops! Looks like we don't have data for this search criteria yet.
 
<B><font color ='red'> -14 Ad -</font>  
<B><font color = 'blue'> ==> -</font> Capturing Image Date
<B><font color = 'Red'> ==> -</font> Image is not able: Oops! Looks like we don't have data for this search criteria yet.
 
<B><font color ='red'> -15 Ad -</font>  
<B><font color = 'blue'> ==> -</font> Capturing Image Date
<B><font color = 'Red'> ==> -</font> Image is not able: Oops! Looks like we don't have data for this search criteria yet.]]>
  </system-out>
</testsuite> <!-- com.power.testcases.Verify_Google_Ad_Seen_Between_TestScript -->
