<?xml version="1.0" encoding="UTF-8"?>
<!-- Generated by org.testng.reporters.JUnitReportReporter -->
<testsuite hostname="GLB-459-PC" failures="1" tests="1" name="com.power.testcases.Verify_Pinterest_Dasboard_AdSeenBetween" time="507.546" errors="0" timestamp="2023-03-29T17:35:30 IST" skipped="0">
  <testcase classname="com.power.testcases.Verify_Pinterest_Dasboard_AdSeenBetween" name="verify_postdateBetween" time="507.546">
    <failure message="expected [] but found [22 March 2023]" type="java.lang.AssertionError">
      <![CDATA[java.lang.AssertionError: expected [] but found [22 March 2023]
at org.testng.Assert.fail(Assert.java:110)
at org.testng.Assert.failNotEquals(Assert.java:1413)
at org.testng.Assert.assertEqualsImpl(Assert.java:149)
at org.testng.Assert.assertEquals(Assert.java:131)
at org.testng.Assert.assertEquals(Assert.java:655)
at org.testng.Assert.assertEquals(Assert.java:665)
at com.power.qa.pages.PinterestPage.verify_Pinterest_dashboard_addSeenBetween(PinterestPage.java:7977)
at com.power.testcases.Verify_Pinterest_Dasboard_AdSeenBetween.verify_postdateBetween(Verify_Pinterest_Dasboard_AdSeenBetween.java:16)
at java.base/jdk.internal.reflect.NativeMethodAccessorImpl.invoke0(Native Method)
at java.base/jdk.internal.reflect.NativeMethodAccessorImpl.invoke(NativeMethodAccessorImpl.java:77)
at java.base/jdk.internal.reflect.DelegatingMethodAccessorImpl.invoke(DelegatingMethodAccessorImpl.java:43)
at java.base/java.lang.reflect.Method.invoke(Method.java:568)
at org.testng.internal.invokers.MethodInvocationHelper.invokeMethod(MethodInvocationHelper.java:139)
at org.testng.internal.invokers.TestInvoker.invokeMethod(TestInvoker.java:677)
at org.testng.internal.invokers.TestInvoker.invokeTestMethod(TestInvoker.java:221)
at org.testng.internal.invokers.MethodRunner.runInSequence(MethodRunner.java:50)
at org.testng.internal.invokers.TestInvoker$MethodInvocationAgent.invoke(TestInvoker.java:962)
at org.testng.internal.invokers.TestInvoker.invokeTestMethods(TestInvoker.java:194)
at org.testng.internal.invokers.TestMethodWorker.invokeTestMethods(TestMethodWorker.java:148)
at org.testng.internal.invokers.TestMethodWorker.run(TestMethodWorker.java:128)
at java.base/java.util.ArrayList.forEach(ArrayList.java:1511)
at org.testng.TestRunner.privateRun(TestRunner.java:806)
at org.testng.TestRunner.run(TestRunner.java:601)
at org.testng.SuiteRunner.runTest(SuiteRunner.java:433)
at org.testng.SuiteRunner.runSequentially(SuiteRunner.java:427)
at org.testng.SuiteRunner.privateRun(SuiteRunner.java:387)
at org.testng.SuiteRunner.run(SuiteRunner.java:330)
at org.testng.SuiteRunnerWorker.runSuite(SuiteRunnerWorker.java:52)
at org.testng.SuiteRunnerWorker.run(SuiteRunnerWorker.java:95)
at org.testng.TestNG.runSuitesSequentially(TestNG.java:1256)
at org.testng.TestNG.runSuitesLocally(TestNG.java:1176)
at org.testng.TestNG.runSuites(TestNG.java:1099)
at org.testng.TestNG.run(TestNG.java:1067)
at org.testng.remote.AbstractRemoteTestNG.run(AbstractRemoteTestNG.java:115)
at org.testng.remote.RemoteTestNG.initAndRun(RemoteTestNG.java:251)
at org.testng.remote.RemoteTestNG.main(RemoteTestNG.java:77)
]]>
    </failure>
  </testcase> <!-- verify_postdateBetween -->
  <system-out>
    <![CDATA[<B><font color = 'orange'> Step1 -</font> Logged into PowerAdSpy Application
<B><font color = 'orange'> Step2 -</font> I am on the page :PowerAdSpy | Facebook Dashboard
<B><font color = 'orange'> Step3 -</font> Power Ad Spy Logo is Displayed
<B><font color = 'orange'> Step4 -</font> Clicked On pinterest Icon

<B><font color = 'green'> Ads Seen Between : All -</font> 
<B><font color = 'orange'> Step 1 -</font> Clicked On clear search.
<B><font color = 'orange'> Step 2 -</font> Clicked On Ads Seen Between.
<B><font color = 'orange'> Step 3 -</font> Clicked On Ads Seen Between all_Button.
<B><font color = 'orange'> Step 4 -</font> Clicked On Search Bar.
<B><font color = 'orange'> Step 5 -</font> Total_Ads_Count_All= 4933

<B><font color = 'Blue-Violet'> 1st -</font> 
<B><font color = 'blue'> ==> -</font> Clicked On current_Date_All Image = 22 March 2023
<B><font color = 'blue'> ==> -</font> ID of the Ad = 101520
<B><font color = 'blue'> ==> -</font> Clicked on showAnalytics Button
<B><font color = 'blue'> ==> -</font> Last_Seen_childWindow AdDetails Page= 22 March 2023
<B><font color = 'blue'> ==> -</font> Image Date =  22 March 2023    ::    Last Seeen Date = 22 March 2023  are same == PASS

<B><font color = 'Blue-Violet'> 2nd -</font> 
<B><font color = 'blue'> ==> -</font> Clicked On current_Date_All Image = 22 March 2023
<B><font color = 'blue'> ==> -</font> ID of the Ad = 101519
<B><font color = 'blue'> ==> -</font> Clicked on showAnalytics Button
<B><font color = 'blue'> ==> -</font> Last_Seen_childWindow AdDetails Page= 22 March 2023
<B><font color = 'blue'> ==> -</font> Image Date =  22 March 2023    ::    Last Seeen Date = 22 March 2023  are same == PASS

<B><font color = 'Blue-Violet'> 3rd -</font> 
<B><font color = 'blue'> ==> -</font> Clicked On current_Date_All Image = 22 March 2023
<B><font color = 'blue'> ==> -</font> ID of the Ad = 101518
<B><font color = 'blue'> ==> -</font> Clicked on showAnalytics Button
<B><font color = 'blue'> ==> -</font> Last_Seen_childWindow AdDetails Page= 22 March 2023
<B><font color = 'blue'> ==> -</font> Image Date =  22 March 2023    ::    Last Seeen Date = 22 March 2023  are same == PASS

<B><font color = 'Blue-Violet'> 4th -</font> 
<B><font color = 'blue'> ==> -</font> Clicked On current_Date_All Image = 22 March 2023
<B><font color = 'blue'> ==> -</font> ID of the Ad = 101517
<B><font color = 'blue'> ==> -</font> Clicked on showAnalytics Button
<B><font color = 'blue'> ==> -</font> Last_Seen_childWindow AdDetails Page= 22 March 2023
<B><font color = 'blue'> ==> -</font> Image Date =  22 March 2023    ::    Last Seeen Date = 22 March 2023  are same == PASS

<B><font color = 'Blue-Violet'> 5th -</font> 
<B><font color = 'blue'> ==> -</font> Clicked On current_Date_All Image = 22 March 2023
<B><font color = 'blue'> ==> -</font> ID of the Ad = 101516
<B><font color = 'blue'> ==> -</font> Clicked on showAnalytics Button
<B><font color = 'blue'> ==> -</font> Last_Seen_childWindow AdDetails Page= 22 March 2023
<B><font color = 'blue'> ==> -</font> Image Date =  22 March 2023    ::    Last Seeen Date = 22 March 2023  are same == PASS

<B><font color = 'Blue-Violet'> 6th -</font> 
<B><font color = 'blue'> ==> -</font> Clicked On current_Date_All Image = 22 March 2023
<B><font color = 'blue'> ==> -</font> ID of the Ad = 101515
<B><font color = 'blue'> ==> -</font> Clicked on showAnalytics Button
<B><font color = 'blue'> ==> -</font> Last_Seen_childWindow AdDetails Page= 22 March 2023
<B><font color = 'blue'> ==> -</font> Image Date =  22 March 2023    ::    Last Seeen Date = 22 March 2023  are same == PASS

<B><font color = 'Blue-Violet'> 7th -</font> 
<B><font color = 'blue'> ==> -</font> Clicked On current_Date_All Image = 22 March 2023
<B><font color = 'blue'> ==> -</font> ID of the Ad = 101514
<B><font color = 'blue'> ==> -</font> Clicked on showAnalytics Button
<B><font color = 'blue'> ==> -</font> Last_Seen_childWindow AdDetails Page= 22 March 2023
<B><font color = 'blue'> ==> -</font> Image Date =  22 March 2023    ::    Last Seeen Date = 22 March 2023  are same == PASS

<B><font color = 'Blue-Violet'> 8th -</font> 
<B><font color = 'blue'> ==> -</font> Clicked On current_Date_All Image = 22 March 2023
<B><font color = 'blue'> ==> -</font> ID of the Ad = 101513
<B><font color = 'blue'> ==> -</font> Clicked on showAnalytics Button
<B><font color = 'blue'> ==> -</font> Last_Seen_childWindow AdDetails Page= 22 March 2023
<B><font color = 'blue'> ==> -</font> Image Date =  22 March 2023    ::    Last Seeen Date = 22 March 2023  are same == PASS

<B><font color = 'Blue-Violet'> 9th -</font> 
<B><font color = 'blue'> ==> -</font> Clicked On current_Date_All Image = 22 March 2023
<B><font color = 'blue'> ==> -</font> ID of the Ad = 101512
<B><font color = 'blue'> ==> -</font> Clicked on showAnalytics Button
<B><font color = 'blue'> ==> -</font> Last_Seen_childWindow AdDetails Page= 22 March 2023
<B><font color = 'blue'> ==> -</font> Image Date =  22 March 2023    ::    Last Seeen Date = 22 March 2023  are same == PASS

<B><font color = 'Blue-Violet'> 10th -</font> 
<B><font color = 'blue'> ==> -</font> Clicked On current_Date_All Image = 22 March 2023
<B><font color = 'blue'> ==> -</font> ID of the Ad = 101511
<B><font color = 'blue'> ==> -</font> Clicked on showAnalytics Button
<B><font color = 'blue'> ==> -</font> Last_Seen_childWindow AdDetails Page= 22 March 2023
<B><font color = 'blue'> ==> -</font> Image Date =  22 March 2023    ::    Last Seeen Date = 22 March 2023  are same == PASS

<B><font color = 'Blue-Violet'> 11th -</font> 
<B><font color = 'blue'> ==> -</font> Clicked On current_Date_All Image = 22 March 2023
<B><font color = 'blue'> ==> -</font> ID of the Ad = 101510
<B><font color = 'blue'> ==> -</font> Clicked on showAnalytics Button
<B><font color = 'blue'> ==> -</font> Last_Seen_childWindow AdDetails Page= 22 March 2023
<B><font color = 'blue'> ==> -</font> Image Date =  22 March 2023    ::    Last Seeen Date = 22 March 2023  are same == PASS

<B><font color = 'Blue-Violet'> 12th -</font> 
<B><font color = 'blue'> ==> -</font> Clicked On current_Date_All Image = 22 March 2023
<B><font color = 'blue'> ==> -</font> ID of the Ad = 101509
<B><font color = 'blue'> ==> -</font> Clicked on showAnalytics Button
<B><font color = 'blue'> ==> -</font> Last_Seen_childWindow AdDetails Page= 22 March 2023
<B><font color = 'blue'> ==> -</font> Image Date =  22 March 2023    ::    Last Seeen Date = 22 March 2023  are same == PASS

<B><font color = 'Blue-Violet'> 13th -</font> 
<B><font color = 'blue'> ==> -</font> Clicked On current_Date_All Image = 22 March 2023
<B><font color = 'blue'> ==> -</font> ID of the Ad = 101508
<B><font color = 'blue'> ==> -</font> Clicked on showAnalytics Button
<B><font color = 'blue'> ==> -</font> Last_Seen_childWindow AdDetails Page= 22 March 2023
<B><font color = 'blue'> ==> -</font> Image Date =  22 March 2023    ::    Last Seeen Date = 22 March 2023  are same == PASS

<B><font color = 'Blue-Violet'> 14th -</font> 
<B><font color = 'blue'> ==> -</font> Clicked On current_Date_All Image = 22 March 2023
<B><font color = 'blue'> ==> -</font> ID of the Ad = 101507
<B><font color = 'blue'> ==> -</font> Clicked on showAnalytics Button
<B><font color = 'blue'> ==> -</font> Last_Seen_childWindow AdDetails Page= 22 March 2023
<B><font color = 'blue'> ==> -</font> Image Date =  22 March 2023    ::    Last Seeen Date = 22 March 2023  are same == PASS

<B><font color = 'Blue-Violet'> 15th -</font> 
<B><font color = 'blue'> ==> -</font> Clicked On current_Date_All Image = 22 March 2023
<B><font color = 'blue'> ==> -</font> ID of the Ad = 101506
<B><font color = 'blue'> ==> -</font> Clicked on showAnalytics Button
<B><font color = 'blue'> ==> -</font> Last_Seen_childWindow AdDetails Page= 22 March 2023
<B><font color = 'blue'> ==> -</font> Image Date =  22 March 2023    ::    Last Seeen Date = 22 March 2023  are same == PASS

<B><font color = 'green'> Ads Seen Between : Today -</font> 
<B><font color = 'orange'> Step 1 -</font> Clicked On Ads Seen Between.
<B><font color = 'orange'> Step 2 -</font> Clicked On today_Button in Ads Seen Between.
<B><font color = 'orange'> Step 3 -</font> Clicked On Search Bar.
<B><font color = 'orange'> Step 4 -</font> Total_Ads_Count_Today= 0

<B><font color = 'Blue-Violet'> 1st Ad -</font> 
<B><font color = 'red'> ==> -</font> Oops! Looks like we don't have data for this search criteria yet.

<B><font color = 'Blue-Violet'> 2nd Ad -</font> 
<B><font color = 'red'> ==> -</font> Oops! Looks like we don't have data for this search criteria yet.

<B><font color = 'Blue-Violet'> 3rd Ad -</font> 
<B><font color = 'red'> ==> -</font> Oops! Looks like we don't have data for this search criteria yet.

<B><font color = 'Blue-Violet'> 4th Ad -</font> 
<B><font color = 'red'> ==> -</font> Oops! Looks like we don't have data for this search criteria yet.

<B><font color = 'Blue-Violet'> 5th Ad -</font> 
<B><font color = 'red'> ==> -</font> Oops! Looks like we don't have data for this search criteria yet.

<B><font color = 'Blue-Violet'> 6th Ad -</font> 
<B><font color = 'red'> ==> -</font> Oops! Looks like we don't have data for this search criteria yet.

<B><font color = 'Blue-Violet'> 7th Ad -</font> 
<B><font color = 'red'> ==> -</font> Oops! Looks like we don't have data for this search criteria yet.

<B><font color = 'Blue-Violet'> 8th Ad -</font> 
<B><font color = 'red'> ==> -</font> Oops! Looks like we don't have data for this search criteria yet.

<B><font color = 'Blue-Violet'> 9th Ad -</font> 
<B><font color = 'red'> ==> -</font> Oops! Looks like we don't have data for this search criteria yet.

<B><font color = 'Blue-Violet'> 10th Ad -</font> 
<B><font color = 'red'> ==> -</font> Oops! Looks like we don't have data for this search criteria yet.

<B><font color = 'Blue-Violet'> 11th Ad -</font> 
<B><font color = 'red'> ==> -</font> Oops! Looks like we don't have data for this search criteria yet.

<B><font color = 'Blue-Violet'> 12th Ad -</font> 
<B><font color = 'red'> ==> -</font> Oops! Looks like we don't have data for this search criteria yet.

<B><font color = 'Blue-Violet'> 13th Ad -</font> 
<B><font color = 'red'> ==> -</font> Oops! Looks like we don't have data for this search criteria yet.

<B><font color = 'Blue-Violet'> 14th Ad -</font> 
<B><font color = 'red'> ==> -</font> Oops! Looks like we don't have data for this search criteria yet.

<B><font color = 'Blue-Violet'> 15th Ad -</font> 
<B><font color = 'red'> ==> -</font> Oops! Looks like we don't have data for this search criteria yet.

<B><font color = 'green'> Ads Seen Between : Yesterday -</font> 
<B><font color = 'orange'> Step 1 -</font> Clicked On Ads Seen Between.
<B><font color = 'orange'> Step 2 -</font> Clicked On yesterday_Button in Ads Seen Between.
<B><font color = 'orange'> Step 3 -</font> Clicked On Search Bar.
<B><font color = 'orange'> Step 4 -</font> Total_Ads_Count_Yesterday= 0

<B><font color = 'Blue-Violet'> 1st Ad -</font> 
<B><font color = 'red'> ==> -</font> Oops! Looks like we don't have data for this search criteria yet.

<B><font color = 'Blue-Violet'> 2nd Ad -</font> 
<B><font color = 'red'> ==> -</font> Oops! Looks like we don't have data for this search criteria yet.

<B><font color = 'Blue-Violet'> 3rd Ad -</font> 
<B><font color = 'red'> ==> -</font> Oops! Looks like we don't have data for this search criteria yet.

<B><font color = 'Blue-Violet'> 4th Ad -</font> 
<B><font color = 'red'> ==> -</font> Oops! Looks like we don't have data for this search criteria yet.

<B><font color = 'Blue-Violet'> 5th Ad -</font> 
<B><font color = 'red'> ==> -</font> Oops! Looks like we don't have data for this search criteria yet.

<B><font color = 'Blue-Violet'> 6th Ad -</font> 
<B><font color = 'red'> ==> -</font> Oops! Looks like we don't have data for this search criteria yet.

<B><font color = 'Blue-Violet'> 7th Ad -</font> 
<B><font color = 'red'> ==> -</font> Oops! Looks like we don't have data for this search criteria yet.

<B><font color = 'Blue-Violet'> 8th Ad -</font> 
<B><font color = 'red'> ==> -</font> Oops! Looks like we don't have data for this search criteria yet.

<B><font color = 'Blue-Violet'> 9th Ad -</font> 
<B><font color = 'red'> ==> -</font> Oops! Looks like we don't have data for this search criteria yet.

<B><font color = 'Blue-Violet'> 10th Ad -</font> 
<B><font color = 'red'> ==> -</font> Oops! Looks like we don't have data for this search criteria yet.

<B><font color = 'Blue-Violet'> 11th Ad -</font> 
<B><font color = 'red'> ==> -</font> Oops! Looks like we don't have data for this search criteria yet.

<B><font color = 'Blue-Violet'> 12th Ad -</font> 
<B><font color = 'red'> ==> -</font> Oops! Looks like we don't have data for this search criteria yet.

<B><font color = 'Blue-Violet'> 13th Ad -</font> 
<B><font color = 'red'> ==> -</font> Oops! Looks like we don't have data for this search criteria yet.

<B><font color = 'Blue-Violet'> 14th Ad -</font> 
<B><font color = 'red'> ==> -</font> Oops! Looks like we don't have data for this search criteria yet.

<B><font color = 'Blue-Violet'> 15th Ad -</font> 
<B><font color = 'red'> ==> -</font> Oops! Looks like we don't have data for this search criteria yet.

<B><font color = 'green'> Ads Seen Between : Last_Seven_Days_Button -</font> 
<B><font color = 'orange'> Step 1 -</font> Clicked On clear search.
<B><font color = 'orange'> Step 2 -</font> Clicked On Ads Seen Between.
<B><font color = 'orange'> Step 3 -</font> Clicked On Last_Seven_Days_Button in Ads Seen Between.
<B><font color = 'orange'> Step 4 -</font> Clicked On Search Bar.
<B><font color = 'orange'> Step 5 -</font> Total_Ads_Count_LastSevenDays= 0

<B><font color = 'Blue-Violet'> 1st Ad -</font> 
<B><font color = 'red'> ==> -</font> Oops! Looks like we don't have data for this search criteria yet.

<B><font color = 'Blue-Violet'> 2nd Ad -</font> 
<B><font color = 'red'> ==> -</font> Oops! Looks like we don't have data for this search criteria yet.

<B><font color = 'Blue-Violet'> 3rd Ad -</font> 
<B><font color = 'red'> ==> -</font> Oops! Looks like we don't have data for this search criteria yet.

<B><font color = 'Blue-Violet'> 4th Ad -</font> 
<B><font color = 'red'> ==> -</font> Oops! Looks like we don't have data for this search criteria yet.

<B><font color = 'Blue-Violet'> 5th Ad -</font> 
<B><font color = 'red'> ==> -</font> Oops! Looks like we don't have data for this search criteria yet.

<B><font color = 'Blue-Violet'> 6th Ad -</font> 
<B><font color = 'red'> ==> -</font> Oops! Looks like we don't have data for this search criteria yet.

<B><font color = 'Blue-Violet'> 7th Ad -</font> 
<B><font color = 'red'> ==> -</font> Oops! Looks like we don't have data for this search criteria yet.

<B><font color = 'Blue-Violet'> 8th Ad -</font> 
<B><font color = 'red'> ==> -</font> Oops! Looks like we don't have data for this search criteria yet.

<B><font color = 'Blue-Violet'> 9th Ad -</font> 
<B><font color = 'red'> ==> -</font> Oops! Looks like we don't have data for this search criteria yet.

<B><font color = 'Blue-Violet'> 10th Ad -</font> 
<B><font color = 'red'> ==> -</font> Oops! Looks like we don't have data for this search criteria yet.

<B><font color = 'Blue-Violet'> 11th Ad -</font> 
<B><font color = 'red'> ==> -</font> Oops! Looks like we don't have data for this search criteria yet.

<B><font color = 'Blue-Violet'> 12th Ad -</font> 
<B><font color = 'red'> ==> -</font> Oops! Looks like we don't have data for this search criteria yet.

<B><font color = 'Blue-Violet'> 13th Ad -</font> 
<B><font color = 'red'> ==> -</font> Oops! Looks like we don't have data for this search criteria yet.

<B><font color = 'Blue-Violet'> 14th Ad -</font> 
<B><font color = 'red'> ==> -</font> Oops! Looks like we don't have data for this search criteria yet.

<B><font color = 'Blue-Violet'> 15th Ad -</font> 
<B><font color = 'red'> ==> -</font> Oops! Looks like we don't have data for this search criteria yet.

<B><font color = 'green'> Ads Seen Between : _Last Thirty Days -</font> 
<B><font color = 'orange'> Step 1 -</font> Clicked On Ads Seen Between.
<B><font color = 'orange'> Step 2 -</font> Clicked On Last_Thirty_Days_Button in Ads Seen Between.
<B><font color = 'orange'> Step 3 -</font> Clicked On Search Bar.
<B><font color = 'orange'> Step 4 -</font> Total_Ads_Count_LastThirtDays= 28

<B><font color = 'Blue-Violet'> 1st Ad -</font> 
<B><font color = 'blue'> ==> -</font> Clicked On Last_Thirty_Days Image = 22 March 2023
<B><font color = 'blue'> ==> -</font> ID of the Ad = 101520
<B><font color = 'blue'> ==> -</font> Clicked on showAnalytics Button
<B><font color = 'blue'> ==> -</font> Last_Seen_childWindow AdDetails Page= 22 March 2023
<B><font color = 'blue'> ==> -</font> Image Date =  22 March 2023    ::    Last Seeen Date = 22 March 2023  are same == PASS

<B><font color = 'Blue-Violet'> 2nd Ad -</font> 
<B><font color = 'blue'> ==> -</font> Clicked On Last_Thirty_Days Image = 22 March 2023
<B><font color = 'blue'> ==> -</font> ID of the Ad = 101519
<B><font color = 'blue'> ==> -</font> Clicked on showAnalytics Button
<B><font color = 'blue'> ==> -</font> Last_Seen_childWindow AdDetails Page= 22 March 2023
<B><font color = 'blue'> ==> -</font> Image Date =  22 March 2023    ::    Last Seeen Date = 22 March 2023  are same == PASS

<B><font color = 'Blue-Violet'> 3rd Ad -</font> 
<B><font color = 'blue'> ==> -</font> Clicked On Last_Thirty_Days Image = 22 March 2023
<B><font color = 'blue'> ==> -</font> ID of the Ad = 101518
<B><font color = 'blue'> ==> -</font> Clicked on showAnalytics Button
<B><font color = 'blue'> ==> -</font> Last_Seen_childWindow AdDetails Page= 22 March 2023
<B><font color = 'blue'> ==> -</font> Image Date =  22 March 2023    ::    Last Seeen Date = 22 March 2023  are same == PASS

<B><font color = 'Blue-Violet'> 4th Ad -</font> 
<B><font color = 'blue'> ==> -</font> Clicked On Last_Thirty_Days Image = 22 March 2023
<B><font color = 'blue'> ==> -</font> ID of the Ad = 101517
<B><font color = 'blue'> ==> -</font> Clicked on showAnalytics Button
<B><font color = 'blue'> ==> -</font> Last_Seen_childWindow AdDetails Page= 22 March 2023
<B><font color = 'blue'> ==> -</font> Image Date =  22 March 2023    ::    Last Seeen Date = 22 March 2023  are same == PASS

<B><font color = 'Blue-Violet'> 5th Ad -</font> 
<B><font color = 'blue'> ==> -</font> Clicked On Last_Thirty_Days Image = 22 March 2023
<B><font color = 'blue'> ==> -</font> ID of the Ad = 101516
<B><font color = 'blue'> ==> -</font> Clicked on showAnalytics Button
<B><font color = 'blue'> ==> -</font> Last_Seen_childWindow AdDetails Page= 22 March 2023
<B><font color = 'blue'> ==> -</font> Image Date =  22 March 2023    ::    Last Seeen Date = 22 March 2023  are same == PASS

<B><font color = 'Blue-Violet'> 6th Ad -</font> 
<B><font color = 'blue'> ==> -</font> Clicked On Last_Thirty_Days Image = 22 March 2023
<B><font color = 'blue'> ==> -</font> ID of the Ad = 101515
<B><font color = 'blue'> ==> -</font> Clicked on showAnalytics Button
<B><font color = 'blue'> ==> -</font> Last_Seen_childWindow AdDetails Page= 22 March 2023
<B><font color = 'blue'> ==> -</font> Image Date =  22 March 2023    ::    Last Seeen Date = 22 March 2023  are same == PASS

<B><font color = 'Blue-Violet'> 7th Ad -</font> 
<B><font color = 'blue'> ==> -</font> Clicked On Last_Thirty_Days Image = 22 March 2023
<B><font color = 'blue'> ==> -</font> ID of the 7th Ad = 101514
<B><font color = 'blue'> ==> -</font> Clicked on showAnalytics Button
<B><font color = 'blue'> ==> -</font> Last_Seen_childWindow AdDetails Page= 22 March 2023
<B><font color = 'blue'> ==> -</font> Image Date =  22 March 2023    ::    Last Seeen Date = 22 March 2023  are same == PASS

<B><font color = 'Blue-Violet'> 8th Ad -</font> 
<B><font color = 'blue'> ==> -</font> Clicked On Last_Thirty_Days Image = 22 March 2023
<B><font color = 'blue'> ==> -</font> ID of the 8th Ad = 101513
<B><font color = 'blue'> ==> -</font> Clicked on showAnalytics Button
<B><font color = 'blue'> ==> -</font> Last_Seen_childWindow AdDetails Page= 22 March 2023
<B><font color = 'blue'> ==> -</font> Image Date =  22 March 2023    ::    Last Seeen Date = 22 March 2023  are same == PASS

<B><font color = 'Blue-Violet'> 9th Ad -</font> 
<B><font color = 'blue'> ==> -</font> Clicked On Last_Thirty_Days Image = 22 March 2023
<B><font color = 'blue'> ==> -</font> ID of the 9th Ad = 101512
<B><font color = 'blue'> ==> -</font> Clicked on showAnalytics Button
<B><font color = 'blue'> ==> -</font> Last_Seen_childWindow AdDetails Page= 22 March 2023
<B><font color = 'blue'> ==> -</font> Image Date =  22 March 2023    ::    Last Seeen Date = 22 March 2023  are same == PASS

<B><font color = 'Blue-Violet'> 10th Ad -</font> 
<B><font color = 'blue'> ==> -</font> Clicked On Last_Thirty_Days Image = 22 March 2023
<B><font color = 'blue'> ==> -</font> ID of the 10th Ad = 101511
<B><font color = 'blue'> ==> -</font> Clicked on showAnalytics Button
<B><font color = 'blue'> ==> -</font> Last_Seen_childWindow AdDetails Page= 22 March 2023
<B><font color = 'blue'> ==> -</font> Image Date =  22 March 2023    ::    Last Seeen Date = 22 March 2023  are same == PASS

<B><font color = 'Blue-Violet'> 11th Ad -</font> 
<B><font color = 'blue'> ==> -</font> Clicked On Last_Thirty_Days Image = 22 March 2023
<B><font color = 'blue'> ==> -</font> ID of the 11th Ad = 101510
<B><font color = 'blue'> ==> -</font> Clicked on showAnalytics Button
<B><font color = 'blue'> ==> -</font> Last_Seen_childWindow AdDetails Page= 22 March 2023
<B><font color = 'blue'> ==> -</font> Image Date =  22 March 2023    ::    Last Seeen Date = 22 March 2023  are same == PASS

<B><font color = 'Blue-Violet'> 12 Ad -</font> 
<B><font color = 'blue'> ==> -</font> Clicked On Last_Thirty_Days Image = 22 March 2023
<B><font color = 'blue'> ==> -</font> ID of the 12th Ad = 101509
<B><font color = 'blue'> ==> -</font> Clicked on showAnalytics Button
<B><font color = 'blue'> ==> -</font> Last_Seen_childWindow AdDetails Page= 22 March 2023
<B><font color = 'blue'> ==> -</font> Image Date =  22 March 2023    ::    Last Seeen Date = 22 March 2023  are same == PASS

<B><font color = 'Blue-Violet'> 13th Ad -</font> 
<B><font color = 'blue'> ==> -</font> Clicked On Last_Thirty_Days Image = 22 March 2023
<B><font color = 'blue'> ==> -</font> ID of the 13th Ad = 101508
<B><font color = 'blue'> ==> -</font> Clicked on showAnalytics Button
<B><font color = 'blue'> ==> -</font> Last_Seen_childWindow AdDetails Page= 22 March 2023
<B><font color = 'blue'> ==> -</font> Image Date =  22 March 2023    ::    Last Seeen Date = 22 March 2023  are same == PASS

<B><font color = 'Blue-Violet'> 14th Ad -</font> 
<B><font color = 'blue'> ==> -</font> Clicked On Last_Thirty_Days Image = 22 March 2023
<B><font color = 'blue'> ==> -</font> ID of the 14th Ad = 101507
<B><font color = 'blue'> ==> -</font> Clicked on showAnalytics Button
<B><font color = 'blue'> ==> -</font> Last_Seen_childWindow AdDetails Page= 22 March 2023
<B><font color = 'blue'> ==> -</font> Image Date =  22 March 2023    ::    Last Seeen Date = 22 March 2023  are same == PASS

<B><font color = 'Blue-Violet'> 15th Ad -</font> 
<B><font color = 'blue'> ==> -</font> Clicked On Last_Thirty_Days Image = 22 March 2023
<B><font color = 'blue'> ==> -</font> ID of the 15th Ad = 101506
<B><font color = 'blue'> ==> -</font> Clicked on showAnalytics Button
<B><font color = 'blue'> ==> -</font> Last_Seen_childWindow AdDetails Page= 22 March 2023
<B><font color = 'blue'> ==> -</font> Image Date =  22 March 2023    ::    Last Seeen Date = 22 March 2023  are same == PASS

<B><font color = 'green'> Ads Seen Between :This_Month_Button -</font> 
<B><font color = 'orange'> Step 1 -</font> Clicked On Ads Seen Between.
<B><font color = 'orange'> Step 2 -</font> Clicked On This_Month_Button in Ads Seen Between.
<B><font color = 'orange'> Step 3 -</font> Clicked On Search Bar.
<B><font color = 'orange'> Step 4 -</font> Total_Ads_Count_ThisMonth= 28

<B><font color = 'Blue-Violet'> 1st Ad -</font> 
<B><font color = 'blue'> ==> -</font> Clicked On This Month Image = 22 March 2023
<B><font color = 'blue'> ==> -</font> ID of the Ad = 101520
<B><font color = 'blue'> ==> -</font> Clicked on showAnalytics Button
<B><font color = 'blue'> ==> -</font> Last_Seen_childWindow AdDetails Page= 22 March 2023
<B><font color = 'blue'> ==> -</font> Image Date =  22 March 2023    ::    Last Seeen Date = 22 March 2023  are same == PASS

<B><font color = 'Blue-Violet'> 2nd Ad -</font> 
<B><font color = 'blue'> ==> -</font> Clicked On This Month Image = 22 March 2023
<B><font color = 'blue'> ==> -</font> ID of the Ad = 101519
<B><font color = 'blue'> ==> -</font> Clicked on showAnalytics Button
<B><font color = 'blue'> ==> -</font> Last_Seen_childWindow AdDetails Page= 22 March 2023
<B><font color = 'blue'> ==> -</font> Image Date =  22 March 2023    ::    Last Seeen Date = 22 March 2023  are same == PASS

<B><font color = 'Blue-Violet'> 3rd Ad -</font> 
<B><font color = 'blue'> ==> -</font> Clicked On This Month Image = 22 March 2023
<B><font color = 'blue'> ==> -</font> ID of the Ad = 101518
<B><font color = 'blue'> ==> -</font> Clicked on showAnalytics Button
<B><font color = 'blue'> ==> -</font> Last_Seen_childWindow AdDetails Page= 22 March 2023
<B><font color = 'blue'> ==> -</font> Image Date =  22 March 2023    ::    Last Seeen Date = 22 March 2023  are same == PASS

<B><font color = 'Blue-Violet'> 4th Ad -</font> 
<B><font color = 'blue'> ==> -</font> Clicked On This Month Image = 22 March 2023
<B><font color = 'blue'> ==> -</font> ID of the Ad = 101517
<B><font color = 'blue'> ==> -</font> Clicked on showAnalytics Button
<B><font color = 'blue'> ==> -</font> Last_Seen_childWindow AdDetails Page= ]]>
  </system-out>
</testsuite> <!-- com.power.testcases.Verify_Pinterest_Dasboard_AdSeenBetween -->
