<?xml version="1.0" encoding="UTF-8"?>
<!-- Generated by org.testng.reporters.JUnitReportReporter -->
<testsuite hostname="GLB-459-PC" failures="0" tests="1" name="com.power.testcases.Power_Ad_Spy_VerifyDashboard_Page" time="139.878" errors="0" timestamp="2023-03-03T16:08:47 IST" skipped="0">
  <testcase classname="com.power.testcases.Power_Ad_Spy_VerifyDashboard_Page" name="Verify_Dashboard_Pages" time="139.878"/>
  <system-out>
    <![CDATA[<B><font color = 'orange'> Step1 -</font> Logged into PowerAdSpy Application
<B><font color = 'orange'> Step2 -</font> I am on the page :PowerAdSpy | Facebook Dashboard
<B><font color = 'orange'> Step3 -</font> Power Ad Spy Logo is Displayed
<B><font color = 'orange'> Step4 -</font> Clicked On Instagram Icon
<B><font color = 'orange'> Step5 -</font> I am on the page :PowerAdSpy | Instagram Dashboard
<B><font color = 'orange'> Step6 -</font> Clicked On YouTube Icon
<B><font color = 'orange'> Step7 -</font> I am on the page :PowerAdSpy | Youtube Dashboard
<B><font color = 'orange'> Step8 -</font> Clicked On Google Icon
<B><font color = 'orange'> Step9 -</font> I am on the page :PowerAdSpy | Google Dashboard
<B><font color = 'orange'> Step10 -</font> Clicked On GDN Icon
<B><font color = 'orange'> Step11 -</font> I am on the page :PowerAdSpy | GDN Dashboard
<B><font color = 'orange'> Step12 -</font> Clicked On Native Icon
<B><font color = 'orange'> Step13 -</font> I am on the page :PowerAdSpy | Native Dashboard
<B><font color = 'orange'> Step14 -</font> Clicked On Reddit Icon
<B><font color = 'orange'> Step15 -</font> I am on the page :PowerAdSpy | Reddit Dashboard
<B><font color = 'orange'> Step16 -</font> Clicked On Quora Icon
<B><font color = 'orange'> Step17 -</font> I am on the page :PowerAdSpy | Quora Dashboard
<B><font color = 'orange'> Step18 -</font> Clicked On Printrest Icon
<B><font color = 'orange'> Step19 -</font> I am on the page :PowerAdSpy | Pinterest Dashboard]]>
  </system-out>
</testsuite> <!-- com.power.testcases.Power_Ad_Spy_VerifyDashboard_Page -->
