<?xml version="1.0" encoding="UTF-8"?>
<!-- Generated by org.testng.reporters.JUnitReportReporter -->
<testsuite hostname="GLB-459-PC" failures="0" tests="1" name="com.power.testcases.Verify_Gdn_Domain_Registration_Date_TestScript" time="351.733" errors="0" timestamp="2023-03-29T17:35:30 IST" skipped="0">
  <testcase classname="com.power.testcases.Verify_Gdn_Domain_Registration_Date_TestScript" name="Verify_Gdn_Domain_Registration_Date_TestScript" time="351.733"/>
  <system-out>
    <![CDATA[<B><font color = 'purple'> Step1 -</font> Logged into PowerAdSpy Application
<B><font color = 'purple'> Step2 -</font> Power Ad Spy Logo is Displayed
<B><font color = 'purple'> Step3 -</font> I am on the page :PowerAdSpy | Facebook Dashboard
<B><font color = 'purple'> Step4 -</font> Clicked On GDN  Icon
    
<B><font color = 'green'>  - ShortBy Newest Step will Start from here </font>  

<B><font color = 'orange'> Step1 -</font> Clicked On sortBy Icon
<B><font color = 'orange'> Step2 -</font> Clicked On SortBy Newest Icon
<B><font color = 'orange'> Step3 -</font> Clicked On search Button Icon
   
<B><font color = 'green'> -ShortBy Newest -Ad Domain Registration Date All Step will Start from here </font> 
<B><font color = 'orange'> Step1 -</font> Clicked On Ad Domain Registration Date filter Icon
<B><font color = 'orange'> Step2 -</font> Clicked On Domain Registration Date All Icon
<B><font color = 'orange'> Step3 -</font> Clicked On search Button Icon
<B><font color = 'orange'> Step4 -</font>  Total Ad Count is :49767
 
<B><font color ='red'> 1 Ad -</font>  
<B><font color = 'blue'> ==> -</font> Ads Caputure Image Date :
<B><font color = 'blue'> ==> -</font> Image Date is :28 March 2023
<B><font color = 'blue'> ==> -</font> Last Image Date is :28 March 2023
<B><font color = 'blue'> ==> -</font> ID of the Ad = 268260
<B><font color = 'blue'> ==> -</font> Clicked On Show Analytics Icon
<B><font color = 'blue'> ==> -</font> Last_Seen_ AdDetails Page= 28 March 2023
<B><font color = 'blue'> ==> -</font> Domain_Rgsd_Date AdDetails Page= --
 
<B><font color ='red'> 2 Ad -</font>  
<B><font color = 'blue'> ==> -</font> Ads Caputure Image Date :
<B><font color = 'blue'> ==> -</font> Image Date is :28 March 2023
<B><font color = 'blue'> ==> -</font> Last Image Date is :28 March 2023
<B><font color = 'blue'> ==> -</font> ID of the Ad = 268259
<B><font color = 'blue'> ==> -</font> Clicked On Show Analytics Icon
<B><font color = 'blue'> ==> -</font> Last_Seen_ AdDetails Page= 28 March 2023
<B><font color = 'blue'> ==> -</font> Domain_Rgsd_Date AdDetails Page= 1987-05-14
 
<B><font color ='red'> 3 Ad -</font>  
<B><font color = 'blue'> ==> -</font> Ads Caputure Image Date :
<B><font color = 'blue'> ==> -</font> Image Date is :28 March 2023
<B><font color = 'blue'> ==> -</font> Last Image Date is :28 March 2023
<B><font color = 'blue'> ==> -</font> ID of the Ad = 268258
<B><font color = 'blue'> ==> -</font> Clicked On Show Analytics Icon
<B><font color = 'blue'> ==> -</font> Last_Seen_ AdDetails Page= 28 March 2023
<B><font color = 'blue'> ==> -</font> Domain_Rgsd_Date AdDetails Page= --
 
<B><font color ='red'> 4 Ad -</font>  
<B><font color = 'blue'> ==> -</font> Ads Caputure Image Date :
<B><font color = 'blue'> ==> -</font> Image Date is :27 March 2023
<B><font color = 'blue'> ==> -</font> Last Image Date is :27 March 2023
<B><font color = 'blue'> ==> -</font> ID of the Ad = 268257
<B><font color = 'blue'> ==> -</font> Clicked On Show Analytics Icon
<B><font color = 'blue'> ==> -</font> Last_Seen_ AdDetails Page= 27 March 2023
<B><font color = 'blue'> ==> -</font> Domain_Rgsd_Date AdDetails Page= 1998-10-24
 
<B><font color ='red'> 5 Ad -</font>  
<B><font color = 'blue'> ==> -</font> Ads Caputure Image Date :
<B><font color = 'blue'> ==> -</font> Image Date is :27 March 2023
<B><font color = 'blue'> ==> -</font> Last Image Date is :27 March 2023
<B><font color = 'blue'> ==> -</font> ID of the Ad = 268256
<B><font color = 'blue'> ==> -</font> Clicked On Show Analytics Icon
<B><font color = 'blue'> ==> -</font> Last_Seen_ AdDetails Page= 27 March 2023
<B><font color = 'blue'> ==> -</font> Domain_Rgsd_Date AdDetails Page= 1998-10-24
 
<B><font color ='red'> 6 Ad -</font>  
<B><font color = 'blue'> ==> -</font> Ads Caputure Image Date :
<B><font color = 'blue'> ==> -</font> Image Date is :27 March 2023
<B><font color = 'blue'> ==> -</font> Last Image Date is :27 March 2023
<B><font color = 'blue'> ==> -</font> ID of the Ad = 268255
<B><font color = 'blue'> ==> -</font> Clicked On Show Analytics Icon
<B><font color = 'blue'> ==> -</font> Last_Seen_ AdDetails Page= 27 March 2023
<B><font color = 'blue'> ==> -</font> Domain_Rgsd_Date AdDetails Page= 1998-10-24
 
<B><font color ='red'> 7 Ad -</font>  
<B><font color = 'blue'> ==> -</font> Ads Caputure Image Date :
<B><font color = 'blue'> ==> -</font> Image Date is :24 March 2023
<B><font color = 'blue'> ==> -</font> Last Image Date is :27 March 2023
<B><font color = 'blue'> ==> -</font> ID of the Ad = 268254
<B><font color = 'blue'> ==> -</font> Clicked On Show Analytics Icon
<B><font color = 'blue'> ==> -</font> Last_Seen_ AdDetails Page= 27 March 2023
<B><font color = 'blue'> ==> -</font> Domain_Rgsd_Date AdDetails Page= 2005-02-11
 
<B><font color ='red'> 8 Ad -</font>  
<B><font color = 'blue'> ==> -</font> Ads Caputure Image Date :
<B><font color = 'blue'> ==> -</font> Image Date is :24 March 2023
<B><font color = 'blue'> ==> -</font> Last Image Date is :24 March 2023
<B><font color = 'blue'> ==> -</font> ID of the Ad = 268253
<B><font color = 'blue'> ==> -</font> Clicked On Show Analytics Icon
<B><font color = 'blue'> ==> -</font> Last_Seen_ AdDetails Page= 24 March 2023
<B><font color = 'blue'> ==> -</font> Domain_Rgsd_Date AdDetails Page= --
 
<B><font color ='red'> 9 Ad -</font>  
<B><font color = 'blue'> ==> -</font> Ads Caputure Image Date :
<B><font color = 'blue'> ==> -</font> Image Date is :23 March 2023
<B><font color = 'blue'> ==> -</font> Last Image Date is :23 March 2023
<B><font color = 'blue'> ==> -</font> ID of the Ad = 268252
<B><font color = 'blue'> ==> -</font> Clicked On Show Analytics Icon
<B><font color = 'blue'> ==> -</font> Last_Seen_ AdDetails Page= 23 March 2023
<B><font color = 'blue'> ==> -</font> Domain_Rgsd_Date AdDetails Page= 1986-03-03
 
<B><font color ='red'> 10 Ad -</font>  
<B><font color = 'blue'> ==> -</font> Ads Caputure Image Date :
<B><font color = 'blue'> ==> -</font> Image Date is :23 March 2023
<B><font color = 'blue'> ==> -</font> Last Image Date is :23 March 2023
<B><font color = 'blue'> ==> -</font> ID of the Ad = 268251
<B><font color = 'blue'> ==> -</font> Clicked On Show Analytics Icon
<B><font color = 'blue'> ==> -</font> Last_Seen_ AdDetails Page= 23 March 2023
<B><font color = 'blue'> ==> -</font> Domain_Rgsd_Date AdDetails Page= 1986-03-03
 
<B><font color ='red'> 11 Ad -</font>  
<B><font color = 'blue'> ==> -</font> Ads Caputure Image Date :
<B><font color = 'blue'> ==> -</font> Image Date is :23 March 2023
<B><font color = 'blue'> ==> -</font> Last Image Date is :23 March 2023
<B><font color = 'blue'> ==> -</font> ID of the Ad = 268250
<B><font color = 'blue'> ==> -</font> Clicked On Show Analytics Icon
<B><font color = 'blue'> ==> -</font> Last_Seen_ AdDetails Page= 23 March 2023
<B><font color = 'blue'> ==> -</font> Domain_Rgsd_Date AdDetails Page= 1986-03-03
 
<B><font color ='red'> 12 Ad -</font> 
<B><font color = 'blue'> ==> -</font> Ads Caputure Image Date :
<B><font color = 'blue'> ==> -</font> Image Date is :23 March 2023
<B><font color = 'blue'> ==> -</font> Last Image Date is :23 March 2023
<B><font color = 'blue'> ==> -</font> ID of the Ad = 268249
<B><font color = 'blue'> ==> -</font> Clicked On Show Analytics Icon
<B><font color = 'blue'> ==> -</font> Last_Seen_ AdDetails Page= 23 March 2023
<B><font color = 'blue'> ==> -</font> Domain_Rgsd_Date AdDetails Page= 1997-09-15
 
<B><font color ='red'> 13 Ad -</font> 
<B><font color = 'blue'> ==> -</font> Ads Caputure Image Date :
<B><font color = 'blue'> ==> -</font> Image Date is :23 March 2023
<B><font color = 'blue'> ==> -</font> Last Image Date is :23 March 2023
<B><font color = 'blue'> ==> -</font> ID of the Ad = 268248
<B><font color = 'blue'> ==> -</font> Clicked On Show Analytics Icon
<B><font color = 'blue'> ==> -</font> Last_Seen_ AdDetails Page= 23 March 2023
<B><font color = 'blue'> ==> -</font> Domain_Rgsd_Date AdDetails Page= 2000-10-31
 
<B><font color ='red'> 14 Ad -</font> 
<B><font color = 'blue'> ==> -</font> Ads Caputure Image Date :
<B><font color = 'blue'> ==> -</font> Image Date is :23 March 2023
<B><font color = 'blue'> ==> -</font> Last Image Date is :23 March 2023
<B><font color = 'blue'> ==> -</font> ID of the Ad = 268247
<B><font color = 'blue'> ==> -</font> Clicked On Show Analytics Icon
<B><font color = 'blue'> ==> -</font> Last_Seen_ AdDetails Page= 23 March 2023
<B><font color = 'blue'> ==> -</font> Domain_Rgsd_Date AdDetails Page= 2000-10-31
 
<B><font color ='red'> 15 Ad -</font> 
<B><font color = 'blue'> ==> -</font> Ads Caputure Image Date :
<B><font color = 'blue'> ==> -</font> Image Date is :23 March 2023
<B><font color = 'blue'> ==> -</font> Last Image Date is :23 March 2023
<B><font color = 'blue'> ==> -</font> ID of the Ad = 268246
<B><font color = 'blue'> ==> -</font> Clicked On Show Analytics Icon
<B><font color = 'blue'> ==> -</font> Last_Seen_ AdDetails Page= 23 March 2023
<B><font color = 'blue'> ==> -</font> Domain_Rgsd_Date AdDetails Page= 2000-10-31
    
<B><font color = 'green'> -ShortBy Newest -Ad Domain Registration Date Today Step will Start from here </font> 
<B><font color = 'orange'> Step1-</font> Clicked On Ad Domain Registration Date filter Icon
<B><font color = 'orange'> Step2 -</font> Clicked On Domain Registration Date Today Icon
<B><font color = 'orange'> Step3 -</font> Clicked On search Button Icon
<B><font color = 'orange'> Step4 -</font>  Total Ad Count is :
 
<B><font color ='red'> 1 Ad -</font>  
<B><font color = 'blue'> ==> -</font> Ads Caputure Image Date :
<B><font color = 'red'> ==> -</font> Image is not able: Oops! Looks like we don't have data for this search criteria yet.
 
<B><font color ='red'> 2 Ad -</font>  
<B><font color = 'blue'> ==> -</font> Ads Caputure Image Date :
<B><font color = 'red'> ==> -</font> Image is not able: Oops! Looks like we don't have data for this search criteria yet.
 
<B><font color ='red'> 3 Ad -</font>  
<B><font color = 'blue'> ==> -</font> Ads Caputure Image Date :
<B><font color = 'red'> ==> -</font> Image is not able: Oops! Looks like we don't have data for this search criteria yet.
 
<B><font color ='red'> 4 Ad -</font>  
<B><font color = 'blue'> ==> -</font> Ads Caputure Image Date :
<B><font color = 'red'> ==> -</font> Image is not able: Oops! Looks like we don't have data for this search criteria yet.
 
<B><font color ='red'> 5 Ad -</font>  
<B><font color = 'blue'> ==> -</font> Ads Caputure Image Date :
<B><font color = 'red'> ==> -</font> Image is not able: Oops! Looks like we don't have data for this search criteria yet.
 
<B><font color ='red'> 6 Ad -</font>  
<B><font color = 'blue'> ==> -</font> Ads Caputure Image Date :
<B><font color = 'red'> ==> -</font> Image is not able: Oops! Looks like we don't have data for this search criteria yet.
 
<B><font color ='red'> 7 Ad -</font>  
<B><font color = 'blue'> ==> -</font> Ads Caputure Image Date :
<B><font color = 'red'> ==> -</font> Image is not able: Oops! Looks like we don't have data for this search criteria yet.
 
<B><font color ='red'> 8 Ad -</font>  
<B><font color = 'blue'> ==> -</font> Ads Caputure Image Date :
<B><font color = 'red'> ==> -</font> Image is not able: Oops! Looks like we don't have data for this search criteria yet.
 
<B><font color ='red'> 9 Ad -</font>  
<B><font color = 'blue'> ==> -</font> Ads Caputure Image Date :
<B><font color = 'red'> ==> -</font> Image is not able: Oops! Looks like we don't have data for this search criteria yet.
 
<B><font color ='red'> 10 Ad -</font>  
<B><font color = 'blue'> ==> -</font> Ads Caputure Image Date :
<B><font color = 'red'> ==> -</font> Image is not able: Oops! Looks like we don't have data for this search criteria yet.
 
<B><font color ='red'> 11 Ad -</font>  
<B><font color = 'blue'> ==> -</font> Ads Caputure Image Date :
<B><font color = 'red'> ==> -</font> Image is not able: Oops! Looks like we don't have data for this search criteria yet.
 
<B><font color ='red'> 12 Ad -</font> 
<B><font color = 'blue'> ==> -</font> Ads Caputure Image Date :
<B><font color = 'red'> ==> -</font> Image is not able: Oops! Looks like we don't have data for this search criteria yet.
 
<B><font color ='red'> 13 Ad -</font> 
<B><font color = 'blue'> ==> -</font> Ads Caputure Image Date :
<B><font color = 'red'> ==> -</font> Image is not able: Oops! Looks like we don't have data for this search criteria yet.
 
<B><font color ='red'> 14 Ad -</font> 
<B><font color = 'blue'> ==> -</font> Ads Caputure Image Date :
<B><font color = 'red'> ==> -</font> Image is not able: Oops! Looks like we don't have data for this search criteria yet.
 
<B><font color ='red'> 15 Ad -</font> 
<B><font color = 'blue'> ==> -</font> Ads Caputure Image Date :
<B><font color = 'red'> ==> -</font> Image is not able: Oops! Looks like we don't have data for this search criteria yet.
   
<B><font color = 'green'> -ShortBy Newest -Ad Domain Registration Date Yesterday Step will Start from here </font> 
<B><font color = 'orange'> Step1 -</font> Clicked On Ad Domain Registration Date filter Icon
<B><font color = 'orange'> Step2 -</font> Clicked On Domain Registration Date Yesterday Icon
<B><font color = 'orange'> Step3 -</font> Clicked On search Button Icon
<B><font color = 'orange'> Step4 -</font>  Total Ad Count is :
 
<B><font color ='red'> 1 Ad -</font>  
<B><font color = 'blue'> ==> -</font> Ads Caputure Image Date :
<B><font color = 'red'> ==> -</font> Image is not able: Oops! Looks like we don't have data for this search criteria yet.
 
<B><font color ='red'> 2 Ad -</font>  
<B><font color = 'blue'> ==> -</font> Ads Caputure Image Date :
<B><font color = 'red'> ==> -</font> Image is not able: Oops! Looks like we don't have data for this search criteria yet.
 
<B><font color ='red'> 3 Ad -</font>  
<B><font color = 'blue'> ==> -</font> Ads Caputure Image Date :
<B><font color = 'red'> ==> -</font> Image is not able: Oops! Looks like we don't have data for this search criteria yet.
 
<B><font color ='red'> 4 Ad -</font>  
<B><font color = 'blue'> ==> -</font> Ads Caputure Image Date :
<B><font color = 'red'> ==> -</font> Image is not able: Oops! Looks like we don't have data for this search criteria yet.
 
<B><font color ='red'> 5 Ad -</font>  
<B><font color = 'blue'> ==> -</font> Ads Caputure Image Date :
<B><font color = 'red'> ==> -</font> Image is not able: Oops! Looks like we don't have data for this search criteria yet.
 
<B><font color ='red'> 6 Ad -</font>  
<B><font color = 'blue'> ==> -</font> Ads Caputure Image Date :
<B><font color = 'red'> ==> -</font> Image is not able: Oops! Looks like we don't have data for this search criteria yet.
 
<B><font color ='red'> 7 Ad -</font>  
<B><font color = 'blue'> ==> -</font> Ads Caputure Image Date :
<B><font color = 'red'> ==> -</font> Image is not able: Oops! Looks like we don't have data for this search criteria yet.
 
<B><font color ='red'> 8 Ad -</font>  
<B><font color = 'blue'> ==> -</font> Ads Caputure Image Date :
<B><font color = 'red'> ==> -</font> Image is not able: Oops! Looks like we don't have data for this search criteria yet.
 
<B><font color ='red'> 9 Ad -</font>  
<B><font color = 'blue'> ==> -</font> Ads Caputure Image Date :
<B><font color = 'red'> ==> -</font> Image is not able: Oops! Looks like we don't have data for this search criteria yet.
 
<B><font color ='red'> 10 Ad -</font>  
<B><font color = 'blue'> ==> -</font> Ads Caputure Image Date :
<B><font color = 'red'> ==> -</font> Image is not able: Oops! Looks like we don't have data for this search criteria yet.
 
<B><font color ='red'> 11 Ad -</font>  
<B><font color = 'blue'> ==> -</font> Ads Caputure Image Date :
<B><font color = 'red'> ==> -</font> Image is not able: Oops! Looks like we don't have data for this search criteria yet.
 
<B><font color ='red'> 12 Ad -</font> 
<B><font color = 'blue'> ==> -</font> Ads Caputure Image Date :
<B><font color = 'red'> ==> -</font> Image is not able: Oops! Looks like we don't have data for this search criteria yet.
 
<B><font color ='red'> 13 Ad -</font> 
<B><font color = 'blue'> ==> -</font> Ads Caputure Image Date :
<B><font color = 'red'> ==> -</font> Image is not able: Oops! Looks like we don't have data for this search criteria yet.
 
<B><font color ='red'> 14 Ad -</font> 
<B><font color = 'blue'> ==> -</font> Ads Caputure Image Date :
<B><font color = 'red'> ==> -</font> Image is not able: Oops! Looks like we don't have data for this search criteria yet.
 
<B><font color ='red'> 15 Ad -</font> 
<B><font color = 'blue'> ==> -</font> Ads Caputure Image Date :
<B><font color = 'red'> ==> -</font> Image is not able: Oops! Looks like we don't have data for this search criteria yet.
      
<B><font color = 'green'> -ShortBy Newest -Ad Domain Registration Date Last 7 Days Step will Start from here </font> 
<B><font color = 'orange'> Step1 -</font> Clicked On Ad Domain Registration Date filter Icon
<B><font color = 'orange'> Step2 -</font> Clicked On Domain Registration Date Last 7 Days Icon
<B><font color = 'orange'> Step3 -</font> Clicked On search Button Icon
<B><font color = 'orange'> Step4 -</font>  Total Ad Count is :
 
<B><font color ='red'> 1 Ad -</font>  
<B><font color = 'blue'> ==> -</font> Ads Caputure Image Date :
<B><font color = 'red'> ==> -</font> Image is not able: Oops! Looks like we don't have data for this search criteria yet.
 
<B><font color ='red'> 2 Ad -</font>  
<B><font color = 'blue'> ==> -</font> Ads Caputure Image Date :
<B><font color = 'red'> ==> -</font> Image is not able: Oops! Looks like we don't have data for this search criteria yet.
 
<B><font color ='red'> 3 Ad -</font>  
<B><font color = 'blue'> ==> -</font> Ads Caputure Image Date :
<B><font color = 'red'> ==> -</font> Image is not able: Oops! Looks like we don't have data for this search criteria yet.
 
<B><font color ='red'> 4 Ad -</font>  
<B><font color = 'blue'> ==> -</font> Ads Caputure Image Date :
<B><font color = 'red'> ==> -</font> Image is not able: Oops! Looks like we don't have data for this search criteria yet.
 
<B><font color ='red'> 5 Ad -</font>  
<B><font color = 'blue'> ==> -</font> Ads Caputure Image Date :
<B><font color = 'red'> ==> -</font> Image is not able: Oops! Looks like we don't have data for this search criteria yet.
 
<B><font color ='red'> 6 Ad -</font>  
<B><font color = 'blue'> ==> -</font> Ads Caputure Image Date :
<B><font color = 'red'> ==> -</font> Image is not able: Oops! Looks like we don't have data for this search criteria yet.
 
<B><font color ='red'> 7 Ad -</font>  
<B><font color = 'blue'> ==> -</font> Ads Caputure Image Date :
<B><font color = 'red'> ==> -</font> Image is not able: Oops! Looks like we don't have data for this search criteria yet.
 
<B><font color ='red'> 8 Ad -</font>  
<B><font color = 'blue'> ==> -</font> Ads Caputure Image Date :
<B><font color = 'red'> ==> -</font> Image is not able: Oops! Looks like we don't have data for this search criteria yet.
 
<B><font color ='red'> 9 Ad -</font>  
<B><font color = 'blue'> ==> -</font> Ads Caputure Image Date :
<B><font color = 'red'> ==> -</font> Image is not able: Oops! Looks like we don't have data for this search criteria yet.
 
<B><font color ='red'> 10 Ad -</font>  
<B><font color = 'blue'> ==> -</font> Ads Caputure Image Date :
<B><font color = 'red'> ==> -</font> Image is not able: Oops! Looks like we don't have data for this search criteria yet.
 
<B><font color ='red'> 11 Ad -</font>  
<B><font color = 'blue'> ==> -</font> Ads Caputure Image Date :
<B><font color = 'red'> ==> -</font> Image is not able: Oops! Looks like we don't have data for this search criteria yet.
 
<B><font color ='red'> 12 Ad -</font> 
<B><font color = 'blue'> ==> -</font> Ads Caputure Image Date :
<B><font color = 'red'> ==> -</font> Image is not able: Oops! Looks like we don't have data for this search criteria yet.
 
<B><font color ='red'> 13 Ad -</font> 
<B><font color = 'blue'> ==> -</font> Ads Caputure Image Date :
<B><font color = 'red'> ==> -</font> Image is not able: Oops! Looks like we don't have data for this search criteria yet.
 
<B><font color ='red'> 14 Ad -</font> 
<B><font color = 'blue'> ==> -</font> Ads Caputure Image Date :
<B><font color = 'red'> ==> -</font> Image is not able: Oops! Looks like we don't have data for this search criteria yet.
 
<B><font color ='red'> 15 Ad -</font> 
<B><font color = 'blue'> ==> -</font> Ads Caputure Image Date :
<B><font color = 'red'> ==> -</font> Image is not able: Oops! Looks like we don't have data for this search criteria yet.
      
<B><font color = 'green'> -ShortBy Newest -Ad Domain Registration Date Last 30 Days Step will Start from here </font> 
<B><font color = 'orange'> Step1 -</font> Clicked On Ad Domain Registration Date filter Icon
<B><font color = 'orange'> Step2 -</font> Clicked On Domain Registration Date Last 30 Days Icon
<B><font color = 'orange'> Step3 -</font> Clicked On search Button Icon
<B><font color = 'orange'> Step4 -</font>  Total Ad Count is :
 
<B><font color ='red'> 1 Ad -</font>  
<B><font color = 'blue'> ==> -</font> Ads Caputure Image Date :
<B><font color = 'red'> ==> -</font> Image is not able: Oops! Looks like we don't have data for this search criteria yet.
 
<B><font color ='red'> 2 Ad -</font>  
<B><font color = 'blue'> ==> -</font> Ads Caputure Image Date :
<B><font color = 'red'> ==> -</font> Image is not able: Oops! Looks like we don't have data for this search criteria yet.
 
<B><font color ='red'> 3 Ad -</font>  
<B><font color = 'blue'> ==> -</font> Ads Caputure Image Date :
<B><font color = 'red'> ==> -</font> Image is not able: Oops! Looks like we don't have data for this search criteria yet.
 
<B><font color ='red'> 4 Ad -</font>  
<B><font color = 'blue'> ==> -</font> Ads Caputure Image Date :
<B><font color = 'red'> ==> -</font> Image is not able: Oops! Looks like we don't have data for this search criteria yet.
 
<B><font color ='red'> 5 Ad -</font>  
<B><font color = 'blue'> ==> -</font> Ads Caputure Image Date :
<B><font color = 'red'> ==> -</font> Image is not able: Oops! Looks like we don't have data for this search criteria yet.
 
<B><font color ='red'> 6 Ad -</font>  
<B><font color = 'blue'> ==> -</font> Ads Caputure Image Date :
<B><font color = 'red'> ==> -</font> Image is not able: Oops! Looks like we don't have data for this search criteria yet.
 
<B><font color ='red'> 7 Ad -</font>  
<B><font color = 'blue'> ==> -</font> Ads Caputure Image Date :
<B><font color = 'red'> ==> -</font> Image is not able: Oops! Looks like we don't have data for this search criteria yet.
 
<B><font color ='red'> 8 Ad -</font>  
<B><font color = 'blue'> ==> -</font> Ads Caputure Image Date :
<B><font color = 'red'> ==> -</font> Image is not able: Oops! Looks like we don't have data for this search criteria yet.
 
<B><font color ='red'> 9 Ad -</font>  
<B><font color = 'blue'> ==> -</font> Ads Caputure Image Date :
<B><font color = 'red'> ==> -</font> Image is not able: Oops! Looks like we don't have data for this search criteria yet.
 
<B><font color ='red'> 10 Ad -</font>  
<B><font color = 'blue'> ==> -</font> Ads Caputure Image Date :
<B><font color = 'red'> ==> -</font> Image is not able: Oops! Looks like we don't have data for this search criteria yet.
 
<B><font color ='red'> 11 Ad -</font>  
<B><font color = 'blue'> ==> -</font> Ads Caputure Image Date :
<B><font color = 'red'> ==> -</font> Image is not able: Oops! Looks like we don't have data for this search criteria yet.
 
<B><font color ='red'> 12 Ad -</font> 
<B><font color = 'blue'> ==> -</font> Ads Caputure Image Date :
<B><font color = 'red'> ==> -</font> Image is not able: Oops! Looks like we don't have data for this search criteria yet.
 
<B><font color ='red'> 13 Ad -</font> 
<B><font color = 'blue'> ==> -</font> Ads Caputure Image Date :
<B><font color = 'red'> ==> -</font> Image is not able: Oops! Looks like we don't have data for this search criteria yet.
 
<B><font color ='red'> 14 Ad -</font> 
<B><font color = 'blue'> ==> -</font> Ads Caputure Image Date :
<B><font color = 'red'> ==> -</font> Image is not able: Oops! Looks like we don't have data for this search criteria yet.
 
<B><font color ='red'> 15 Ad -</font> 
<B><font color = 'blue'> ==> -</font> Ads Caputure Image Date :
<B><font color = 'red'> ==> -</font> Image is not able: Oops! Looks like we don't have data for this search criteria yet.
      
<B><font color = 'green'> -ShortBy Newest -Ad Domain Registration Date This Month  Step will Start from here </font> 
<B><font color = 'orange'> Step1 -</font> Clicked On Ad Domain Registration Date filter Icon
<B><font color = 'orange'> Step2 -</font> Clicked On Domain Registration Date This Month Icon
<B><font color = 'orange'> Step3 -</font> Clicked On search Button Icon
<B><font color = 'orange'> Step4 -</font>  Total Ad Count is :
 
<B><font color ='red'> 1 Ad -</font>  
<B><font color = 'blue'> ==> -</font> Ads Caputure Image Date :
<B><font color = 'red'> ==> -</font> Image is not able: Oops! Looks like we don't have data for this search criteria yet.
 
<B><font color ='red'> 2 Ad -</font>  
<B><font color = 'blue'> ==> -</font> Ads Caputure Image Date :
<B><font color = 'red'> ==> -</font> Image is not able: Oops! Looks like we don't have data for this search criteria yet.
 
<B><font color ='red'> 3 Ad -</font>  
<B><font color = 'blue'> ==> -</font> Ads Caputure Image Date :
<B><font color = 'red'> ==> -</font> Image is not able: Oops! Looks like we don't have data for this search criteria yet.
 
<B><font color ='red'> 4 Ad -</font>  
<B><font color = 'blue'> ==> -</font> Ads Caputure Image Date :
<B><font color = 'red'> ==> -</font> Image is not able: Oops! Looks like we don't have data for this search criteria yet.
 
<B><font color ='red'> 5 Ad -</font>  
<B><font color = 'blue'> ==> -</font> Ads Caputure Image Date :
<B><font color = 'red'> ==> -</font> Image is not able: Oops! Looks like we don't have data for this search criteria yet.
 
<B><font color ='red'> 6 Ad -</font>  
<B><font color = 'blue'> ==> -</font> Ads Caputure Image Date :
<B><font color = 'red'> ==> -</font> Image is not able: Oops! Looks like we don't have data for this search criteria yet.
 
<B><font color ='red'> 7 Ad -</font>  
<B><font color = 'blue'> ==> -</font> Ads Caputure Image Date :
<B><font color = 'red'> ==> -</font> Image is not able: Oops! Looks like we don't have data for this search criteria yet.
 
<B><font color ='red'> 8 Ad -</font>  
<B><font color = 'blue'> ==> -</font> Ads Caputure Image Date :
<B><font color = 'red'> ==> -</font> Image is not able: Oops! Looks like we don't have data for this search criteria yet.
 
<B><font color ='red'> 9 Ad -</font>  
<B><font color = 'blue'> ==> -</font> Ads Caputure Image Date :
<B><font color = 'red'> ==> -</font> Image is not able: Oops! Looks like we don't have data for this search criteria yet.
 
<B><font color ='red'> 10 Ad -</font>  
<B><font color = 'blue'> ==> -</font> Ads Caputure Image Date :
<B><font color = 'red'> ==> -</font> Image is not able: Oops! Looks like we don't have data for this search criteria yet.
 
<B><font color ='red'> 11 Ad -</font>  
<B><font color = 'blue'> ==> -</font> Ads Caputure Image Date :
<B><font color = 'red'> ==> -</font> Image is not able: Oops! Looks like we don't have data for this search criteria yet.
 
<B><font color ='red'> 12 Ad -</font> 
<B><font color = 'blue'> ==> -</font> Ads Caputure Image Date :
<B><font color = 'red'> ==> -</font> Image is not able: Oops! Looks like we don't have data for this search criteria yet.
 
<B><font color ='red'> 13 Ad -</font> 
<B><font color = 'blue'> ==> -</font> Ads Caputure Image Date :
<B><font color = 'red'> ==> -</font> Image is not able: Oops! Looks like we don't have data for this search criteria yet.
 
<B><font color ='red'> 14 Ad -</font> 
<B><font color = 'blue'> ==> -</font> Ads Caputure Image Date :
<B><font color = 'red'> ==> -</font> Image is not able: Oops! Looks like we don't have data for this search criteria yet.
 
<B><font color ='red'> 15 Ad -</font> 
<B><font color = 'blue'> ==> -</font> Ads Caputure Image Date :
<B><font color = 'red'> ==> -</font> Image is not able: Oops! Looks like we don't have data for this search criteria yet.
      
<B><font color = 'green'> -ShortBy Newest -Ad Domain Registration Date Last Month  Step will Start from here </font> 
<B><font color = 'orange'> Step1 -</font> Clicked On Ad Domain Registration Date filter Icon
<B><font color = 'orange'> Step2 -</font> Clicked On Domain Registration Date  Last month Icon
<B><font color = 'orange'> Step3 -</font> Clicked On search Button Icon
<B><font color = 'orange'> Step4 -</font>  Total Ad Count is :
 
<B><font color ='red'> 1 Ad -</font>  
<B><font color = 'blue'> ==> -</font> Ads Caputure Image Date :
<B><font color = 'red'> ==> -</font> Image is not able: Oops! Looks like we don't have data for this search criteria yet.
 
<B><font color ='red'> 2 Ad -</font>  
<B><font color = 'blue'> ==> -</font> Ads Caputure Image Date :
<B><font color = 'red'> ==> -</font> Image is not able: Oops! Looks like we don't have data for this search criteria yet.
 
<B><font color ='red'> 3 Ad -</font>  
<B><font color = 'blue'> ==> -</font> Ads Caputure Image Date :
<B><font color = 'red'> ==> -</font> Image is not able: Oops! Looks like we don't have data for this search criteria yet.
 
<B><font color ='red'> 4 Ad -</font>  
<B><font color = 'blue'> ==> -</font> Ads Caputure Image Date :
<B><font color = 'red'> ==> -</font> Image is not able: Oops! Looks like we don't have data for this search criteria yet.
 
<B><font color ='red'> 5 Ad -</font>  
<B><font color = 'blue'> ==> -</font> Ads Caputure Image Date :
<B><font color = 'red'> ==> -</font> Image is not able: Oops! Looks like we don't have data for this search criteria yet.
 
<B><font color ='red'> 6 Ad -</font>  
<B><font color = 'blue'> ==> -</font> Ads Caputure Image Date :
<B><font color = 'red'> ==> -</font> Image is not able: Oops! Looks like we don't have data for this search criteria yet.
 
<B><font color ='red'> 7 Ad -</font>  
<B><font color = 'blue'> ==> -</font> Ads Caputure Image Date :
<B><font color = 'red'> ==> -</font> Image is not able: Oops! Looks like we don't have data for this search criteria yet.
 
<B><font color ='red'> 8 Ad -</font>  
<B><font color = 'blue'> ==> -</font> Ads Caputure Image Date :
<B><font color = 'red'> ==> -</font> Image is not able: Oops! Looks like we don't have data for this search criteria yet.
 
<B><font color ='red'> 9 Ad -</font>  
<B><font color = 'blue'> ==> -</font> Ads Caputure Image Date :
<B><font color = 'red'> ==> -</font> Image is not able: Oops! Looks like we don't have data for this search criteria yet.
 
<B><font color ='red'> 10 Ad -</font>  
<B><font color = 'blue'> ==> -</font> Ads Caputure Image Date :
<B><font color = 'red'> ==> -</font> Image is not able: Oops! Looks like we don't have data for this search criteria yet.
 
<B><font color ='red'> 11 Ad -</font>  
<B><font color = 'blue'> ==> -</font> Ads Caputure Image Date :
<B><font color = 'red'> ==> -</font> Image is not able: Oops! Looks like we don't have data for this search criteria yet.
 
<B><font color ='red'> 12 Ad -</font> 
<B><font color = 'blue'> ==> -</font> Ads Caputure Image Date :
<B><font color = 'red'> ==> -</font> Image is not able: Oops! Looks like we don't have data for this search criteria yet.
 
<B><font color ='red'> 13 Ad -</font> 
<B><font color = 'blue'> ==> -</font> Ads Caputure Image Date :
<B><font color = 'red'> ==> -</font> Image is not able: Oops! Looks like we don't have data for this search criteria yet.
 
<B><font color ='red'> 14 Ad -</font> 
<B><font color = 'blue'> ==> -</font> Ads Caputure Image Date :
<B><font color = 'red'> ==> -</font> Image is not able: Oops! Looks like we don't have data for this search criteria yet.
 
<B><font color ='red'> 15 Ad -</font> 
<B><font color = 'blue'> ==> -</font> Ads Caputure Image Date :
<B><font color = 'red'> ==> -</font> Image is not able: Oops! Looks like we don't have data for this search criteria yet.]]>
  </system-out>
</testsuite> <!-- com.power.testcases.Verify_Gdn_Domain_Registration_Date_TestScript -->
