<?xml version="1.0" encoding="UTF-8"?>
<!-- Generated by org.testng.reporters.JUnitReportReporter -->
<testsuite hostname="GLB-459-PC" failures="0" tests="1" name="com.power.testcases.Verify_Gdn_Functionality_Of_RightSide_Icon_TestScript" time="175.371" errors="0" timestamp="2023-02-23T11:00:14 IST" skipped="0">
  <testcase classname="com.power.testcases.Verify_Gdn_Functionality_Of_RightSide_Icon_TestScript" name="Gdn_Functionality_Of_RightSide_Icon_TestScript" time="175.371"/>
  <system-out>
    <![CDATA[<B><font color = 'purple'> Step1 -</font> Logged into PowerAdSpy Application
<B><font color = 'purple'> Step3 -</font> Power Ad Spy Logo is Displayed
<B><font color = 'purple'> Step2 -</font> I am on the page :PowerAdSpy | Facebook Dashboard
<B><font color = 'purple'> Step4 -</font> Clicked On GDN  Icon
    
<B><font color = 'red'> - Invited Firend step start here </font>
<B><font color = 'purple'> Step4 -</font> Clicked On GDN  Icon
<B><font color = 'orange'> Step2 -</font> Clicked On Invited Firend Icon
<B><font color = 'orange'> Step3 -</font> Invited Firend: PowerAdSpy | Invite Friend
<B><font color = 'orange'> Step4 -</font> Send mail ID To Text Field.
<B><font color = 'orange'> Step5 -</font> chooseFile To Text Field.
<B><font color = 'orange'> Step6 -</font> ChooseFile Click.
<B><font color = 'orange'> Step6 -</font> Popup Message click
<B><font color = 'red'> - Invited Firend step start here </font>
<B><font color = 'purple'> Step4 -</font> Clicked On GDN  Icon
<B><font color = 'orange'> Step2 -</font> Clicked On YouTube Icon
<B><font color = 'orange'> Step3 -</font> Displayed YouTube: PowerAdSpy - YouTube
<B><font color = 'red'> - Invited Firend step start here </font>
<B><font color = 'purple'> Step4 -</font> Clicked On GDN  Icon
<B><font color = 'orange'> Step2 -</font> Clicked On  Twitter Icon
<B><font color = 'orange'> Step3 -</font> Displayed Twitter: Compose new Tweet / Twitter
<B><font color = 'red'> - Invited Firend step start here </font>
<B><font color = 'purple'> Step4 -</font> Clicked On GDN  Icon
<B><font color = 'orange'> Step2 -</font> Clicked On  Book Demo Icon
<B><font color = 'orange'> Step3 -</font> Displayed Book Demo: Book A Demo - PowerAdSpy
 ]]>
  </system-out>
</testsuite> <!-- com.power.testcases.Verify_Gdn_Functionality_Of_RightSide_Icon_TestScript -->
