<?xml version="1.0" encoding="UTF-8"?>
<!-- Generated by org.testng.reporters.JUnitReportReporter -->
<testsuite hostname="GLB-459-PC" failures="0" tests="1" name="com.power.testcases.Verify_Pinterest_Dasboard_SortBy" time="709.464" errors="0" timestamp="2023-03-29T17:35:30 IST" skipped="0">
  <testcase classname="com.power.testcases.Verify_Pinterest_Dasboard_SortBy" name="verify_sortBy" time="709.464"/>
  <system-out>
    <![CDATA[<B><font color = 'Burgundy'> Step1 -</font> Logged into PowerAdSpy Application
<B><font color = 'Burgundy'> Step2 -</font> I am on the page :PowerAdSpy | Facebook Dashboard
<B><font color = 'Burgundy'> Step3 -</font> Power Ad Spy Logo is Displayed
<B><font color = 'Burgundy'> Step4 -</font> Clicked On pinterest Icon
<B><font color = 'purple'> Step5 -</font> I am on the page :PowerAdSpy | Pinterest Dashboard

<B><font color = 'green'> Newest field -</font> 
<B><font color = 'orange'> Step 1 -</font> Clicked On clear search.
<B><font color = 'orange'> Step 2 -</font> Clicked On sortBy.
<B><font color = 'orange'> Step 3 -</font> Clicked On Newest button.
<B><font color = 'orange'> Step 4 -</font> Clicked On Search Bar.
<B><font color = 'orange'> Step 5 -</font> Total_Ads_Count_newest= 4933

<B><font color = 'Blue-Violet'> 1st Ad -</font> 
<B><font color = 'blue'> ==> -</font> CurrentDatenewest Image in Pinterest DashBoard= 22 March 2023
<B><font color = 'blue'> ==> -</font> ID of the Ad = 101520
<B><font color = 'blue'> ==> -</font> Clicked on showAnalytics Button
<B><font color = 'blue'> ==> -</font> LastScene_date AdDetails Page= 22 March 2023
<B><font color = 'blue'> ==> -</font> Image Date =  22 March 2023    ::    Last Seeen Date = 22 March 2023  are same == PASS

<B><font color = 'Blue-Violet'> 2st Ad -</font> 
<B><font color = 'blue'> ==> -</font> CurrentDatenewest Image in Pinterest DashBoard= 22 March 2023
<B><font color = 'blue'> ==> -</font> ID of the Ad = 101519
<B><font color = 'blue'> ==> -</font> Clicked on showAnalytics Button
<B><font color = 'blue'> ==> -</font> LastScene_date AdDetails Page= 22 March 2023
<B><font color = 'blue'> ==> -</font> Image Date =  22 March 2023    ::    Last Seeen Date = 22 March 2023  are same == PASS

<B><font color = 'Blue-Violet'> 3th Ad -</font> 
<B><font color = 'blue'> ==> -</font> CurrentDatenewest Image in Pinterest DashBoard= 22 March 2023
<B><font color = 'blue'> ==> -</font> ID of the Ad = 101518
<B><font color = 'blue'> ==> -</font> Clicked on showAnalytics Button
<B><font color = 'blue'> ==> -</font> LastScene_date AdDetails Page= 22 March 2023
<B><font color = 'blue'> ==> -</font> Image Date =  22 March 2023    ::    Last Seeen Date = 22 March 2023  are same == PASS

<B><font color = 'Blue-Violet'> 4th Ad -</font> 
<B><font color = 'blue'> ==> -</font> CurrentDatenewest Image in Pinterest DashBoard= 22 March 2023
<B><font color = 'blue'> ==> -</font> ID of the Ad = 101517
<B><font color = 'blue'> ==> -</font> Clicked on showAnalytics Button
<B><font color = 'blue'> ==> -</font> LastScene_date AdDetails Page= 22 March 2023
<B><font color = 'blue'> ==> -</font> Image Date =  22 March 2023    ::    Last Seeen Date = 22 March 2023  are same == PASS

<B><font color = 'Blue-Violet'> 5th Ad -</font> 
<B><font color = 'blue'> ==> -</font> CurrentDatenewest Image in Pinterest DashBoard= 22 March 2023
<B><font color = 'blue'> ==> -</font> ID of the Ad = 101516
<B><font color = 'blue'> ==> -</font> Clicked on showAnalytics Button
<B><font color = 'blue'> ==> -</font> LastScene_date AdDetails Page= 22 March 2023
<B><font color = 'blue'> ==> -</font> Image Date =  22 March 2023    ::    Last Seeen Date = 22 March 2023  are same == PASS

<B><font color = 'Blue-Violet'> 6th Ad -</font> 
<B><font color = 'blue'> ==> -</font> CurrentDatenewest Image in Pinterest DashBoard= 22 March 2023
<B><font color = 'blue'> ==> -</font> ID of the Ad = 101515
<B><font color = 'blue'> ==> -</font> Clicked on showAnalytics Button
<B><font color = 'blue'> ==> -</font> LastScene_date AdDetails Page= 22 March 2023
<B><font color = 'blue'> ==> -</font> Image Date =  22 March 2023    ::    Last Seeen Date = 22 March 2023  are same == PASS

<B><font color = 'Blue-Violet'> 7th Ad -</font> 
<B><font color = 'blue'> ==> -</font> CurrentDatenewest Image in Pinterest DashBoard= 22 March 2023
<B><font color = 'blue'> ==> -</font> ID of the Ad = 101514
<B><font color = 'blue'> ==> -</font> Clicked on showAnalytics Button
<B><font color = 'blue'> ==> -</font> LastScene_date AdDetails Page= 22 March 2023
<B><font color = 'blue'> ==> -</font> Image Date =  22 March 2023    ::    Last Seeen Date = 22 March 2023  are same == PASS

<B><font color = 'Blue-Violet'> 8th Ad -</font> 
<B><font color = 'blue'> ==> -</font> CurrentDatenewest Image in Pinterest DashBoard= 22 March 2023
<B><font color = 'blue'> ==> -</font> ID of the Ad = 101513
<B><font color = 'blue'> ==> -</font> Clicked on showAnalytics Button
<B><font color = 'blue'> ==> -</font> LastScene_date AdDetails Page= 22 March 2023
<B><font color = 'blue'> ==> -</font> Image Date =  22 March 2023    ::    Last Seeen Date = 22 March 2023  are same == PASS

<B><font color = 'Blue-Violet'> 9th Ad -</font> 
<B><font color = 'blue'> ==> -</font> CurrentDatenewest Image in Pinterest DashBoard= 22 March 2023
<B><font color = 'blue'> ==> -</font> ID of the Ad = 101512
<B><font color = 'blue'> ==> -</font> Clicked on showAnalytics Button
<B><font color = 'blue'> ==> -</font> LastScene_date AdDetails Page= 22 March 2023
<B><font color = 'blue'> ==> -</font> Image Date =  22 March 2023    ::    Last Seeen Date = 22 March 2023  are same == PASS

<B><font color = 'Blue-Violet'> 10th Ad -</font> 
<B><font color = 'blue'> ==> -</font> CurrentDatenewest Image in Pinterest DashBoard= 22 March 2023
<B><font color = 'blue'> ==> -</font> ID of the Ad = 101511
<B><font color = 'blue'> ==> -</font> Clicked on showAnalytics Button
<B><font color = 'blue'> ==> -</font> LastScene_date AdDetails Page= 22 March 2023
<B><font color = 'blue'> ==> -</font> Image Date =  22 March 2023    ::    Last Seeen Date = 22 March 2023  are same == PASS

<B><font color = 'Blue-Violet'> 11th Ad -</font> 
<B><font color = 'blue'> ==> -</font> CurrentDatenewest Image in Pinterest DashBoard= 22 March 2023
<B><font color = 'blue'> ==> -</font> ID of the Ad = 101510
<B><font color = 'blue'> ==> -</font> Clicked on showAnalytics Button
<B><font color = 'blue'> ==> -</font> LastScene_date AdDetails Page= 22 March 2023
<B><font color = 'blue'> ==> -</font> Image Date =  22 March 2023    ::    Last Seeen Date = 22 March 2023  are same == PASS

<B><font color = 'Blue-Violet'> 12th Ad -</font> 
<B><font color = 'blue'> ==> -</font> CurrentDatenewest Image in Pinterest DashBoard= 22 March 2023
<B><font color = 'blue'> ==> -</font> ID of the Ad = 101509
<B><font color = 'blue'> ==> -</font> Clicked on showAnalytics Button
<B><font color = 'blue'> ==> -</font> LastScene_date AdDetails Page= 22 March 2023
<B><font color = 'blue'> ==> -</font> Image Date =  22 March 2023    ::    Last Seeen Date = 22 March 2023  are same == PASS

<B><font color = 'Blue-Violet'> 13th Ad -</font> 
<B><font color = 'blue'> ==> -</font> CurrentDatenewest Image in Pinterest DashBoard= 22 March 2023
<B><font color = 'blue'> ==> -</font> ID of the Ad = 101508
<B><font color = 'blue'> ==> -</font> Clicked on showAnalytics Button
<B><font color = 'blue'> ==> -</font> LastScene_date AdDetails Page= 22 March 2023
<B><font color = 'blue'> ==> -</font> Image Date =  22 March 2023    ::    Last Seeen Date = 22 March 2023  are same == PASS

<B><font color = 'Blue-Violet'> 14th Ad -</font> 
<B><font color = 'blue'> ==> -</font> CurrentDatenewest Image in Pinterest DashBoard= 22 March 2023
<B><font color = 'blue'> ==> -</font> ID of the Ad = 101507
<B><font color = 'blue'> ==> -</font> Clicked on showAnalytics Button
<B><font color = 'blue'> ==> -</font> LastScene_date AdDetails Page= 22 March 2023
<B><font color = 'blue'> ==> -</font> Image Date =  22 March 2023    ::    Last Seeen Date = 22 March 2023  are same == PASS

<B><font color = 'Blue-Violet'> 15th Ad -</font> 
<B><font color = 'blue'> ==> -</font> CurrentDatenewest Image in Pinterest DashBoard= 22 March 2023
<B><font color = 'blue'> ==> -</font> ID of the Ad = 101506
<B><font color = 'blue'> ==> -</font> Clicked on showAnalytics Button
<B><font color = 'blue'> ==> -</font> LastScene_date AdDetails Page= 22 March 2023
<B><font color = 'blue'> ==> -</font> Image Date =  22 March 2023    ::    Last Seeen Date = 22 March 2023  are same == PASS

<B><font color = 'green'> LastSeen field -</font>
<B><font color = 'orange'> Step 1 -</font> Clicked On clear search.
<B><font color = 'orange'> Step 2 -</font> Clicked On sortBy.
<B><font color = 'orange'> Step 3 -</font> Clicked On lastSeen_Button.
<B><font color = 'orange'> Step 4 -</font> Clicked On Search Bar.
<B><font color = 'orange'> Step 5 -</font> Total_Ads_Count_lastseen= 4933

<B><font color = 'Blue-Violet'> 1st Ad -</font> 
<B><font color = 'blue'> ==> -</font> CurrentDateLatest Image in Instagram DashBoard = 22 March 2023
<B><font color = 'blue'> ==> -</font> ID of the Ad = 101520
<B><font color = 'blue'> ==> -</font> Clicked on showAnalytics Button
<B><font color = 'blue'> ==> -</font> Clicked on lastSeenDate1 = 22 March 2023
<B><font color = 'blue'> ==> -</font> Image Date =  22 March 2023    ::    Last Seeen Date = 22 March 2023  are same == PASS

<B><font color = 'Blue-Violet'> 2nd Ad -</font> 
<B><font color = 'blue'> ==> -</font> CurrentDateLatest Image in Instagram DashBoard = 22 March 2023
<B><font color = 'blue'> ==> -</font> ID of the Ad = 101519
<B><font color = 'blue'> ==> -</font> Clicked on showAnalytics Button
<B><font color = 'blue'> ==> -</font> Clicked on lastSeenDate1 = 22 March 2023
<B><font color = 'blue'> ==> -</font> Image Date =  22 March 2023    ::    Last Seeen Date = 22 March 2023  are same == PASS

<B><font color = 'Blue-Violet'> 3rd Ad -</font> 
<B><font color = 'blue'> ==> -</font> CurrentDateLatest Image in Instagram DashBoard = 22 March 2023
<B><font color = 'blue'> ==> -</font> ID of the Ad = 101518
<B><font color = 'blue'> ==> -</font> Clicked on showAnalytics Button
<B><font color = 'blue'> ==> -</font> Clicked on lastSeenDate1 = 22 March 2023
<B><font color = 'blue'> ==> -</font> Image Date =  22 March 2023    ::    Last Seeen Date = 22 March 2023  are same == PASS

<B><font color = 'Blue-Violet'> 4th Ad -</font> 
<B><font color = 'blue'> ==> -</font> CurrentDateLatest Image in Instagram DashBoard = 22 March 2023
<B><font color = 'blue'> ==> -</font> ID of the Ad = 101098
<B><font color = 'blue'> ==> -</font> Clicked on showAnalytics Button
<B><font color = 'blue'> ==> -</font> Clicked on lastSeenDate1 = 22 March 2023
<B><font color = 'blue'> ==> -</font> Image Date =  22 March 2023    ::    Last Seeen Date = 22 March 2023  are same == PASS

<B><font color = 'Blue-Violet'> 5th Ad -</font> 
<B><font color = 'blue'> ==> -</font> CurrentDateLatest Image in Instagram DashBoard = 22 March 2023
<B><font color = 'blue'> ==> -</font> ID of the Ad = 101517
<B><font color = 'blue'> ==> -</font> Clicked on showAnalytics Button
<B><font color = 'blue'> ==> -</font> Clicked on lastSeenDate = 22 March 2023
<B><font color = 'blue'> ==> -</font> Image Date =  22 March 2023    ::    Last Seeen Date = 22 March 2023  are same == PASS

<B><font color = 'Blue-Violet'> 6th Ad -</font> 
<B><font color = 'blue'> ==> -</font> CurrentDateLatest Image in Instagram DashBoard = 22 March 2023
<B><font color = 'blue'> ==> -</font> ID of the Ad = 101516
<B><font color = 'blue'> ==> -</font> Clicked on showAnalytics Button
<B><font color = 'blue'> ==> -</font> Clicked on lastSeenDate = 22 March 2023
<B><font color = 'blue'> ==> -</font> Image Date =  22 March 2023    ::    Last Seeen Date = 22 March 2023  are same == PASS

<B><font color = 'Blue-Violet'> 7th Ad -</font> 
<B><font color = 'blue'> ==> -</font> CurrentDateLatest Image in Instagram DashBoard = 22 March 2023
<B><font color = 'blue'> ==> -</font> ID of the Ad = 97155
<B><font color = 'blue'> ==> -</font> Clicked on showAnalytics Button
<B><font color = 'blue'> ==> -</font> Clicked on lastSeenDate = 22 March 2023
<B><font color = 'blue'> ==> -</font> Image Date =  22 March 2023    ::    Last Seeen Date = 22 March 2023  are same == PASS

<B><font color = 'Blue-Violet'> 8th Ad -</font> 
<B><font color = 'blue'> ==> -</font> CurrentDateLatest Image in Instagram DashBoard = 22 March 2023
<B><font color = 'blue'> ==> -</font> ID of the Ad = 100854
<B><font color = 'blue'> ==> -</font> Clicked on showAnalytics Button
<B><font color = 'blue'> ==> -</font> Clicked on lastSeenDate = 22 March 2023
<B><font color = 'blue'> ==> -</font> Image Date =  22 March 2023    ::    Last Seeen Date = 22 March 2023  are same == PASS

<B><font color = 'Blue-Violet'> 9th Ad -</font> 
<B><font color = 'blue'> ==> -</font> CurrentDateLatest Image in Instagram DashBoard = 22 March 2023
<B><font color = 'blue'> ==> -</font> ID of the Ad = 101513
<B><font color = 'blue'> ==> -</font> Clicked on showAnalytics Button
<B><font color = 'blue'> ==> -</font> Clicked on lastSeenDate = 22 March 2023
<B><font color = 'blue'> ==> -</font> Image Date =  22 March 2023    ::    Last Seeen Date = 22 March 2023  are same == PASS

<B><font color = 'Blue-Violet'> 10th Ad -</font> 
<B><font color = 'blue'> ==> -</font> CurrentDateLatest Image in Instagram DashBoard = 22 March 2023
<B><font color = 'blue'> ==> -</font> ID of the Ad = 101515
<B><font color = 'blue'> ==> -</font> Clicked on showAnalytics Button
<B><font color = 'blue'> ==> -</font> Clicked on lastSeenDate = 22 March 2023
<B><font color = 'blue'> ==> -</font> Image Date =  22 March 2023    ::    Last Seeen Date = 22 March 2023  are same == PASS

<B><font color = 'Blue-Violet'> 11th Ad -</font> 
<B><font color = 'blue'> ==> -</font> CurrentDateLatest Image in Instagram DashBoard = 22 March 2023
<B><font color = 'blue'> ==> -</font> ID of the Ad = 101510
<B><font color = 'blue'> ==> -</font> Clicked on showAnalytics Button
<B><font color = 'blue'> ==> -</font> Clicked on lastSeenDate = 22 March 2023
<B><font color = 'blue'> ==> -</font> Image Date =  22 March 2023    ::    Last Seeen Date = 22 March 2023  are same == PASS

<B><font color = 'Blue-Violet'> 12th Ad -</font> 
<B><font color = 'blue'> ==> -</font> CurrentDateLatest Image in Instagram DashBoard = 22 March 2023
<B><font color = 'blue'> ==> -</font> ID of the Ad = 101514
<B><font color = 'blue'> ==> -</font> Clicked on showAnalytics Button
<B><font color = 'blue'> ==> -</font> Clicked on lastSeenDate = 22 March 2023
<B><font color = 'blue'> ==> -</font> Image Date =  22 March 2023    ::    Last Seeen Date = 22 March 2023  are same == PASS

<B><font color = 'Blue-Violet'> 13th Ad -</font> 
<B><font color = 'blue'> ==> -</font> CurrentDateLatest Image in Instagram DashBoard = 22 March 2023
<B><font color = 'blue'> ==> -</font> ID of the Ad = 101512
<B><font color = 'blue'> ==> -</font> Clicked on showAnalytics Button
<B><font color = 'blue'> ==> -</font> Clicked on lastSeenDate = 22 March 2023
<B><font color = 'blue'> ==> -</font> Image Date =  22 March 2023    ::    Last Seeen Date = 22 March 2023  are same == PASS

<B><font color = 'Blue-Violet'> 14th Ad -</font> 
<B><font color = 'blue'> ==> -</font> CurrentDateLatest Image in Instagram DashBoard = 22 March 2023
<B><font color = 'blue'> ==> -</font> ID of the Ad = 101511
<B><font color = 'blue'> ==> -</font> Clicked on showAnalytics Button
<B><font color = 'blue'> ==> -</font> Clicked on lastSeenDate = 22 March 2023
<B><font color = 'blue'> ==> -</font> Image Date =  22 March 2023    ::    Last Seeen Date = 22 March 2023  are same == PASS

<B><font color = 'Blue-Violet'> 15th Ad -</font> 
<B><font color = 'blue'> ==> -</font> CurrentDateLatest Image in Instagram DashBoard = 22 March 2023
<B><font color = 'blue'> ==> -</font> ID of the Ad = 100968
<B><font color = 'blue'> ==> -</font> Clicked on showAnalytics Button
<B><font color = 'blue'> ==> -</font> Clicked on lastSeenDate = 22 March 2023
<B><font color = 'blue'> ==> -</font> Image Date =  22 March 2023    ::    Last Seeen Date = 22 March 2023  are same == PASS

<B><font color = 'green'> Running longest field -</font> 
<B><font color = 'orange'> Step 1 -</font> Clicked On clear search.
<B><font color = 'orange'> Step 2 -</font> Clicked On sortBy.
<B><font color = 'orange'> Step 3 -</font> Clicked On runningLongest_Button.
<B><font color = 'orange'> Step 4 -</font> Clicked On Search Bar.
<B><font color = 'orange'> Step 5 -</font> Total_Ads_Count_runningLongest= 4933

<B><font color = 'Blue-Violet'> --1st Ad-- -</font> 
<B><font color = 'blue'> ==> -</font>  RunningLongest Image Date in Instagram DashBoard= 22 March 2023
<B><font color = 'blue'> ==> -</font> ID of the Ad = 97155
<B><font color = 'blue'> ==> -</font> Clicked on showAnalytics Button
<B><font color = 'blue'> ==> -</font> Clicked on total_number_Running_Days = 159 days

<B><font color = 'Blue-Violet'> --2nd Ad-- -</font> 
<B><font color = 'blue'> ==> -</font> RunningLongest Image Date in Instagram DashBoard= 15 March 2023
<B><font color = 'blue'> ==> -</font> ID of the Ad = 97190
<B><font color = 'blue'> ==> -</font> Clicked on showAnalytics Button
<B><font color = 'blue'> ==> -</font> Clicked on total_number_Running_Days = 152 days

<B><font color = 'Blue-Violet'> --3rd Ad-- -</font> 
<B><font color = 'blue'> ==> -</font> RunningLongest Image Date in Instagram DashBoard= 15 March 2023
<B><font color = 'blue'> ==> -</font> ID of the Ad = 97913
<B><font color = 'blue'> ==> -</font> Clicked on showAnalytics Button
<B><font color = 'blue'> ==> -</font> Clicked on total_number_Running_Days = 152 days

<B><font color = 'Blue-Violet'> --4th Ad-- -</font> 
<B><font color = 'blue'> ==> -</font> RunningLongest Image Date in Instagram DashBoard= null
<B><font color = 'blue'> ==> -</font> ID of the Ad = Show Analytics
<B><font color = 'blue'> ==> -</font> Clicked on showAnalytics Button
<B><font color = 'blue'> ==> -</font> Clicked on total_number_Running_Days = 129 days

<B><font color = 'Blue-Violet'> --5th Ad-- -</font> 
<B><font color = 'blue'> ==> -</font> RunningLongest Image Date in Instagram DashBoard= 22 March 2023
<B><font color = 'blue'> ==> -</font> ID of the Ad = 101098
<B><font color = 'blue'> ==> -</font> Clicked on showAnalytics Button
<B><font color = 'blue'> ==> -</font> Clicked on total_number_Running_Days = 119 days

<B><font color = 'Blue-Violet'> --6th Ad-- -</font> 
<B><font color = 'blue'> ==> -</font> RunningLongest Image Date in Instagram DashBoard= 22 March 2023
<B><font color = 'blue'> ==> -</font> ID of the Ad = 100854
<B><font color = 'blue'> ==> -</font> Clicked on showAnalytics Button
<B><font color = 'blue'> ==> -</font> Clicked on total_number_Running_Days = 119 days

<B><font color = 'Blue-Violet'> --7th Ad-- -</font> 
<B><font color = 'blue'> ==> -</font> RunningLongest Image Date in Instagram DashBoard= 22 March 2023
<B><font color = 'blue'> ==> -</font> ID of the Ad = 100968
<B><font color = 'blue'> ==> -</font> Clicked on showAnalytics Button
<B><font color = 'blue'> ==> -</font> Clicked on total_number_Running_Days = 119 days

<B><font color = 'Blue-Violet'> --8th Ad-- -</font> 
<B><font color = 'blue'> ==> -</font> RunningLongest Image Date in Instagram DashBoard= 25 January 2023
<B><font color = 'blue'> ==> -</font> ID of the Ad = 96902
<B><font color = 'blue'> ==> -</font> Clicked on showAnalytics Button
<B><font color = 'red'> ==> -</font> Clicked on total_number_Running_Days = 103 days

<B><font color = 'Blue-Violet'> --9th Ad-- -</font> 
<B><font color = 'blue'> ==> -</font> RunningLongest Image Date in Instagram DashBoard= 25 January 2023
<B><font color = 'blue'> ==> -</font> ID of the Ad = 98205
<B><font color = 'blue'> ==> -</font> Clicked on showAnalytics Button
<B><font color = 'blue'> ==> -</font> Clicked on total_number_Running_Days = 103 days

<B><font color = 'Blue-Violet'> --10th Ad-- -</font> 
<B><font color = 'blue'> ==> -</font> RunningLongest Image Date in Instagram DashBoard= 26 December 2022
<B><font color = 'blue'> ==> -</font> ID of the Ad = 96707
<B><font color = 'blue'> ==> -</font> Clicked on showAnalytics Button
<B><font color = 'red'> ==> -</font> Clicked on total_number_Running_Days = 95 days

<B><font color = 'Blue-Violet'> --11th Ad-- -</font> 
<B><font color = 'blue'> ==> -</font> RunningLongest Image Date in Instagram DashBoard= 26 December 2022
<B><font color = 'blue'> ==> -</font> ID of the Ad = 96867
<B><font color = 'blue'> ==> -</font> Clicked on showAnalytics Button
<B><font color = 'blue'> ==> -</font> Clicked on total_number_Running_Days = 73 days

<B><font color = 'Blue-Violet'> --12th Ad-- -</font> 
<B><font color = 'blue'> ==> -</font> RunningLongest Image Date in Instagram DashBoard= 26 December 2022
<B><font color = 'blue'> ==> -</font> ID of the Ad = 97237
<B><font color = 'blue'> ==> -</font> Clicked on showAnalytics Button
<B><font color = 'blue'> ==> -</font> Clicked on total_number_Running_Days = 73 days

<B><font color = 'Blue-Violet'> --13th Ad-- -</font> 
<B><font color = 'blue'> ==> -</font> RunningLongest Image Date in Instagram DashBoard= 26 December 2022
<B><font color = 'blue'> ==> -</font> ID of the Ad = 97235
<B><font color = 'blue'> ==> -</font> Clicked on showAnalytics Button
<B><font color = 'blue'> ==> -</font> Clicked on total_number_Running_Days = 73 days

<B><font color = 'Blue-Violet'> --14th Ad-- -</font> 
<B><font color = 'blue'> ==> -</font> RunningLongest Image Date in Instagram DashBoard= 26 December 2022
<B><font color = 'blue'> ==> -</font> ID of the Ad = 97625
<B><font color = 'blue'> ==> -</font> Clicked on showAnalytics Button
<B><font color = 'blue'> ==> -</font> Clicked on total_number_Running_Days = 73 days

<B><font color = 'Blue-Violet'> --15th Ad-- -</font> 
<B><font color = 'blue'> ==> -</font> RunningLongest Image Date in Instagram DashBoard= 26 December 2022
<B><font color = 'blue'> ==> -</font> ID of the Ad = 96953
<B><font color = 'blue'> ==> -</font> Clicked on showAnalytics Button
<B><font color = 'blue'> ==> -</font> Clicked on total_number_Running_Days = 73 days

<B><font color = 'green'> Domain Register date field -</font> 
<B><font color = 'orange'> Step 1 -</font> Clicked On clear search.
<B><font color = 'orange'> Step 2 -</font> Clicked On sortBy.
<B><font color = 'orange'> Step 3 -</font> Clicked On domain_Reg_Date_Button.
<B><font color = 'orange'> Step 4 -</font> Clicked On Search Bar.
<B><font color = 'orange'> Step 5 -</font> Total_Ads_Count_newest= 4933

<B><font color = 'Blue-Violet'> --1st Ad-- -</font> 
<B><font color = 'blue'> ==> -</font> CurrentDate_DomainRegDate Image in Instagram DashBoard= 26 December 2022
<B><font color = 'blue'> ==> -</font> ID of the Ad = 101209
<B><font color = 'blue'> ==> -</font> Clicked on showAnalytics Button
<B><font color = 'blue'> ==> -</font> Clicked on Domain Registration Date = 2022-12-04

<B><font color = 'Blue-Violet'> --2nd Ad-- -</font> 
<B><font color = 'blue'> ==> -</font> CurrentDate_DomainRegDate Image in Instagram DashBoard= 15 October 2022
<B><font color = 'blue'> ==> -</font> ID of the Ad = 99113
<B><font color = 'blue'> ==> -</font> Clicked on showAnalytics Button
<B><font color = 'blue'> ==> -</font> Clicked on Domain Registration Date = 2022-09-21

<B><font color = 'Blue-Violet'> --3rd Ad-- -</font> 
<B><font color = 'blue'> ==> -</font> CurrentDate_DomainRegDate Image in Instagram DashBoard= 14 October 2022
<B><font color = 'blue'> ==> -</font> ID of the Ad = 96783
<B><font color = 'blue'> ==> -</font> Clicked on showAnalytics Button
<B><font color = 'blue'> ==> -</font> Clicked on Domain Registration Date = 2022-08-25

<B><font color = 'Blue-Violet'> --4th Ad-- -</font> 
<B><font color = 'blue'> ==> -</font> CurrentDate_DomainRegDate Image in Instagram DashBoard= 16 October 2022
<B><font color = 'blue'> ==> -</font> ID of the Ad = 98554
<B><font color = 'blue'> ==> -</font> Clicked on showAnalytics Button
<B><font color = 'blue'> ==> -</font> Clicked on Domain Registration Date = 2022-08-25

<B><font color = 'Blue-Violet'> --5th Ad-- -</font> 
<B><font color = 'blue'> ==> -</font> CurrentDate_DomainRegDate Image in Instagram DashBoard= 16 October 2022
<B><font color = 'blue'> ==> -</font> ID of the Ad = 100004
<B><font color = 'blue'> ==> -</font> Clicked on showAnalytics Button
<B><font color = 'blue'> ==> -</font> Clicked on Domain Registration Date = 2022-08-22

<B><font color = 'Blue-Violet'> --6th Ad-- -</font> 
<B><font color = 'blue'> ==> -</font> CurrentDate_DomainRegDate Image in Instagram DashBoard= 15 October 2022
<B><font color = 'blue'> ==> -</font> ID of the Ad = 98860
<B><font color = 'blue'> ==> -</font> Clicked on showAnalytics Button
<B><font color = 'blue'> ==> -</font> Clicked on Domain Registration Date = 2022-08-19

<B><font color = 'Blue-Violet'> --7th Ad-- -</font> 
<B><font color = 'blue'> ==> -</font> CurrentDate_DomainRegDate Image in Instagram DashBoard= 16 October 2022
<B><font color = 'blue'> ==> -</font> ID of the Ad = 99746
<B><font color = 'blue'> ==> -</font> Clicked on showAnalytics Button
<B><font color = 'blue'> ==> -</font> Clicked on Domain Registration Date = 2022-08-19

<B><font color = 'Blue-Violet'> --8th Ad-- -</font> 
<B><font color = 'blue'> ==> -</font> CurrentDate_DomainRegDate Image in Instagram DashBoard= 26 December 2022
<B><font color = 'blue'> ==> -</font> ID of the Ad = 96953
<B><font color = 'blue'> ==> -</font> Clicked on showAnalytics Button
<B><font color = 'blue'> ==> -</font> Clicked on Domain Registration Date = 2022-08-19

<B><font color = 'Blue-Violet'> --9th Ad-- -</font> 
<B><font color = 'blue'> ==> -</font> CurrentDate_DomainRegDate Image in Instagram DashBoard= 15 October 2022
<B><font color = 'blue'> ==> -</font> ID of the Ad = 98301
<B><font color = 'blue'> ==> -</font> Clicked on showAnalytics Button
<B><font color = 'blue'> ==> -</font> Clicked on Domain Registration Date = 2022-08-19

<B><font color = 'Blue-Violet'> --10th Ad-- -</font> 
<B><font color = 'blue'> ==> -</font> CurrentDate_DomainRegDate Image in Instagram DashBoard= 15 October 2022
<B><font color = 'blue'> ==> -</font> ID of the Ad = 98983
<B><font color = 'blue'> ==> -</font> Clicked on showAnalytics Button
<B><font color = 'blue'> ==> -</font> Clicked on Domain Registration Date = 2022-08-19

<B><font color = 'Blue-Violet'> --11th Ad-- -</font> 
<B><font color = 'blue'> ==> -</font> CurrentDate_DomainRegDate Image in Instagram DashBoard= 16 October 2022
<B><font color = 'blue'> ==> -</font> ID of the Ad = 100069
<B><font color = 'blue'> ==> -</font> Clicked on showAnalytics Button
<B><font color = 'blue'> ==> -</font> Clicked on Domain Registration Date = 2022-08-19

<B><font color = 'Blue-Violet'> --12th Ad-- -</font> 
<B><font color = 'blue'> ==> -</font> CurrentDate_DomainRegDate Image in Instagram DashBoard= 16 October 2022
<B><font color = 'blue'> ==> -</font> ID of the Ad = 96957
<B><font color = 'blue'> ==> -</font> Clicked on showAnalytics Button
<B><font color = 'blue'> ==> -</font> Clicked on Domain Registration Date = 2022-07-05

<B><font color = 'Blue-Violet'> --13th Ad-- -</font> 
<B><font color = 'blue'> ==> -</font> CurrentDate_DomainRegDate Image in Instagram DashBoard= 15 October 2022
<B><font color = 'blue'> ==> -</font> ID of the Ad = 99130
<B><font color = 'blue'> ==> -</font> Clicked on showAnalytics Button
<B><font color = 'blue'> ==> -</font> Clicked on Domain Registration Date = 2022-06-16

<B><font color = 'Blue-Violet'> --14th Ad-- -</font> 
<B><font color = 'blue'> ==> -</font> CurrentDate_DomainRegDate Image in Instagram DashBoard= 16 October 2022
<B><font color = 'blue'> ==> -</font> ID of the Ad = 100144
<B><font color = 'blue'> ==> -</font> Clicked on showAnalytics Button
<B><font color = 'blue'> ==> -</font> Clicked on Domain Registration Date = 2022-06-16

<B><font color = 'Blue-Violet'> --15th Ad-- -</font> 
<B><font color = 'blue'> ==> -</font> CurrentDate_DomainRegDate Image in Instagram DashBoard= 17 October 2022
<B><font color = 'blue'> ==> -</font> ID of the Ad = 99124
<B><font color = 'blue'> ==> -</font> Clicked on showAnalytics Button
<B><font color = 'blue'> ==> -</font> Clicked on Domain Registration Date = 2022-06-16]]>
  </system-out>
</testsuite> <!-- com.power.testcases.Verify_Pinterest_Dasboard_SortBy -->
