<?xml version="1.0" encoding="UTF-8"?>
<!-- Generated by org.testng.reporters.JUnitReportReporter -->
<testsuite hostname="GLB-459-PC" failures="0" tests="1" name="com.power.testcases.Verify_Instagram_Sortby_Likes_Comments" time="180.599" errors="0" timestamp="2023-03-29T17:35:30 IST" skipped="0">
  <testcase classname="com.power.testcases.Verify_Instagram_Sortby_Likes_Comments" name="verify_likes_comments" time="180.599"/>
  <system-out>
    <![CDATA[<B><font color = 'Burgundy'> Step1 -</font> Logged into PowerAdSpy Application
<B><font color = 'Burgundy'> Step2 -</font> I am on the page :PowerAdSpy | Facebook Dashboard
<B><font color = 'Burgundy'> Step3 -</font> Power Ad Spy Logo is Displayed
<B><font color = 'Burgundy'> Step4 -</font> Clicked On Instagram Icon
<B><font color = 'Burgundy'> Step5 -</font> I am on the page :PowerAdSpy | Instagram Dashboard

<B><font color = 'green'> Likes -</font> 
<B><font color = 'Burgundy'> ==> -</font> Clicked On clear search.
<B><font color = 'Burgundy'> ==> -</font> Clicked on SortBy.
<B><font color = 'Burgundy'> ==> -</font> Clicked on Likes.
<B><font color = 'blue'> ==> -</font> Entered value into minimum range Likes :2000
<B><font color = 'blue'> ==> -</font> Entered value into maximum range Likes :30000
<B><font color = 'blue'> ==> -</font> Clicked On Search Bar.
<B><font color = 'blue'> ==> -</font> Total_Ads_Count_newest= 168

<B><font color = 'red'> 1st Ad -</font> 
<B><font color = 'blue'> ==> -</font> Likes = 29.2K

<B><font color = 'red'> 2nd Ad -</font> 
<B><font color = 'blue'> ==> -</font> Likes = 28.8K

<B><font color = 'red'> 3rd Ad -</font> 
<B><font color = 'blue'> ==> -</font> Likes = 28.0K

<B><font color = 'red'> 4th Ad -</font> 
<B><font color = 'blue'> ==> -</font> Likes = 27.9K

<B><font color = 'red'> 5th Ad -</font> 
<B><font color = 'blue'> ==> -</font> Likes = 27.6K

<B><font color = 'red'> 6th Ad -</font> 
<B><font color = 'blue'> ==> -</font> Likes = 27.4K

<B><font color = 'red'> 7th Ad -</font> 
<B><font color = 'blue'> ==> -</font> Likes = 27.4K

<B><font color = 'red'> 8th Ad -</font> 
<B><font color = 'blue'> ==> -</font> Likes = 27.2K

<B><font color = 'red'> 9th Ad -</font> 
<B><font color = 'blue'> ==> -</font> Likes = 26.1K

<B><font color = 'red'> 10th Ad -</font> 
<B><font color = 'blue'> ==> -</font> Likes = 25.8K

<B><font color = 'red'> 11th Ad -</font> 
<B><font color = 'blue'> ==> -</font> Likes = 23.5K

<B><font color = 'red'> 12th Ad -</font> 
<B><font color = 'blue'> ==> -</font> Likes = 23.3K

<B><font color = 'red'> 13th Ad -</font> 
<B><font color = 'blue'> ==> -</font> Likes = 23.1K

<B><font color = 'red'> 14th Ad -</font> 
<B><font color = 'blue'> ==> -</font> Likes = 22.5K

<B><font color = 'red'> 15th Ad -</font> 
<B><font color = 'blue'> ==> -</font> Likes = 21.9K
 
<B><font color = 'orange'> ==> -</font> Clicked on SortBy :
 
<B><font color = 'Green'> Comments  -</font>
<B><font color = 'blue'> ==> -</font> Clicked on Comments :
<B><font color = 'blue'> ==> -</font> Entered value into minimum range Comments :100
<B><font color = 'blue'> ==> -</font> Entered value into maximum range Comments :2000
<B><font color = 'blue'> ==> -</font> Clicked On Search Bar
<B><font color = 'blue'> ==> -</font> Total_Ads_Count_newest= 38

<B><font color = 'red'> 1st Ad -</font> 
<B><font color = 'blue'> ==> -</font> Comment = 1.0K

<B><font color = 'red'> 2nd Ad -</font> 
<B><font color = 'blue'> ==> -</font> Comment = 718

<B><font color = 'red'> 3rd Ad -</font> 
<B><font color = 'blue'> ==> -</font> Comment = 643

<B><font color = 'red'> 4th Ad -</font> 
<B><font color = 'blue'> ==> -</font> Comment = 561

<B><font color = 'red'> 5th Ad -</font> 
<B><font color = 'blue'> ==> -</font> Comment = 456

<B><font color = 'red'> 6th Ad -</font> 
<B><font color = 'blue'> ==> -</font> Comment = 431

<B><font color = 'red'> 7th Ad -</font> 
<B><font color = 'blue'> ==> -</font> Comment = 419

<B><font color = 'red'> 8th Ad -</font> 
<B><font color = 'blue'> ==> -</font> Comment = 404

<B><font color = 'red'> 9th Ad -</font> 
<B><font color = 'blue'> ==> -</font> Comment = 373

<B><font color = 'red'> 10th Ad -</font> 
<B><font color = 'blue'> ==> -</font> Comment = 323

<B><font color = 'red'> 11th Ad -</font> 
<B><font color = 'blue'> ==> -</font> Comment = 310

<B><font color = 'red'> 12th Ad -</font> 
<B><font color = 'blue'> ==> -</font> Comment = 288

<B><font color = 'red'> 13th Ad -</font> 
<B><font color = 'blue'> ==> -</font> Comment = 284

<B><font color = 'red'> 14th Ad -</font> 
<B><font color = 'blue'> ==> -</font> Comment = 259

<B><font color = 'red'> 15th Ad -</font> 
<B><font color = 'blue'> ==> -</font> Comment = 253]]>
  </system-out>
</testsuite> <!-- com.power.testcases.Verify_Instagram_Sortby_Likes_Comments -->
