<?xml version="1.0" encoding="UTF-8"?>
<!-- Generated by org.testng.reporters.JUnitReportReporter -->
<testsuite hostname="GLB-459-PC" failures="0" tests="1" name="com.power.testcases.Verify_Instagram_Dasboard_DomainRegistrationDate" time="346.540" errors="0" timestamp="2023-03-29T17:35:30 IST" skipped="0">
  <testcase classname="com.power.testcases.Verify_Instagram_Dasboard_DomainRegistrationDate" name="verify_domainRegistrationDate" time="346.540"/>
  <system-out>
    <![CDATA[<B><font color = 'orange'> Step1 -</font> Logged into PowerAdSpy Application
<B><font color = 'orange'> Step2 -</font> I am on the page :PowerAdSpy | Facebook Dashboard
<B><font color = 'orange'> Step3 -</font> Power Ad Spy Logo is Displayed
<B><font color = 'orange'> Step4 -</font> Clicked On Instagram Icon

<B><font color = 'green'> Domain Registration Date : All -</font> 
<B><font color = 'orange'> Step 1 -</font> Clicked On clear search.
<B><font color = 'orange'> Step 2 -</font> Clicked On Domain Registration Date DropDown.
<B><font color = 'orange'> Step 3 -</font> Clicked On Domain Registration Date All.
<B><font color = 'orange'> Step 4 -</font> Clicked On Search Bar.
<B><font color = 'orange'> Step 5 -</font> Total_Ads_Count_All= 932

<B><font color = 'Blue-Violet'> 1st -</font> 
<B><font color = 'blue'> ==> -</font> Clicked On Current Image Date = 28 March 2023
<B><font color = 'blue'> ==> -</font> ID of the Ad = 29780
<B><font color = 'blue'> ==> -</font> Clicked On ShowAnalytics Button.
<B><font color = 'blue'> ==> -</font> LastScene_date AdDetails Page= 28 March 2023
<B><font color = 'blue'> ==> -</font> Domain Registration Date in AdDetails Page= --
<B><font color = 'blue'> ==> -</font> Image Date =  28 March 2023    ::    Last Seeen Date = 28 March 2023  are same == PASS

<B><font color = 'Blue-Violet'> 2nd -</font> 
<B><font color = 'blue'> ==> -</font> Clicked On Current Image Date = 28 March 2023
<B><font color = 'blue'> ==> -</font> ID of the Ad = 29779
<B><font color = 'blue'> ==> -</font> Clicked On ShowAnalytics Button.
<B><font color = 'blue'> ==> -</font> LastScene_date AdDetails Page= 28 March 2023
<B><font color = 'blue'> ==> -</font> Domain Registration Date in AdDetails Page= --
<B><font color = 'blue'> ==> -</font> Image Date =  28 March 2023    ::    Last Seeen Date = 28 March 2023  are same == PASS

<B><font color = 'Blue-Violet'> 3rd -</font> 
<B><font color = 'blue'> ==> -</font> Clicked On Current Image Date = 22 March 2023
<B><font color = 'blue'> ==> -</font> ID of the Ad = 29778
<B><font color = 'blue'> ==> -</font> Clicked On ShowAnalytics Button.
<B><font color = 'blue'> ==> -</font> LastScene_date AdDetails Page= 22 March 2023
<B><font color = 'blue'> ==> -</font> Domain Registration Date in AdDetails Page= 2020-12-12
<B><font color = 'blue'> ==> -</font> Image Date =  22 March 2023    ::    Last Seeen Date = 22 March 2023  are same == PASS

<B><font color = 'Blue-Violet'> 4th -</font> 
<B><font color = 'blue'> ==> -</font> Clicked On Current Image Date = 22 March 2023
<B><font color = 'blue'> ==> -</font> ID of the Ad = 29777
<B><font color = 'blue'> ==> -</font> Clicked On ShowAnalytics Button.
<B><font color = 'blue'> ==> -</font> LastScene_date AdDetails Page= 22 March 2023
<B><font color = 'blue'> ==> -</font> Domain Registration Date in AdDetails Page= 2006-03-13
<B><font color = 'blue'> ==> -</font> Image Date =  22 March 2023    ::    Last Seeen Date = 22 March 2023  are same == PASS

<B><font color = 'Blue-Violet'> 5th -</font> 
<B><font color = 'blue'> ==> -</font> Clicked On Current Image Date = 22 March 2023
<B><font color = 'blue'> ==> -</font> ID of the Ad = 29776
<B><font color = 'blue'> ==> -</font> Clicked On ShowAnalytics Button.
<B><font color = 'blue'> ==> -</font> LastScene_date AdDetails Page= 22 March 2023
<B><font color = 'blue'> ==> -</font> Domain Registration Date in AdDetails Page= 2003-09-02
<B><font color = 'blue'> ==> -</font> Image Date =  22 March 2023    ::    Last Seeen Date = 22 March 2023  are same == PASS

<B><font color = 'Blue-Violet'> 6th -</font> 
<B><font color = 'blue'> ==> -</font> Clicked On Current Image Date = 22 March 2023
<B><font color = 'blue'> ==> -</font> ID of the Ad = 29775
<B><font color = 'blue'> ==> -</font> Clicked On ShowAnalytics Button.
<B><font color = 'blue'> ==> -</font> LastScene_date AdDetails Page= 22 March 2023
<B><font color = 'blue'> ==> -</font> Domain Registration Date in AdDetails Page= --
<B><font color = 'blue'> ==> -</font> Image Date =  22 March 2023    ::    Last Seeen Date = 22 March 2023  are same == PASS

<B><font color = 'Blue-Violet'> 7th -</font> 
<B><font color = 'blue'> ==> -</font> Clicked On Current Image Date = 22 March 2023
<B><font color = 'blue'> ==> -</font> ID of the Ad = 29774
<B><font color = 'blue'> ==> -</font> Clicked On ShowAnalytics Button.
<B><font color = 'blue'> ==> -</font> LastScene_date AdDetails Page= 22 March 2023
<B><font color = 'blue'> ==> -</font> Domain Registration Date in AdDetails Page= 2005-11-17
<B><font color = 'blue'> ==> -</font> Image Date =  22 March 2023    ::    Last Seeen Date = 22 March 2023  are same == PASS

<B><font color = 'Blue-Violet'> 8th -</font> 
<B><font color = 'blue'> ==> -</font> Clicked On Current Image Date = 22 March 2023
<B><font color = 'blue'> ==> -</font> ID of the Ad = 29773
<B><font color = 'blue'> ==> -</font> Clicked On ShowAnalytics Button.
<B><font color = 'blue'> ==> -</font> LastScene_date AdDetails Page= 22 March 2023
<B><font color = 'blue'> ==> -</font> Domain Registration Date in AdDetails Page= 1996-02-16
<B><font color = 'blue'> ==> -</font> Image Date =  22 March 2023    ::    Last Seeen Date = 22 March 2023  are same == PASS

<B><font color = 'Blue-Violet'> 9th -</font> 
<B><font color = 'blue'> ==> -</font> Clicked On Current Image Date = 22 March 2023
<B><font color = 'blue'> ==> -</font> ID of the Ad = 29772
<B><font color = 'blue'> ==> -</font> Clicked On ShowAnalytics Button.
<B><font color = 'blue'> ==> -</font> LastScene_date AdDetails Page= 22 March 2023
<B><font color = 'blue'> ==> -</font> Domain Registration Date in AdDetails Page= 2021-03-04
<B><font color = 'blue'> ==> -</font> Image Date =  22 March 2023    ::    Last Seeen Date = 22 March 2023  are same == PASS

<B><font color = 'Blue-Violet'> 10th -</font> 
<B><font color = 'blue'> ==> -</font> Clicked On Current Image Date = 22 March 2023
<B><font color = 'blue'> ==> -</font> ID of the Ad = 29771
<B><font color = 'blue'> ==> -</font> Clicked On ShowAnalytics Button.
<B><font color = 'blue'> ==> -</font> LastScene_date AdDetails Page= 22 March 2023
<B><font color = 'blue'> ==> -</font> Domain Registration Date in AdDetails Page= --
<B><font color = 'blue'> ==> -</font> Image Date =  22 March 2023    ::    Last Seeen Date = 22 March 2023  are same == PASS

<B><font color = 'Blue-Violet'> 11th -</font> 
<B><font color = 'blue'> ==> -</font> Clicked On Current Image Date = 22 March 2023
<B><font color = 'blue'> ==> -</font> ID of the Ad = 29770
<B><font color = 'blue'> ==> -</font> Clicked On ShowAnalytics Button.
<B><font color = 'blue'> ==> -</font> LastScene_date AdDetails Page= 22 March 2023
<B><font color = 'blue'> ==> -</font> Domain Registration Date in AdDetails Page= --
<B><font color = 'blue'> ==> -</font> Image Date =  22 March 2023    ::    Last Seeen Date = 22 March 2023  are same == PASS

<B><font color = 'Blue-Violet'> 12th -</font> 
<B><font color = 'blue'> ==> -</font> Clicked On Current Image Date = 22 March 2023
<B><font color = 'blue'> ==> -</font> ID of the Ad = 29769
<B><font color = 'blue'> ==> -</font> Clicked On ShowAnalytics Button.
<B><font color = 'blue'> ==> -</font> LastScene_date AdDetails Page= 22 March 2023
<B><font color = 'blue'> ==> -</font> Domain Registration Date in AdDetails Page= --
<B><font color = 'blue'> ==> -</font> Image Date =  22 March 2023    ::    Last Seeen Date = 22 March 2023  are same == PASS

<B><font color = 'Blue-Violet'> 13th -</font> 
<B><font color = 'blue'> ==> -</font> Clicked On Current Image Date = 22 March 2023
<B><font color = 'blue'> ==> -</font> ID of the Ad = 29768
<B><font color = 'blue'> ==> -</font> Clicked On ShowAnalytics Button.
<B><font color = 'blue'> ==> -</font> LastScene_date AdDetails Page= 22 March 2023
<B><font color = 'blue'> ==> -</font> Domain Registration Date in AdDetails Page= 2013-03-26
<B><font color = 'blue'> ==> -</font> Image Date =  22 March 2023    ::    Last Seeen Date = 22 March 2023  are same == PASS

<B><font color = 'Blue-Violet'> 14th -</font> 
<B><font color = 'blue'> ==> -</font> Clicked On Current Image Date = 22 March 2023
<B><font color = 'blue'> ==> -</font> ID of the Ad = 29767
<B><font color = 'blue'> ==> -</font> Clicked On ShowAnalytics Button.
<B><font color = 'blue'> ==> -</font> LastScene_date AdDetails Page= 22 March 2023
<B><font color = 'blue'> ==> -</font> Domain Registration Date in AdDetails Page= --
<B><font color = 'blue'> ==> -</font> Image Date =  22 March 2023    ::    Last Seeen Date = 22 March 2023  are same == PASS

<B><font color = 'Blue-Violet'> 15th -</font> 
<B><font color = 'blue'> ==> -</font> Clicked On Current Image Date = 22 March 2023
<B><font color = 'blue'> ==> -</font> ID of the Ad = 29766
<B><font color = 'blue'> ==> -</font> Clicked On ShowAnalytics Button.
<B><font color = 'blue'> ==> -</font> LastScene_date AdDetails Page= 22 March 2023
<B><font color = 'blue'> ==> -</font> Domain Registration Date in AdDetails Page= 2018-10-08
<B><font color = 'blue'> ==> -</font> Image Date =  22 March 2023    ::    Last Seeen Date = 22 March 2023  are same == PASS

<B><font color = 'green'> Domain Registration Date : Today -</font> 
<B><font color = 'orange'> Step 1 -</font> Clicked On clear search.
<B><font color = 'orange'> Step 2 -</font> Clicked On Domain Registration Date DropDown.
<B><font color = 'orange'> Step 3 -</font> Clicked On Domain Registration Date Today.
<B><font color = 'orange'> Step 4 -</font> Clicked On Search Bar.
<B><font color = 'orange'> Step 5 -</font> Total_Ads_Count_Today= 

<B><font color = 'Blue-Violet'> 1st -</font> 
<B><font color = 'red'> ==> -</font> Oops! Looks like we don't have data for this search criteria yet.

<B><font color = 'Blue-Violet'> 2nd -</font> 
<B><font color = 'red'> ==> -</font> Oops! Looks like we don't have data for this search criteria yet.

<B><font color = 'Blue-Violet'> 3rd -</font> 
<B><font color = 'red'> ==> -</font> Oops! Looks like we don't have data for this search criteria yet.

<B><font color = 'Blue-Violet'> 4th -</font> 
<B><font color = 'red'> ==> -</font> Oops! Looks like we don't have data for this search criteria yet.

<B><font color = 'Blue-Violet'> 5th -</font> 
<B><font color = 'red'> ==> -</font> Oops! Looks like we don't have data for this search criteria yet.

<B><font color = 'Blue-Violet'> 6th -</font> 
<B><font color = 'red'> ==> -</font> Oops! Looks like we don't have data for this search criteria yet.

<B><font color = 'Blue-Violet'> 7th -</font> 
<B><font color = 'red'> ==> -</font> Oops! Looks like we don't have data for this search criteria yet.

<B><font color = 'Blue-Violet'> 8th -</font> 
<B><font color = 'red'> ==> -</font> Oops! Looks like we don't have data for this search criteria yet.

<B><font color = 'Blue-Violet'> 9th -</font> 
<B><font color = 'red'> ==> -</font> Oops! Looks like we don't have data for this search criteria yet.

<B><font color = 'Blue-Violet'> 10th -</font> 
<B><font color = 'red'> ==> -</font> Oops! Looks like we don't have data for this search criteria yet.

<B><font color = 'Blue-Violet'> 11th -</font> 
<B><font color = 'red'> ==> -</font> Oops! Looks like we don't have data for this search criteria yet.

<B><font color = 'Blue-Violet'> 12th -</font> 
<B><font color = 'red'> ==> -</font> Oops! Looks like we don't have data for this search criteria yet.

<B><font color = 'Blue-Violet'> 13th -</font> 
<B><font color = 'red'> ==> -</font> Oops! Looks like we don't have data for this search criteria yet.

<B><font color = 'Blue-Violet'> 14th -</font> 
<B><font color = 'red'> ==> -</font> Oops! Looks like we don't have data for this search criteria yet.

<B><font color = 'Blue-Violet'> 15th -</font> 
<B><font color = 'red'> ==> -</font> Oops! Looks like we don't have data for this search criteria yet.

<B><font color = 'green'> Domain Registration Date : Yesterday -</font> 
<B><font color = 'orange'> Step 1 -</font> Clicked On clear search.
<B><font color = 'orange'> Step 2 -</font> Clicked On Domain Registration Date DropDown.
<B><font color = 'orange'> Step 3 -</font> Clicked On Domain Registration Date Yesterday.
<B><font color = 'orange'> Step 4 -</font> Clicked On Search Bar.
<B><font color = 'orange'> Step 5 -</font> Total_Ads_Count_All= 

<B><font color = 'Blue-Violet'> 1st -</font> 
<B><font color = 'red'> ==> -</font> Oops! Looks like we don't have data for this search criteria yet.

<B><font color = 'Blue-Violet'> 2nd -</font> 
<B><font color = 'red'> ==> -</font> Oops! Looks like we don't have data for this search criteria yet.

<B><font color = 'Blue-Violet'> 3rd -</font> 
<B><font color = 'red'> ==> -</font> Oops! Looks like we don't have data for this search criteria yet.

<B><font color = 'Blue-Violet'> 4th -</font> 
<B><font color = 'red'> ==> -</font> Oops! Looks like we don't have data for this search criteria yet.

<B><font color = 'Blue-Violet'> 5th -</font> 
<B><font color = 'red'> ==> -</font> Oops! Looks like we don't have data for this search criteria yet.

<B><font color = 'Blue-Violet'> 6th -</font> 
<B><font color = 'red'> ==> -</font> Oops! Looks like we don't have data for this search criteria yet.

<B><font color = 'Blue-Violet'> 7th -</font> 
<B><font color = 'red'> ==> -</font> Oops! Looks like we don't have data for this search criteria yet.

<B><font color = 'Blue-Violet'> 8th -</font> 
<B><font color = 'red'> ==> -</font> Oops! Looks like we don't have data for this search criteria yet.

<B><font color = 'Blue-Violet'> 9th -</font> 
<B><font color = 'red'> ==> -</font> Oops! Looks like we don't have data for this search criteria yet.

<B><font color = 'Blue-Violet'> 10th -</font> 
<B><font color = 'red'> ==> -</font> Oops! Looks like we don't have data for this search criteria yet.

<B><font color = 'Blue-Violet'> 11th -</font> 
<B><font color = 'red'> ==> -</font> Oops! Looks like we don't have data for this search criteria yet.

<B><font color = 'Blue-Violet'> 12th -</font> 
<B><font color = 'red'> ==> -</font> Oops! Looks like we don't have data for this search criteria yet.

<B><font color = 'Blue-Violet'> 13th -</font> 
<B><font color = 'red'> ==> -</font> Oops! Looks like we don't have data for this search criteria yet.

<B><font color = 'Blue-Violet'> 14th -</font> 
<B><font color = 'red'> ==> -</font> Oops! Looks like we don't have data for this search criteria yet.

<B><font color = 'Blue-Violet'> 15th -</font> 
<B><font color = 'red'> ==> -</font> Oops! Looks like we don't have data for this search criteria yet.

<B><font color = 'green'> Domain Registration Date : Last Seven Days -</font> 
<B><font color = 'orange'> Step 1 -</font> Clicked On clear search.
<B><font color = 'orange'> Step 2 -</font> Clicked On Domain Registration Date DropDown.
<B><font color = 'orange'> Step 3 -</font> Clicked On Domain Registration Date Last Seven Days.
<B><font color = 'orange'> Step 4 -</font> Clicked On Search Bar.
<B><font color = 'orange'> Step 5 -</font> Total_Ads_Count_LastSevenDays= 

<B><font color = 'Blue-Violet'> 1st -</font> 
<B><font color = 'red'> ==> -</font> Oops! Looks like we don't have data for this search criteria yet.

<B><font color = 'Blue-Violet'> 2nd -</font> 
<B><font color = 'red'> ==> -</font> Oops! Looks like we don't have data for this search criteria yet.

<B><font color = 'Blue-Violet'> 3rd -</font> 
<B><font color = 'red'> ==> -</font> Oops! Looks like we don't have data for this search criteria yet.

<B><font color = 'Blue-Violet'> 4th -</font> 
<B><font color = 'red'> ==> -</font> Oops! Looks like we don't have data for this search criteria yet.

<B><font color = 'Blue-Violet'> 5th -</font> 
<B><font color = 'red'> ==> -</font> Oops! Looks like we don't have data for this search criteria yet.

<B><font color = 'Blue-Violet'> 6th -</font> 
<B><font color = 'red'> ==> -</font> Oops! Looks like we don't have data for this search criteria yet.

<B><font color = 'Blue-Violet'> 7th -</font> 
<B><font color = 'red'> ==> -</font> Oops! Looks like we don't have data for this search criteria yet.

<B><font color = 'Blue-Violet'> 8th -</font> 
<B><font color = 'red'> ==> -</font> Oops! Looks like we don't have data for this search criteria yet.

<B><font color = 'Blue-Violet'> 9th -</font> 
<B><font color = 'red'> ==> -</font> Oops! Looks like we don't have data for this search criteria yet.

<B><font color = 'Blue-Violet'> 10th -</font> 
<B><font color = 'red'> ==> -</font> Oops! Looks like we don't have data for this search criteria yet.

<B><font color = 'Blue-Violet'> 11th -</font> 
<B><font color = 'red'> ==> -</font> Oops! Looks like we don't have data for this search criteria yet.

<B><font color = 'Blue-Violet'> 12th -</font> 
<B><font color = 'red'> ==> -</font> Oops! Looks like we don't have data for this search criteria yet.

<B><font color = 'Blue-Violet'> 13th -</font> 
<B><font color = 'red'> ==> -</font> Oops! Looks like we don't have data for this search criteria yet.

<B><font color = 'Blue-Violet'> 14th -</font> 
<B><font color = 'red'> ==> -</font> Oops! Looks like we don't have data for this search criteria yet.

<B><font color = 'Blue-Violet'> 15th -</font> 
<B><font color = 'red'> ==> -</font> Oops! Looks like we don't have data for this search criteria yet.

<B><font color = 'green'> Domain Registration Date : Last Thirty Days -</font> 
<B><font color = 'orange'> Step 1 -</font> Clicked On clear search.
<B><font color = 'orange'> Step 2 -</font> Clicked On Domain Registration Date DropDown.
<B><font color = 'orange'> Step 3 -</font> Clicked On Domain Registration Date Last Thirty Days.
<B><font color = 'orange'> Step 4 -</font> Clicked On Search Bar.
<B><font color = 'orange'> Step 5 -</font> Total_Ads_Count_LastThirtyDays= 932

<B><font color = 'Blue-Violet'> 1st -</font> 
<B><font color = 'red'> ==> -</font> Oops! Looks like we don't have data for this search criteria yet.

<B><font color = 'Blue-Violet'> 2nd -</font> 
<B><font color = 'red'> ==> -</font> Oops! Looks like we don't have data for this search criteria yet.

<B><font color = 'Blue-Violet'> 3rd -</font> 
<B><font color = 'red'> ==> -</font> Oops! Looks like we don't have data for this search criteria yet.

<B><font color = 'Blue-Violet'> 4th -</font> 
<B><font color = 'red'> ==> -</font> Oops! Looks like we don't have data for this search criteria yet.

<B><font color = 'Blue-Violet'> 5th -</font> 
<B><font color = 'red'> ==> -</font> Oops! Looks like we don't have data for this search criteria yet.

<B><font color = 'Blue-Violet'> 6th -</font> 
<B><font color = 'red'> ==> -</font> Oops! Looks like we don't have data for this search criteria yet.

<B><font color = 'Blue-Violet'> 7th -</font> 
<B><font color = 'red'> ==> -</font> Oops! Looks like we don't have data for this search criteria yet.

<B><font color = 'Blue-Violet'> 8th -</font> 
<B><font color = 'red'> ==> -</font> Oops! Looks like we don't have data for this search criteria yet.

<B><font color = 'Blue-Violet'> 9th -</font> 
<B><font color = 'red'> ==> -</font> Oops! Looks like we don't have data for this search criteria yet.

<B><font color = 'Blue-Violet'> 10th -</font> 
<B><font color = 'red'> ==> -</font> Oops! Looks like we don't have data for this search criteria yet.

<B><font color = 'Blue-Violet'> 11th -</font> 
<B><font color = 'red'> ==> -</font> Oops! Looks like we don't have data for this search criteria yet.

<B><font color = 'Blue-Violet'> 12th -</font> 
<B><font color = 'red'> ==> -</font> Oops! Looks like we don't have data for this search criteria yet.

<B><font color = 'Blue-Violet'> 13th -</font> 
<B><font color = 'red'> ==> -</font> Oops! Looks like we don't have data for this search criteria yet.

<B><font color = 'Blue-Violet'> 14th -</font> 
<B><font color = 'red'> ==> -</font> Oops! Looks like we don't have data for this search criteria yet.

<B><font color = 'Blue-Violet'> 15th -</font> 
<B><font color = 'red'> ==> -</font> Oops! Looks like we don't have data for this search criteria yet.

<B><font color = 'green'> Domain Registration Date : This Month -</font> 
<B><font color = 'orange'> Step 1 -</font> Clicked On clear search.
<B><font color = 'orange'> Step 2 -</font> Clicked On Domain Registration Date DropDown.
<B><font color = 'orange'> Step 3 -</font> Clicked On Domain Registration Date This Month.
<B><font color = 'orange'> Step 4 -</font> Clicked On Search Bar.
<B><font color = 'orange'> Step 5 -</font> Total_Ads_Count_ThisMonth= 

<B><font color = 'Blue-Violet'> 1st -</font> 
<B><font color = 'red'> ==> -</font> Oops! Looks like we don't have data for this search criteria yet.

<B><font color = 'Blue-Violet'> 2nd -</font> 
<B><font color = 'red'> ==> -</font> Oops! Looks like we don't have data for this search criteria yet.

<B><font color = 'Blue-Violet'> 3rd -</font> 
<B><font color = 'red'> ==> -</font> Oops! Looks like we don't have data for this search criteria yet.

<B><font color = 'Blue-Violet'> 4th -</font> 
<B><font color = 'red'> ==> -</font> Oops! Looks like we don't have data for this search criteria yet.

<B><font color = 'Blue-Violet'> 5th -</font> 
<B><font color = 'red'> ==> -</font> Oops! Looks like we don't have data for this search criteria yet.

<B><font color = 'Blue-Violet'> 6th -</font> 
<B><font color = 'red'> ==> -</font> Oops! Looks like we don't have data for this search criteria yet.

<B><font color = 'Blue-Violet'> 7th -</font> 
<B><font color = 'red'> ==> -</font> Oops! Looks like we don't have data for this search criteria yet.

<B><font color = 'Blue-Violet'> 8th -</font> 
<B><font color = 'red'> ==> -</font> Oops! Looks like we don't have data for this search criteria yet.

<B><font color = 'Blue-Violet'> 9th -</font> 
<B><font color = 'red'> ==> -</font> Oops! Looks like we don't have data for this search criteria yet.

<B><font color = 'Blue-Violet'> 10th -</font> 
<B><font color = 'red'> ==> -</font> Oops! Looks like we don't have data for this search criteria yet.

<B><font color = 'Blue-Violet'> 11th -</font> 
<B><font color = 'red'> ==> -</font> Oops! Looks like we don't have data for this search criteria yet.

<B><font color = 'Blue-Violet'> 12th -</font> 
<B><font color = 'red'> ==> -</font> Oops! Looks like we don't have data for this search criteria yet.

<B><font color = 'Blue-Violet'> 13th -</font> 
<B><font color = 'red'> ==> -</font> Oops! Looks like we don't have data for this search criteria yet.

<B><font color = 'Blue-Violet'> 14th -</font> 
<B><font color = 'red'> ==> -</font> Oops! Looks like we don't have data for this search criteria yet.

<B><font color = 'Blue-Violet'> 15th -</font> 
<B><font color = 'red'> ==> -</font> Oops! Looks like we don't have data for this search criteria yet.

<B><font color = 'green'> Domain Registration Date : Last Month -</font> 
<B><font color = 'orange'> Step 1 -</font> Clicked On clear search.
<B><font color = 'orange'> Step 2 -</font> Clicked On Domain Registration Date DropDown.
<B><font color = 'orange'> Step 3 -</font> Clicked On Domain Registration Date Last Month.
<B><font color = 'orange'> Step 4 -</font> Clicked On Search Bar.
<B><font color = 'orange'> Step 5 -</font> Total_Ads_Count_LastMonth= 

<B><font color = 'Blue-Violet'> 1st -</font> 
<B><font color = 'red'> ==> -</font> Oops! Looks like we don't have data for this search criteria yet.

<B><font color = 'Blue-Violet'> 2nd -</font> 
<B><font color = 'red'> ==> -</font> Oops! Looks like we don't have data for this search criteria yet.

<B><font color = 'Blue-Violet'> 3rd -</font> 
<B><font color = 'red'> ==> -</font> Oops! Looks like we don't have data for this search criteria yet.

<B><font color = 'Blue-Violet'> 4th -</font> 
<B><font color = 'red'> ==> -</font> Oops! Looks like we don't have data for this search criteria yet.

<B><font color = 'Blue-Violet'> 5th -</font> 
<B><font color = 'red'> ==> -</font> Oops! Looks like we don't have data for this search criteria yet.

<B><font color = 'Blue-Violet'> 6th -</font> 
<B><font color = 'red'> ==> -</font> Oops! Looks like we don't have data for this search criteria yet.

<B><font color = 'Blue-Violet'> 7th -</font> 
<B><font color = 'red'> ==> -</font> Oops! Looks like we don't have data for this search criteria yet.

<B><font color = 'Blue-Violet'> 8th -</font> 
<B><font color = 'red'> ==> -</font> Oops! Looks like we don't have data for this search criteria yet.

<B><font color = 'Blue-Violet'> 9th -</font> 
<B><font color = 'red'> ==> -</font> Oops! Looks like we don't have data for this search criteria yet.

<B><font color = 'Blue-Violet'> 10th -</font> 
<B><font color = 'red'> ==> -</font> Oops! Looks like we don't have data for this search criteria yet.

<B><font color = 'Blue-Violet'> 11th -</font> 
<B><font color = 'red'> ==> -</font> Oops! Looks like we don't have data for this search criteria yet.

<B><font color = 'Blue-Violet'> 12th -</font> 
<B><font color = 'red'> ==> -</font> Oops! Looks like we don't have data for this search criteria yet.

<B><font color = 'Blue-Violet'> 13th -</font> 
<B><font color = 'red'> ==> -</font> Oops! Looks like we don't have data for this search criteria yet.

<B><font color = 'Blue-Violet'> 14th -</font> 
<B><font color = 'red'> ==> -</font> Oops! Looks like we don't have data for this search criteria yet.

<B><font color = 'Blue-Violet'> 15th -</font> 
<B><font color = 'red'> ==> -</font> Oops! Looks like we don't have data for this search criteria yet.]]>
  </system-out>
</testsuite> <!-- com.power.testcases.Verify_Instagram_Dasboard_DomainRegistrationDate -->
