<?xml version="1.0" encoding="UTF-8"?>
<!-- Generated by org.testng.reporters.JUnitReportReporter -->
<testsuite hostname="GLB-459-PC" failures="0" tests="1" name="com.power.testcases.Verify_Facebook_filter_TestScript" time="1089.907" errors="0" timestamp="2023-03-29T17:35:30 IST" skipped="0">
  <testcase classname="com.power.testcases.Verify_Facebook_filter_TestScript" name="Verify_Facebook_filter_TestScript" time="1089.907"/>
  <system-out>
    <![CDATA[<B><font color = 'purple'> Step1 -</font> Logged into PowerAdSpy Application
<B><font color = 'purple'> Step2 -</font> I am on the page :PowerAdSpy | Facebook Dashboard
<B><font color = 'purple'> Step3 -</font> Power Ad Spy Logo is Displayed
<B><font color = 'purple'> Step4 -</font> Clicked On FaceBook Icon
       
<B><font color = 'green'>  - ShortBy Newest Step will Start from here </font>  
<B><font color = 'orange'> Step1 -</font> Clicked On sortBy Icon
<B><font color = 'orange'> Step2 -</font> Clicked On SortBy Newest Icon
<B><font color = 'orange'> Step3 -</font> Clicked On search Button Icon
 
<B><font color = 'Green'>- Call to Action </font>
       ==> -Apply Now
<B><font color = 'orange'> Step1 -</font> Clicked On Search Button Icon
<B><font color = 'orange'> Step2 -</font>  Total Ad Count is :89
 
<B><font color ='red'> -1 Ad -</font>  
<B><font color = 'blue'> ==> -</font> ID of the Ad = 21559
<B><font color = 'blue'> ==> -</font> Clicked On Show Analytics Icon
<B><font color = 'blue'> ==> -</font> Inside the Show Analytics: call To Action= apply now
<B><font color = 'blue'> ==> -</font>Assert Pass Language:  apply now==apply now
 
<B><font color ='red'> -2 Ad -</font>  
<B><font color = 'blue'> ==> -</font> ID of the Ad = 21343
<B><font color = 'blue'> ==> -</font> Clicked On Show Analytics Icon
<B><font color = 'blue'> ==> -</font> Inside the Show Analytics: call To Action= apply now
<B><font color = 'blue'> ==> -</font>Assert Pass Language:  apply now==apply now
 
<B><font color ='red'> -3 Ad -</font>  
<B><font color = 'blue'> ==> -</font> ID of the Ad = 21252
<B><font color = 'blue'> ==> -</font> Clicked On Show Analytics Icon
<B><font color = 'blue'> ==> -</font> Inside the Show Analytics: call To Action= apply now
<B><font color = 'blue'> ==> -</font>Assert Pass Language:  apply now==apply now
 
<B><font color ='red'> -4 Ad -</font>  
<B><font color = 'blue'> ==> -</font> ID of the Ad = 21180
<B><font color = 'blue'> ==> -</font> Clicked On Show Analytics Icon
<B><font color = 'blue'> ==> -</font> Inside the Show Analytics: call To Action= apply now
<B><font color = 'blue'> ==> -</font>Assert Pass Language:  apply now==apply now
 
<B><font color ='red'> -5 Ad -</font>  
<B><font color = 'blue'> ==> -</font> ID of the Ad = 21176
<B><font color = 'blue'> ==> -</font> Clicked On Show Analytics Icon
<B><font color = 'blue'> ==> -</font> Inside the Show Analytics: call To Action= apply now
<B><font color = 'blue'> ==> -</font>Assert Pass Language:  apply now==apply now
 
<B><font color ='red'> -6 Ad -</font>  
<B><font color = 'blue'> ==> -</font> ID of the Ad = 21069
<B><font color = 'blue'> ==> -</font> Clicked On Show Analytics Icon
<B><font color = 'blue'> ==> -</font> Inside the Show Analytics: call To Action= apply now
<B><font color = 'blue'> ==> -</font>Assert Pass Language:  apply now==apply now
 
<B><font color ='red'> -7 Ad -</font>  
<B><font color = 'blue'> ==> -</font> ID of the Ad = 21066
<B><font color = 'blue'> ==> -</font> Clicked On Show Analytics Icon
<B><font color = 'blue'> ==> -</font> Inside the Show Analytics: call To Action= apply now
<B><font color = 'blue'> ==> -</font>Assert Pass Language:  apply now==apply now
 
<B><font color ='red'> -8 Ad -</font>  
<B><font color = 'blue'> ==> -</font> ID of the Ad = 21052
<B><font color = 'blue'> ==> -</font> Clicked On Show Analytics Icon
<B><font color = 'blue'> ==> -</font> Inside the Show Analytics: call To Action= apply now
<B><font color = 'blue'> ==> -</font>Assert Pass Language:  apply now==apply now
 
<B><font color ='red'> -9 Ad -</font>  
<B><font color = 'blue'> ==> -</font> ID of the Ad = 21042
<B><font color = 'blue'> ==> -</font> Clicked On Show Analytics Icon
<B><font color = 'blue'> ==> -</font> Inside the Show Analytics: call To Action= apply now
<B><font color = 'blue'> ==> -</font>Assert Pass Language:  apply now==apply now
 
<B><font color ='red'> -10 Ad -</font>  
<B><font color = 'blue'> ==> -</font> ID of the Ad = 20962
<B><font color = 'blue'> ==> -</font> Clicked On Show Analytics Icon
<B><font color = 'blue'> ==> -</font> Inside the Show Analytics: call To Action= apply now
<B><font color = 'blue'> ==> -</font>Assert Pass Language:  apply now==apply now
 
<B><font color ='red'> -11 Ad -</font>  
<B><font color = 'blue'> ==> -</font> ID of the Ad = 20961
<B><font color = 'blue'> ==> -</font> Clicked On Show Analytics Icon
<B><font color = 'blue'> ==> -</font> Inside the Show Analytics: call To Action= apply now
<B><font color = 'blue'> ==> -</font>Assert Pass Language:  apply now==apply now
 
<B><font color ='red'> -12 Ad -</font>  
<B><font color = 'blue'> ==> -</font> ID of the Ad = 20920
<B><font color = 'blue'> ==> -</font> Clicked On Show Analytics Icon
<B><font color = 'blue'> ==> -</font> Inside the Show Analytics: call To Action= apply now
<B><font color = 'blue'> ==> -</font>Assert Pass Language:  apply now==apply now
 
<B><font color ='red'> -13 Ad -</font>  
<B><font color = 'blue'> ==> -</font> ID of the Ad = 20919
<B><font color = 'blue'> ==> -</font> Clicked On Show Analytics Icon
<B><font color = 'blue'> ==> -</font> Inside the Show Analytics: call To Action= apply now
<B><font color = 'blue'> ==> -</font>Assert Pass Language:  apply now==apply now
 
<B><font color ='red'> -14 Ad -</font>  
<B><font color = 'blue'> ==> -</font> ID of the Ad = 20917
<B><font color = 'blue'> ==> -</font> Clicked On Show Analytics Icon
<B><font color = 'blue'> ==> -</font> Inside the Show Analytics: call To Action= apply now
<B><font color = 'blue'> ==> -</font>Assert Pass Language:  apply now==apply now
 
<B><font color ='red'> -15 Ad -</font>  
<B><font color = 'blue'> ==> -</font> ID of the Ad = 20914
<B><font color = 'blue'> ==> -</font> Clicked On Show Analytics Icon
<B><font color = 'blue'> ==> -</font> Inside the Show Analytics: call To Action= apply now
<B><font color = 'blue'> ==> -</font>Assert Pass Language:  apply now==apply now
 
<B><font color = 'Green'>- Gender </font>
       ==> -Male
<B><font color = 'orange'> Step1 -</font> Clicked On Search Button Icon
<B><font color = 'orange'> Step2 -</font>  Total Ad Count is :3474
 
<B><font color ='red'> -1 Ad -</font>  
<B><font color = 'blue'> ==> -</font> ID of the Ad = 21566
<B><font color = 'blue'> ==> -</font> Clicked On Show Analytics Icon
<B><font color = 'red'> ==> -</font> Not showing any details: of Gender: Male and Female
 
<B><font color ='red'> -2 Ad -</font>  
<B><font color = 'blue'> ==> -</font> ID of the Ad = 21565
<B><font color = 'blue'> ==> -</font> Clicked On Show Analytics Icon
<B><font color = 'blue'> ==> -</font>  Male
<B><font color = 'blue'> ==> -</font>Male percentage=100%
<B><font color = 'blue'> ==> -</font> Male = 100%
 
<B><font color = 'blue'> ==> -</font>   Female
<B><font color = 'blue'> ==> -</font> female percentage= 
<B><font color = 'blue'> ==> -</font> Female = 
 
<B><font color ='red'> -3 Ad -</font>  
<B><font color = 'blue'> ==> -</font> ID of the Ad = 21564
<B><font color = 'blue'> ==> -</font> Clicked On Show Analytics Icon
<B><font color = 'blue'> ==> -</font>  Male
<B><font color = 'blue'> ==> -</font>Male percentage=71%
<B><font color = 'blue'> ==> -</font> Male = 71%
 
<B><font color = 'blue'> ==> -</font>   Female
<B><font color = 'blue'> ==> -</font> female percentage= 29%
<B><font color = 'blue'> ==> -</font> Female = 29%
 
<B><font color ='red'> -4 Ad -</font>  
<B><font color = 'blue'> ==> -</font> ID of the Ad = 21563
<B><font color = 'blue'> ==> -</font> Clicked On Show Analytics Icon
<B><font color = 'blue'> ==> -</font>  Male
<B><font color = 'blue'> ==> -</font>Male percentage=100%
<B><font color = 'blue'> ==> -</font> Male = 100%
 
<B><font color = 'blue'> ==> -</font>   Female
<B><font color = 'blue'> ==> -</font> female percentage= 
<B><font color = 'blue'> ==> -</font> Female = 
 
<B><font color ='red'> -5 Ad -</font>  
<B><font color = 'blue'> ==> -</font> ID of the Ad = 21562
<B><font color = 'blue'> ==> -</font> Clicked On Show Analytics Icon
<B><font color = 'red'> ==> -</font> Not showing any details: of Gender: Male and Female
 
<B><font color ='red'> -6 Ad -</font>  
<B><font color = 'blue'> ==> -</font> ID of the Ad = 21561
<B><font color = 'blue'> ==> -</font> Clicked On Show Analytics Icon
<B><font color = 'blue'> ==> -</font>  Male
<B><font color = 'blue'> ==> -</font>Male percentage=100%
<B><font color = 'blue'> ==> -</font> Male = 100%
 
<B><font color = 'blue'> ==> -</font>   Female
<B><font color = 'blue'> ==> -</font> female percentage= 
<B><font color = 'blue'> ==> -</font> Female = 
 
<B><font color ='red'> -7 Ad -</font>  
<B><font color = 'blue'> ==> -</font> ID of the Ad = 21560
<B><font color = 'blue'> ==> -</font> Clicked On Show Analytics Icon
<B><font color = 'blue'> ==> -</font>  Male
<B><font color = 'blue'> ==> -</font>Male percentage=100%
<B><font color = 'blue'> ==> -</font> Male = 100%
 
<B><font color = 'blue'> ==> -</font>   Female
<B><font color = 'blue'> ==> -</font> female percentage= 
<B><font color = 'blue'> ==> -</font> Female = 
 
<B><font color ='red'> -8 Ad -</font>  
<B><font color = 'blue'> ==> -</font> ID of the Ad = 21559
<B><font color = 'blue'> ==> -</font> Clicked On Show Analytics Icon
<B><font color = 'blue'> ==> -</font>  Male
<B><font color = 'blue'> ==> -</font>Male percentage=100%
<B><font color = 'blue'> ==> -</font> Male = 100%
 
<B><font color = 'blue'> ==> -</font>   Female
<B><font color = 'blue'> ==> -</font> female percentage= 
<B><font color = 'blue'> ==> -</font> Female = 
 
<B><font color ='red'> -9 Ad -</font>  
<B><font color = 'blue'> ==> -</font> ID of the Ad = 21558
<B><font color = 'blue'> ==> -</font> Clicked On Show Analytics Icon
<B><font color = 'blue'> ==> -</font>  Male
<B><font color = 'blue'> ==> -</font>Male percentage=100%
<B><font color = 'blue'> ==> -</font> Male = 100%
 
<B><font color = 'blue'> ==> -</font>   Female
<B><font color = 'blue'> ==> -</font> female percentage= 
<B><font color = 'blue'> ==> -</font> Female = 
 
<B><font color ='red'> -10 Ad -</font>  
<B><font color = 'blue'> ==> -</font> ID of the Ad = 21557
<B><font color = 'blue'> ==> -</font> Clicked On Show Analytics Icon
<B><font color = 'blue'> ==> -</font>  Male
<B><font color = 'blue'> ==> -</font>Male percentage=100%
<B><font color = 'blue'> ==> -</font> Male = 100%
 
<B><font color = 'blue'> ==> -</font>   Female
<B><font color = 'blue'> ==> -</font> female percentage= 
<B><font color = 'blue'> ==> -</font> Female = 
 
<B><font color ='red'> -11 Ad -</font>  
<B><font color = 'blue'> ==> -</font> ID of the Ad = 21556
<B><font color = 'blue'> ==> -</font> Clicked On Show Analytics Icon
<B><font color = 'blue'> ==> -</font>  Male
<B><font color = 'blue'> ==> -</font>Male percentage=100%
<B><font color = 'blue'> ==> -</font> Male = 100%
 
<B><font color = 'blue'> ==> -</font>   Female
<B><font color = 'blue'> ==> -</font> female percentage= 
<B><font color = 'blue'> ==> -</font> Female = 
 
<B><font color ='red'> -12 Ad -</font>  
<B><font color = 'blue'> ==> -</font> ID of the Ad = 21555
<B><font color = 'blue'> ==> -</font> Clicked On Show Analytics Icon
<B><font color = 'blue'> ==> -</font>  Male
<B><font color = 'blue'> ==> -</font>Male percentage=100%
<B><font color = 'blue'> ==> -</font> Male = 100%
 
<B><font color = 'blue'> ==> -</font>   Female
<B><font color = 'blue'> ==> -</font> female percentage= 
<B><font color = 'blue'> ==> -</font> Female = 
 
<B><font color ='red'> -13 Ad -</font>  
<B><font color = 'blue'> ==> -</font> ID of the Ad = 21554
<B><font color = 'blue'> ==> -</font> Clicked On Show Analytics Icon
<B><font color = 'blue'> ==> -</font>  Male
<B><font color = 'blue'> ==> -</font>Male percentage=100%
<B><font color = 'blue'> ==> -</font> Male = 100%
 
<B><font color = 'blue'> ==> -</font>   Female
<B><font color = 'blue'> ==> -</font> female percentage= 
<B><font color = 'blue'> ==> -</font> Female = 
 
<B><font color ='red'> -14 Ad -</font>  
<B><font color = 'blue'> ==> -</font> ID of the Ad = 21553
<B><font color = 'blue'> ==> -</font> Clicked On Show Analytics Icon
<B><font color = 'red'> ==> -</font> Not showing any details: of Gender: Male and Female
 
<B><font color ='red'> -15 Ad -</font>  
<B><font color = 'blue'> ==> -</font> ID of the Ad = 21552
<B><font color = 'blue'> ==> -</font> Clicked On Show Analytics Icon
<B><font color = 'blue'> ==> -</font>  Male
<B><font color = 'blue'> ==> -</font>Male percentage=100%
<B><font color = 'blue'> ==> -</font> Male = 100%
 
<B><font color = 'blue'> ==> -</font>   Female
<B><font color = 'blue'> ==> -</font> female percentage= 
<B><font color = 'blue'> ==> -</font> Female = 
<B><font color = 'orange'> Step2 -</font> Click on Filter
 
<B><font color = 'Green'>-  Filter </font>
<B><font color = 'Green'>- Filter</font>
 
<B><font color = 'Green'>- Age Filter </font>
<B><font color = 'Green'>- Age </font>
       ==> -0
       ==> -75
<B><font color = 'orange'> Step1 -</font> Clicked On Search Button Icon
<B><font color = 'orange'> Step2 -</font>  Total Ad Count is :4649
 
<B><font color ='red'> -1 Ad -</font>  
<B><font color = 'blue'> ==> -</font> ID of the Ad = 21566
<B><font color = 'blue'> ==> -</font> Clicked On Show Analytics Icon
<B><font color = 'blue'> ==> -</font> Age Group
<B><font color = 'red'> ==> -</font> Not showing any details: of Age
 
<B><font color ='red'> -2 Ad -</font>  
<B><font color = 'blue'> ==> -</font> ID of the Ad = 21565
<B><font color = 'blue'> ==> -</font> Clicked On Show Analytics Icon
<B><font color = 'blue'> ==> -</font> Age Group
<B><font color = 'blue'> ==> -</font> Age Group: 65+ = 0%
 
<B><font color = 'blue'> ==> -</font> Age Group: 55-65 = 0%
 
<B><font color = 'blue'> ==> -</font> Age Group: 35-44 = 0%
 
<B><font color = 'blue'> ==> -</font> Age Group: 25-34 = 0%
 
<B><font color = 'blue'> ==> -</font> Age Group: 18-24 = 0%
 
<B><font color = 'blue'> ==> -</font> Age Group: 45-54 = 100%
 
 
<B><font color ='red'> -3 Ad -</font>  
<B><font color = 'blue'> ==> -</font> ID of the Ad = 21564
<B><font color = 'blue'> ==> -</font> Clicked On Show Analytics Icon
<B><font color = 'blue'> ==> -</font> Age Group
<B><font color = 'blue'> ==> -</font> Age Group: 65+ = 0%
 
<B><font color = 'blue'> ==> -</font> Age Group: 55-65 = 0%
 
<B><font color = 'blue'> ==> -</font> Age Group: 35-44 = 0%
 
<B><font color = 'blue'> ==> -</font> Age Group: 25-34 = 0%
 
<B><font color = 'blue'> ==> -</font> Age Group: 18-24 = 0%
 
<B><font color = 'blue'> ==> -</font> Age Group: 45-54 = 100%
 
 
<B><font color ='red'> -4 Ad -</font>  
<B><font color = 'blue'> ==> -</font> ID of the Ad = 21563
<B><font color = 'blue'> ==> -</font> Clicked On Show Analytics Icon
<B><font color = 'blue'> ==> -</font> Age Group
<B><font color = 'blue'> ==> -</font> Age Group: 65+ = 0%
 
<B><font color = 'blue'> ==> -</font> Age Group: 55-65 = 0%
 
<B><font color = 'blue'> ==> -</font> Age Group: 35-44 = 0%
 
<B><font color = 'blue'> ==> -</font> Age Group: 25-34 = 0%
 
<B><font color = 'blue'> ==> -</font> Age Group: 18-24 = 0%
 
<B><font color = 'blue'> ==> -</font> Age Group: 45-54 = 100%
 
 
<B><font color ='red'> -5 Ad -</font>  
<B><font color = 'blue'> ==> -</font> ID of the Ad = 21562
<B><font color = 'blue'> ==> -</font> Clicked On Show Analytics Icon
<B><font color = 'blue'> ==> -</font> Age Group
<B><font color = 'red'> ==> -</font> Not showing any details: of Age
 
<B><font color ='red'> -6 Ad -</font>  
<B><font color = 'blue'> ==> -</font> ID of the Ad = 21561
<B><font color = 'blue'> ==> -</font> Clicked On Show Analytics Icon
<B><font color = 'blue'> ==> -</font> Age Group
<B><font color = 'blue'> ==> -</font> Age Group: 65+ = 0%
 
<B><font color = 'blue'> ==> -</font> Age Group: 55-65 = 0%
 
<B><font color = 'blue'> ==> -</font> Age Group: 35-44 = 0%
 
<B><font color = 'blue'> ==> -</font> Age Group: 25-34 = 0%
 
<B><font color = 'blue'> ==> -</font> Age Group: 18-24 = 0%
 
<B><font color = 'blue'> ==> -</font> Age Group: 45-54 = 100%
 
 
<B><font color ='red'> -7 Ad -</font>  
<B><font color = 'blue'> ==> -</font> ID of the Ad = 21560
<B><font color = 'blue'> ==> -</font> Clicked On Show Analytics Icon
<B><font color = 'blue'> ==> -</font> Age Group
<B><font color = 'blue'> ==> -</font> Age Group: 65+ = 0%
 
<B><font color = 'blue'> ==> -</font> Age Group: 55-65 = 0%
 
<B><font color = 'blue'> ==> -</font> Age Group: 35-44 = 0%
 
<B><font color = 'blue'> ==> -</font> Age Group: 25-34 = 0%
 
<B><font color = 'blue'> ==> -</font> Age Group: 18-24 = 0%
 
<B><font color = 'blue'> ==> -</font> Age Group: 45-54 = 100%
 
 
<B><font color ='red'> -8 Ad -</font>  
<B><font color = 'blue'> ==> -</font> ID of the Ad = 21559
<B><font color = 'blue'> ==> -</font> Clicked On Show Analytics Icon
<B><font color = 'blue'> ==> -</font> Age Group
<B><font color = 'blue'> ==> -</font> Age Group: 65+ = 0%
 
<B><font color = 'blue'> ==> -</font> Age Group: 55-65 = 0%
 
<B><font color = 'blue'> ==> -</font> Age Group: 35-44 = 0%
 
<B><font color = 'blue'> ==> -</font> Age Group: 25-34 = 0%
 
<B><font color = 'blue'> ==> -</font> Age Group: 18-24 = 0%
 
<B><font color = 'blue'> ==> -</font> Age Group: 45-54 = 100%
 
 
<B><font color ='red'> -9 Ad -</font>  
<B><font color = 'blue'> ==> -</font> ID of the Ad = 21558
<B><font color = 'blue'> ==> -</font> Clicked On Show Analytics Icon
<B><font color = 'blue'> ==> -</font> Age Group
<B><font color = 'blue'> ==> -</font> Age Group: 65+ = 0%
 
<B><font color = 'blue'> ==> -</font> Age Group: 55-65 = 0%
 
<B><font color = 'blue'> ==> -</font> Age Group: 35-44 = 0%
 
<B><font color = 'blue'> ==> -</font> Age Group: 25-34 = 0%
 
<B><font color = 'blue'> ==> -</font> Age Group: 18-24 = 0%
 
<B><font color = 'blue'> ==> -</font> Age Group: 45-54 = 100%
 
 
<B><font color ='red'> -11 Ad -</font>  
<B><font color = 'blue'> ==> -</font> ID of the Ad = 21556
<B><font color = 'blue'> ==> -</font> Clicked On Show Analytics Icon
<B><font color = 'blue'> ==> -</font> Age Group
<B><font color = 'red'> ==> -</font> Not showing any details: of Age
 
<B><font color ='red'> -12 Ad -</font>  
<B><font color = 'blue'> ==> -</font> ID of the Ad = 21555
<B><font color = 'blue'> ==> -</font> Clicked On Show Analytics Icon
<B><font color = 'blue'> ==> -</font> Age Group
<B><font color = 'blue'> ==> -</font> Age Group: 65+ = 0%
 
<B><font color = 'blue'> ==> -</font> Age Group: 55-65 = 0%
 
<B><font color = 'blue'> ==> -</font> Age Group: 35-44 = 0%
 
<B><font color = 'blue'> ==> -</font> Age Group: 25-34 = 0%
 
<B><font color = 'blue'> ==> -</font> Age Group: 18-24 = 0%
 
<B><font color = 'blue'> ==> -</font> Age Group: 45-54 = 100%
 
 
<B><font color ='red'> -13 Ad -</font>  
<B><font color = 'blue'> ==> -</font> ID of the Ad = 21554
<B><font color = 'blue'> ==> -</font> Clicked On Show Analytics Icon
<B><font color = 'blue'> ==> -</font> Age Group
<B><font color = 'blue'> ==> -</font> Age Group: 65+ = 0%
 
<B><font color = 'blue'> ==> -</font> Age Group: 55-65 = 0%
 
<B><font color = 'blue'> ==> -</font> Age Group: 35-44 = 0%
 
<B><font color = 'blue'> ==> -</font> Age Group: 25-34 = 0%
 
<B><font color = 'blue'> ==> -</font> Age Group: 18-24 = 0%
 
<B><font color = 'blue'> ==> -</font> Age Group: 45-54 = 100%
 
 
<B><font color ='red'> -14 Ad -</font>  
<B><font color = 'blue'> ==> -</font> ID of the Ad = 21553
<B><font color = 'blue'> ==> -</font> Clicked On Show Analytics Icon
<B><font color = 'blue'> ==> -</font> Age Group
<B><font color = 'red'> ==> -</font> Not showing any details: of Age
 
<B><font color ='red'> -15 Ad -</font>  
<B><font color = 'blue'> ==> -</font> ID of the Ad = 21552
<B><font color = 'blue'> ==> -</font> Clicked On Show Analytics Icon
<B><font color = 'blue'> ==> -</font> Age Group
<B><font color = 'blue'> ==> -</font> Age Group: 65+ = 0%
 
<B><font color = 'blue'> ==> -</font> Age Group: 55-65 = 0%
 
<B><font color = 'blue'> ==> -</font> Age Group: 35-44 = 0%
 
<B><font color = 'blue'> ==> -</font> Age Group: 25-34 = 0%
 
<B><font color = 'blue'> ==> -</font> Age Group: 18-24 = 0%
 
<B><font color = 'blue'> ==> -</font> Age Group: 45-54 = 100%
 
<B><font color = 'orange'> Step2 -</font> Click on Filter
 
<B><font color = 'Green'>- Country </font>
       ==> -India
<B><font color = 'orange'> Step1 -</font> Clicked On Search Button Icon
<B><font color = 'orange'> Step2 -</font>  Total Ad Count is :3314
 
<B><font color ='red'> -1 Ad -</font>  
<B><font color = 'blue'> ==> -</font> ID of the Ad = 21566
<B><font color = 'blue'> ==> -</font> Clicked On Show Analytics Icon
<B><font color = 'blue'> ==> -</font> Country
<B><font color = 'blue'> ==> -</font> Country in  Page= India
<B><font color = 'blue'> ==> -</font> Both  country are Matching in Assert Pass :India == India
 
<B><font color ='red'> -2 Ad -</font>  
<B><font color = 'blue'> ==> -</font> ID of the Ad = 21565
<B><font color = 'blue'> ==> -</font> Clicked On Show Analytics Icon
<B><font color = 'blue'> ==> -</font> Country
<B><font color = 'blue'> ==> -</font> Country in  Page= India
<B><font color = 'blue'> ==> -</font> Both  country are Matching in Assert Pass :India == India
 
<B><font color ='red'> -3 Ad -</font>  
<B><font color = 'blue'> ==> -</font> ID of the Ad = 21564
<B><font color = 'blue'> ==> -</font> Clicked On Show Analytics Icon
<B><font color = 'blue'> ==> -</font> Country
<B><font color = 'blue'> ==> -</font> Country in  Page= India
<B><font color = 'blue'> ==> -</font> Both  country are Matching in Assert Pass :India == India
 
<B><font color ='red'> -4 Ad -</font>  
<B><font color = 'blue'> ==> -</font> ID of the Ad = 21563
<B><font color = 'blue'> ==> -</font> Clicked On Show Analytics Icon
<B><font color = 'blue'> ==> -</font> Country
<B><font color = 'blue'> ==> -</font> Country in  Page= India
<B><font color = 'blue'> ==> -</font> Both  country are Matching in Assert Pass :India == India
 
<B><font color ='red'> -5 Ad -</font>  
<B><font color = 'blue'> ==> -</font> ID of the Ad = 21562
<B><font color = 'blue'> ==> -</font> Clicked On Show Analytics Icon
<B><font color = 'blue'> ==> -</font> Country
<B><font color = 'blue'> ==> -</font> Country in  Page= India
<B><font color = 'blue'> ==> -</font> Both  country are Matching in Assert Pass :India == India
 
<B><font color ='red'> -6 Ad -</font>  
<B><font color = 'blue'> ==> -</font> ID of the Ad = 21561
<B><font color = 'blue'> ==> -</font> Clicked On Show Analytics Icon
<B><font color = 'blue'> ==> -</font> Country
<B><font color = 'blue'> ==> -</font> Country in  Page= India
<B><font color = 'blue'> ==> -</font> Both  country are Matching in Assert Pass :India == India
 
<B><font color ='red'> -7 Ad -</font>  
<B><font color = 'blue'> ==> -</font> ID of the Ad = 21560
<B><font color = 'blue'> ==> -</font> Clicked On Show Analytics Icon
<B><font color = 'blue'> ==> -</font> Country
<B><font color = 'blue'> ==> -</font> Country in  Page= India
<B><font color = 'blue'> ==> -</font> Both  country are Matching in Assert Pass :India == India
 
<B><font color ='red'> -8 Ad -</font>  
<B><font color = 'blue'> ==> -</font> ID of the Ad = 21559
<B><font color = 'blue'> ==> -</font> Clicked On Show Analytics Icon
<B><font color = 'blue'> ==> -</font> Country
<B><font color = 'blue'> ==> -</font> Country in  Page= India
<B><font color = 'blue'> ==> -</font> Both  country are Matching in Assert Pass :India == India
 
<B><font color ='red'> -9 Ad -</font>  
<B><font color = 'blue'> ==> -</font> ID of the Ad = 21558
<B><font color = 'blue'> ==> -</font> Clicked On Show Analytics Icon
<B><font color = 'blue'> ==> -</font> Country
<B><font color = 'blue'> ==> -</font> Country in  Page= India
<B><font color = 'blue'> ==> -</font> Both  country are Matching in Assert Pass :India == India
 
<B><font color ='red'> -10 Ad -</font>  
<B><font color = 'blue'> ==> -</font> ID of the Ad = 21557
<B><font color = 'blue'> ==> -</font> Clicked On Show Analytics Icon
<B><font color = 'blue'> ==> -</font> Country
<B><font color = 'blue'> ==> -</font> Country in  Page= India
<B><font color = 'blue'> ==> -</font> Country in  Page= India
<B><font color = 'blue'> ==> -</font> Both  country are Matching in Assert Pass :India == India
 
<B><font color ='red'> -11 Ad -</font>  
<B><font color = 'blue'> ==> -</font> ID of the Ad = 21556
<B><font color = 'blue'> ==> -</font> Clicked On Show Analytics Icon
<B><font color = 'blue'> ==> -</font> Country
<B><font color = 'blue'> ==> -</font> Country in  Page= India
<B><font color = 'blue'> ==> -</font> Both  country are Matching in Assert Pass :India == India
 
<B><font color ='red'> -12 Ad -</font>  
<B><font color = 'blue'> ==> -</font> ID of the Ad = 21555
<B><font color = 'blue'> ==> -</font> Clicked On Show Analytics Icon
<B><font color = 'blue'> ==> -</font> Country
<B><font color = 'blue'> ==> -</font> Country in  Page= India
<B><font color = 'blue'> ==> -</font> Both  country are Matching in Assert Pass :India == India
 
<B><font color ='red'> -13 Ad -</font>  
<B><font color = 'blue'> ==> -</font> ID of the Ad = 21554
<B><font color = 'blue'> ==> -</font> Clicked On Show Analytics Icon
<B><font color = 'blue'> ==> -</font> Country
<B><font color = 'blue'> ==> -</font> Country in  Page= India
<B><font color = 'blue'> ==> -</font> Both  country are Matching in Assert Pass :India == India
 
<B><font color ='red'> -14 Ad -</font>  
<B><font color = 'blue'> ==> -</font> ID of the Ad = 21553
<B><font color = 'blue'> ==> -</font> Clicked On Show Analytics Icon
<B><font color = 'blue'> ==> -</font> Country
<B><font color = 'blue'> ==> -</font> Country in  Page= India
<B><font color = 'blue'> ==> -</font> Both  country are Matching in Assert Pass :India == India
 
<B><font color ='red'> -15 Ad -</font>  
<B><font color = 'blue'> ==> -</font> ID of the Ad = 21552
<B><font color = 'blue'> ==> -</font> Clicked On Show Analytics Icon
<B><font color = 'blue'> ==> -</font> Country
<B><font color = 'blue'> ==> -</font> Country in  Page= India
<B><font color = 'blue'> ==> -</font> Both  country are Matching in Assert Pass :India == India
 ]]>
  </system-out>
</testsuite> <!-- com.power.testcases.Verify_Facebook_filter_TestScript -->
