<?xml version="1.0" encoding="UTF-8"?>
<!-- Generated by org.testng.reporters.JUnitReportReporter -->
<testsuite hostname="GLB-459-PC" failures="0" tests="1" name="com.power.testcases.Verify_Youtube_LanderProperties_MarketingPlatform" time="291.906" errors="0" timestamp="2023-03-29T17:35:30 IST" skipped="0">
  <testcase classname="com.power.testcases.Verify_Youtube_LanderProperties_MarketingPlatform" name="verify_LanderProperties" time="291.906"/>
  <system-out>
    <![CDATA[<B><font color = 'orange'> Step1 -</font> Logged into PowerAdSpy Application
<B><font color = 'orange'> Step2 -</font> I am on the page :PowerAdSpy | Facebook Dashboard
<B><font color = 'orange'> Step3 -</font> Power Ad Spy Logo is Displayed
<B><font color = 'orange'> Step4 -</font> Clicked On Instagram Icon
       
<B><font color = 'purple'>  - ShortBy Newest Step will Start from here </font>  
<B><font color = 'orange'> Step1 -</font> Clicked On sortBy Icon
<B><font color = 'orange'> Step2 -</font> Clicked On SortBy Newest Icon
<B><font color = 'orange'> Step3 -</font> Clicked On search Button Icon
<B><font color = 'orange'> Step4 -</font> Clicked On Lander Properties Button Icon
<B><font color = 'orange'> Step4 -</font> Clicked On Lander Properties Button Icon
<B><font color = 'orange'> Step5 -</font> Clicked On Marketing Platform click
 
<B><font color = 'Green'>-Marketing Platform</font>
       :-null
<B><font color = 'orange'> Step1 -</font> Selected  On Marketing Platform Google Marketing Platform
<B><font color = 'orange'> Step2 -</font> Clicked On search Button Icon
<B><font color = 'orange'> Step3 -</font> Total_Ads_Count_newest= 18010
 
<B><font color ='red'> 1 Ad -</font>  
<B><font color = 'blue'> ==> -</font> ID of the Ad = 53674
<B><font color = 'blue'> ==> -</font> Clicked On ShowAnalytics Icon
 
<B><font color = 'blue'> ==> -</font>Basic info: URL: https://teamhealthyandfit.com/best-vitamins-for-eyes?utm_source=C1d_OcP_v4_h5_os3&utm_medium=healthy382&utm_campaign=C1dOcPma&cmc_adid=ga_649852003638_19754893355&gclid=Cj0KCQiAjbagBhD3ARIsANRrqEvS8fXhBqhlX-3suUFBYvGm3odm05RzxvlctLj2FkjSwDf0oD0i1aUaAoUxEALw_wcB
 
<B><font color = 'blue'> ==> -</font>Redirects: URL: null
 
<B><font color = 'blue'> ==> -</font>Outgoing links: Source URL: null
 
<B><font color = 'blue'> ==> -</font>Outgoing links: Redirect URL: null
 
<B><font color = 'blue'> ==> -</font>Outgoing links: Final URL:null
 
<B><font color = 'blue'> ==> -</font>Fb post link: URL : null
 
<B><font color ='red'> 2 Ad -</font>  
<B><font color = 'blue'> ==> -</font> ID of the Ad = 53673
<B><font color = 'blue'> ==> -</font> Clicked On ShowAnalytics Icon
 
<B><font color = 'blue'> ==> -</font>Basic info: URL: https://www.googleadservices.com/pagead/aclk?sa=L&ai=CwgG-BXkiZL_gM_iN694P25O90AKfvZjMb5PR1LCzEbaQHxABIABg5crlg7QOggEXY2EtcHViLTYyMTk4MTE3NDcwNDkzNzGgAeWhsuwDqAMEyAMKqgS_AU_QKa2EPbnJt_bFJ_wMcV4Vert8fIuvftMXnTnWlG19fSCR3DKrSws1w_8GeNl2kmeGO1ZQHuivYusT3y1tgb4rcVUE41RGqjL7p_m3pyhZw1wdhd_ZeMynx-DSUg_ZvTf1jK2MibborBK8Y8ngLF9gJSJbMu8mVPwhDbqi-8RVCdq-SRB0TZG2uhoCEXTknPwpb9Tlk7u3mbhZ-OEfNnI7XBNGUAV_4pV9CniiS1dYYmYyMfvJGxI5qKyhAFohkgUKCBNoAXjRkIC5BKAGboAHnPyBjwSIBwGQBwKoB-edsQKoB-idsQKoB4KqsQKoB4QIqAeo0huoB7YHqAfgzxuoB-nUG6gHjM0bqAex3BuoB6SasQKoB5GfsQKoB7CbsQKoB9-hsQKoB6aqsQKoB4HGG6gHq8UbqAfmnbECqAfIn7ECqAe3obEC0ggSCAAQAhhaMgEAOgeP0ICAgIAEsQnbMpQ_cWIoUcgJAJgLAboLPwgCEAUYBCAIKAEwA0ABSABYJWAAaABwAYgBAJgBAaIBEgoECAAgA9ABAagCBcACAtACAagBAdgBAYACAYgCBtALErgMAZoNARK4E____________wGwFALAFYGAgEDQFQHYFQGYFgHiFgIIAYAXAYoXDAgDGAEoATABOAFAAaAXAQ&num=1&cid=CAESD-D2m99Bk55JL14pf2Sr3g&sig=AOD64_28kFVaREHsVICWx87jvx9W9Qd9QA&adurl=https://www.facebook.com/campaign/landing.php?campaign_id=19742547997&extra_1=|c|649563940466|||&placemen
 
<B><font color = 'blue'> ==> -</font>Redirects: URL: null
 
<B><font color = 'blue'> ==> -</font>Outgoing links: Source URL: null
 
<B><font color = 'blue'> ==> -</font>Outgoing links: Redirect URL: null
 
<B><font color = 'blue'> ==> -</font>Outgoing links: Final URL:null
 
<B><font color = 'blue'> ==> -</font>Fb post link: URL : null
 
<B><font color ='red'> 3 Ad -</font>  
<B><font color = 'blue'> ==> -</font> ID of the Ad = 53672
<B><font color = 'blue'> ==> -</font> Clicked On ShowAnalytics Icon
 
<B><font color = 'blue'> ==> -</font>Basic info: URL: https://www.nivabupa.com/health-insurance-plans/get-quote.html?cid=youtube_cpv_custom_intent&utm_source=youtube&utm_medium=cpv&utm_campaign=ytskip_82_sec_cpv_custom_intent_reassure&gclid=CjwKCAjw_YShBhAiEiwAMomsENXvNFbrOWB7tsd3_LMDz-hi-qVfMApQXKbhJDwFfjzDKDQn5HbofBoCysEQAvD_BwE
 
<B><font color = 'blue'> ==> -</font>Redirects: URL: null
 
<B><font color = 'blue'> ==> -</font>Outgoing links: Source URL: null
 
<B><font color = 'blue'> ==> -</font>Outgoing links: Redirect URL: null
 
<B><font color = 'blue'> ==> -</font>Outgoing links: Final URL:null
 
<B><font color = 'blue'> ==> -</font>Fb post link: URL : null
 
<B><font color ='red'> 4 Ad -</font>  
<B><font color = 'blue'> ==> -</font> ID of the Ad = 53671
<B><font color = 'blue'> ==> -</font> Clicked On ShowAnalytics Icon
 
<B><font color = 'blue'> ==> -</font>Basic info: URL: https://www.dell.com/en-us/internalservererror#pdf-overlay=/asset/en-in/solutions/infrastructure-solutions/briefs-summaries/built-in-server-security-proves-essential-to-business-innovation.pdf
 
<B><font color = 'blue'> ==> -</font>Redirects: URL: null
 
<B><font color = 'blue'> ==> -</font>Outgoing links: Source URL: null
 
<B><font color = 'blue'> ==> -</font>Outgoing links: Redirect URL: null
 
<B><font color = 'blue'> ==> -</font>Outgoing links: Final URL:null
 
<B><font color = 'blue'> ==> -</font>Fb post link: URL : null
 
<B><font color ='red'> 5 Ad -</font>  
<B><font color = 'blue'> ==> -</font> ID of the Ad = 53670
<B><font color = 'blue'> ==> -</font> Clicked On ShowAnalytics Icon
 
<B><font color = 'blue'> ==> -</font>Basic info: URL: https://madhavbaug.org/Walk/Race
 
<B><font color = 'blue'> ==> -</font>Redirects: URL: null
 
<B><font color = 'blue'> ==> -</font>Outgoing links: Source URL: null
 
<B><font color = 'blue'> ==> -</font>Outgoing links: Redirect URL: null
 
<B><font color = 'blue'> ==> -</font>Outgoing links: Final URL:null
 
<B><font color = 'blue'> ==> -</font>Fb post link: URL : null
 
<B><font color ='red'> 6 Ad -</font>  
<B><font color = 'blue'> ==> -</font> ID of the Ad = 53668
<B><font color = 'blue'> ==> -</font> Clicked On ShowAnalytics Icon
 
<B><font color = 'blue'> ==> -</font>Basic info: URL: https://intellipaat.com/cloud-computing-certification-program-iit-roorkee/?utm_source=google&utm_medium=youtube&utm_campaign=yt_video-action_cloud_in&gclid=Cj0KCQjw2v-gBhC1ARIsAOQdKY0jRxLJb7GJA5BPLWakLjdyxrbAslzf5bykMXBDKINRvY_psx_JLEEaAi6sEALw_wcB&US
 
<B><font color = 'blue'> ==> -</font>Redirects: URL: null
 
<B><font color = 'blue'> ==> -</font>Outgoing links: Source URL: null
 
<B><font color = 'blue'> ==> -</font>Outgoing links: Redirect URL: null
 
<B><font color = 'blue'> ==> -</font>Outgoing links: Final URL:null
 
<B><font color = 'blue'> ==> -</font>Fb post link: URL : null
 
<B><font color ='red'> 7 Ad -</font>  
<B><font color = 'blue'> ==> -</font> ID of the Ad = 53667
<B><font color = 'blue'> ==> -</font> Clicked On ShowAnalytics Icon
 
<B><font color = 'blue'> ==> -</font>Basic info: URL: https://pixmazone.in.canon/?utm_source=youtube&utm_medium=cpv&utm_campaign=Canon_4Colour_Printers_Feb23&utm_content=SkipYT&gclid=Cj0KCQjw2v-gBhC1ARIsAOQdKY2Nu-xZqD0cE4yzaG2Y1DuCSUGkfkhlNWBDHVnteeEWA2pZtI59mlAaAm21EALw_wcB
 
<B><font color = 'blue'> ==> -</font>Redirects: URL: null
 
<B><font color = 'blue'> ==> -</font>Outgoing links: Source URL: null
 
<B><font color = 'blue'> ==> -</font>Outgoing links: Redirect URL: null
 
<B><font color = 'blue'> ==> -</font>Outgoing links: Final URL:null
 
<B><font color = 'blue'> ==> -</font>Fb post link: URL : null
 
<B><font color ='red'> 8 Ad -</font>  
<B><font color = 'blue'> ==> -</font> ID of the Ad = 53666
<B><font color = 'blue'> ==> -</font> Clicked On ShowAnalytics Icon
 
<B><font color = 'blue'> ==> -</font>Basic info: URL: https://kandi.openweaver.com/?utm_source=youtube&utm_medium=cpc&utm_campaign=promo_kandi_ie&utm_content=kandi_ie_myspace&utm_term=all_devs&gclid=Cj0KCQjw2v-gBhC1ARIsAOQdKY3nycvErTLF0-33t6Rp3-JlzskJFoQSsYI6NKPVM-NXgboc0Tz8JS4aAr7uEALw_wcB
 
<B><font color = 'blue'> ==> -</font>Redirects: URL: null
 
<B><font color = 'blue'> ==> -</font>Outgoing links: Source URL: null
 
<B><font color = 'blue'> ==> -</font>Outgoing links: Redirect URL: null
 
<B><font color = 'blue'> ==> -</font>Outgoing links: Final URL:null
 
<B><font color = 'blue'> ==> -</font>Fb post link: URL : null
 
<B><font color ='red'> 9 Ad -</font>  
<B><font color = 'blue'> ==> -</font> ID of the Ad = 53665
<B><font color = 'blue'> ==> -</font> Clicked On ShowAnalytics Icon
 
<B><font color = 'blue'> ==> -</font>Basic info: URL: https://equinix.com.au/
 
<B><font color = 'blue'> ==> -</font>Redirects: URL: null
 
<B><font color = 'blue'> ==> -</font>Outgoing links: Source URL: null
 
<B><font color = 'blue'> ==> -</font>Outgoing links: Redirect URL: null
 
<B><font color = 'blue'> ==> -</font>Outgoing links: Final URL:null
 
<B><font color = 'blue'> ==> -</font>Fb post link: URL : null
 
<B><font color ='red'> 10 Ad -</font>  
<B><font color = 'Red'> ==> -</font> Image is not able: Oops! Looks like we don't have data for this search criteria yet.
 
<B><font color ='red'> 11 Ad -</font>  
<B><font color = 'Red'> ==> -</font> Image is not able: Oops! Looks like we don't have data for this search criteria yet.
 
<B><font color ='red'> 12 Ad -</font>  
<B><font color = 'Red'> ==> -</font> Image is not able: Oops! Looks like we don't have data for this search criteria yet.
 
<B><font color ='red'> 13 Ad -</font>  
<B><font color = 'Red'> ==> -</font> Image is not able: Oops! Looks like we don't have data for this search criteria yet.
 
<B><font color ='red'> 14 Ad -</font>  
<B><font color = 'Red'> ==> -</font> Image is not able: Oops! Looks like we don't have data for this search criteria yet.
 
<B><font color ='red'> 15 Ad -</font>  
<B><font color = 'Red'> ==> -</font> Image is not able: Oops! Looks like we don't have data for this search criteria yet.
 ]]>
  </system-out>
</testsuite> <!-- com.power.testcases.Verify_Youtube_LanderProperties_MarketingPlatform -->
