<?xml version="1.0" encoding="UTF-8"?>
<!-- Generated by org.testng.reporters.JUnitReportReporter -->
<testsuite hostname="GLB-459-PC" failures="0" tests="1" name="com.power.testcases.Verify_Native_Dasboard_PostDateBetween" time="843.163" errors="0" timestamp="2023-03-29T17:35:30 IST" skipped="0">
  <testcase classname="com.power.testcases.Verify_Native_Dasboard_PostDateBetween" name="verify_postdateBetween" time="843.163"/>
  <system-out>
    <![CDATA[<B><font color = 'purple'> Step1 -</font> Logged into PowerAdSpy Application
<B><font color = 'purple'> Step2 -</font> I am on the page :PowerAdSpy | Facebook Dashboard
<B><font color = 'purple'> Step3 -</font> Power Ad Spy Logo is Displayed
<B><font color = 'purple'> Step4 -</font> Clicked On Native Icon
<B><font color = 'purple'> Step5 -</font> I am on the page :PowerAdSpy | Native Dashboard

<B><font color = 'green'> Post Date Between : All -</font> 
<B><font color = 'orange'> Step 1 -</font> Clicked On clear search.
<B><font color = 'orange'> Step 1 -</font> Clicked On Post Date Between DropDown.
<B><font color = 'orange'> Step 2 -</font> Clicked On Post Date Between All.
<B><font color = 'orange'> Step 3 -</font> Clicked On Search Bar.
<B><font color = 'orange'> Step 4 -</font> Total_Ads_Count_All= 46921

<B><font color = 'Blue-Violet'> 1st -</font> 
<B><font color = 'blue'> ==> -</font> Clicked On Current Image Date : 29 March 2023
<B><font color = 'blue'> ==> -</font> ID of the Ad = 159578
<B><font color = 'blue'> ==> -</font> Clicked On ShowAnalytics Button.
<B><font color = 'blue'> ==> -</font> LastScene_date AdDetails Page= 29 March 2023
<B><font color = 'blue'> ==> -</font> Post Date in AdDetails Page= 29 March 2023
<B><font color = 'blue'> ==> -</font> Image Date =  29 March 2023    ::    Post Date = 29 March 2023  are same == PASS

<B><font color = 'Blue-Violet'> 2nd -</font> 
<B><font color = 'blue'> ==> -</font> Clicked On Current Image Date : 29 March 2023
<B><font color = 'blue'> ==> -</font> ID of the Ad = 159577
<B><font color = 'blue'> ==> -</font> Clicked On ShowAnalytics Button.
<B><font color = 'blue'> ==> -</font> LastScene_date AdDetails Page= 29 March 2023
<B><font color = 'blue'> ==> -</font> Post Date in AdDetails Page= 29 March 2023
<B><font color = 'blue'> ==> -</font> Image Date =  29 March 2023    ::    Post Date = 29 March 2023  are same == PASS

<B><font color = 'Blue-Violet'> 3rd -</font> 
<B><font color = 'blue'> ==> -</font> Clicked On Current Image Date : 29 March 2023
<B><font color = 'blue'> ==> -</font> ID of the Ad = 159576
<B><font color = 'blue'> ==> -</font> Clicked On ShowAnalytics Button.
<B><font color = 'blue'> ==> -</font> LastScene_date AdDetails Page= 29 March 2023
<B><font color = 'blue'> ==> -</font> Post Date in AdDetails Page= 29 March 2023
<B><font color = 'blue'> ==> -</font> Image Date =  29 March 2023    ::    Post Date = 29 March 2023  are same == PASS

<B><font color = 'Blue-Violet'> 4th -</font> 
<B><font color = 'blue'> ==> -</font> Clicked On Current Image Date : 29 March 2023
<B><font color = 'blue'> ==> -</font> ID of the Ad = 159575
<B><font color = 'blue'> ==> -</font> Clicked On ShowAnalytics Button.
<B><font color = 'blue'> ==> -</font> LastScene_date AdDetails Page= 29 March 2023
<B><font color = 'blue'> ==> -</font> Post Date in AdDetails Page= 29 March 2023
<B><font color = 'blue'> ==> -</font> Image Date =  29 March 2023    ::    Post Date = 29 March 2023  are same == PASS

<B><font color = 'Blue-Violet'> 5th -</font> 
<B><font color = 'blue'> ==> -</font> Clicked On Current Image Date : 29 March 2023
<B><font color = 'blue'> ==> -</font> ID of the Ad = 159574
<B><font color = 'blue'> ==> -</font> Clicked On ShowAnalytics Button.
<B><font color = 'blue'> ==> -</font> LastScene_date AdDetails Page= 29 March 2023
<B><font color = 'blue'> ==> -</font> Post Date in AdDetails Page= 29 March 2023
<B><font color = 'blue'> ==> -</font> Image Date =  29 March 2023    ::    Post Date = 29 March 2023  are same == PASS

<B><font color = 'Blue-Violet'> 6th -</font> 
<B><font color = 'blue'> ==> -</font> Clicked On Current Image Date : 29 March 2023
<B><font color = 'blue'> ==> -</font> ID of the Ad = 159573
<B><font color = 'blue'> ==> -</font> Clicked On ShowAnalytics Button.
<B><font color = 'blue'> ==> -</font> LastScene_date AdDetails Page= 29 March 2023
<B><font color = 'blue'> ==> -</font> Post Date in AdDetails Page= 29 March 2023
<B><font color = 'blue'> ==> -</font> Image Date =  29 March 2023    ::    Post Date = 29 March 2023  are same == PASS

<B><font color = 'Blue-Violet'> 7th -</font> 
<B><font color = 'blue'> ==> -</font> Clicked On Current Image Date : 29 March 2023
<B><font color = 'blue'> ==> -</font> ID of the Ad = 159572
<B><font color = 'blue'> ==> -</font> Clicked On ShowAnalytics Button.
<B><font color = 'blue'> ==> -</font> LastScene_date AdDetails Page= 29 March 2023
<B><font color = 'blue'> ==> -</font> Post Date in AdDetails Page= 29 March 2023
<B><font color = 'blue'> ==> -</font> Image Date =  29 March 2023    ::    Post Date = 29 March 2023  are same == PASS

<B><font color = 'Blue-Violet'> 8th -</font> 
<B><font color = 'blue'> ==> -</font> Clicked On Current Image Date : 29 March 2023
<B><font color = 'blue'> ==> -</font> ID of the Ad = 159571
<B><font color = 'blue'> ==> -</font> Clicked On ShowAnalytics Button.
<B><font color = 'blue'> ==> -</font> LastScene_date AdDetails Page= 29 March 2023
<B><font color = 'blue'> ==> -</font> Post Date in AdDetails Page= 29 March 2023
<B><font color = 'blue'> ==> -</font> Image Date =  29 March 2023    ::    Post Date = 29 March 2023  are same == PASS

<B><font color = 'Blue-Violet'> 9th -</font> 
<B><font color = 'blue'> ==> -</font> Clicked On Current Image Date : 29 March 2023
<B><font color = 'blue'> ==> -</font> ID of the Ad = 159570
<B><font color = 'blue'> ==> -</font> Clicked On ShowAnalytics Button.
<B><font color = 'blue'> ==> -</font> LastScene_date AdDetails Page= 29 March 2023
<B><font color = 'blue'> ==> -</font> Post Date in AdDetails Page= 29 March 2023
<B><font color = 'blue'> ==> -</font> Image Date =  29 March 2023    ::    Post Date = 29 March 2023  are same == PASS

<B><font color = 'Blue-Violet'> 10th -</font> 
<B><font color = 'red'> ==> -</font> Oops! Looks like we don't have data for this search criteria yet.

<B><font color = 'Blue-Violet'> 11th -</font> 
<B><font color = 'red'> ==> -</font> Oops! Looks like we don't have data for this search criteria yet.

<B><font color = 'Blue-Violet'> 12th -</font> 
<B><font color = 'red'> ==> -</font> Oops! Looks like we don't have data for this search criteria yet.

<B><font color = 'Blue-Violet'> 13th -</font> 
<B><font color = 'red'> ==> -</font> Oops! Looks like we don't have data for this search criteria yet.

<B><font color = 'Blue-Violet'> 14th -</font> 
<B><font color = 'red'> ==> -</font> Oops! Looks like we don't have data for this search criteria yet.

<B><font color = 'Blue-Violet'> 15th -</font> 
<B><font color = 'red'> ==> -</font> Oops! Looks like we don't have data for this search criteria yet.

<B><font color = 'green'> Post Date Between : Today -</font> 
<B><font color = 'orange'> Step 1 -</font> Clicked On Post Date Between DropDown.
<B><font color = 'orange'> Step 2 -</font> Clicked On Post Date Between Today.
<B><font color = 'orange'> Step 3 -</font> Clicked On Search Bar.
<B><font color = 'orange'> Step 4 -</font> Total_Ads_Count_Today= 46921

<B><font color = 'Blue-Violet'> 1st -</font> 
<B><font color = 'blue'> ==> -</font> Clicked On Current Image Date: 29 March 2023
<B><font color = 'blue'> ==> -</font> ID of the Ad = 159578
<B><font color = 'blue'> ==> -</font> Clicked On ShowAnalytics Button.
<B><font color = 'blue'> ==> -</font> LastScene_date AdDetails Page= 
<B><font color = 'blue'> ==> -</font> Post Date in AdDetails Page= 29 March 2023
<B><font color = 'blue'> ==> -</font> Image Date =  29 March 2023    ::    Post Date = 29 March 2023  are same == PASS

<B><font color = 'Blue-Violet'> 2nd -</font> 
<B><font color = 'blue'> ==> -</font> Clicked On Current Image Date: 29 March 2023
<B><font color = 'blue'> ==> -</font> ID of the Ad = 159577
<B><font color = 'blue'> ==> -</font> Clicked On ShowAnalytics Button.
<B><font color = 'blue'> ==> -</font> LastScene_date AdDetails Page= 
<B><font color = 'blue'> ==> -</font> Post Date in AdDetails Page= 29 March 2023
<B><font color = 'blue'> ==> -</font> Image Date =  29 March 2023    ::    Post Date = 29 March 2023  are same == PASS

<B><font color = 'Blue-Violet'> 3rd -</font> 
<B><font color = 'blue'> ==> -</font> Clicked On Current Image Date: 29 March 2023
<B><font color = 'blue'> ==> -</font> ID of the Ad = 159576
<B><font color = 'blue'> ==> -</font> Clicked On ShowAnalytics Button.
<B><font color = 'blue'> ==> -</font> LastScene_date AdDetails Page= 
<B><font color = 'blue'> ==> -</font> Post Date in AdDetails Page= 29 March 2023
<B><font color = 'blue'> ==> -</font> Image Date =  29 March 2023    ::    Post Date = 29 March 2023  are same == PASS

<B><font color = 'Blue-Violet'> 4th -</font> 
<B><font color = 'blue'> ==> -</font> Clicked On Current Image Date: 29 March 2023
<B><font color = 'blue'> ==> -</font> ID of the Ad = 159575
<B><font color = 'blue'> ==> -</font> Clicked On ShowAnalytics Button.
<B><font color = 'blue'> ==> -</font> LastScene_date AdDetails Page= 
<B><font color = 'blue'> ==> -</font> Post Date in AdDetails Page= 29 March 2023
<B><font color = 'blue'> ==> -</font> Image Date =  29 March 2023    ::    Post Date = 29 March 2023  are same == PASS

<B><font color = 'Blue-Violet'> 5th -</font> 
<B><font color = 'blue'> ==> -</font> Clicked On Current Image Date: 29 March 2023
<B><font color = 'blue'> ==> -</font> ID of the Ad = 159574
<B><font color = 'blue'> ==> -</font> Clicked On ShowAnalytics Button.
<B><font color = 'blue'> ==> -</font> LastScene_date AdDetails Page= 
<B><font color = 'blue'> ==> -</font> Post Date in AdDetails Page= 29 March 2023
<B><font color = 'blue'> ==> -</font> Image Date =  29 March 2023    ::    Post Date = 29 March 2023  are same == PASS

<B><font color = 'Blue-Violet'> 6th -</font> 
<B><font color = 'blue'> ==> -</font> Clicked On Current Image Date: 29 March 2023
<B><font color = 'blue'> ==> -</font> ID of the Ad = 159573
<B><font color = 'blue'> ==> -</font> Clicked On ShowAnalytics Button.
<B><font color = 'blue'> ==> -</font> LastScene_date AdDetails Page= 
<B><font color = 'blue'> ==> -</font> Post Date in AdDetails Page= 29 March 2023
<B><font color = 'blue'> ==> -</font> Image Date =  29 March 2023    ::    Post Date = 29 March 2023  are same == PASS

<B><font color = 'Blue-Violet'> 7th -</font> 
<B><font color = 'blue'> ==> -</font> Clicked On Current Image Date: 29 March 2023
<B><font color = 'blue'> ==> -</font> ID of the Ad = 159572
<B><font color = 'blue'> ==> -</font> Clicked On ShowAnalytics Button.
<B><font color = 'blue'> ==> -</font> LastScene_date AdDetails Page= 
<B><font color = 'blue'> ==> -</font> Post Date in AdDetails Page= 29 March 2023
<B><font color = 'blue'> ==> -</font> Image Date =  29 March 2023    ::    Post Date = 29 March 2023  are same == PASS

<B><font color = 'Blue-Violet'> 8th -</font> 
<B><font color = 'blue'> ==> -</font> Clicked On Current Image Date: 29 March 2023
<B><font color = 'blue'> ==> -</font> ID of the Ad = 159571
<B><font color = 'blue'> ==> -</font> Clicked On ShowAnalytics Button.
<B><font color = 'blue'> ==> -</font> LastScene_date AdDetails Page= 
<B><font color = 'blue'> ==> -</font> Post Date in AdDetails Page= 29 March 2023
<B><font color = 'blue'> ==> -</font> Image Date =  29 March 2023    ::    Post Date = 29 March 2023  are same == PASS

<B><font color = 'Blue-Violet'> 9th -</font> 
<B><font color = 'blue'> ==> -</font> Clicked On Current Image Date: 29 March 2023
<B><font color = 'blue'> ==> -</font> ID of the Ad = 159570
<B><font color = 'blue'> ==> -</font> Clicked On ShowAnalytics Button.
<B><font color = 'blue'> ==> -</font> LastScene_date AdDetails Page= 
<B><font color = 'blue'> ==> -</font> Post Date in AdDetails Page= 29 March 2023
<B><font color = 'blue'> ==> -</font> Image Date =  29 March 2023    ::    Post Date = 29 March 2023  are same == PASS

<B><font color = 'Blue-Violet'> 10th -</font> 
<B><font color = 'red'> ==> -</font> Oops! Looks like we don't have data for this search criteria yet.

<B><font color = 'Blue-Violet'> 11th -</font> 
<B><font color = 'red'> ==> -</font> Oops! Looks like we don't have data for this search criteria yet.

<B><font color = 'Blue-Violet'> 12th -</font> 
<B><font color = 'red'> ==> -</font> Oops! Looks like we don't have data for this search criteria yet.

<B><font color = 'Blue-Violet'> 13th -</font> 
<B><font color = 'red'> ==> -</font> Oops! Looks like we don't have data for this search criteria yet.

<B><font color = 'Blue-Violet'> 14th -</font> 
<B><font color = 'red'> ==> -</font> Oops! Looks like we don't have data for this search criteria yet.

<B><font color = 'Blue-Violet'> 15th -</font> 
<B><font color = 'red'> ==> -</font> Oops! Looks like we don't have data for this search criteria yet.

<B><font color = 'green'> Post Date Between : Yesterday -</font> 
<B><font color = 'orange'> Step 1 -</font> Clicked On Post Date Between DropDown.
<B><font color = 'orange'> Step 2 -</font> Clicked On Post Date Between Yesterday.
<B><font color = 'orange'> Step 3 -</font> Clicked On Search Bar.
<B><font color = 'orange'> Step 4 -</font> Total_Ads_Count_Yesterday= 46921

<B><font color = 'Blue-Violet'> 1st Ad-</font> 
<B><font color = 'blue'> ==> -</font> Clicked On Current Image Date: 29 March 2023
<B><font color = 'blue'> ==> -</font> ID of the Ad = 159578
<B><font color = 'blue'> ==> -</font> Clicked On ShowAnalytics Button.
<B><font color = 'blue'> ==> -</font> LastScene_date AdDetails Page= 29 March 2023
<B><font color = 'blue'> ==> -</font> Post Date in AdDetails Page= 29 March 2023
<B><font color = 'blue'> ==> -</font> Image Date =  29 March 2023    ::    Post Date = 29 March 2023  are same == PASS

<B><font color = 'Blue-Violet'> 2nd Ad-</font> 
<B><font color = 'blue'> ==> -</font> Clicked On Current Image Date: 29 March 2023
<B><font color = 'blue'> ==> -</font> ID of the Ad = 159577
<B><font color = 'blue'> ==> -</font> Clicked On ShowAnalytics Button.
<B><font color = 'blue'> ==> -</font> LastScene_date AdDetails Page= 29 March 2023
<B><font color = 'blue'> ==> -</font> Post Date in AdDetails Page= 29 March 2023
<B><font color = 'blue'> ==> -</font> Image Date =  29 March 2023    ::    Post Date = 29 March 2023  are same == PASS

<B><font color = 'Blue-Violet'> 3rd Ad-</font> 
<B><font color = 'blue'> ==> -</font> Clicked On Current Image Date: 29 March 2023
<B><font color = 'blue'> ==> -</font> ID of the Ad = 159576
<B><font color = 'blue'> ==> -</font> Clicked On ShowAnalytics Button.
<B><font color = 'blue'> ==> -</font> LastScene_date AdDetails Page= 29 March 2023
<B><font color = 'blue'> ==> -</font> Post Date in AdDetails Page= 29 March 2023
<B><font color = 'blue'> ==> -</font> Image Date =  29 March 2023    ::    Post Date = 29 March 2023  are same == PASS

<B><font color = 'Blue-Violet'> 4th Ad-</font> 
<B><font color = 'blue'> ==> -</font> Clicked On Current Image Date: 29 March 2023
<B><font color = 'blue'> ==> -</font> ID of the Ad = 159575
<B><font color = 'blue'> ==> -</font> Clicked On ShowAnalytics Button.
<B><font color = 'blue'> ==> -</font> LastScene_date AdDetails Page= 29 March 2023
<B><font color = 'blue'> ==> -</font> Post Date in AdDetails Page= 29 March 2023
<B><font color = 'blue'> ==> -</font> Image Date =  29 March 2023    ::    Post Date = 29 March 2023  are same == PASS

<B><font color = 'Blue-Violet'> 5th Ad-</font> 
<B><font color = 'blue'> ==> -</font> Clicked On Current Image Date: 29 March 2023
<B><font color = 'blue'> ==> -</font> ID of the Ad = 159574
<B><font color = 'blue'> ==> -</font> Clicked On ShowAnalytics Button.
<B><font color = 'blue'> ==> -</font> LastScene_date AdDetails Page= 29 March 2023
<B><font color = 'blue'> ==> -</font> Post Date in AdDetails Page= 29 March 2023
<B><font color = 'blue'> ==> -</font> Image Date =  29 March 2023    ::    Post Date = 29 March 2023  are same == PASS

<B><font color = 'Blue-Violet'> 6th Ad-</font> 
<B><font color = 'blue'> ==> -</font> Clicked On Current Image Date: 29 March 2023
<B><font color = 'blue'> ==> -</font> ID of the Ad = 159573
<B><font color = 'blue'> ==> -</font> Clicked On ShowAnalytics Button.
<B><font color = 'blue'> ==> -</font> LastScene_date AdDetails Page= 29 March 2023
<B><font color = 'blue'> ==> -</font> Post Date in AdDetails Page= 29 March 2023
<B><font color = 'blue'> ==> -</font> Image Date =  29 March 2023    ::    Post Date = 29 March 2023  are same == PASS

<B><font color = 'Blue-Violet'> 7th Ad-</font> 
<B><font color = 'blue'> ==> -</font> Clicked On Current Image Date: 29 March 2023
<B><font color = 'blue'> ==> -</font> ID of the Ad = 159572
<B><font color = 'blue'> ==> -</font> Clicked On ShowAnalytics Button.
<B><font color = 'blue'> ==> -</font> LastScene_date AdDetails Page= 29 March 2023
<B><font color = 'blue'> ==> -</font> Post Date in AdDetails Page= 29 March 2023
<B><font color = 'blue'> ==> -</font> Image Date =  29 March 2023    ::    Post Date = 29 March 2023  are same == PASS

<B><font color = 'Blue-Violet'> 8th Ad-</font> 
<B><font color = 'blue'> ==> -</font> Clicked On Current Image Date: 29 March 2023
<B><font color = 'blue'> ==> -</font> ID of the Ad = 159571
<B><font color = 'blue'> ==> -</font> Clicked On ShowAnalytics Button.
<B><font color = 'blue'> ==> -</font> LastScene_date AdDetails Page= 29 March 2023
<B><font color = 'blue'> ==> -</font> Post Date in AdDetails Page= 29 March 2023
<B><font color = 'blue'> ==> -</font> Image Date =  29 March 2023    ::    Post Date = 29 March 2023  are same == PASS

<B><font color = 'Blue-Violet'> 9th Ad-</font> 
<B><font color = 'blue'> ==> -</font> Clicked On Current Image Date: 29 March 2023
<B><font color = 'blue'> ==> -</font> ID of the Ad = 159570
<B><font color = 'blue'> ==> -</font> Clicked On ShowAnalytics Button.
<B><font color = 'blue'> ==> -</font> LastScene_date AdDetails Page= 29 March 2023
<B><font color = 'blue'> ==> -</font> Post Date in AdDetails Page= 29 March 2023
<B><font color = 'blue'> ==> -</font> Image Date =  29 March 2023    ::    Post Date = 29 March 2023  are same == PASS

<B><font color = 'Blue-Violet'> 10th Ad-</font> 
<B><font color = 'red'> ==> -</font> Oops! Looks like we don't have data for this search criteria yet.

<B><font color = 'Blue-Violet'> 11th Ad-</font> 
<B><font color = 'red'> ==> -</font> Oops! Looks like we don't have data for this search criteria yet.

<B><font color = 'Blue-Violet'> 12th Ad-</font> 
<B><font color = 'red'> ==> -</font> Oops! Looks like we don't have data for this search criteria yet.

<B><font color = 'Blue-Violet'> 13th Ad-</font> 
<B><font color = 'red'> ==> -</font> Oops! Looks like we don't have data for this search criteria yet.

<B><font color = 'Blue-Violet'> 14th Ad-</font> 
<B><font color = 'red'> ==> -</font> Oops! Looks like we don't have data for this search criteria yet.

<B><font color = 'Blue-Violet'> 15th Ad-</font> 
<B><font color = 'red'> ==> -</font> Oops! Looks like we don't have data for this search criteria yet.

<B><font color = 'green'> Post Date Between : Last Seven Days -</font> 
<B><font color = 'orange'> Step 1 -</font> Clicked On Post Date Between DropDown.
<B><font color = 'orange'> Step 2 -</font> Clicked On Post Date Between Last Seven Days.
<B><font color = 'orange'> Step 3 -</font> Clicked On Search Bar.
<B><font color = 'orange'> Step 4 -</font> Total_Ads_Count_LastSevenDays= 46921

<B><font color = 'Blue-Violet'> 1st Ad-</font> 
<B><font color = 'blue'> ==> -</font> Clicked On Current Image Date = 29 March 2023
<B><font color = 'blue'> ==> -</font> ID of the Ad = 159578
<B><font color = 'blue'> ==> -</font> Clicked On ShowAnalytics Button.
<B><font color = 'blue'> ==> -</font> LastScene_date AdDetails Page= 29 March 2023
<B><font color = 'blue'> ==> -</font> Post Date in AdDetails Page= 29 March 2023
<B><font color = 'blue'> ==> -</font> Image Date =  29 March 2023    ::    Post Date = 29 March 2023  are same == PASS

<B><font color = 'Blue-Violet'> 2nd Ad-</font> 
<B><font color = 'blue'> ==> -</font> Clicked On Current Image Date = 29 March 2023
<B><font color = 'blue'> ==> -</font> ID of the Ad = 159577
<B><font color = 'blue'> ==> -</font> Clicked On ShowAnalytics Button.
<B><font color = 'blue'> ==> -</font> LastScene_date AdDetails Page= 29 March 2023
<B><font color = 'blue'> ==> -</font> Post Date in AdDetails Page= 29 March 2023
<B><font color = 'blue'> ==> -</font> Image Date =  29 March 2023    ::    Post Date = 29 March 2023  are same == PASS

<B><font color = 'Blue-Violet'> 3rd Ad-</font> 
<B><font color = 'blue'> ==> -</font> Clicked On Current Image Date = 29 March 2023
<B><font color = 'blue'> ==> -</font> ID of the Ad = 159576
<B><font color = 'blue'> ==> -</font> Clicked On ShowAnalytics Button.
<B><font color = 'blue'> ==> -</font> LastScene_date AdDetails Page= 29 March 2023
<B><font color = 'blue'> ==> -</font> Post Date in AdDetails Page= 29 March 2023
<B><font color = 'blue'> ==> -</font> Image Date =  29 March 2023    ::    Post Date = 29 March 2023  are same == PASS

<B><font color = 'Blue-Violet'> 4th Ad-</font> 
<B><font color = 'blue'> ==> -</font> Clicked On Current Image Date = 29 March 2023
<B><font color = 'blue'> ==> -</font> ID of the Ad = 159575
<B><font color = 'blue'> ==> -</font> Clicked On ShowAnalytics Button.
<B><font color = 'blue'> ==> -</font> LastScene_date AdDetails Page= 29 March 2023
<B><font color = 'blue'> ==> -</font> Post Date in AdDetails Page= 29 March 2023
<B><font color = 'blue'> ==> -</font> Image Date =  29 March 2023    ::    Post Date = 29 March 2023  are same == PASS

<B><font color = 'Blue-Violet'> 5th Ad-</font> 
<B><font color = 'blue'> ==> -</font> Clicked On Current Image Date = 29 March 2023
<B><font color = 'blue'> ==> -</font> ID of the Ad = 159574
<B><font color = 'blue'> ==> -</font> Clicked On ShowAnalytics Button.
<B><font color = 'blue'> ==> -</font> LastScene_date AdDetails Page= 29 March 2023
<B><font color = 'blue'> ==> -</font> Post Date in AdDetails Page= 29 March 2023
<B><font color = 'blue'> ==> -</font> Image Date =  29 March 2023    ::    Post Date = 29 March 2023  are same == PASS

<B><font color = 'Blue-Violet'> 6th Ad-</font> 
<B><font color = 'blue'> ==> -</font> Clicked On Current Image Date = 29 March 2023
<B><font color = 'blue'> ==> -</font> ID of the Ad = 159573
<B><font color = 'blue'> ==> -</font> Clicked On ShowAnalytics Button.
<B><font color = 'blue'> ==> -</font> LastScene_date AdDetails Page= 29 March 2023
<B><font color = 'blue'> ==> -</font> Post Date in AdDetails Page= 29 March 2023
<B><font color = 'blue'> ==> -</font> Image Date =  29 March 2023    ::    Post Date = 29 March 2023  are same == PASS

<B><font color = 'Blue-Violet'> 7th Ad-</font> 
<B><font color = 'blue'> ==> -</font> Clicked On Current Image Date = 29 March 2023
<B><font color = 'blue'> ==> -</font> ID of the Ad = 159572
<B><font color = 'blue'> ==> -</font> Clicked On ShowAnalytics Button.
<B><font color = 'blue'> ==> -</font> LastScene_date AdDetails Page= 29 March 2023
<B><font color = 'blue'> ==> -</font> Post Date in AdDetails Page= 29 March 2023
<B><font color = 'blue'> ==> -</font> Image Date =  29 March 2023    ::    Post Date = 29 March 2023  are same == PASS

<B><font color = 'Blue-Violet'> 8th Ad-</font> 
<B><font color = 'blue'> ==> -</font> Clicked On Current Image Date = 29 March 2023
<B><font color = 'blue'> ==> -</font> ID of the Ad = 159571
<B><font color = 'blue'> ==> -</font> Clicked On ShowAnalytics Button.
<B><font color = 'blue'> ==> -</font> LastScene_date AdDetails Page= 29 March 2023
<B><font color = 'blue'> ==> -</font> Post Date in AdDetails Page= 29 March 2023
<B><font color = 'blue'> ==> -</font> Image Date =  29 March 2023    ::    Post Date = 29 March 2023  are same == PASS

<B><font color = 'Blue-Violet'> 9th Ad-</font> 
<B><font color = 'blue'> ==> -</font> Clicked On Current Image Date = 29 March 2023
<B><font color = 'blue'> ==> -</font> ID of the Ad = 159570
<B><font color = 'blue'> ==> -</font> Clicked On ShowAnalytics Button.
<B><font color = 'blue'> ==> -</font> LastScene_date AdDetails Page= 29 March 2023
<B><font color = 'blue'> ==> -</font> Post Date in AdDetails Page= 29 March 2023
<B><font color = 'blue'> ==> -</font> Image Date =  29 March 2023    ::    Post Date = 29 March 2023  are same == PASS

<B><font color = 'Blue-Violet'> 10th Ad-</font> 
<B><font color = 'red'> ==> -</font> Oops! Looks like we don't have data for this search criteria yet.

<B><font color = 'Blue-Violet'> 11th Ad-</font> 
<B><font color = 'red'> ==> -</font> Oops! Looks like we don't have data for this search criteria yet.

<B><font color = 'Blue-Violet'> 12th Ad-</font> 
<B><font color = 'red'> ==> -</font> Oops! Looks like we don't have data for this search criteria yet.

<B><font color = 'Blue-Violet'> 13th Ad-</font> 
<B><font color = 'red'> ==> -</font> Oops! Looks like we don't have data for this search criteria yet.

<B><font color = 'Blue-Violet'> 14th Ad-</font> 
<B><font color = 'red'> ==> -</font> Oops! Looks like we don't have data for this search criteria yet.

<B><font color = 'Blue-Violet'> 15th Ad-</font> 
<B><font color = 'red'> ==> -</font> Oops! Looks like we don't have data for this search criteria yet.

<B><font color = 'green'> Post Date Between : Last Thirty Days -</font> 
<B><font color = 'orange'> Step 1 -</font> Clicked On Post Date Between DropDown.
<B><font color = 'orange'> Step 2 -</font> Clicked On Post Date Between Last Thirty Days.
<B><font color = 'orange'> Step 3 -</font> Clicked On Search Bar.
<B><font color = 'orange'> Step 4 -</font> Total_Ads_Count_LastThirtyDays= 46921

<B><font color = 'Blue-Violet'> 1st Ad-</font> 
<B><font color = 'blue'> ==> -</font> Clicked On Current Image Date = 29 March 2023
<B><font color = 'blue'> ==> -</font> ID of the Ad = 159578
<B><font color = 'blue'> ==> -</font> Clicked On ShowAnalytics Button.
<B><font color = 'blue'> ==> -</font> LastScene_date AdDetails Page= 29 March 2023
<B><font color = 'blue'> ==> -</font> Post Date in AdDetails Page= 29 March 2023
<B><font color = 'blue'> ==> -</font> Image Date =  29 March 2023    ::    Post Date = 29 March 2023  are same == PASS

<B><font color = 'Blue-Violet'> 2nd Ad-</font> 
<B><font color = 'blue'> ==> -</font> Clicked On Current Image Date = 29 March 2023
<B><font color = 'blue'> ==> -</font> ID of the Ad = 159577
<B><font color = 'blue'> ==> -</font> Clicked On ShowAnalytics Button.
<B><font color = 'blue'> ==> -</font> LastScene_date AdDetails Page= 29 March 2023
<B><font color = 'blue'> ==> -</font> Post Date in AdDetails Page= 29 March 2023
<B><font color = 'blue'> ==> -</font> Image Date =  29 March 2023    ::    Post Date = 29 March 2023  are same == PASS

<B><font color = 'Blue-Violet'> 3rd Ad-</font> 
<B><font color = 'blue'> ==> -</font> Clicked On Current Image Date = 29 March 2023
<B><font color = 'blue'> ==> -</font> ID of the Ad = 159576
<B><font color = 'blue'> ==> -</font> Clicked On ShowAnalytics Button.
<B><font color = 'blue'> ==> -</font> LastScene_date AdDetails Page= 29 March 2023
<B><font color = 'blue'> ==> -</font> Post Date in AdDetails Page= 29 March 2023
<B><font color = 'blue'> ==> -</font> Image Date =  29 March 2023    ::    Post Date = 29 March 2023  are same == PASS

<B><font color = 'Blue-Violet'> 4th Ad-</font> 
<B><font color = 'blue'> ==> -</font> Clicked On Current Image Date = 29 March 2023
<B><font color = 'blue'> ==> -</font> ID of the Ad = 159575
<B><font color = 'blue'> ==> -</font> Clicked On ShowAnalytics Button.
<B><font color = 'blue'> ==> -</font> LastScene_date AdDetails Page= 29 March 2023
<B><font color = 'blue'> ==> -</font> Post Date in AdDetails Page= 29 March 2023
<B><font color = 'blue'> ==> -</font> Image Date =  29 March 2023    ::    Post Date = 29 March 2023  are same == PASS

<B><font color = 'Blue-Violet'> 5th Ad-</font> 
<B><font color = 'blue'> ==> -</font> Clicked On Current Image Date = 29 March 2023
<B><font color = 'blue'> ==> -</font> ID of the Ad = 159574
<B><font color = 'blue'> ==> -</font> Clicked On ShowAnalytics Button.
<B><font color = 'blue'> ==> -</font> LastScene_date AdDetails Page= 29 March 2023
<B><font color = 'blue'> ==> -</font> Post Date in AdDetails Page= 29 March 2023
<B><font color = 'blue'> ==> -</font> Image Date =  29 March 2023    ::    Post Date = 29 March 2023  are same == PASS

<B><font color = 'Blue-Violet'> 6th Ad-</font> 
<B><font color = 'blue'> ==> -</font> Clicked On Current Image Date = 29 March 2023
<B><font color = 'blue'> ==> -</font> ID of the Ad = 159573
<B><font color = 'blue'> ==> -</font> Clicked On ShowAnalytics Button.
<B><font color = 'blue'> ==> -</font> LastScene_date AdDetails Page= 29 March 2023
<B><font color = 'blue'> ==> -</font> Post Date in AdDetails Page= 29 March 2023
<B><font color = 'blue'> ==> -</font> Image Date =  29 March 2023    ::    Post Date = 29 March 2023  are same == PASS

<B><font color = 'Blue-Violet'> 7th Ad-</font> 
<B><font color = 'blue'> ==> -</font> Clicked On Current Image Date = 29 March 2023
<B><font color = 'blue'> ==> -</font> ID of the Ad = 159572
<B><font color = 'blue'> ==> -</font> Clicked On ShowAnalytics Button.
<B><font color = 'blue'> ==> -</font> LastScene_date AdDetails Page= 29 March 2023
<B><font color = 'blue'> ==> -</font> Post Date in AdDetails Page= 29 March 2023
<B><font color = 'blue'> ==> -</font> Image Date =  29 March 2023    ::    Post Date = 29 March 2023  are same == PASS

<B><font color = 'Blue-Violet'> 8th Ad-</font> 
<B><font color = 'blue'> ==> -</font> Clicked On Current Image Date = 29 March 2023
<B><font color = 'blue'> ==> -</font> ID of the Ad = 159571
<B><font color = 'blue'> ==> -</font> Clicked On ShowAnalytics Button.
<B><font color = 'blue'> ==> -</font> LastScene_date AdDetails Page= 29 March 2023
<B><font color = 'blue'> ==> -</font> Post Date in AdDetails Page= 29 March 2023
<B><font color = 'blue'> ==> -</font> Image Date =  29 March 2023    ::    Post Date = 29 March 2023  are same == PASS

<B><font color = 'Blue-Violet'> 9th Ad-</font> 
<B><font color = 'blue'> ==> -</font> Clicked On Current Image Date = 29 March 2023
<B><font color = 'blue'> ==> -</font> ID of the Ad = 159570
<B><font color = 'blue'> ==> -</font> Clicked On ShowAnalytics Button.
<B><font color = 'blue'> ==> -</font> LastScene_date AdDetails Page= 29 March 2023
<B><font color = 'blue'> ==> -</font> Post Date in AdDetails Page= 29 March 2023
<B><font color = 'blue'> ==> -</font> Image Date =  29 March 2023    ::    Post Date = 29 March 2023  are same == PASS

<B><font color = 'Blue-Violet'> 10th Ad-</font> 
<B><font color = 'red'> ==> -</font> Oops! Looks like we don't have data for this search criteria yet.

<B><font color = 'Blue-Violet'> 11th Ad-</font> 
<B><font color = 'red'> ==> -</font> Oops! Looks like we don't have data for this search criteria yet.

<B><font color = 'Blue-Violet'> 12th Ad-</font> 
<B><font color = 'red'> ==> -</font> Oops! Looks like we don't have data for this search criteria yet.

<B><font color = 'Blue-Violet'> 13th Ad-</font> 
<B><font color = 'red'> ==> -</font> Oops! Looks like we don't have data for this search criteria yet.

<B><font color = 'Blue-Violet'> 14th Ad-</font> 
<B><font color = 'red'> ==> -</font> Oops! Looks like we don't have data for this search criteria yet.

<B><font color = 'Blue-Violet'> 15th Ad-</font> 
<B><font color = 'red'> ==> -</font> Oops! Looks like we don't have data for this search criteria yet.

<B><font color = 'green'> Post Date Between : This Month -</font> 
<B><font color = 'orange'> Step 1 -</font> Clicked On Post Date Between DropDown.
<B><font color = 'orange'> Step 2 -</font> Clicked On Post Date Between This Month.
<B><font color = 'orange'> Step 3 -</font> Clicked On Search Bar.
<B><font color = 'orange'> Step 4 -</font> Total_Ads_Count_ThisMonth= 46921

<B><font color = 'Blue-Violet'> 1st Ad-</font> 
<B><font color = 'blue'> ==> -</font> Clicked On Current Image Date = 29 March 2023
<B><font color = 'blue'> ==> -</font> ID of the Ad = 159578
<B><font color = 'blue'> ==> -</font> Clicked On ShowAnalytics Button.
<B><font color = 'blue'> ==> -</font> LastScene_date AdDetails Page= 29 March 2023
<B><font color = 'blue'> ==> -</font> Post Date in AdDetails Page= 29 March 2023
<B><font color = 'blue'> ==> -</font> Image Date =  29 March 2023    ::    Post Date = 29 March 2023  are same == PASS

<B><font color = 'Blue-Violet'> 2nd Ad-</font> 
<B><font color = 'blue'> ==> -</font> Clicked On Current Image Date = 29 March 2023
<B><font color = 'blue'> ==> -</font> ID of the Ad = 159577
<B><font color = 'blue'> ==> -</font> Clicked On ShowAnalytics Button.
<B><font color = 'blue'> ==> -</font> LastScene_date AdDetails Page= 29 March 2023
<B><font color = 'blue'> ==> -</font> Post Date in AdDetails Page= 29 March 2023
<B><font color = 'blue'> ==> -</font> Image Date =  29 March 2023    ::    Post Date = 29 March 2023  are same == PASS

<B><font color = 'Blue-Violet'> 3rd Ad-</font> 
<B><font color = 'blue'> ==> -</font> Clicked On Current Image Date = 29 March 2023
<B><font color = 'blue'> ==> -</font> ID of the Ad = 159576
<B><font color = 'blue'> ==> -</font> Clicked On ShowAnalytics Button.
<B><font color = 'blue'> ==> -</font> LastScene_date AdDetails Page= 29 March 2023
<B><font color = 'blue'> ==> -</font> Post Date in AdDetails Page= 29 March 2023
<B><font color = 'blue'> ==> -</font> Image Date =  29 March 2023    ::    Post Date = 29 March 2023  are same == PASS

<B><font color = 'Blue-Violet'> 4th Ad-</font> 
<B><font color = 'blue'> ==> -</font> Clicked On Current Image Date = 29 March 2023
<B><font color = 'blue'> ==> -</font> ID of the Ad = 159575
<B><font color = 'blue'> ==> -</font> Clicked On ShowAnalytics Button.
<B><font color = 'blue'> ==> -</font> LastScene_date AdDetails Page= 29 March 2023
<B><font color = 'blue'> ==> -</font> Post Date in AdDetails Page= 29 March 2023
<B><font color = 'blue'> ==> -</font> Image Date =  29 March 2023    ::    Post Date = 29 March 2023  are same == PASS

<B><font color = 'Blue-Violet'> 5th Ad-</font> 
<B><font color = 'blue'> ==> -</font> Clicked On Current Image Date = 29 March 2023
<B><font color = 'blue'> ==> -</font> ID of the Ad = 159574
<B><font color = 'blue'> ==> -</font> Clicked On ShowAnalytics Button.
<B><font color = 'blue'> ==> -</font> LastScene_date AdDetails Page= 29 March 2023
<B><font color = 'blue'> ==> -</font> Post Date in AdDetails Page= 29 March 2023
<B><font color = 'blue'> ==> -</font> Image Date =  29 March 2023    ::    Post Date = 29 March 2023  are same == PASS

<B><font color = 'Blue-Violet'> 6th Ad-</font> 
<B><font color = 'blue'> ==> -</font> Clicked On Current Image Date = 29 March 2023
<B><font color = 'blue'> ==> -</font> ID of the Ad = 159573
<B><font color = 'blue'> ==> -</font> Clicked On ShowAnalytics Button.
<B><font color = 'blue'> ==> -</font> LastScene_date AdDetails Page= 29 March 2023
<B><font color = 'blue'> ==> -</font> Post Date in AdDetails Page= 29 March 2023
<B><font color = 'blue'> ==> -</font> Image Date =  29 March 2023    ::    Post Date = 29 March 2023  are same == PASS

<B><font color = 'Blue-Violet'> 7th Ad-</font> 
<B><font color = 'blue'> ==> -</font> Clicked On Current Image Date = 29 March 2023
<B><font color = 'blue'> ==> -</font> ID of the Ad = 159572
<B><font color = 'blue'> ==> -</font> Clicked On ShowAnalytics Button.
<B><font color = 'blue'> ==> -</font> LastScene_date AdDetails Page= 29 March 2023
<B><font color = 'blue'> ==> -</font> Post Date in AdDetails Page= 29 March 2023
<B><font color = 'blue'> ==> -</font> Image Date =  29 March 2023    ::    Post Date = 29 March 2023  are same == PASS

<B><font color = 'Blue-Violet'> 8th Ad-</font> 
<B><font color = 'blue'> ==> -</font> Clicked On Current Image Date = 29 March 2023
<B><font color = 'blue'> ==> -</font> ID of the Ad = 159571
<B><font color = 'blue'> ==> -</font> Clicked On ShowAnalytics Button.
<B><font color = 'blue'> ==> -</font> LastScene_date AdDetails Page= 29 March 2023
<B><font color = 'blue'> ==> -</font> Post Date in AdDetails Page= 29 March 2023
<B><font color = 'blue'> ==> -</font> Image Date =  29 March 2023    ::    Post Date = 29 March 2023  are same == PASS

<B><font color = 'Blue-Violet'> 9th Ad-</font> 
<B><font color = 'blue'> ==> -</font> Clicked On Current Image Date = 29 March 2023
<B><font color = 'blue'> ==> -</font> ID of the Ad = 159570
<B><font color = 'blue'> ==> -</font> Clicked On ShowAnalytics Button.
<B><font color = 'blue'> ==> -</font> LastScene_date AdDetails Page= 29 March 2023
<B><font color = 'blue'> ==> -</font> Post Date in AdDetails Page= 29 March 2023
<B><font color = 'blue'> ==> -</font> Image Date =  29 March 2023    ::    Post Date = 29 March 2023  are same == PASS

<B><font color = 'Blue-Violet'> 10th Ad-</font> 
<B><font color = 'red'> ==> -</font> Oops! Looks like we don't have data for this search criteria yet.

<B><font color = 'Blue-Violet'> 11th Ad-</font> 
<B><font color = 'red'> ==> -</font> Oops! Looks like we don't have data for this search criteria yet.

<B><font color = 'Blue-Violet'> 12th Ad-</font> 
<B><font color = 'red'> ==> -</font> Oops! Looks like we don't have data for this search criteria yet.

<B><font color = 'Blue-Violet'> 13th Ad-</font> 
<B><font color = 'red'> ==> -</font> Oops! Looks like we don't have data for this search criteria yet.

<B><font color = 'Blue-Violet'> 14th Ad-</font> 
<B><font color = 'red'> ==> -</font> Oops! Looks like we don't have data for this search criteria yet.

<B><font color = 'Blue-Violet'> 15th Ad-</font> 
<B><font color = 'red'> ==> -</font> Oops! Looks like we don't have data for this search criteria yet.

<B><font color = 'green'> Post Date Between : Last Month -</font> 
<B><font color = 'orange'> Step 1 -</font> Clicked On Post Date Between DropDown.
<B><font color = 'orange'> Step 2 -</font> Clicked On Post Date Between Last Month.
<B><font color = 'orange'> Step 3 -</font> Clicked On Search Bar.
<B><font color = 'orange'> Step 4 -</font> Total_Ads_Count_LastMonth= 46921

<B><font color = 'Blue-Violet'> 1st Ad-</font> 
<B><font color = 'blue'> ==> -</font> Clicked On Current Image Date.29 March 2023
<B><font color = 'blue'> ==> -</font> ID of the Ad = 159578
<B><font color = 'blue'> ==> -</font> Clicked On ShowAnalytics Button.
<B><font color = 'blue'> ==> -</font> LastScene_date AdDetails Page= 29 March 2023
<B><font color = 'blue'> ==> -</font> Post Date in AdDetails Page= 29 March 2023
<B><font color = 'blue'> ==> -</font> Image Date =  29 March 2023    ::    Post Date = 29 March 2023  are same == PASS

<B><font color = 'Blue-Violet'> 2nd Ad-</font> 
<B><font color = 'blue'> ==> -</font> Clicked On Current Image Date.29 March 2023
<B><font color = 'blue'> ==> -</font> ID of the Ad = 159577
<B><font color = 'blue'> ==> -</font> Clicked On ShowAnalytics Button.
<B><font color = 'blue'> ==> -</font> LastScene_date AdDetails Page= 29 March 2023
<B><font color = 'blue'> ==> -</font> Post Date in AdDetails Page= 29 March 2023
<B><font color = 'blue'> ==> -</font> Image Date =  29 March 2023    ::    Post Date = 29 March 2023  are same == PASS

<B><font color = 'Blue-Violet'> 3rd Ad-</font> 
<B><font color = 'blue'> ==> -</font> Clicked On Current Image Date.29 March 2023
<B><font color = 'blue'> ==> -</font> ID of the Ad = 159576
<B><font color = 'blue'> ==> -</font> Clicked On ShowAnalytics Button.
<B><font color = 'blue'> ==> -</font> LastScene_date AdDetails Page= 29 March 2023
<B><font color = 'blue'> ==> -</font> Post Date in AdDetails Page= 29 March 2023
<B><font color = 'blue'> ==> -</font> Image Date =  29 March 2023    ::    Post Date = 29 March 2023  are same == PASS

<B><font color = 'Blue-Violet'> 4th Ad-</font> 
<B><font color = 'blue'> ==> -</font> Clicked On Current Image Date.29 March 2023
<B><font color = 'blue'> ==> -</font> ID of the Ad = 159575
<B><font color = 'blue'> ==> -</font> Clicked On ShowAnalytics Button.
<B><font color = 'blue'> ==> -</font> LastScene_date AdDetails Page= 29 March 2023
<B><font color = 'blue'> ==> -</font> Post Date in AdDetails Page= 29 March 2023
<B><font color = 'blue'> ==> -</font> Image Date =  29 March 2023    ::    Post Date = 29 March 2023  are same == PASS

<B><font color = 'Blue-Violet'> 5th Ad-</font> 
<B><font color = 'blue'> ==> -</font> Clicked On Current Image Date.29 March 2023
<B><font color = 'blue'> ==> -</font> ID of the Ad = 159574
<B><font color = 'blue'> ==> -</font> Clicked On ShowAnalytics Button.
<B><font color = 'blue'> ==> -</font> LastScene_date AdDetails Page= 29 March 2023
<B><font color = 'blue'> ==> -</font> Post Date in AdDetails Page= 29 March 2023
<B><font color = 'blue'> ==> -</font> Image Date =  29 March 2023    ::    Post Date = 29 March 2023  are same == PASS

<B><font color = 'Blue-Violet'> 6th Ad-</font> 
<B><font color = 'blue'> ==> -</font> Clicked On Current Image Date.29 March 2023
<B><font color = 'blue'> ==> -</font> ID of the Ad = 159573
<B><font color = 'blue'> ==> -</font> Clicked On ShowAnalytics Button.
<B><font color = 'blue'> ==> -</font> LastScene_date AdDetails Page= 29 March 2023
<B><font color = 'blue'> ==> -</font> Post Date in AdDetails Page= 29 March 2023
<B><font color = 'blue'> ==> -</font> Image Date =  29 March 2023    ::    Post Date = 29 March 2023  are same == PASS

<B><font color = 'Blue-Violet'> 7th Ad-</font> 
<B><font color = 'blue'> ==> -</font> Clicked On Current Image Date.29 March 2023
<B><font color = 'blue'> ==> -</font> ID of the Ad = 159572
<B><font color = 'blue'> ==> -</font> Clicked On ShowAnalytics Button.
<B><font color = 'blue'> ==> -</font> LastScene_date AdDetails Page= 29 March 2023
<B><font color = 'blue'> ==> -</font> Post Date in AdDetails Page= 29 March 2023
<B><font color = 'blue'> ==> -</font> Image Date =  29 March 2023    ::    Post Date = 29 March 2023  are same == PASS

<B><font color = 'Blue-Violet'> 8th Ad-</font> 
<B><font color = 'blue'> ==> -</font> Clicked On Current Image Date.29 March 2023
<B><font color = 'blue'> ==> -</font> ID of the Ad = 159571
<B><font color = 'blue'> ==> -</font> Clicked On ShowAnalytics Button.
<B><font color = 'blue'> ==> -</font> LastScene_date AdDetails Page= 29 March 2023
<B><font color = 'blue'> ==> -</font> Post Date in AdDetails Page= 29 March 2023
<B><font color = 'blue'> ==> -</font> Image Date =  29 March 2023    ::    Post Date = 29 March 2023  are same == PASS

<B><font color = 'Blue-Violet'> 9th Ad-</font> 
<B><font color = 'blue'> ==> -</font> Clicked On Current Image Date.29 March 2023
<B><font color = 'blue'> ==> -</font> ID of the Ad = 159570
<B><font color = 'blue'> ==> -</font> Clicked On ShowAnalytics Button.
<B><font color = 'blue'> ==> -</font> LastScene_date AdDetails Page= 29 March 2023
<B><font color = 'blue'> ==> -</font> Post Date in AdDetails Page= 29 March 2023
<B><font color = 'blue'> ==> -</font> Image Date =  29 March 2023    ::    Post Date = 29 March 2023  are same == PASS

<B><font color = 'Blue-Violet'> 10th Ad-</font> 
<B><font color = 'red'> ==> -</font> Oops! Looks like we don't have data for this search criteria yet.

<B><font color = 'Blue-Violet'> 11th Ad-</font> 
<B><font color = 'red'> ==> -</font> Oops! Looks like we don't have data for this search criteria yet.

<B><font color = 'Blue-Violet'> 12th Ad-</font> 
<B><font color = 'red'> ==> -</font> Oops! Looks like we don't have data for this search criteria yet.

<B><font color = 'Blue-Violet'> 13th Ad-</font> 
<B><font color = 'red'> ==> -</font> Oops! Looks like we don't have data for this search criteria yet.

<B><font color = 'Blue-Violet'> 14th Ad-</font> 
<B><font color = 'red'> ==> -</font> Oops! Looks like we don't have data for this search criteria yet.

<B><font color = 'Blue-Violet'> 15th Ad-</font> 
<B><font color = 'red'> ==> -</font> Oops! Looks like we don't have data for this search criteria yet.]]>
  </system-out>
</testsuite> <!-- com.power.testcases.Verify_Native_Dasboard_PostDateBetween -->
