<?xml version="1.0" encoding="UTF-8"?>
<!-- Generated by org.testng.reporters.JUnitReportReporter -->
<testsuite hostname="GLB-459-PC" failures="0" tests="1" name="com.power.testcases.verify_Country_Test" time="220.415" errors="0" timestamp="2023-02-02T11:13:32 IST" skipped="0">
  <testcase classname="com.power.testcases.verify_Country_Test" name="verify_Country" time="220.415"/>
  <system-out>
    <![CDATA[<B><font color = 'Burgundy'> Step1 -</font> Logged into PowerAdSpy Application
<B><font color = 'Burgundy'> Step2 -</font> I am on the page :PowerAdSpy | Facebook Dashboard
<B><font color = 'Burgundy'> Step3 -</font> Power Ad Spy Logo is Displayed
<B><font color = 'Burgundy'> Step4 -</font> Clicked On Instagram Icon
<B><font color = 'Burgundy'> Step5 -</font> I am on the page :PowerAdSpy | Instagram Dashboard
<B><font color = 'Burgundy'> Step6 -</font> Clicked on filters :
 
<B><font color = 'Green'>- Country </font>
       ==> -India
<B><font color = 'blue'> ==> -</font> Clicked On search Button Icon
<B><font color = 'blue'> ==> -</font> Total_Ads_Count_newest= 643

<B><font color = 'Blue-Violet'> 1st Ad -</font> 
<B><font color = 'blue'> ==> -</font> ID of the Ad = 29491
<B><font color = 'blue'> ==> -</font> Clicked On showAnalytics Button Icon
<B><font color = 'blue'> ==> -</font> Country in AdDetails Page= India
<B><font color = 'blue'> ==> -</font> Country Applied =  India    ::    Country in AdDetails = India -->  are same == PASS

<B><font color = 'Blue-Violet'> 2nd Ad -</font> 
<B><font color = 'blue'> ==> -</font> ID of the Ad = 29490
<B><font color = 'blue'> ==> -</font> Clicked On showAnalytics Button Icon
<B><font color = 'blue'> ==> -</font> Country in AdDetails Page= India
<B><font color = 'blue'> ==> -</font> Country Applied =  India    ::    Country in AdDetails = India -->  are same == PASS

<B><font color = 'Blue-Violet'> 3rd Ad -</font> 
<B><font color = 'blue'> ==> -</font> ID of the Ad = 29489
<B><font color = 'blue'> ==> -</font> Clicked On showAnalytics Button Icon
<B><font color = 'blue'> ==> -</font> Country in AdDetails Page= India
<B><font color = 'blue'> ==> -</font> Country Applied =  India    ::    Country in AdDetails = India -->  are same == PASS

<B><font color = 'Blue-Violet'> 4th Ad -</font> 
<B><font color = 'blue'> ==> -</font> ID of the Ad = 29488
<B><font color = 'blue'> ==> -</font> Clicked On showAnalytics Button Icon
<B><font color = 'blue'> ==> -</font> Country in AdDetails Page= India
<B><font color = 'blue'> ==> -</font> Country Applied =  India    ::    Country in AdDetails = India -->  are same == PASS

<B><font color = 'Blue-Violet'> 5th Ad -</font> 
<B><font color = 'blue'> ==> -</font> ID of the Ad = 29487
<B><font color = 'blue'> ==> -</font> Clicked On showAnalytics Button Icon
<B><font color = 'blue'> ==> -</font> Country in AdDetails Page= India
<B><font color = 'blue'> ==> -</font> Country Applied =  India    ::    Country in AdDetails = India -->  are same == PASS

<B><font color = 'Blue-Violet'> 6th Ad -</font> 
<B><font color = 'blue'> ==> -</font> ID of the Ad = 29486
<B><font color = 'blue'> ==> -</font> Clicked On showAnalytics Button Icon
<B><font color = 'blue'> ==> -</font> Country in AdDetails Page= India
<B><font color = 'blue'> ==> -</font> Country Applied =  India    ::    Country in AdDetails = India -->  are same == PASS

<B><font color = 'Blue-Violet'> 7th Ad -</font> 
<B><font color = 'blue'> ==> -</font> ID of the Ad = 29485
<B><font color = 'blue'> ==> -</font> Clicked On showAnalytics Button Icon
<B><font color = 'blue'> ==> -</font> Country in AdDetails Page= India
<B><font color = 'blue'> ==> -</font> Country Applied =  India    ::    Country in AdDetails = India -->  are same == PASS

<B><font color = 'Blue-Violet'> 8th Ad -</font> 
<B><font color = 'blue'> ==> -</font> ID of the Ad = 29484
<B><font color = 'blue'> ==> -</font> Clicked On showAnalytics Button Icon
<B><font color = 'blue'> ==> -</font> Country in AdDetails Page= India
<B><font color = 'blue'> ==> -</font> Country Applied =  India    ::    Country in AdDetails = India -->  are same == PASS

<B><font color = 'Blue-Violet'> 9th Ad -</font> 
<B><font color = 'blue'> ==> -</font> ID of the Ad = 29483
<B><font color = 'blue'> ==> -</font> Clicked On showAnalytics Button Icon
<B><font color = 'blue'> ==> -</font> Country in AdDetails Page= India
<B><font color = 'blue'> ==> -</font> Country Applied =  India    ::    Country in AdDetails = India -->  are same == PASS

<B><font color = 'Blue-Violet'> 10th Ad -</font> 
<B><font color = 'blue'> ==> -</font> ID of the Ad = 29482
<B><font color = 'blue'> ==> -</font> Clicked On showAnalytics Button Icon
<B><font color = 'blue'> ==> -</font> Country in AdDetails Page= India
<B><font color = 'blue'> ==> -</font> Country Applied =  India    ::    Country in AdDetails = India -->  are same == PASS

<B><font color = 'Blue-Violet'> 11th Ad -</font> 
<B><font color = 'blue'> ==> -</font> ID of the Ad = 29481
<B><font color = 'blue'> ==> -</font> Clicked On showAnalytics Button Icon
<B><font color = 'blue'> ==> -</font> Country in AdDetails Page= India
<B><font color = 'blue'> ==> -</font> Country Applied =  India    ::    Country in AdDetails = India -->  are same == PASS

<B><font color = 'Blue-Violet'> 12th Ad -</font> 
<B><font color = 'blue'> ==> -</font> ID of the Ad = 29480
<B><font color = 'blue'> ==> -</font> Clicked On showAnalytics Button Icon
<B><font color = 'blue'> ==> -</font> Country in AdDetails Page= India
<B><font color = 'blue'> ==> -</font> Country Applied =  India    ::    Country in AdDetails = India -->  are same == PASS

<B><font color = 'Blue-Violet'> 13th Ad -</font> 
<B><font color = 'blue'> ==> -</font> ID of the Ad = 29479
<B><font color = 'blue'> ==> -</font> Clicked On showAnalytics Button Icon
<B><font color = 'blue'> ==> -</font> Country in AdDetails Page= India
<B><font color = 'blue'> ==> -</font> Country Applied =  India    ::    Country in AdDetails = India -->  are same == PASS

<B><font color = 'Blue-Violet'> 14th Ad -</font> 
<B><font color = 'blue'> ==> -</font> ID of the Ad = 29478
<B><font color = 'blue'> ==> -</font> Clicked On showAnalytics Button Icon
<B><font color = 'blue'> ==> -</font> Country in AdDetails Page= India
<B><font color = 'blue'> ==> -</font> Country Applied =  India    ::    Country in AdDetails = India -->  are same == PASS

<B><font color = 'Blue-Violet'> 15th Ad -</font> 
<B><font color = 'blue'> ==> -</font> ID of the Ad = 29477
<B><font color = 'blue'> ==> -</font> Clicked On showAnalytics Button Icon
<B><font color = 'blue'> ==> -</font> Country in AdDetails Page= India
<B><font color = 'blue'> ==> -</font> Country Applied =  India    ::    Country in AdDetails = India -->  are same == PASS]]>
  </system-out>
</testsuite> <!-- com.power.testcases.verify_Country_Test -->
