<?xml version="1.0" encoding="UTF-8"?>
<!-- Generated by org.testng.reporters.JUnitReportReporter -->
<testsuite hostname="GLB-459-PC" failures="0" tests="1" name="com.power.testcases.Verify_Facebook_Domain_Registration_Date_TestScript" time="361.683" errors="0" timestamp="2023-03-29T17:35:30 IST" skipped="0">
  <testcase classname="com.power.testcases.Verify_Facebook_Domain_Registration_Date_TestScript" name="Facebook_Domain_Registration_Date_TestScript" time="361.683"/>
  <system-out>
    <![CDATA[<B><font color = 'purple'> Step1 -</font> Logged into PowerAdSpy Application
<B><font color = 'purple'> Step2 -</font> I am on the page :PowerAdSpy | Facebook Dashboard
<B><font color = 'purple'> Step3 -</font> Power Ad Spy Logo is Displayed
<B><font color = 'purple'> Step4 -</font> Clicked On FaceBook Icon
       
<B><font color = 'green'>  - ShortBy Newest Step will Start from here </font>  
<B><font color = 'orange'> Step5 -</font> Clicked On sortBy Icon
<B><font color = 'orange'> Step6 -</font> Clicked On SortBy Newest Icon
<B><font color = 'orange'> Step7 -</font> Clicked On search Button Icon
   
<B><font color = 'green'> -ShortBy Newest -Ad Domain Registration Date All Step will Start from here </font> 
<B><font color = 'orange'> Step1 -</font> Clicked On Ad Domain Registration Date filter Icon
<B><font color = 'orange'> Step2 -</font> Clicked On Domain Registration Date All Icon
<B><font color = 'orange'> Step3 -</font> Clicked On search Button Icon
<B><font color = 'orange'> Step4 -</font>  Total Ad Count is :4653
 
<B><font color ='red'> 1 Ad -</font>  
<B><font color = 'blue'> ==> -</font> Ads Caputure Image Date :
<B><font color = 'blue'> ==> -</font> Image Date is :28 March 2023
<B><font color = 'blue'> ==> -</font> ID of the Ad = 21566
<B><font color = 'blue'> ==> -</font> Clicked On Show Analytics Icon
<B><font color = 'blue'> ==> -</font> Last_Seen_ AdDetails Page= 28 March 2023
<B><font color = 'blue'> ==> -</font> Domain_Rgsd_Date AdDetails Page= 2017-08-14
<B><font color = 'blue'> ==> -</font> Both  Date are Matching in Assert Pass :28 March 2023 == 28 March 2023
 
<B><font color ='red'> 2 Ad -</font>  
<B><font color = 'blue'> ==> -</font> Ads Caputure Image Date :
<B><font color = 'blue'> ==> -</font> Image Date is :28 March 2023
<B><font color = 'blue'> ==> -</font> ID of the Ad = 21565
<B><font color = 'blue'> ==> -</font> Clicked On Show Analytics Icon
<B><font color = 'blue'> ==> -</font> Last_Seen_ AdDetails Page= 28 March 2023
<B><font color = 'blue'> ==> -</font> Domain_Rgsd_Date AdDetails Page= --
<B><font color = 'blue'> ==> -</font> Both  Date are Matching in Assert Pass :28 March 2023 == 28 March 2023
 
<B><font color ='red'> 3 Ad -</font>  
<B><font color = 'blue'> ==> -</font> Ads Caputure Image Date :
<B><font color = 'blue'> ==> -</font> Image Date is :28 March 2023
<B><font color = 'blue'> ==> -</font> ID of the Ad = 21564
<B><font color = 'blue'> ==> -</font> Clicked On Show Analytics Icon
<B><font color = 'blue'> ==> -</font> Last_Seen_ AdDetails Page= 28 March 2023
<B><font color = 'blue'> ==> -</font> Domain_Rgsd_Date AdDetails Page= --
<B><font color = 'blue'> ==> -</font> Both  Date are Matching in Assert Pass :28 March 2023 == 28 March 2023
 
<B><font color ='red'> 4 Ad -</font>  
<B><font color = 'blue'> ==> -</font> Ads Caputure Image Date :
<B><font color = 'blue'> ==> -</font> Image Date is :28 March 2023
<B><font color = 'blue'> ==> -</font> ID of the Ad = 21563
<B><font color = 'blue'> ==> -</font> Clicked On Show Analytics Icon
<B><font color = 'blue'> ==> -</font> Last_Seen_ AdDetails Page= 28 March 2023
<B><font color = 'blue'> ==> -</font> Domain_Rgsd_Date AdDetails Page= --
<B><font color = 'blue'> ==> -</font> Both  Date are Matching in Assert Pass :28 March 2023 == 28 March 2023
 
<B><font color ='red'> 5 Ad -</font>  
<B><font color = 'blue'> ==> -</font> Ads Caputure Image Date :
<B><font color = 'blue'> ==> -</font> Image Date is :28 March 2023
<B><font color = 'blue'> ==> -</font> ID of the Ad = 21562
<B><font color = 'blue'> ==> -</font> Clicked On Show Analytics Icon
<B><font color = 'blue'> ==> -</font> Last_Seen_ AdDetails Page= 28 March 2023
<B><font color = 'blue'> ==> -</font> Domain_Rgsd_Date AdDetails Page= --
<B><font color = 'blue'> ==> -</font> Both  Date are Matching in Assert Pass :28 March 2023 == 28 March 2023
 
<B><font color ='red'> 6 Ad -</font>  
<B><font color = 'blue'> ==> -</font> Ads Caputure Image Date :
<B><font color = 'blue'> ==> -</font> Image Date is :28 March 2023
<B><font color = 'blue'> ==> -</font> ID of the Ad = 21561
<B><font color = 'blue'> ==> -</font> Clicked On Show Analytics Icon
<B><font color = 'blue'> ==> -</font> Last_Seen_ AdDetails Page= 28 March 2023
<B><font color = 'blue'> ==> -</font> Domain_Rgsd_Date AdDetails Page= --
<B><font color = 'blue'> ==> -</font> Both  Date are Matching in Assert Pass :28 March 2023 == 28 March 2023
 
<B><font color ='red'> 7 Ad -</font>  
<B><font color = 'blue'> ==> -</font> Ads Caputure Image Date :
<B><font color = 'blue'> ==> -</font> Image Date is :28 March 2023
<B><font color = 'blue'> ==> -</font> ID of the Ad = 21560
<B><font color = 'blue'> ==> -</font> Clicked On Show Analytics Icon
<B><font color = 'blue'> ==> -</font> Last_Seen_ AdDetails Page= 28 March 2023
<B><font color = 'blue'> ==> -</font> Domain_Rgsd_Date AdDetails Page= --
<B><font color = 'blue'> ==> -</font> Both  Date are Matching in Assert Pass :28 March 2023 == 28 March 2023
 
<B><font color ='red'> 8 Ad -</font>  
<B><font color = 'blue'> ==> -</font> Ads Caputure Image Date :
<B><font color = 'blue'> ==> -</font> Image Date is :27 March 2023
<B><font color = 'blue'> ==> -</font> ID of the Ad = 21559
<B><font color = 'blue'> ==> -</font> Clicked On Show Analytics Icon
<B><font color = 'blue'> ==> -</font> Last_Seen_ AdDetails Page= 27 March 2023
<B><font color = 'blue'> ==> -</font> Domain_Rgsd_Date AdDetails Page= 2019-05-06
<B><font color = 'blue'> ==> -</font> Both  Date are Matching in Assert Pass :27 March 2023 == 27 March 2023
 
<B><font color ='red'> 9 Ad -</font>  
<B><font color = 'blue'> ==> -</font> Ads Caputure Image Date :
<B><font color = 'blue'> ==> -</font> Image Date is :27 March 2023
<B><font color = 'blue'> ==> -</font> ID of the Ad = 21558
<B><font color = 'blue'> ==> -</font> Clicked On Show Analytics Icon
<B><font color = 'blue'> ==> -</font> Last_Seen_ AdDetails Page= 27 March 2023
<B><font color = 'blue'> ==> -</font> Domain_Rgsd_Date AdDetails Page= 2012-01-31
<B><font color = 'blue'> ==> -</font> Both  Date are Matching in Assert Pass :27 March 2023 == 27 March 2023
 
<B><font color ='red'> 10 Ad -</font>  
<B><font color = 'blue'> ==> -</font> Ads Caputure Image Date :
<B><font color = 'blue'> ==> -</font> Image Date is :27 March 2023
<B><font color = 'blue'> ==> -</font> ID of the Ad = 21557
<B><font color = 'blue'> ==> -</font> Clicked On Show Analytics Icon
<B><font color = 'blue'> ==> -</font> Last_Seen_ AdDetails Page= 27 March 2023
<B><font color = 'blue'> ==> -</font> Domain_Rgsd_Date AdDetails Page= 2020-05-07
<B><font color = 'blue'> ==> -</font> Both  Date are Matching in Assert Pass :27 March 2023 == 27 March 2023
 
<B><font color ='red'> 11 Ad -</font>  
<B><font color = 'blue'> ==> -</font> Ads Caputure Image Date :
<B><font color = 'blue'> ==> -</font> Image Date is :27 March 2023
<B><font color = 'blue'> ==> -</font> ID of the Ad = 21556
<B><font color = 'blue'> ==> -</font> Clicked On Show Analytics Icon
<B><font color = 'blue'> ==> -</font> Last_Seen_ AdDetails Page= 27 March 2023
<B><font color = 'blue'> ==> -</font> Domain_Rgsd_Date AdDetails Page= --
<B><font color = 'blue'> ==> -</font> Both  Date are Matching in Assert Pass :27 March 2023 == 27 March 2023
 
<B><font color ='red'> 12 Ad -</font> 
<B><font color = 'blue'> ==> -</font> Ads Caputure Image Date :
<B><font color = 'blue'> ==> -</font> Image Date is :27 March 2023
<B><font color = 'blue'> ==> -</font> ID of the Ad = 21555
<B><font color = 'blue'> ==> -</font> Clicked On Show Analytics Icon
<B><font color = 'blue'> ==> -</font> Last_Seen_ AdDetails Page= 27 March 2023
<B><font color = 'blue'> ==> -</font> Domain_Rgsd_Date AdDetails Page= --
<B><font color = 'blue'> ==> -</font> Both  Date are Matching in Assert Pass :27 March 2023 == 27 March 2023
 
<B><font color ='red'> 13 Ad -</font> 
<B><font color = 'blue'> ==> -</font> Ads Caputure Image Date :
<B><font color = 'blue'> ==> -</font> Image Date is :27 March 2023
<B><font color = 'blue'> ==> -</font> ID of the Ad = 21554
<B><font color = 'blue'> ==> -</font> Clicked On Show Analytics Icon
<B><font color = 'blue'> ==> -</font> Last_Seen_ AdDetails Page= 27 March 2023
<B><font color = 'blue'> ==> -</font> Domain_Rgsd_Date AdDetails Page= --
<B><font color = 'blue'> ==> -</font> Both  Date are Matching in Assert Pass :27 March 2023 == 27 March 2023
 
<B><font color ='red'> 14 Ad -</font> 
<B><font color = 'blue'> ==> -</font> Ads Caputure Image Date :
<B><font color = 'blue'> ==> -</font> Image Date is :28 March 2023
<B><font color = 'blue'> ==> -</font> ID of the Ad = 21553
<B><font color = 'blue'> ==> -</font> Clicked On Show Analytics Icon
<B><font color = 'blue'> ==> -</font> Last_Seen_ AdDetails Page= 28 March 2023
<B><font color = 'blue'> ==> -</font> Domain_Rgsd_Date AdDetails Page= --
<B><font color = 'blue'> ==> -</font> Both  Date are Matching in Assert Pass :28 March 2023 == 28 March 2023
 
<B><font color ='red'> 15 Ad -</font> 
<B><font color = 'blue'> ==> -</font> Ads Caputure Image Date :
<B><font color = 'blue'> ==> -</font> Image Date is :27 March 2023
<B><font color = 'blue'> ==> -</font> ID of the Ad = 21552
<B><font color = 'blue'> ==> -</font> Clicked On Show Analytics Icon
<B><font color = 'blue'> ==> -</font> Last_Seen_ AdDetails Page= 27 March 2023
<B><font color = 'blue'> ==> -</font> Domain_Rgsd_Date AdDetails Page= 2019-11-18
<B><font color = 'blue'> ==> -</font> Both  Date are Matching in Assert Pass :27 March 2023 == 27 March 2023
    
<B><font color = 'green'> -ShortBy Newest -Ad Domain Registration Date Today Step will Start from here </font> 
<B><font color = 'orange'> Step1-</font> Clicked On Ad Domain Registration Date filter Icon
<B><font color = 'orange'> Step2 -</font> Clicked On Domain Registration Date Today Icon
<B><font color = 'orange'> Step3 -</font> Clicked On search Button Icon
<B><font color = 'orange'> Step4 -</font>  Total Ad Count is :
 
<B><font color ='red'> 1 Ad -</font>  
<B><font color = 'red'> ==> -</font> Image is not able: Oops! Looks like we don't have data for this search criteria yet.
 
<B><font color ='red'> 2 Ad -</font>  
<B><font color = 'red'> ==> -</font> Image is not able: Oops! Looks like we don't have data for this search criteria yet.
 
<B><font color ='red'> 3 Ad -</font>  
<B><font color = 'red'> ==> -</font> Image is not able: Oops! Looks like we don't have data for this search criteria yet.
 
<B><font color ='red'> 4 Ad -</font>  
<B><font color = 'red'> ==> -</font> Image is not able: Oops! Looks like we don't have data for this search criteria yet.
 
<B><font color ='red'> 5 Ad -</font>  
<B><font color = 'red'> ==> -</font> Image is not able: Oops! Looks like we don't have data for this search criteria yet.
 
<B><font color ='red'> 6 Ad -</font>  
<B><font color = 'red'> ==> -</font> Image is not able: Oops! Looks like we don't have data for this search criteria yet.
 
<B><font color ='red'> 7 Ad -</font>  
<B><font color = 'red'> ==> -</font> Image is not able: Oops! Looks like we don't have data for this search criteria yet.
 
<B><font color ='red'> 8 Ad -</font>  
<B><font color = 'red'> ==> -</font> Image is not able: Oops! Looks like we don't have data for this search criteria yet.
 
<B><font color ='red'> 9 Ad -</font>  
<B><font color = 'red'> ==> -</font> Image is not able: Oops! Looks like we don't have data for this search criteria yet.
 
<B><font color ='red'> 10 Ad -</font>  
<B><font color = 'red'> ==> -</font> Image is not able: Oops! Looks like we don't have data for this search criteria yet.
 
<B><font color ='red'> 11 Ad -</font>  
<B><font color = 'red'> ==> -</font> Image is not able: Oops! Looks like we don't have data for this search criteria yet.
 
<B><font color ='red'> 12 Ad -</font> 
<B><font color = 'red'> ==> -</font> Image is not able: Oops! Looks like we don't have data for this search criteria yet.
 
<B><font color ='red'> 13 Ad -</font> 
<B><font color = 'red'> ==> -</font> Image is not able: Oops! Looks like we don't have data for this search criteria yet.
 
<B><font color ='red'> 14 Ad -</font> 
<B><font color = 'red'> ==> -</font> Image is not able: Oops! Looks like we don't have data for this search criteria yet.
 
<B><font color ='red'> 15 Ad -</font> 
<B><font color = 'red'> ==> -</font> Image is not able: Oops! Looks like we don't have data for this search criteria yet.
   
<B><font color = 'green'> -ShortBy Newest -Ad Domain Registration Date Yesterday Step will Start from here </font> 
<B><font color = 'orange'> Step1 -</font> Clicked On Ad Domain Registration Date filter Icon
<B><font color = 'orange'> Step2 -</font> Clicked On Domain Registration Date Yesterday Icon
<B><font color = 'orange'> Step3 -</font> Clicked On search Button Icon
<B><font color = 'orange'> Step4 -</font>  Total Ad Count is :
 
<B><font color ='red'> 1 Ad -</font>  
<B><font color = 'red'> ==> -</font> Image is not able: Oops! Looks like we don't have data for this search criteria yet.
 
<B><font color ='red'> 2 Ad -</font>  
<B><font color = 'red'> ==> -</font> Image is not able: Oops! Looks like we don't have data for this search criteria yet.
 
<B><font color ='red'> 3 Ad -</font>  
<B><font color = 'red'> ==> -</font> Image is not able: Oops! Looks like we don't have data for this search criteria yet.
 
<B><font color ='red'> 4 Ad -</font>  
<B><font color = 'red'> ==> -</font> Image is not able: Oops! Looks like we don't have data for this search criteria yet.
 
<B><font color ='red'> 5 Ad -</font>  
<B><font color = 'red'> ==> -</font> Image is not able: Oops! Looks like we don't have data for this search criteria yet.
 
<B><font color ='red'> 6 Ad -</font>  
<B><font color = 'red'> ==> -</font> Image is not able: Oops! Looks like we don't have data for this search criteria yet.
 
<B><font color ='red'> 7 Ad -</font>  
<B><font color = 'red'> ==> -</font> Image is not able: Oops! Looks like we don't have data for this search criteria yet.
 
<B><font color ='red'> 8 Ad -</font>  
<B><font color = 'red'> ==> -</font> Image is not able: Oops! Looks like we don't have data for this search criteria yet.
 
<B><font color ='red'> 9 Ad -</font>  
<B><font color = 'red'> ==> -</font> Image is not able: Oops! Looks like we don't have data for this search criteria yet.
 
<B><font color ='red'> 10 Ad -</font>  
<B><font color = 'red'> ==> -</font> Image is not able: Oops! Looks like we don't have data for this search criteria yet.
 
<B><font color ='red'> 11 Ad -</font>  
<B><font color = 'red'> ==> -</font> Image is not able: Oops! Looks like we don't have data for this search criteria yet.
 
<B><font color ='red'> 12 Ad -</font> 
<B><font color = 'red'> ==> -</font> Image is not able: Oops! Looks like we don't have data for this search criteria yet.
 
<B><font color ='red'> 13 Ad -</font> 
<B><font color = 'red'> ==>  -</font> Image is not able: Oops! Looks like we don't have data for this search criteria yet.
 
<B><font color ='red'> 14 Ad -</font> 
<B><font color = 'red'> ==> -</font> Image is not able: Oops! Looks like we don't have data for this search criteria yet.
 
<B><font color ='red'> 15 Ad -</font> 
<B><font color = 'red'> ==> -</font> Image is not able: Oops! Looks like we don't have data for this search criteria yet.
      
<B><font color = 'green'> -ShortBy Newest -Ad Domain Registration Date Last 7 Days Step will Start from here </font> 
<B><font color = 'orange'> Step1 -</font> Clicked On Ad Domain Registration Date filter Icon
<B><font color = 'orange'> Step2 -</font> Clicked On Domain Registration Date Last 7 Days Icon
<B><font color = 'orange'> Step3 -</font> Clicked On search Button Icon
<B><font color = 'orange'> Step4 -</font>  Total Ad Count is :
 
<B><font color ='red'> 1 Ad -</font>  
<B><font color = 'red'> ==>  -</font> Image is not able: Oops! Looks like we don't have data for this search criteria yet.
 
<B><font color ='red'> 2 Ad -</font>  
<B><font color = 'red'> ==> -</font> Image is not able: Oops! Looks like we don't have data for this search criteria yet.
 
<B><font color ='red'> 3 Ad -</font>  
<B><font color = 'red'> ==> -</font> Image is not able: Oops! Looks like we don't have data for this search criteria yet.
 
<B><font color ='red'> 4 Ad -</font>  
<B><font color = 'red'> ==> -</font> Image is not able: Oops! Looks like we don't have data for this search criteria yet.
 
<B><font color ='red'> 5 Ad -</font>  
<B><font color = 'red'> ==> -</font> Image is not able: Oops! Looks like we don't have data for this search criteria yet.
 
<B><font color ='red'> 6 Ad -</font>  
<B><font color = 'red'> ==>  -</font> Image is not able: Oops! Looks like we don't have data for this search criteria yet.
 
<B><font color ='red'> 7 Ad -</font>  
<B><font color = 'red'> ==>  -</font> Image is not able: Oops! Looks like we don't have data for this search criteria yet.
 
<B><font color ='red'> 8 Ad -</font>  
<B><font color = 'red'> ==> -</font> Image is not able: Oops! Looks like we don't have data for this search criteria yet.
 
<B><font color ='red'> 9 Ad -</font>  
<B><font color = 'red'> ==>  -</font> Image is not able: Oops! Looks like we don't have data for this search criteria yet.
 
<B><font color ='red'> 10 Ad -</font>  
<B><font color = 'red'> ==> -</font> Image is not able: Oops! Looks like we don't have data for this search criteria yet.
 
<B><font color ='red'> 11 Ad -</font>  
<B><font color = 'red'> ==>  -</font> Image is not able: Oops! Looks like we don't have data for this search criteria yet.
 
<B><font color ='red'> 12 Ad -</font> 
<B><font color = 'red'> ==>  -</font> Image is not able: Oops! Looks like we don't have data for this search criteria yet.
 
<B><font color ='red'> 13 Ad -</font> 
<B><font color = 'red'> ==>  -</font> Image is not able: Oops! Looks like we don't have data for this search criteria yet.
 
<B><font color ='red'> 14 Ad -</font> 
<B><font color = 'red'> ==> -</font> Image is not able: Oops! Looks like we don't have data for this search criteria yet.
 
<B><font color ='red'> 15 Ad -</font> 
<B><font color = 'red'> ==> -</font> Image is not able: Oops! Looks like we don't have data for this search criteria yet.
      
<B><font color = 'green'> -ShortBy Newest -Ad Domain Registration Date Last 30 Days Step will Start from here </font> 
<B><font color = 'orange'> Step1 -</font> Clicked On Ad Domain Registration Date filter Icon
<B><font color = 'orange'> Step2 -</font> Clicked On Domain Registration Date Last 30 Days Icon
<B><font color = 'orange'> Step3 -</font> Clicked On search Button Icon
<B><font color = 'orange'> Step4 -</font>  Total Ad Count is :
 
<B><font color ='red'> 1 Ad -</font>  
<B><font color = 'red'> ==> -</font> Image is not able: Oops! Looks like we don't have data for this search criteria yet.
 
<B><font color ='red'> 2 Ad -</font>  
<B><font color = 'red'> ==>  -</font> Image is not able: Oops! Looks like we don't have data for this search criteria yet.
 
<B><font color ='red'> 3 Ad -</font>  
<B><font color = 'red'> ==> -</font> Image is not able: Oops! Looks like we don't have data for this search criteria yet.
 
<B><font color ='red'> 4 Ad -</font>  
<B><font color = 'red'> ==> -</font> Image is not able: Oops! Looks like we don't have data for this search criteria yet.
 
<B><font color ='red'> 5 Ad -</font>  
<B><font color = 'red'> ==> -</font> Image is not able: Oops! Looks like we don't have data for this search criteria yet.
 
<B><font color ='red'> 6 Ad -</font>  
<B><font color = 'red'> ==> -</font> Image is not able: Oops! Looks like we don't have data for this search criteria yet.
 
<B><font color ='red'> 7 Ad -</font>  
<B><font color = 'red'> ==> -</font> Image is not able: Oops! Looks like we don't have data for this search criteria yet.
 
<B><font color ='red'> 8 Ad -</font>  
<B><font color = 'red'> ==>  -</font> Image is not able: Oops! Looks like we don't have data for this search criteria yet.
 
<B><font color ='red'> 9 Ad -</font>  
<B><font color = 'red'> ==> -</font> Image is not able: Oops! Looks like we don't have data for this search criteria yet.
 
<B><font color ='red'> 10 Ad -</font>  
<B><font color = 'red'> ==> -</font> Image is not able: Oops! Looks like we don't have data for this search criteria yet.
 
<B><font color ='red'> 11 Ad -</font>  
<B><font color = 'red'> ==> -</font> Image is not able: Oops! Looks like we don't have data for this search criteria yet.
 
<B><font color ='red'> 12 Ad -</font> 
<B><font color = 'red'> ==> -</font> Image is not able: Oops! Looks like we don't have data for this search criteria yet.
 
<B><font color ='red'> 13 Ad -</font> 
<B><font color = 'red'> ==> -</font> Image is not able: Oops! Looks like we don't have data for this search criteria yet.
 
<B><font color ='red'> 14 Ad -</font> 
<B><font color = 'red'> ==> -</font> Image is not able: Oops! Looks like we don't have data for this search criteria yet.
 
<B><font color ='red'> 15 Ad -</font> 
<B><font color = 'red'> ==> -</font> Image is not able: Oops! Looks like we don't have data for this search criteria yet.
      
<B><font color = 'green'> -ShortBy Newest -Ad Domain Registration Date This Month  Step will Start from here </font> 
<B><font color = 'orange'> Step1 -</font> Clicked On Ad Domain Registration Date filter Icon
<B><font color = 'orange'> Step2 -</font> Clicked On Domain Registration Date This Month Icon
<B><font color = 'orange'> Step3 -</font> Clicked On search Button Icon
<B><font color = 'orange'> Step4 -</font>  Total Ad Count is :
 
<B><font color ='red'> 1 Ad -</font>  
<B><font color = 'red'> ==>  -</font> Image is not able: Oops! Looks like we don't have data for this search criteria yet.
 
<B><font color ='red'> 2 Ad -</font>  
<B><font color = 'red'> ==> -</font> Image is not able: Oops! Looks like we don't have data for this search criteria yet.
 
<B><font color ='red'> 3 Ad -</font>  
<B><font color = 'red'> ==> -</font> Image is not able: Oops! Looks like we don't have data for this search criteria yet.
 
<B><font color ='red'> 4 Ad -</font>  
<B><font color = 'red'> ==> -</font> Image is not able: Oops! Looks like we don't have data for this search criteria yet.
 
<B><font color ='red'> 5 Ad -</font>  
<B><font color = 'red'> ==> -</font> Image is not able: Oops! Looks like we don't have data for this search criteria yet.
 
<B><font color ='red'> 6 Ad -</font>  
<B><font color = 'red'> ==> -</font> Image is not able: Oops! Looks like we don't have data for this search criteria yet.
 
<B><font color ='red'> 7 Ad -</font>  
<B><font color = 'red'> ==> -</font> Image is not able: Oops! Looks like we don't have data for this search criteria yet.
 
<B><font color ='red'> 8 Ad -</font>  
<B><font color = 'red'> ==> -</font> Image is not able: Oops! Looks like we don't have data for this search criteria yet.
 
<B><font color ='red'> 9 Ad -</font>  
<B><font color = 'red'> ==> -</font> Image is not able: Oops! Looks like we don't have data for this search criteria yet.
 
<B><font color ='red'> 10 Ad -</font>  
<B><font color = 'red'> ==> -</font> Image is not able: Oops! Looks like we don't have data for this search criteria yet.
 
<B><font color ='red'> 11 Ad -</font>  
<B><font color = 'red'> ==> -</font> Image is not able: Oops! Looks like we don't have data for this search criteria yet.
 
<B><font color ='red'> 12 Ad -</font> 
<B><font color = 'red'> ==> -</font> Image is not able: Oops! Looks like we don't have data for this search criteria yet.
 
<B><font color ='red'> 13 Ad -</font> 
<B><font color = 'red'> ==> -</font> Image is not able: Oops! Looks like we don't have data for this search criteria yet.
 
<B><font color ='red'> 14 Ad -</font> 
<B><font color = 'orange'> Step5 -</font> Image is not able: Oops! Looks like we don't have data for this search criteria yet.
 
<B><font color ='red'> 15 Ad -</font> 
<B><font color = 'red'> ==> -</font> Image is not able: Oops! Looks like we don't have data for this search criteria yet.
      
<B><font color = 'green'> -ShortBy Newest -Ad Domain Registration Date Last Month  Step will Start from here </font> 
<B><font color = 'orange'> Step1 -</font> Clicked On Ad Domain Registration Date filter Icon
<B><font color = 'orange'> Step2 -</font> Clicked On Domain Registration Date  Last month Icon
<B><font color = 'orange'> Step3 -</font> Clicked On search Button Icon
<B><font color = 'orange'> Step4 -</font>  Total Ad Count is :
 
<B><font color ='red'> 1 Ad -</font>  
<B><font color = 'red'> ==> -</font> Image is not able: Oops! Looks like we don't have data for this search criteria yet.
 
<B><font color ='red'> 2 Ad -</font>  
<B><font color = 'red'> ==>  -</font> Image is not able: Oops! Looks like we don't have data for this search criteria yet.
 
<B><font color ='red'> 3 Ad -</font>  
<B><font color = 'red'> ==> -</font> Image is not able: Oops! Looks like we don't have data for this search criteria yet.
 
<B><font color ='red'> 4 Ad -</font>  
<B><font color = 'red'> ==> -</font> Image is not able: Oops! Looks like we don't have data for this search criteria yet.
 
<B><font color ='red'> 5 Ad -</font>  
<B><font color = 'red'> ==> -</font> Image is not able: Oops! Looks like we don't have data for this search criteria yet.
 
<B><font color ='red'> 6 Ad -</font>  
<B><font color = 'red'> ==> -</font> Image is not able: Oops! Looks like we don't have data for this search criteria yet.
 
<B><font color ='red'> 7 Ad -</font>  
<B><font color = 'red'> ==> -</font> Image is not able: Oops! Looks like we don't have data for this search criteria yet.
 
<B><font color ='red'> 8 Ad -</font>  
<B><font color = 'red'> ==> -</font> Image is not able: Oops! Looks like we don't have data for this search criteria yet.
 
<B><font color ='red'> 9 Ad -</font>  
<B><font color = 'red'> ==> -</font> Image is not able: Oops! Looks like we don't have data for this search criteria yet.
 
<B><font color ='red'> 10 Ad -</font>  
<B><font color = 'red'> ==> -</font> Image is not able: Oops! Looks like we don't have data for this search criteria yet.
 
<B><font color ='red'> 11 Ad -</font>  
<B><font color = 'red'> ==> -</font> Image is not able: Oops! Looks like we don't have data for this search criteria yet.
 
<B><font color ='red'> 12 Ad -</font> 
<B><font color = 'red'> ==> -</font> Image is not able: Oops! Looks like we don't have data for this search criteria yet.
 
<B><font color ='red'> 13 Ad -</font> 
<B><font color = 'red'> ==> -</font> Image is not able: Oops! Looks like we don't have data for this search criteria yet.
 
<B><font color ='red'> 14 Ad -</font> 
<B><font color = 'red'> ==> -</font> Image is not able: Oops! Looks like we don't have data for this search criteria yet.
 
<B><font color ='red'> 15 Ad -</font> 
<B><font color = 'red'> ==> -</font> Image is not able: Oops! Looks like we don't have data for this search criteria yet.]]>
  </system-out>
</testsuite> <!-- com.power.testcases.Verify_Facebook_Domain_Registration_Date_TestScript -->
