<?xml version="1.0" encoding="UTF-8"?>
<!-- Generated by org.testng.reporters.JUnitReportReporter -->
<testsuite hostname="GLB-459-PC" failures="0" tests="1" name="com.power.testcases.Verify_Instagram_Dasboard_PostDateBetween" time="800.614" errors="0" timestamp="2023-03-29T17:35:30 IST" skipped="0">
  <testcase classname="com.power.testcases.Verify_Instagram_Dasboard_PostDateBetween" name="verify_postdateBetween" time="800.614"/>
  <system-out>
    <![CDATA[<B><font color = 'purple'> Step1 -</font> Logged into PowerAdSpy Application
<B><font color = 'purple'> Step2 -</font> I am on the page :PowerAdSpy | Facebook Dashboard
<B><font color = 'purple'> Step3 -</font> Power Ad Spy Logo is Displayed
<B><font color = 'purple'> Step4 -</font> Clicked On Instagram Icon
<B><font color = 'purple'> Step5 -</font> I am on the page :PowerAdSpy | Instagram Dashboard

<B><font color = 'green'> Post Date Between : All -</font> 
<B><font color = 'orange'> Step 1 -</font> Clicked On clear search.
<B><font color = 'orange'> Step 1 -</font> Clicked On Post Date Between DropDown.
<B><font color = 'orange'> Step 2 -</font> Clicked On Post Date Between All.
<B><font color = 'orange'> Step 3 -</font> Clicked On Search Bar.
<B><font color = 'orange'> Step 4 -</font> Total_Ads_Count_All= 932

<B><font color = 'Blue-Violet'> 1st -</font> 
<B><font color = 'blue'> ==> -</font> Clicked On Current Image Date : 28 March 2023
<B><font color = 'blue'> ==> -</font> ID of the Ad = 29780
<B><font color = 'blue'> ==> -</font> Clicked On ShowAnalytics Button.
<B><font color = 'blue'> ==> -</font> LastScene_date AdDetails Page= 28 March 2023
<B><font color = 'blue'> ==> -</font> Post Date in AdDetails Page= 22 March 2023

<B><font color = 'Blue-Violet'> 2nd -</font> 
<B><font color = 'blue'> ==> -</font> Clicked On Current Image Date : 28 March 2023
<B><font color = 'blue'> ==> -</font> ID of the Ad = 29779
<B><font color = 'blue'> ==> -</font> Clicked On ShowAnalytics Button.
<B><font color = 'blue'> ==> -</font> LastScene_date AdDetails Page= 28 March 2023
<B><font color = 'blue'> ==> -</font> Post Date in AdDetails Page= 22 March 2023
<B><font color = 'blue'> ==> -</font> Image Date =  28 March 2023    ::    Last Seeen Date = 28 March 2023  are same == PASS

<B><font color = 'Blue-Violet'> 3rd -</font> 
<B><font color = 'blue'> ==> -</font> Clicked On Current Image Date : 22 March 2023
<B><font color = 'blue'> ==> -</font> ID of the Ad = 29778
<B><font color = 'blue'> ==> -</font> Clicked On ShowAnalytics Button.
<B><font color = 'blue'> ==> -</font> LastScene_date AdDetails Page= 22 March 2023
<B><font color = 'blue'> ==> -</font> Post Date in AdDetails Page= 9 March 2023
<B><font color = 'blue'> ==> -</font> Image Date =  22 March 2023    ::    Last Seeen Date = 22 March 2023  are same == PASS

<B><font color = 'Blue-Violet'> 4th -</font> 
<B><font color = 'blue'> ==> -</font> Clicked On Current Image Date : 22 March 2023
<B><font color = 'blue'> ==> -</font> ID of the Ad = 29777
<B><font color = 'blue'> ==> -</font> Clicked On ShowAnalytics Button.
<B><font color = 'blue'> ==> -</font> LastScene_date AdDetails Page= 22 March 2023
<B><font color = 'blue'> ==> -</font> Post Date in AdDetails Page= 20 March 2023
<B><font color = 'blue'> ==> -</font> Image Date =  22 March 2023    ::    Last Seeen Date = 22 March 2023  are same == PASS

<B><font color = 'Blue-Violet'> 5th -</font> 
<B><font color = 'blue'> ==> -</font> Clicked On Current Image Date : 22 March 2023
<B><font color = 'blue'> ==> -</font> ID of the Ad = 29776
<B><font color = 'blue'> ==> -</font> Clicked On ShowAnalytics Button.
<B><font color = 'blue'> ==> -</font> LastScene_date AdDetails Page= 22 March 2023
<B><font color = 'blue'> ==> -</font> Post Date in AdDetails Page= 15 March 2023
<B><font color = 'blue'> ==> -</font> Image Date =  22 March 2023    ::    Last Seeen Date = 22 March 2023  are same == PASS

<B><font color = 'Blue-Violet'> 6th -</font> 
<B><font color = 'blue'> ==> -</font> Clicked On Current Image Date : 22 March 2023
<B><font color = 'blue'> ==> -</font> ID of the Ad = 29775
<B><font color = 'blue'> ==> -</font> Clicked On ShowAnalytics Button.
<B><font color = 'blue'> ==> -</font> LastScene_date AdDetails Page= 22 March 2023
<B><font color = 'blue'> ==> -</font> Post Date in AdDetails Page= 23 January 2023
<B><font color = 'blue'> ==> -</font> Image Date =  22 March 2023    ::    Last Seeen Date = 22 March 2023  are same == PASS

<B><font color = 'Blue-Violet'> 7th -</font> 
<B><font color = 'blue'> ==> -</font> Clicked On Current Image Date : 22 March 2023
<B><font color = 'blue'> ==> -</font> ID of the Ad = 29774
<B><font color = 'blue'> ==> -</font> Clicked On ShowAnalytics Button.
<B><font color = 'blue'> ==> -</font> LastScene_date AdDetails Page= 22 March 2023
<B><font color = 'blue'> ==> -</font> Post Date in AdDetails Page= 16 March 2023
<B><font color = 'blue'> ==> -</font> Image Date =  22 March 2023    ::    Last Seeen Date = 22 March 2023  are same == PASS

<B><font color = 'Blue-Violet'> 8th -</font> 
<B><font color = 'blue'> ==> -</font> Clicked On Current Image Date : 22 March 2023
<B><font color = 'blue'> ==> -</font> ID of the Ad = 29773
<B><font color = 'blue'> ==> -</font> Clicked On ShowAnalytics Button.
<B><font color = 'blue'> ==> -</font> LastScene_date AdDetails Page= 22 March 2023
<B><font color = 'blue'> ==> -</font> Post Date in AdDetails Page= 16 March 2023
<B><font color = 'blue'> ==> -</font> Image Date =  22 March 2023    ::    Last Seeen Date = 22 March 2023  are same == PASS

<B><font color = 'Blue-Violet'> 9th -</font> 
<B><font color = 'blue'> ==> -</font> Clicked On Current Image Date : 22 March 2023
<B><font color = 'blue'> ==> -</font> ID of the Ad = 29772
<B><font color = 'blue'> ==> -</font> Clicked On ShowAnalytics Button.
<B><font color = 'blue'> ==> -</font> LastScene_date AdDetails Page= 22 March 2023
<B><font color = 'blue'> ==> -</font> Post Date in AdDetails Page= 10 March 2023
<B><font color = 'blue'> ==> -</font> Image Date =  22 March 2023    ::    Last Seeen Date = 22 March 2023  are same == PASS

<B><font color = 'Blue-Violet'> 10th -</font> 
<B><font color = 'blue'> ==> -</font> Clicked On Current Image Date : 22 March 2023
<B><font color = 'blue'> ==> -</font> ID of the Ad = 29771
<B><font color = 'blue'> ==> -</font> Clicked On ShowAnalytics Button.
<B><font color = 'blue'> ==> -</font> LastScene_date AdDetails Page= 22 March 2023
<B><font color = 'blue'> ==> -</font> Post Date in AdDetails Page= 24 February 2023
<B><font color = 'blue'> ==> -</font> Image Date =  22 March 2023    ::    Last Seeen Date = 22 March 2023  are same == PASS

<B><font color = 'Blue-Violet'> 11th -</font> 
<B><font color = 'blue'> ==> -</font> Clicked On Current Image Date : 22 March 2023
<B><font color = 'blue'> ==> -</font> ID of the Ad = 29770
<B><font color = 'blue'> ==> -</font> Clicked On ShowAnalytics Button.
<B><font color = 'blue'> ==> -</font> LastScene_date AdDetails Page= 22 March 2023
<B><font color = 'blue'> ==> -</font> Post Date in AdDetails Page= 11 March 2023
<B><font color = 'blue'> ==> -</font> Image Date =  22 March 2023    ::    Last Seeen Date = 22 March 2023  are same == PASS

<B><font color = 'Blue-Violet'> 12th -</font> 
<B><font color = 'blue'> ==> -</font> Clicked On Current Image Date : 22 March 2023
<B><font color = 'blue'> ==> -</font> ID of the Ad = 29769
<B><font color = 'blue'> ==> -</font> Clicked On ShowAnalytics Button.
<B><font color = 'blue'> ==> -</font> LastScene_date AdDetails Page= 22 March 2023
<B><font color = 'blue'> ==> -</font> Post Date in AdDetails Page= 11 February 2023
<B><font color = 'blue'> ==> -</font> Image Date =  22 March 2023    ::    Last Seeen Date = 22 March 2023  are same == PASS

<B><font color = 'Blue-Violet'> 13th -</font> 
<B><font color = 'blue'> ==> -</font> Clicked On Current Image Date : 22 March 2023
<B><font color = 'blue'> ==> -</font> ID of the Ad = 29768
<B><font color = 'blue'> ==> -</font> Clicked On ShowAnalytics Button.
<B><font color = 'blue'> ==> -</font> LastScene_date AdDetails Page= 22 March 2023
<B><font color = 'blue'> ==> -</font> Post Date in AdDetails Page= 22 February 2023
<B><font color = 'blue'> ==> -</font> Image Date =  22 March 2023    ::    Last Seeen Date = 22 March 2023  are same == PASS

<B><font color = 'Blue-Violet'> 14th -</font> 
<B><font color = 'blue'> ==> -</font> Clicked On Current Image Date : 22 March 2023
<B><font color = 'blue'> ==> -</font> ID of the Ad = 29767
<B><font color = 'blue'> ==> -</font> Clicked On ShowAnalytics Button.
<B><font color = 'blue'> ==> -</font> LastScene_date AdDetails Page= 22 March 2023
<B><font color = 'blue'> ==> -</font> Post Date in AdDetails Page= 10 January 2023
<B><font color = 'blue'> ==> -</font> Image Date =  22 March 2023    ::    Last Seeen Date = 22 March 2023  are same == PASS

<B><font color = 'Blue-Violet'> 15th -</font> 
<B><font color = 'blue'> ==> -</font> Clicked On Current Image Date : 22 March 2023
<B><font color = 'blue'> ==> -</font> ID of the Ad = 29766
<B><font color = 'blue'> ==> -</font> Clicked On ShowAnalytics Button.
<B><font color = 'blue'> ==> -</font> LastScene_date AdDetails Page= 22 March 2023
<B><font color = 'blue'> ==> -</font> Post Date in AdDetails Page= 13 March 2023
<B><font color = 'blue'> ==> -</font> Image Date =  22 March 2023    ::    Last Seeen Date = 22 March 2023  are same == PASS

<B><font color = 'green'> Post Date Between : Today -</font> 
<B><font color = 'orange'> Step 1 -</font> Clicked On Post Date Between DropDown.
<B><font color = 'orange'> Step 2 -</font> Clicked On Post Date Between Today.
<B><font color = 'orange'> Step 3 -</font> Clicked On Search Bar.
<B><font color = 'orange'> Step 4 -</font> Total_Ads_Count_Today= 

<B><font color = 'Blue-Violet'> 1st -</font> 
<B><font color = 'red'> ==> -</font> Oops! Looks like we don't have data for this search criteria yet.

<B><font color = 'Blue-Violet'> 2nd -</font> 
<B><font color = 'red'> ==> -</font> Oops! Looks like we don't have data for this search criteria yet.

<B><font color = 'Blue-Violet'> 3rd -</font> 
<B><font color = 'red'> ==> -</font> Oops! Looks like we don't have data for this search criteria yet.

<B><font color = 'Blue-Violet'> 4th -</font> 
<B><font color = 'red'> ==> -</font> Oops! Looks like we don't have data for this search criteria yet.

<B><font color = 'Blue-Violet'> 5th -</font> 
<B><font color = 'red'> ==> -</font> Oops! Looks like we don't have data for this search criteria yet.

<B><font color = 'Blue-Violet'> 6th -</font> 
<B><font color = 'red'> ==> -</font> Oops! Looks like we don't have data for this search criteria yet.

<B><font color = 'Blue-Violet'> 7th -</font> 
<B><font color = 'red'> ==> -</font> Oops! Looks like we don't have data for this search criteria yet.

<B><font color = 'Blue-Violet'> 8th -</font> 
<B><font color = 'red'> ==> -</font> Oops! Looks like we don't have data for this search criteria yet.

<B><font color = 'Blue-Violet'> 9th -</font> 
<B><font color = 'red'> ==> -</font> Oops! Looks like we don't have data for this search criteria yet.

<B><font color = 'Blue-Violet'> 10th -</font> 
<B><font color = 'red'> ==> -</font> Oops! Looks like we don't have data for this search criteria yet.

<B><font color = 'Blue-Violet'> 11th -</font> 
<B><font color = 'red'> ==> -</font> Oops! Looks like we don't have data for this search criteria yet.

<B><font color = 'Blue-Violet'> 12th -</font> 
<B><font color = 'red'> ==> -</font> Oops! Looks like we don't have data for this search criteria yet.

<B><font color = 'Blue-Violet'> 13th -</font> 
<B><font color = 'red'> ==> -</font> Oops! Looks like we don't have data for this search criteria yet.

<B><font color = 'Blue-Violet'> 14th -</font> 
<B><font color = 'red'> ==> -</font> Oops! Looks like we don't have data for this search criteria yet.

<B><font color = 'Blue-Violet'> 15th -</font> 
<B><font color = 'red'> ==> -</font> Oops! Looks like we don't have data for this search criteria yet.

<B><font color = 'green'> Post Date Between : Yesterday -</font> 
<B><font color = 'orange'> Step 1 -</font> Clicked On Post Date Between DropDown.
<B><font color = 'orange'> Step 2 -</font> Clicked On Post Date Between Yesterday.
<B><font color = 'orange'> Step 3 -</font> Clicked On Search Bar.
<B><font color = 'orange'> Step 4 -</font> Total_Ads_Count_Yesterday= 

<B><font color = 'Blue-Violet'> 1st Ad-</font> 
<B><font color = 'red'> ==> -</font> Oops! Looks like we don't have data for this search criteria yet.

<B><font color = 'Blue-Violet'> 2nd Ad-</font> 
<B><font color = 'red'> ==> -</font> Oops! Looks like we don't have data for this search criteria yet.

<B><font color = 'Blue-Violet'> 3rd Ad-</font> 
<B><font color = 'red'> ==> -</font> Oops! Looks like we don't have data for this search criteria yet.

<B><font color = 'Blue-Violet'> 4th Ad-</font> 
<B><font color = 'red'> ==> -</font> Oops! Looks like we don't have data for this search criteria yet.

<B><font color = 'Blue-Violet'> 5th Ad-</font> 
<B><font color = 'red'> ==> -</font> Oops! Looks like we don't have data for this search criteria yet.

<B><font color = 'Blue-Violet'> 6th Ad-</font> 
<B><font color = 'red'> ==> -</font> Oops! Looks like we don't have data for this search criteria yet.

<B><font color = 'Blue-Violet'> 7th Ad-</font> 
<B><font color = 'red'> ==> -</font> Oops! Looks like we don't have data for this search criteria yet.

<B><font color = 'Blue-Violet'> 8th Ad-</font> 
<B><font color = 'red'> ==> -</font> Oops! Looks like we don't have data for this search criteria yet.

<B><font color = 'Blue-Violet'> 9th Ad-</font> 
<B><font color = 'red'> ==> -</font> Oops! Looks like we don't have data for this search criteria yet.

<B><font color = 'Blue-Violet'> 10th Ad-</font> 
<B><font color = 'red'> ==> -</font> Oops! Looks like we don't have data for this search criteria yet.

<B><font color = 'Blue-Violet'> 11th Ad-</font> 
<B><font color = 'red'> ==> -</font> Oops! Looks like we don't have data for this search criteria yet.

<B><font color = 'Blue-Violet'> 12th Ad-</font> 
<B><font color = 'red'> ==> -</font> Oops! Looks like we don't have data for this search criteria yet.

<B><font color = 'Blue-Violet'> 13th Ad-</font> 
<B><font color = 'red'> ==> -</font> Oops! Looks like we don't have data for this search criteria yet.

<B><font color = 'Blue-Violet'> 14th Ad-</font> 
<B><font color = 'red'> ==> -</font> Oops! Looks like we don't have data for this search criteria yet.

<B><font color = 'Blue-Violet'> 15th Ad-</font> 
<B><font color = 'red'> ==> -</font> Oops! Looks like we don't have data for this search criteria yet.

<B><font color = 'green'> Post Date Between : Last Seven Days -</font> 
<B><font color = 'orange'> Step 1 -</font> Clicked On Post Date Between DropDown.
<B><font color = 'orange'> Step 2 -</font> Clicked On Post Date Between Last Seven Days.
<B><font color = 'orange'> Step 3 -</font> Clicked On Search Bar.
<B><font color = 'orange'> Step 4 -</font> Total_Ads_Count_LastSevenDays= 

<B><font color = 'Blue-Violet'> 1st Ad-</font> 
<B><font color = 'red'> ==> -</font> Oops! Looks like we don't have data for this search criteria yet.

<B><font color = 'Blue-Violet'> 2nd Ad-</font> 
<B><font color = 'red'> ==> -</font> Oops! Looks like we don't have data for this search criteria yet.

<B><font color = 'Blue-Violet'> 3rd Ad-</font> 
<B><font color = 'red'> ==> -</font> Oops! Looks like we don't have data for this search criteria yet.

<B><font color = 'Blue-Violet'> 4th Ad-</font> 
<B><font color = 'red'> ==> -</font> Oops! Looks like we don't have data for this search criteria yet.

<B><font color = 'Blue-Violet'> 5th Ad-</font> 
<B><font color = 'red'> ==> -</font> Oops! Looks like we don't have data for this search criteria yet.

<B><font color = 'Blue-Violet'> 6th Ad-</font> 
<B><font color = 'red'> ==> -</font> Oops! Looks like we don't have data for this search criteria yet.

<B><font color = 'Blue-Violet'> 7th Ad-</font> 
<B><font color = 'red'> ==> -</font> Oops! Looks like we don't have data for this search criteria yet.

<B><font color = 'Blue-Violet'> 8th Ad-</font> 
<B><font color = 'red'> ==> -</font> Oops! Looks like we don't have data for this search criteria yet.

<B><font color = 'Blue-Violet'> 9th Ad-</font> 
<B><font color = 'red'> ==> -</font> Oops! Looks like we don't have data for this search criteria yet.

<B><font color = 'Blue-Violet'> 10th Ad-</font> 
<B><font color = 'red'> ==> -</font> Oops! Looks like we don't have data for this search criteria yet.

<B><font color = 'Blue-Violet'> 11th Ad-</font> 
<B><font color = 'red'> ==> -</font> Oops! Looks like we don't have data for this search criteria yet.

<B><font color = 'Blue-Violet'> 12th Ad-</font> 
<B><font color = 'red'> ==> -</font> Oops! Looks like we don't have data for this search criteria yet.

<B><font color = 'Blue-Violet'> 13th Ad-</font> 
<B><font color = 'red'> ==> -</font> Oops! Looks like we don't have data for this search criteria yet.

<B><font color = 'Blue-Violet'> 14th Ad-</font> 
<B><font color = 'red'> ==> -</font> Oops! Looks like we don't have data for this search criteria yet.

<B><font color = 'Blue-Violet'> 15th Ad-</font> 
<B><font color = 'red'> ==> -</font> Oops! Looks like we don't have data for this search criteria yet.

<B><font color = 'green'> Post Date Between : Last Thirty Days -</font> 
<B><font color = 'orange'> Step 1 -</font> Clicked On Post Date Between DropDown.
<B><font color = 'orange'> Step 2 -</font> Clicked On Post Date Between Last Thirty Days.
<B><font color = 'orange'> Step 3 -</font> Clicked On Search Bar.
<B><font color = 'orange'> Step 4 -</font> Total_Ads_Count_LastThirtyDays= 99

<B><font color = 'Blue-Violet'> 1st Ad-</font> 
<B><font color = 'blue'> ==> -</font> Clicked On Current Image Date = 22 March 2023
<B><font color = 'blue'> ==> -</font> ID of the Ad = 29780
<B><font color = 'blue'> ==> -</font> Clicked On ShowAnalytics Button.
<B><font color = 'blue'> ==> -</font> LastScene_date AdDetails Page= 28 March 2023
<B><font color = 'blue'> ==> -</font> Post Date in AdDetails Page= 22 March 2023
<B><font color = 'blue'> ==> -</font> Image Date =  22 March 2023    ::    Last Seeen Date = 22 March 2023  are same == PASS

<B><font color = 'Blue-Violet'> 2nd Ad-</font> 
<B><font color = 'blue'> ==> -</font> Clicked On Current Image Date = 22 March 2023
<B><font color = 'blue'> ==> -</font> ID of the Ad = 29779
<B><font color = 'blue'> ==> -</font> Clicked On ShowAnalytics Button.
<B><font color = 'blue'> ==> -</font> LastScene_date AdDetails Page= 28 March 2023
<B><font color = 'blue'> ==> -</font> Post Date in AdDetails Page= 22 March 2023
<B><font color = 'blue'> ==> -</font> Image Date =  22 March 2023    ::    Last Seeen Date = 22 March 2023  are same == PASS

<B><font color = 'Blue-Violet'> 3rd Ad-</font> 
<B><font color = 'blue'> ==> -</font> Clicked On Current Image Date = 9 March 2023
<B><font color = 'blue'> ==> -</font> ID of the Ad = 29778
<B><font color = 'blue'> ==> -</font> Clicked On ShowAnalytics Button.
<B><font color = 'blue'> ==> -</font> LastScene_date AdDetails Page= 22 March 2023
<B><font color = 'blue'> ==> -</font> Post Date in AdDetails Page= 9 March 2023
<B><font color = 'blue'> ==> -</font> Image Date =  9 March 2023    ::    Last Seeen Date = 9 March 2023  are same == PASS

<B><font color = 'Blue-Violet'> 4th Ad-</font> 
<B><font color = 'blue'> ==> -</font> Clicked On Current Image Date = 20 March 2023
<B><font color = 'blue'> ==> -</font> ID of the Ad = 29777
<B><font color = 'blue'> ==> -</font> Clicked On ShowAnalytics Button.
<B><font color = 'blue'> ==> -</font> LastScene_date AdDetails Page= 22 March 2023
<B><font color = 'blue'> ==> -</font> Post Date in AdDetails Page= 20 March 2023
<B><font color = 'blue'> ==> -</font> Image Date =  20 March 2023    ::    Last Seeen Date = 20 March 2023  are same == PASS

<B><font color = 'Blue-Violet'> 5th Ad-</font> 
<B><font color = 'blue'> ==> -</font> Clicked On Current Image Date = 15 March 2023
<B><font color = 'blue'> ==> -</font> ID of the Ad = 29776
<B><font color = 'blue'> ==> -</font> Clicked On ShowAnalytics Button.
<B><font color = 'blue'> ==> -</font> LastScene_date AdDetails Page= 22 March 2023
<B><font color = 'blue'> ==> -</font> Post Date in AdDetails Page= 15 March 2023
<B><font color = 'blue'> ==> -</font> Image Date =  15 March 2023    ::    Last Seeen Date = 15 March 2023  are same == PASS

<B><font color = 'Blue-Violet'> 6th Ad-</font> 
<B><font color = 'blue'> ==> -</font> Clicked On Current Image Date = 16 March 2023
<B><font color = 'blue'> ==> -</font> ID of the Ad = 29774
<B><font color = 'blue'> ==> -</font> Clicked On ShowAnalytics Button.
<B><font color = 'blue'> ==> -</font> LastScene_date AdDetails Page= 22 March 2023
<B><font color = 'blue'> ==> -</font> Post Date in AdDetails Page= 16 March 2023
<B><font color = 'blue'> ==> -</font> Image Date =  16 March 2023    ::    Last Seeen Date = 16 March 2023  are same == PASS

<B><font color = 'Blue-Violet'> 7th Ad-</font> 
<B><font color = 'blue'> ==> -</font> Clicked On Current Image Date = 16 March 2023
<B><font color = 'blue'> ==> -</font> ID of the Ad = 29773
<B><font color = 'blue'> ==> -</font> Clicked On ShowAnalytics Button.
<B><font color = 'blue'> ==> -</font> LastScene_date AdDetails Page= 22 March 2023
<B><font color = 'blue'> ==> -</font> Post Date in AdDetails Page= 16 March 2023
<B><font color = 'blue'> ==> -</font> Image Date =  16 March 2023    ::    Last Seeen Date = 16 March 2023  are same == PASS

<B><font color = 'Blue-Violet'> 8th Ad-</font> 
<B><font color = 'blue'> ==> -</font> Clicked On Current Image Date = 10 March 2023
<B><font color = 'blue'> ==> -</font> ID of the Ad = 29772
<B><font color = 'blue'> ==> -</font> Clicked On ShowAnalytics Button.
<B><font color = 'blue'> ==> -</font> LastScene_date AdDetails Page= 22 March 2023
<B><font color = 'blue'> ==> -</font> Post Date in AdDetails Page= 10 March 2023
<B><font color = 'blue'> ==> -</font> Image Date =  10 March 2023    ::    Last Seeen Date = 10 March 2023  are same == PASS

<B><font color = 'Blue-Violet'> 9th Ad-</font> 
<B><font color = 'blue'> ==> -</font> Clicked On Current Image Date = 11 March 2023
<B><font color = 'blue'> ==> -</font> ID of the Ad = 29770
<B><font color = 'blue'> ==> -</font> Clicked On ShowAnalytics Button.
<B><font color = 'blue'> ==> -</font> LastScene_date AdDetails Page= 22 March 2023
<B><font color = 'blue'> ==> -</font> Post Date in AdDetails Page= 11 March 2023
<B><font color = 'blue'> ==> -</font> Image Date =  11 March 2023    ::    Last Seeen Date = 11 March 2023  are same == PASS

<B><font color = 'Blue-Violet'> 10th Ad-</font> 
<B><font color = 'blue'> ==> -</font> Clicked On Current Image Date = 13 March 2023
<B><font color = 'blue'> ==> -</font> ID of the Ad = 29766
<B><font color = 'blue'> ==> -</font> Clicked On ShowAnalytics Button.
<B><font color = 'blue'> ==> -</font> LastScene_date AdDetails Page= 22 March 2023
<B><font color = 'blue'> ==> -</font> Post Date in AdDetails Page= 13 March 2023
<B><font color = 'blue'> ==> -</font> Image Date =  13 March 2023    ::    Last Seeen Date = 13 March 2023  are same == PASS

<B><font color = 'Blue-Violet'> 11th Ad-</font> 
<B><font color = 'blue'> ==> -</font> Clicked On Current Image Date = 10 March 2023
<B><font color = 'blue'> ==> -</font> ID of the Ad = 29765
<B><font color = 'blue'> ==> -</font> Clicked On ShowAnalytics Button.
<B><font color = 'blue'> ==> -</font> LastScene_date AdDetails Page= 22 March 2023
<B><font color = 'blue'> ==> -</font> Post Date in AdDetails Page= 10 March 2023
<B><font color = 'blue'> ==> -</font> Image Date =  10 March 2023    ::    Last Seeen Date = 10 March 2023  are same == PASS

<B><font color = 'Blue-Violet'> 12th Ad-</font> 
<B><font color = 'blue'> ==> -</font> Clicked On Current Image Date = 20 March 2023
<B><font color = 'blue'> ==> -</font> ID of the Ad = 29764
<B><font color = 'blue'> ==> -</font> Clicked On ShowAnalytics Button.
<B><font color = 'blue'> ==> -</font> LastScene_date AdDetails Page= 22 March 2023
<B><font color = 'blue'> ==> -</font> Post Date in AdDetails Page= 20 March 2023
<B><font color = 'blue'> ==> -</font> Image Date =  20 March 2023    ::    Last Seeen Date = 20 March 2023  are same == PASS

<B><font color = 'Blue-Violet'> 13th Ad-</font> 
<B><font color = 'blue'> ==> -</font> Clicked On Current Image Date = 17 March 2023
<B><font color = 'blue'> ==> -</font> ID of the Ad = 29763
<B><font color = 'blue'> ==> -</font> Clicked On ShowAnalytics Button.
<B><font color = 'blue'> ==> -</font> LastScene_date AdDetails Page= 22 March 2023
<B><font color = 'blue'> ==> -</font> Post Date in AdDetails Page= 17 March 2023
<B><font color = 'blue'> ==> -</font> Image Date =  17 March 2023    ::    Last Seeen Date = 17 March 2023  are same == PASS

<B><font color = 'Blue-Violet'> 14th Ad-</font> 
<B><font color = 'blue'> ==> -</font> Clicked On Current Image Date = 20 March 2023
<B><font color = 'blue'> ==> -</font> ID of the Ad = 29759
<B><font color = 'blue'> ==> -</font> Clicked On ShowAnalytics Button.
<B><font color = 'blue'> ==> -</font> LastScene_date AdDetails Page= 22 March 2023
<B><font color = 'blue'> ==> -</font> Post Date in AdDetails Page= 20 March 2023
<B><font color = 'blue'> ==> -</font> Image Date =  20 March 2023    ::    Last Seeen Date = 20 March 2023  are same == PASS

<B><font color = 'Blue-Violet'> 15th Ad-</font> 
<B><font color = 'blue'> ==> -</font> Clicked On Current Image Date = 10 March 2023
<B><font color = 'blue'> ==> -</font> ID of the Ad = 29758
<B><font color = 'blue'> ==> -</font> Clicked On ShowAnalytics Button.
<B><font color = 'blue'> ==> -</font> LastScene_date AdDetails Page= 22 March 2023
<B><font color = 'blue'> ==> -</font> Post Date in AdDetails Page= 10 March 2023
<B><font color = 'blue'> ==> -</font> Image Date =  10 March 2023    ::    Last Seeen Date = 10 March 2023  are same == PASS

<B><font color = 'green'> Post Date Between : This Month -</font> 
<B><font color = 'orange'> Step 1 -</font> Clicked On Post Date Between DropDown.
<B><font color = 'orange'> Step 2 -</font> Clicked On Post Date Between This Month.
<B><font color = 'orange'> Step 3 -</font> Clicked On Search Bar.
<B><font color = 'orange'> Step 4 -</font> Total_Ads_Count_ThisMonth= 87

<B><font color = 'Blue-Violet'> 1st Ad-</font> 
<B><font color = 'blue'> ==> -</font> Clicked On Current Image Date = 22 March 2023
<B><font color = 'blue'> ==> -</font> ID of the Ad = 29780
<B><font color = 'blue'> ==> -</font> Clicked On ShowAnalytics Button.
<B><font color = 'blue'> ==> -</font> LastScene_date AdDetails Page= 
<B><font color = 'blue'> ==> -</font> Post Date in AdDetails Page= 22 March 2023
<B><font color = 'blue'> ==> -</font> Image Date =  22 March 2023    ::    Last Seeen Date = 22 March 2023  are same == PASS

<B><font color = 'Blue-Violet'> 2nd Ad-</font> 
<B><font color = 'blue'> ==> -</font> Clicked On Current Image Date = 22 March 2023
<B><font color = 'blue'> ==> -</font> ID of the Ad = 29779
<B><font color = 'blue'> ==> -</font> Clicked On ShowAnalytics Button.
<B><font color = 'blue'> ==> -</font> LastScene_date AdDetails Page= 
<B><font color = 'blue'> ==> -</font> Post Date in AdDetails Page= 22 March 2023
<B><font color = 'blue'> ==> -</font> Image Date =  22 March 2023    ::    Last Seeen Date = 22 March 2023  are same == PASS

<B><font color = 'Blue-Violet'> 3rd Ad-</font> 
<B><font color = 'blue'> ==> -</font> Clicked On Current Image Date = 9 March 2023
<B><font color = 'blue'> ==> -</font> ID of the Ad = 29778
<B><font color = 'blue'> ==> -</font> Clicked On ShowAnalytics Button.
<B><font color = 'blue'> ==> -</font> LastScene_date AdDetails Page= 
<B><font color = 'blue'> ==> -</font> Post Date in AdDetails Page= 9 March 2023
<B><font color = 'blue'> ==> -</font> Image Date =  9 March 2023    ::    Last Seeen Date = 9 March 2023  are same == PASS

<B><font color = 'Blue-Violet'> 4th Ad-</font> 
<B><font color = 'blue'> ==> -</font> Clicked On Current Image Date = 20 March 2023
<B><font color = 'blue'> ==> -</font> ID of the Ad = 29777
<B><font color = 'blue'> ==> -</font> Clicked On ShowAnalytics Button.
<B><font color = 'blue'> ==> -</font> LastScene_date AdDetails Page= 
<B><font color = 'blue'> ==> -</font> Post Date in AdDetails Page= 20 March 2023
<B><font color = 'blue'> ==> -</font> Image Date =  20 March 2023    ::    Last Seeen Date = 20 March 2023  are same == PASS

<B><font color = 'Blue-Violet'> 5th Ad-</font> 
<B><font color = 'blue'> ==> -</font> Clicked On Current Image Date = 15 March 2023
<B><font color = 'blue'> ==> -</font> ID of the Ad = 29776
<B><font color = 'blue'> ==> -</font> Clicked On ShowAnalytics Button.
<B><font color = 'blue'> ==> -</font> LastScene_date AdDetails Page= 
<B><font color = 'blue'> ==> -</font> Post Date in AdDetails Page= 15 March 2023
<B><font color = 'blue'> ==> -</font> Image Date =  15 March 2023    ::    Last Seeen Date = 15 March 2023  are same == PASS

<B><font color = 'Blue-Violet'> 6th Ad-</font> 
<B><font color = 'blue'> ==> -</font> Clicked On Current Image Date = 16 March 2023
<B><font color = 'blue'> ==> -</font> ID of the Ad = 29774
<B><font color = 'blue'> ==> -</font> Clicked On ShowAnalytics Button.
<B><font color = 'blue'> ==> -</font> LastScene_date AdDetails Page= 
<B><font color = 'blue'> ==> -</font> Post Date in AdDetails Page= 16 March 2023
<B><font color = 'blue'> ==> -</font> Image Date =  16 March 2023    ::    Last Seeen Date = 16 March 2023  are same == PASS

<B><font color = 'Blue-Violet'> 7th Ad-</font> 
<B><font color = 'blue'> ==> -</font> Clicked On Current Image Date = 16 March 2023
<B><font color = 'blue'> ==> -</font> ID of the Ad = 29773
<B><font color = 'blue'> ==> -</font> Clicked On ShowAnalytics Button.
<B><font color = 'blue'> ==> -</font> LastScene_date AdDetails Page= 
<B><font color = 'blue'> ==> -</font> Post Date in AdDetails Page= 16 March 2023
<B><font color = 'blue'> ==> -</font> Image Date =  16 March 2023    ::    Last Seeen Date = 16 March 2023  are same == PASS

<B><font color = 'Blue-Violet'> 8th Ad-</font> 
<B><font color = 'blue'> ==> -</font> Clicked On Current Image Date = 10 March 2023
<B><font color = 'blue'> ==> -</font> ID of the Ad = 29772
<B><font color = 'blue'> ==> -</font> Clicked On ShowAnalytics Button.
<B><font color = 'blue'> ==> -</font> LastScene_date AdDetails Page= 
<B><font color = 'blue'> ==> -</font> Post Date in AdDetails Page= 10 March 2023
<B><font color = 'blue'> ==> -</font> Image Date =  10 March 2023    ::    Last Seeen Date = 10 March 2023  are same == PASS

<B><font color = 'Blue-Violet'> 9th Ad-</font> 
<B><font color = 'blue'> ==> -</font> Clicked On Current Image Date = 11 March 2023
<B><font color = 'blue'> ==> -</font> ID of the Ad = 29770
<B><font color = 'blue'> ==> -</font> Clicked On ShowAnalytics Button.
<B><font color = 'blue'> ==> -</font> LastScene_date AdDetails Page= 
<B><font color = 'blue'> ==> -</font> Post Date in AdDetails Page= 11 March 2023
<B><font color = 'blue'> ==> -</font> Image Date =  11 March 2023    ::    Last Seeen Date = 11 March 2023  are same == PASS

<B><font color = 'Blue-Violet'> 10th Ad-</font> 
<B><font color = 'blue'> ==> -</font> Clicked On Current Image Date = 13 March 2023
<B><font color = 'blue'> ==> -</font> ID of the Ad = 29766
<B><font color = 'blue'> ==> -</font> Clicked On ShowAnalytics Button.
<B><font color = 'blue'> ==> -</font> LastScene_date AdDetails Page= 
<B><font color = 'blue'> ==> -</font> Post Date in AdDetails Page= 13 March 2023
<B><font color = 'blue'> ==> -</font> Image Date =  13 March 2023    ::    Last Seeen Date = 13 March 2023  are same == PASS

<B><font color = 'Blue-Violet'> 11th Ad-</font> 
<B><font color = 'blue'> ==> -</font> Clicked On Current Image Date = 10 March 2023
<B><font color = 'blue'> ==> -</font> ID of the Ad = 29765
<B><font color = 'blue'> ==> -</font> Clicked On ShowAnalytics Button.
<B><font color = 'blue'> ==> -</font> LastScene_date AdDetails Page= 
<B><font color = 'blue'> ==> -</font> Post Date in AdDetails Page= 10 March 2023
<B><font color = 'blue'> ==> -</font> Image Date =  10 March 2023    ::    Last Seeen Date = 10 March 2023  are same == PASS

<B><font color = 'Blue-Violet'> 12th Ad-</font> 
<B><font color = 'blue'> ==> -</font> Clicked On Current Image Date = 20 March 2023
<B><font color = 'blue'> ==> -</font> ID of the Ad = 29764
<B><font color = 'blue'> ==> -</font> Clicked On ShowAnalytics Button.
<B><font color = 'blue'> ==> -</font> LastScene_date AdDetails Page= 
<B><font color = 'blue'> ==> -</font> Post Date in AdDetails Page= 20 March 2023
<B><font color = 'blue'> ==> -</font> Image Date =  20 March 2023    ::    Last Seeen Date = 20 March 2023  are same == PASS

<B><font color = 'Blue-Violet'> 13th Ad-</font> 
<B><font color = 'blue'> ==> -</font> Clicked On Current Image Date = 17 March 2023
<B><font color = 'blue'> ==> -</font> ID of the Ad = 29763
<B><font color = 'blue'> ==> -</font> Clicked On ShowAnalytics Button.
<B><font color = 'blue'> ==> -</font> LastScene_date AdDetails Page= 
<B><font color = 'blue'> ==> -</font> Post Date in AdDetails Page= 17 March 2023
<B><font color = 'blue'> ==> -</font> Image Date =  17 March 2023    ::    Last Seeen Date = 17 March 2023  are same == PASS

<B><font color = 'Blue-Violet'> 14th Ad-</font> 
<B><font color = 'blue'> ==> -</font> Clicked On Current Image Date = 20 March 2023
<B><font color = 'blue'> ==> -</font> ID of the Ad = 29759
<B><font color = 'blue'> ==> -</font> Clicked On ShowAnalytics Button.
<B><font color = 'blue'> ==> -</font> LastScene_date AdDetails Page= 
<B><font color = 'blue'> ==> -</font> Post Date in AdDetails Page= 20 March 2023
<B><font color = 'blue'> ==> -</font> Image Date =  20 March 2023    ::    Last Seeen Date = 20 March 2023  are same == PASS

<B><font color = 'Blue-Violet'> 15th Ad-</font> 
<B><font color = 'blue'> ==> -</font> Clicked On Current Image Date = 10 March 2023
<B><font color = 'blue'> ==> -</font> ID of the Ad = 29758
<B><font color = 'blue'> ==> -</font> Clicked On ShowAnalytics Button.
<B><font color = 'blue'> ==> -</font> LastScene_date AdDetails Page= 
<B><font color = 'blue'> ==> -</font> Post Date in AdDetails Page= 10 March 2023
<B><font color = 'blue'> ==> -</font> Image Date =  10 March 2023    ::    Last Seeen Date = 10 March 2023  are same == PASS

<B><font color = 'green'> Post Date Between : Last Month -</font> 
<B><font color = 'orange'> Step 1 -</font> Clicked On Post Date Between DropDown.
<B><font color = 'orange'> Step 2 -</font> Clicked On Post Date Between Last Month.
<B><font color = 'orange'> Step 3 -</font> Clicked On Search Bar.
<B><font color = 'orange'> Step 4 -</font> Total_Ads_Count_LastMonth= 125

<B><font color = 'Blue-Violet'> 1st Ad-</font> 
<B><font color = 'blue'> ==> -</font> Clicked On Current Image Date.24 February 2023
<B><font color = 'blue'> ==> -</font> ID of the Ad = 29771
<B><font color = 'blue'> ==> -</font> Clicked On ShowAnalytics Button.
<B><font color = 'blue'> ==> -</font> LastScene_date AdDetails Page= 22 March 2023
<B><font color = 'blue'> ==> -</font> Post Date in AdDetails Page= 24 February 2023
<B><font color = 'blue'> ==> -</font> Image Date =  24 February 2023    ::    Last Seeen Date = 24 February 2023  are same == PASS

<B><font color = 'Blue-Violet'> 2nd Ad-</font> 
<B><font color = 'blue'> ==> -</font> Clicked On Current Image Date.11 February 2023
<B><font color = 'blue'> ==> -</font> ID of the Ad = 29769
<B><font color = 'blue'> ==> -</font> Clicked On ShowAnalytics Button.
<B><font color = 'blue'> ==> -</font> LastScene_date AdDetails Page= 22 March 2023
<B><font color = 'blue'> ==> -</font> Post Date in AdDetails Page= 11 February 2023
<B><font color = 'blue'> ==> -</font> Image Date =  11 February 2023    ::    Last Seeen Date = 11 February 2023  are same == PASS

<B><font color = 'Blue-Violet'> 3rd Ad-</font> 
<B><font color = 'blue'> ==> -</font> Clicked On Current Image Date.22 February 2023
<B><font color = 'blue'> ==> -</font> ID of the Ad = 29768
<B><font color = 'blue'> ==> -</font> Clicked On ShowAnalytics Button.
<B><font color = 'blue'> ==> -</font> LastScene_date AdDetails Page= 22 March 2023
<B><font color = 'blue'> ==> -</font> Post Date in AdDetails Page= 22 February 2023
<B><font color = 'blue'> ==> -</font> Image Date =  22 February 2023    ::    Last Seeen Date = 22 February 2023  are same == PASS

<B><font color = 'Blue-Violet'> 4th Ad-</font> 
<B><font color = 'blue'> ==> -</font> Clicked On Current Image Date.20 February 2023
<B><font color = 'blue'> ==> -</font> ID of the Ad = 29762
<B><font color = 'blue'> ==> -</font> Clicked On ShowAnalytics Button.
<B><font color = 'blue'> ==> -</font> LastScene_date AdDetails Page= 22 March 2023
<B><font color = 'blue'> ==> -</font> Post Date in AdDetails Page= 20 February 2023
<B><font color = 'blue'> ==> -</font> Image Date =  20 February 2023    ::    Last Seeen Date = 20 February 2023  are same == PASS

<B><font color = 'Blue-Violet'> 5th Ad-</font> 
<B><font color = 'blue'> ==> -</font> Clicked On Current Image Date.3 February 2023
<B><font color = 'blue'> ==> -</font> ID of the Ad = 29760
<B><font color = 'blue'> ==> -</font> Clicked On ShowAnalytics Button.
<B><font color = 'blue'> ==> -</font> LastScene_date AdDetails Page= 22 March 2023
<B><font color = 'blue'> ==> -</font> Post Date in AdDetails Page= 3 February 2023
<B><font color = 'blue'> ==> -</font> Image Date =  3 February 2023    ::    Last Seeen Date = 3 February 2023  are same == PASS

<B><font color = 'Blue-Violet'> 6th Ad-</font> 
<B><font color = 'blue'> ==> -</font> Clicked On Current Image Date.9 February 2023
<B><font color = 'blue'> ==> -</font> ID of the Ad = 29753
<B><font color = 'blue'> ==> -</font> Clicked On ShowAnalytics Button.
<B><font color = 'blue'> ==> -</font> LastScene_date AdDetails Page= 22 March 2023
<B><font color = 'blue'> ==> -</font> Post Date in AdDetails Page= 9 February 2023
<B><font color = 'blue'> ==> -</font> Image Date =  9 February 2023    ::    Last Seeen Date = 9 February 2023  are same == PASS

<B><font color = 'Blue-Violet'> 7th Ad-</font> 
<B><font color = 'blue'> ==> -</font> Clicked On Current Image Date.14 February 2023
<B><font color = 'blue'> ==> -</font> ID of the Ad = 29749
<B><font color = 'blue'> ==> -</font> Clicked On ShowAnalytics Button.
<B><font color = 'blue'> ==> -</font> LastScene_date AdDetails Page= 22 March 2023
<B><font color = 'blue'> ==> -</font> Post Date in AdDetails Page= 14 February 2023
<B><font color = 'blue'> ==> -</font> Image Date =  14 February 2023    ::    Last Seeen Date = 14 February 2023  are same == PASS

<B><font color = 'Blue-Violet'> 8th Ad-</font> 
<B><font color = 'blue'> ==> -</font> Clicked On Current Image Date.7 February 2023
<B><font color = 'blue'> ==> -</font> ID of the Ad = 29735
<B><font color = 'blue'> ==> -</font> Clicked On ShowAnalytics Button.
<B><font color = 'blue'> ==> -</font> LastScene_date AdDetails Page= 22 March 2023
<B><font color = 'blue'> ==> -</font> Post Date in AdDetails Page= 7 February 2023
<B><font color = 'blue'> ==> -</font> Image Date =  7 February 2023    ::    Last Seeen Date = 7 February 2023  are same == PASS

<B><font color = 'Blue-Violet'> 9th Ad-</font> 
<B><font color = 'blue'> ==> -</font> Clicked On Current Image Date.14 February 2023
<B><font color = 'blue'> ==> -</font> ID of the Ad = 29734
<B><font color = 'blue'> ==> -</font> Clicked On ShowAnalytics Button.
<B><font color = 'blue'> ==> -</font> LastScene_date AdDetails Page= 22 March 2023
<B><font color = 'blue'> ==> -</font> Post Date in AdDetails Page= 14 February 2023
<B><font color = 'blue'> ==> -</font> Image Date =  14 February 2023    ::    Last Seeen Date = 14 February 2023  are same == PASS

<B><font color = 'Blue-Violet'> 10th Ad-</font> 
<B><font color = 'blue'> ==> -</font> Clicked On Current Image Date.28 February 2023
<B><font color = 'blue'> ==> -</font> ID of the Ad = 29733
<B><font color = 'blue'> ==> -</font> Clicked On ShowAnalytics Button.
<B><font color = 'blue'> ==> -</font> LastScene_date AdDetails Page= 22 March 2023
<B><font color = 'blue'> ==> -</font> Post Date in AdDetails Page= 28 February 2023
<B><font color = 'blue'> ==> -</font> Image Date =  28 February 2023    ::    Last Seeen Date = 28 February 2023  are same == PASS

<B><font color = 'Blue-Violet'> 11th Ad-</font> 
<B><font color = 'blue'> ==> -</font> Clicked On Current Image Date.13 February 2023
<B><font color = 'blue'> ==> -</font> ID of the Ad = 29729
<B><font color = 'blue'> ==> -</font> Clicked On ShowAnalytics Button.
<B><font color = 'blue'> ==> -</font> LastScene_date AdDetails Page= 22 March 2023
<B><font color = 'blue'> ==> -</font> Post Date in AdDetails Page= 13 February 2023
<B><font color = 'blue'> ==> -</font> Image Date =  13 February 2023    ::    Last Seeen Date = 13 February 2023  are same == PASS

<B><font color = 'Blue-Violet'> 12th Ad-</font> 
<B><font color = 'blue'> ==> -</font> Clicked On Current Image Date.20 February 2023
<B><font color = 'blue'> ==> -</font> ID of the Ad = 29724
<B><font color = 'blue'> ==> -</font> Clicked On ShowAnalytics Button.
<B><font color = 'blue'> ==> -</font> LastScene_date AdDetails Page= 22 March 2023
<B><font color = 'blue'> ==> -</font> Post Date in AdDetails Page= 20 February 2023
<B><font color = 'blue'> ==> -</font> Image Date =  20 February 2023    ::    Last Seeen Date = 20 February 2023  are same == PASS

<B><font color = 'Blue-Violet'> 13th Ad-</font> 
<B><font color = 'blue'> ==> -</font> Clicked On Current Image Date.27 February 2023
<B><font color = 'blue'> ==> -</font> ID of the Ad = 29723
<B><font color = 'blue'> ==> -</font> Clicked On ShowAnalytics Button.
<B><font color = 'blue'> ==> -</font> LastScene_date AdDetails Page= 6 March 2023
<B><font color = 'blue'> ==> -</font> Post Date in AdDetails Page= 27 February 2023
<B><font color = 'blue'> ==> -</font> Image Date =  27 February 2023    ::    Last Seeen Date = 27 February 2023  are same == PASS

<B><font color = 'Blue-Violet'> 14th Ad-</font> 
<B><font color = 'blue'> ==> -</font> Clicked On Current Image Date.26 February 2023
<B><font color = 'blue'> ==> -</font> ID of the Ad = 29721
<B><font color = 'blue'> ==> -</font> Clicked On ShowAnalytics Button.
<B><font color = 'blue'> ==> -</font> LastScene_date AdDetails Page= 6 March 2023
<B><font color = 'blue'> ==> -</font> Post Date in AdDetails Page= 26 February 2023
<B><font color = 'blue'> ==> -</font> Image Date =  26 February 2023    ::    Last Seeen Date = 26 February 2023  are same == PASS

<B><font color = 'Blue-Violet'> 15th Ad-</font> 
<B><font color = 'blue'> ==> -</font> Clicked On Current Image Date.28 February 2023
<B><font color = 'blue'> ==> -</font> ID of the Ad = 29720
<B><font color = 'blue'> ==> -</font> Clicked On ShowAnalytics Button.
<B><font color = 'blue'> ==> -</font> LastScene_date AdDetails Page= 6 March 2023
<B><font color = 'blue'> ==> -</font> Post Date in AdDetails Page= 28 February 2023
<B><font color = 'blue'> ==> -</font> Image Date =  28 February 2023    ::    postSeenDate = 28 February 2023  are same == PASS]]>
  </system-out>
</testsuite> <!-- com.power.testcases.Verify_Instagram_Dasboard_PostDateBetween -->
