<?xml version="1.0" encoding="UTF-8"?>
<!-- Generated by org.testng.reporters.JUnitReportReporter -->
<testsuite hostname="GLB-459-PC" failures="0" tests="1" name="com.power.testcases.Verify_Google_landerProperties_EcommercePlatform_TestScript" time="96.770" errors="0" timestamp="2023-03-29T17:35:30 IST" skipped="0">
  <testcase classname="com.power.testcases.Verify_Google_landerProperties_EcommercePlatform_TestScript" name="Verify_FaceBook_landerProperties_EcommercePlatform_TestScript" time="96.770"/>
  <system-out>
    <![CDATA[<B><font color = 'purple'> Step1 -</font> Logged into PowerAdSpy Application
<B><font color = 'purple'> Step2 -</font> I am on the page :PowerAdSpy | Facebook Dashboard
<B><font color = 'purple'> Step3 -</font> Power Ad Spy Logo is Displayed
<B><font color = 'purple'> Step4 -</font> Clicked On FaceBook Icon
<B><font color = 'purple'> Step5 -</font> Clicked On Google Icon
<B><font color = 'purple'> Step6 -</font> Logged into PowerAdSpy Application
<B><font color = 'purple'> Step7 -</font> I am on the page :PowerAdSpy | Google Dashboard
       
<B><font color = 'green'>  - ShortBy Newest Step will Start from here </font>  
<B><font color = 'orange'> Step1 -</font> Clicked On sortBy Icon
<B><font color = 'orange'> Step2 -</font> Clicked On SortBy Newest Icon
<B><font color = 'orange'> Step3 -</font> Clicked On search Button Icon
<B><font color = 'orange'> Step4 -</font> Clicked On Lander Properties Button Icon
<B><font color = 'orange'> Step5 -</font> Clicked On Ecommerce platform click
 
<B><font color = 'Green'>- Ecommerce Platform</font>
       :-Shopify
<B><font color = 'orange'> Step1 -</font> Selected  On Ecommerce platform Shopify
<B><font color = 'orange'> Step2 -</font> Clicked On search Button Icon
<B><font color = 'orange'> Step3 -</font> Total_Ads_Count_newest= 
 
<B><font color ='red'> 1 Ad -</font>  
<B><font color = 'Red'> ==> -</font> Image is not able: Oops! Looks like we don't have data for this search criteria yet.
 
<B><font color ='red'> 2 Ad -</font>  
<B><font color = 'Red'> ==> -</font> Image is not able: Oops! Looks like we don't have data for this search criteria yet.
 
<B><font color ='red'> 3 Ad -</font>  
<B><font color = 'Red'> ==> -</font> Image is not able: Oops! Looks like we don't have data for this search criteria yet.
 
<B><font color ='red'> 4 Ad -</font>  
<B><font color = 'Red'> ==> -</font> Image is not able: Oops! Looks like we don't have data for this search criteria yet.
 
<B><font color ='red'> 5 Ad -</font>  
<B><font color = 'Red'> ==> -</font> Image is not able: Oops! Looks like we don't have data for this search criteria yet.
 
<B><font color ='red'> 6 Ad -</font>  
<B><font color = 'Red'> ==> -</font> Image is not able: Oops! Looks like we don't have data for this search criteria yet.
 
<B><font color ='red'> 7 Ad -</font>  
<B><font color = 'Red'> ==> -</font> Image is not able: Oops! Looks like we don't have data for this search criteria yet.
 
<B><font color ='red'> 8 Ad -</font>  
<B><font color = 'Red'> ==> -</font> Image is not able: Oops! Looks like we don't have data for this search criteria yet.
 
<B><font color ='red'> 9 Ad -</font>  
<B><font color = 'Red'> ==> -</font> Image is not able: Oops! Looks like we don't have data for this search criteria yet.
 
<B><font color ='red'> 10 Ad -</font>  
<B><font color = 'Red'> ==> -</font> Image is not able: Oops! Looks like we don't have data for this search criteria yet.
 
<B><font color ='red'> 11 Ad -</font>  
<B><font color = 'Red'> ==> -</font> Image is not able: Oops! Looks like we don't have data for this search criteria yet.
 
<B><font color ='red'> 12 Ad -</font>  
<B><font color = 'Red'> ==> -</font> Image is not able: Oops! Looks like we don't have data for this search criteria yet.
 
<B><font color ='red'> 13 Ad -</font>  
<B><font color = 'Red'> ==> -</font> Image is not able: Oops! Looks like we don't have data for this search criteria yet.
 
<B><font color ='red'> 14 Ad -</font>  
<B><font color = 'Red'> ==> -</font> Image is not able: Oops! Looks like we don't have data for this search criteria yet.
 
<B><font color ='red'> 15 Ad -</font>  
<B><font color = 'Red'> ==> -</font> Image is not able: Oops! Looks like we don't have data for this search criteria yet.]]>
  </system-out>
</testsuite> <!-- com.power.testcases.Verify_Google_landerProperties_EcommercePlatform_TestScript -->
