<?xml version="1.0" encoding="UTF-8"?>
<!-- Generated by org.testng.reporters.JUnitReportReporter -->
<testsuite hostname="GLB-459-PC" failures="0" tests="1" name="com.power.testcases.Verify_Gdn_filter_TestScript" time="201.245" errors="0" timestamp="2023-03-29T17:35:30 IST" skipped="0">
  <testcase classname="com.power.testcases.Verify_Gdn_filter_TestScript" name="Verify_Gdn_filter_TestScript" time="201.245"/>
  <system-out>
    <![CDATA[<B><font color = 'purple'> Step1 -</font> Logged into PowerAdSpy Application
<B><font color = 'purple'> Step2 -</font> Power Ad Spy Logo is Displayed
<B><font color = 'purple'> Step3 -</font> I am on the page :PowerAdSpy | Facebook Dashboard
<B><font color = 'purple'> Step4 -</font> Clicked On GDN  Icon
    
<B><font color = 'green'>  - ShortBy Newest Step will Start from here </font>  

<B><font color = 'orange'> Step1 -</font> Clicked On sortBy Icon
<B><font color = 'orange'> Step2 -</font> Clicked On SortBy Newest Icon
<B><font color = 'orange'> Step3 -</font> Clicked On search Button Icon
 
<B><font color = 'Green'>- Language </font>
       ==> -Abkhazian
<B><font color = 'orange'> Step1 -</font> Clicked On Search Button Icon
<B><font color = 'orange'> Step2 -</font>  Total Ad Count is :
 
<B><font color ='red'> -1 Ad -</font>  
<B><font color = 'Red'> ==> -</font> Image is not able: Oops! Looks like we don't have data for this search criteria yet.
 
<B><font color ='red'> -2 Ad -</font>  
<B><font color = 'Red'> ==> -</font> Image is not able: Oops! Looks like we don't have data for this search criteria yet.
 
<B><font color ='red'> -3 Ad -</font>  
<B><font color = 'Red'> ==> -</font> Image is not able: Oops! Looks like we don't have data for this search criteria yet.
 
<B><font color ='red'> -4 Ad -</font>  
<B><font color = 'Red'> ==> -</font> Image is not able: Oops! Looks like we don't have data for this search criteria yet.
 
<B><font color ='red'> -5 Ad -</font>  
<B><font color = 'Red'> ==> -</font> Image is not able: Oops! Looks like we don't have data for this search criteria yet.
 
<B><font color ='red'> -6 Ad -</font>  
<B><font color = 'Red'> ==> -</font> Image is not able: Oops! Looks like we don't have data for this search criteria yet.
 
<B><font color ='red'> -7 Ad -</font>  
<B><font color = 'Red'> ==> -</font> Image is not able: Oops! Looks like we don't have data for this search criteria yet.
 
<B><font color ='red'> -8 Ad -</font>  
<B><font color = 'Red'> ==> -</font> Image is not able: Oops! Looks like we don't have data for this search criteria yet.
 
<B><font color ='red'> -9 Ad -</font>  
<B><font color = 'Red'> ==> -</font> Image is not able: Oops! Looks like we don't have data for this search criteria yet.
 
<B><font color ='red'> -10 Ad -</font>  
<B><font color = 'Red'> ==> -</font> Image is not able: Oops! Looks like we don't have data for this search criteria yet.
 
<B><font color ='red'> -11 Ad -</font>  
<B><font color = 'Red'> ==> -</font> Image is not able: Oops! Looks like we don't have data for this search criteria yet.
 
<B><font color ='red'> -12 Ad -</font>  
<B><font color = 'Red'> ==> -</font> Image is not able: Oops! Looks like we don't have data for this search criteria yet.
 
<B><font color ='red'> -13 Ad -</font>  
<B><font color = 'Red'> ==> -</font> Image is not able: Oops! Looks like we don't have data for this search criteria yet.
 
<B><font color ='red'> -14 Ad -</font>  
<B><font color = 'Red'> ==> -</font> Image is not able: Oops! Looks like we don't have data for this search criteria yet.
 
<B><font color ='red'> -15 Ad -</font>  
<B><font color = 'Red'> ==> -</font> Image is not able: Oops! Looks like we don't have data for this search criteria yet.
 
 
<B><font color = 'Green'>- Country </font>
       ==> -India
<B><font color = 'orange'> Step1 -</font> Clicked On Search Button Icon
<B><font color = 'orange'> Step2 -</font>  Total Ad Count is :49767
 
<B><font color ='red'> -1 Ad -</font>  
<B><font color = 'blue'> ==> -</font> ID of the Ad = 268260
<B><font color = 'Red'> ==> -</font> Image is not able: Oops! Looks like we don't have data for this search criteria yet.
 
<B><font color ='red'> -2 Ad -</font>  
<B><font color = 'blue'> ==> -</font> ID of the Ad = 268259
<B><font color = 'blue'> ==> -</font> Clicked On Show Analytics Icon
<B><font color = 'blue'> ==> -</font> Country
<B><font color = 'blue'> ==> -</font> Country in  Page= India
<B><font color = 'blue'> ==> -</font> Both  country are Matching in Assert Pass :India == India
 
<B><font color ='red'> -3 Ad -</font>  
<B><font color = 'blue'> ==> -</font> ID of the Ad = 268258
<B><font color = 'Red'> ==> -</font> Image is not able: Oops! Looks like we don't have data for this search criteria yet.
 
<B><font color ='red'> -4 Ad -</font>  
<B><font color = 'blue'> ==> -</font> ID of the Ad = 268257
<B><font color = 'Red'> ==> -</font> Image is not able: Oops! Looks like we don't have data for this search criteria yet.
 
<B><font color ='red'> -5 Ad -</font>  
<B><font color = 'blue'> ==> -</font> ID of the Ad = 268256
<B><font color = 'blue'> ==> -</font> Clicked On Show Analytics Icon
<B><font color = 'blue'> ==> -</font> Country
<B><font color = 'blue'> ==> -</font> Country in  Page= India
<B><font color = 'blue'> ==> -</font> Both  country are Matching in Assert Pass :India == India
 
<B><font color ='red'> -6 Ad -</font>  
<B><font color = 'blue'> ==> -</font> ID of the Ad = 268255
<B><font color = 'Red'> ==> -</font> Image is not able: Oops! Looks like we don't have data for this search criteria yet.
 
<B><font color ='red'> -7 Ad -</font>  
<B><font color = 'blue'> ==> -</font> ID of the Ad = 268254
<B><font color = 'blue'> ==> -</font> Clicked On Show Analytics Icon
<B><font color = 'blue'> ==> -</font> Country
<B><font color = 'blue'> ==> -</font> Country in  Page= India
<B><font color = 'blue'> ==> -</font> Both  country are Matching in Assert Pass :India == India
 
<B><font color ='red'> -8 Ad -</font>  
<B><font color = 'blue'> ==> -</font> ID of the Ad = 268253
<B><font color = 'blue'> ==> -</font> Clicked On Show Analytics Icon
<B><font color = 'blue'> ==> -</font> Country
<B><font color = 'blue'> ==> -</font> Country in  Page= India
<B><font color = 'blue'> ==> -</font> Both  country are Matching in Assert Pass :India == India
 
<B><font color ='red'> -9 Ad -</font>  
<B><font color = 'blue'> ==> -</font> ID of the Ad = 268252
<B><font color = 'blue'> ==> -</font> Clicked On Show Analytics Icon
<B><font color = 'blue'> ==> -</font> Country
<B><font color = 'blue'> ==> -</font> Country in  Page= India
<B><font color = 'blue'> ==> -</font> Both  country are Matching in Assert Pass :India == India
 
<B><font color ='red'> -10 Ad -</font>  
<B><font color = 'Red'> ==> -</font> Image is not able: Oops! Looks like we don't have data for this search criteria yet.
 
<B><font color ='red'> -11 Ad -</font>  
<B><font color = 'Red'> ==> -</font> Image is not able: Oops! Looks like we don't have data for this search criteria yet.
 
<B><font color ='red'> -12 Ad -</font>  
<B><font color = 'Red'> ==> -</font> Image is not able: Oops! Looks like we don't have data for this search criteria yet.
 
<B><font color ='red'> -13 Ad -</font>  
<B><font color = 'Red'> ==> -</font> Image is not able: Oops! Looks like we don't have data for this search criteria yet.
 
<B><font color ='red'> -14 Ad -</font>  
<B><font color = 'Red'> ==> -</font> Image is not able: Oops! Looks like we don't have data for this search criteria yet.
 
<B><font color ='red'> -15 Ad -</font>  
<B><font color = 'Red'> ==> -</font> Image is not able: Oops! Looks like we don't have data for this search criteria yet.
 ]]>
  </system-out>
</testsuite> <!-- com.power.testcases.Verify_Gdn_filter_TestScript -->
