<?xml version="1.0" encoding="UTF-8"?>
<!-- Generated by org.testng.reporters.JUnitReportReporter -->
<testsuite hostname="GLB-459-PC" failures="0" tests="1" name="com.power.testcases.Verify_Youtube_Dasboard_DomainRegistrationDate" time="344.904" errors="1" timestamp="2023-03-29T17:35:30 IST" skipped="0">
  <testcase classname="com.power.testcases.Verify_Youtube_Dasboard_DomainRegistrationDate" name="verify_domainRegistrationDate" time="344.904">
    <error message="element not interactable
  (Session info: chrome=111.0.5563.146)
Build info: version: &#039;4.6.0&#039;, revision: &#039;79f1c02ae20&#039;
System info: os.name: &#039;Windows 10&#039;, os.arch: &#039;amd64&#039;, os.version: &#039;10.0&#039;, java.version: &#039;17.0.5&#039;
Driver info: org.openqa.selenium.chrome.ChromeDriver
Command: [06e9b58aab65f9419de8778a6092e920, clickElement {id=7b3a1522-c090-444e-9a9f-c9df10978356}]
Capabilities {acceptInsecureCerts: false, browserName: chrome, browserVersion: 111.0.5563.146, chrome: {chromedriverVersion: 111.0.5563.64 (c710e93d5b63..., userDataDir: C:\Users\Dsurya\AppData\Loc...}, goog:chromeOptions: {debuggerAddress: localhost:63913}, networkConnectionEnabled: false, pageLoadStrategy: normal, platformName: WINDOWS, proxy: Proxy(), se:cdp: ws://localhost:63913/devtoo..., se:cdpVersion: 111.0.5563.146, setWindowRect: true, strictFileInteractability: false, timeouts: {implicit: 0, pageLoad: 300000, script: 30000}, unhandledPromptBehavior: dismiss and notify, webauthn:extension:credBlob: true, webauthn:extension:largeBlob: true, webauthn:extension:minPinLength: true, webauthn:extension:prf: true, webauthn:virtualAuthenticators: true}
Element: [[ChromeDriver: chrome on WINDOWS (06e9b58aab65f9419de8778a6092e920)] -&gt; xpath: (//button[text()=&#039;Apply&#039;])[2]]
Session ID: 06e9b58aab65f9419de8778a6092e920" type="org.openqa.selenium.ElementNotInteractableException">
      <![CDATA[org.openqa.selenium.ElementNotInteractableException: element not interactable
  (Session info: chrome=111.0.5563.146)
Build info: version: '4.6.0', revision: '79f1c02ae20'
System info: os.name: 'Windows 10', os.arch: 'amd64', os.version: '10.0', java.version: '17.0.5'
Driver info: org.openqa.selenium.chrome.ChromeDriver
Command: [06e9b58aab65f9419de8778a6092e920, clickElement {id=7b3a1522-c090-444e-9a9f-c9df10978356}]
Capabilities {acceptInsecureCerts: false, browserName: chrome, browserVersion: 111.0.5563.146, chrome: {chromedriverVersion: 111.0.5563.64 (c710e93d5b63..., userDataDir: C:\Users\Dsurya\AppData\Loc...}, goog:chromeOptions: {debuggerAddress: localhost:63913}, networkConnectionEnabled: false, pageLoadStrategy: normal, platformName: WINDOWS, proxy: Proxy(), se:cdp: ws://localhost:63913/devtoo..., se:cdpVersion: 111.0.5563.146, setWindowRect: true, strictFileInteractability: false, timeouts: {implicit: 0, pageLoad: 300000, script: 30000}, unhandledPromptBehavior: dismiss and notify, webauthn:extension:credBlob: true, webauthn:extension:largeBlob: true, webauthn:extension:minPinLength: true, webauthn:extension:prf: true, webauthn:virtualAuthenticators: true}
Element: [[ChromeDriver: chrome on WINDOWS (06e9b58aab65f9419de8778a6092e920)] -> xpath: (//button[text()='Apply'])[2]]
Session ID: 06e9b58aab65f9419de8778a6092e920
at java.base/jdk.internal.reflect.NativeConstructorAccessorImpl.newInstance0(Native Method)
at java.base/jdk.internal.reflect.NativeConstructorAccessorImpl.newInstance(NativeConstructorAccessorImpl.java:77)
at java.base/jdk.internal.reflect.DelegatingConstructorAccessorImpl.newInstance(DelegatingConstructorAccessorImpl.java:45)
at java.base/java.lang.reflect.Constructor.newInstanceWithCaller(Constructor.java:499)
at java.base/java.lang.reflect.Constructor.newInstance(Constructor.java:480)
at org.openqa.selenium.remote.codec.w3c.W3CHttpResponseCodec.createException(W3CHttpResponseCodec.java:200)
at org.openqa.selenium.remote.codec.w3c.W3CHttpResponseCodec.decode(W3CHttpResponseCodec.java:133)
at org.openqa.selenium.remote.codec.w3c.W3CHttpResponseCodec.decode(W3CHttpResponseCodec.java:53)
at org.openqa.selenium.remote.HttpCommandExecutor.execute(HttpCommandExecutor.java:184)
at org.openqa.selenium.remote.service.DriverCommandExecutor.invokeExecute(DriverCommandExecutor.java:167)
at org.openqa.selenium.remote.service.DriverCommandExecutor.execute(DriverCommandExecutor.java:142)
at org.openqa.selenium.remote.RemoteWebDriver.execute(RemoteWebDriver.java:541)
at org.openqa.selenium.remote.RemoteWebElement.execute(RemoteWebElement.java:257)
at org.openqa.selenium.remote.RemoteWebElement.click(RemoteWebElement.java:78)
at jdk.internal.reflect.GeneratedMethodAccessor2.invoke(Unknown Source)
at java.base/jdk.internal.reflect.DelegatingMethodAccessorImpl.invoke(DelegatingMethodAccessorImpl.java:43)
at java.base/java.lang.reflect.Method.invoke(Method.java:568)
at org.openqa.selenium.support.pagefactory.internal.LocatingElementHandler.invoke(LocatingElementHandler.java:52)
at jdk.proxy2/jdk.proxy2.$Proxy22.click(Unknown Source)
at com.power.qa.pages.YoutubePage.verify_Youtube_Dasboard_DomainRegistrationDate(YoutubePage.java:22458)
at com.power.testcases.Verify_Youtube_Dasboard_DomainRegistrationDate.verify_domainRegistrationDate(Verify_Youtube_Dasboard_DomainRegistrationDate.java:15)
at java.base/jdk.internal.reflect.NativeMethodAccessorImpl.invoke0(Native Method)
at java.base/jdk.internal.reflect.NativeMethodAccessorImpl.invoke(NativeMethodAccessorImpl.java:77)
at java.base/jdk.internal.reflect.DelegatingMethodAccessorImpl.invoke(DelegatingMethodAccessorImpl.java:43)
at java.base/java.lang.reflect.Method.invoke(Method.java:568)
at org.testng.internal.invokers.MethodInvocationHelper.invokeMethod(MethodInvocationHelper.java:139)
at org.testng.internal.invokers.TestInvoker.invokeMethod(TestInvoker.java:677)
at org.testng.internal.invokers.TestInvoker.invokeTestMethod(TestInvoker.java:221)
at org.testng.internal.invokers.MethodRunner.runInSequence(MethodRunner.java:50)
at org.testng.internal.invokers.TestInvoker$MethodInvocationAgent.invoke(TestInvoker.java:962)
at org.testng.internal.invokers.TestInvoker.invokeTestMethods(TestInvoker.java:194)
at org.testng.internal.invokers.TestMethodWorker.invokeTestMethods(TestMethodWorker.java:148)
at org.testng.internal.invokers.TestMethodWorker.run(TestMethodWorker.java:128)
at java.base/java.util.ArrayList.forEach(ArrayList.java:1511)
at org.testng.TestRunner.privateRun(TestRunner.java:806)
at org.testng.TestRunner.run(TestRunner.java:601)
at org.testng.SuiteRunner.runTest(SuiteRunner.java:433)
at org.testng.SuiteRunner.runSequentially(SuiteRunner.java:427)
at org.testng.SuiteRunner.privateRun(SuiteRunner.java:387)
at org.testng.SuiteRunner.run(SuiteRunner.java:330)
at org.testng.SuiteRunnerWorker.runSuite(SuiteRunnerWorker.java:52)
at org.testng.SuiteRunnerWorker.run(SuiteRunnerWorker.java:95)
at org.testng.TestNG.runSuitesSequentially(TestNG.java:1256)
at org.testng.TestNG.runSuitesLocally(TestNG.java:1176)
at org.testng.TestNG.runSuites(TestNG.java:1099)
at org.testng.TestNG.run(TestNG.java:1067)
at org.testng.remote.AbstractRemoteTestNG.run(AbstractRemoteTestNG.java:115)
at org.testng.remote.RemoteTestNG.initAndRun(RemoteTestNG.java:251)
at org.testng.remote.RemoteTestNG.main(RemoteTestNG.java:77)
]]>
    </error>
  </testcase> <!-- verify_domainRegistrationDate -->
  <system-out>
    <![CDATA[<B><font color = 'orange'> Step1 -</font> Logged into PowerAdSpy Application
<B><font color = 'orange'> Step2 -</font> I am on the page :PowerAdSpy | Facebook Dashboard
<B><font color = 'orange'> Step3 -</font> Power Ad Spy Logo is Displayed
<B><font color = 'orange'> Step4 -</font> Clicked On Youtube Icon

<B><font color = 'green'> Domain Registration Date : All -</font> 
<B><font color = 'orange'> Step 1 -</font> Clicked On clear search.
<B><font color = 'orange'> Step 2 -</font> Clicked On Domain Registration Date DropDown.
<B><font color = 'orange'> Step 3 -</font> Clicked On Domain Registration Date All.
<B><font color = 'orange'> Step 4 -</font> Clicked On Search Bar.
<B><font color = 'orange'> Step 5 -</font> Total_Ads_Count_All= 18010

<B><font color = 'Blue-Violet'> 1st -</font> 
<B><font color = 'blue'> ==> -</font> Clicked On Current Image Date = 28 March 2023
<B><font color = 'blue'> ==> -</font> ID of the Ad = 53674
<B><font color = 'blue'> ==> -</font> Clicked On ShowAnalytics Button.
<B><font color = 'blue'> ==> -</font> LastScene_date AdDetails Page= 28 March 2023
<B><font color = 'blue'> ==> -</font> Domain Registration Date in AdDetails Page= --
<B><font color = 'blue'> ==> -</font> Image Date =  28 March 2023    ::    Last Seeen Date = 28 March 2023  are same == PASS

<B><font color = 'Blue-Violet'> 2nd -</font> 
<B><font color = 'blue'> ==> -</font> Clicked On Current Image Date = 28 March 2023
<B><font color = 'blue'> ==> -</font> ID of the Ad = 53673
<B><font color = 'blue'> ==> -</font> Clicked On ShowAnalytics Button.
<B><font color = 'blue'> ==> -</font> LastScene_date AdDetails Page= 28 March 2023
<B><font color = 'blue'> ==> -</font> Domain Registration Date in AdDetails Page= 2003-06-19
<B><font color = 'blue'> ==> -</font> Image Date =  28 March 2023    ::    Last Seeen Date = 28 March 2023  are same == PASS

<B><font color = 'Blue-Violet'> 3rd -</font> 
<B><font color = 'blue'> ==> -</font> Clicked On Current Image Date = 28 March 2023
<B><font color = 'blue'> ==> -</font> ID of the Ad = 53672
<B><font color = 'blue'> ==> -</font> Clicked On ShowAnalytics Button.
<B><font color = 'blue'> ==> -</font> LastScene_date AdDetails Page= 28 March 2023
<B><font color = 'blue'> ==> -</font> Domain Registration Date in AdDetails Page= --
<B><font color = 'blue'> ==> -</font> Image Date =  28 March 2023    ::    Last Seeen Date = 28 March 2023  are same == PASS

<B><font color = 'Blue-Violet'> 4th -</font> 
<B><font color = 'blue'> ==> -</font> Clicked On Current Image Date = 27 March 2023
<B><font color = 'blue'> ==> -</font> ID of the Ad = 53671
<B><font color = 'blue'> ==> -</font> Clicked On ShowAnalytics Button.
<B><font color = 'blue'> ==> -</font> LastScene_date AdDetails Page= 27 March 2023
<B><font color = 'blue'> ==> -</font> Domain Registration Date in AdDetails Page= 1988-11-22
<B><font color = 'blue'> ==> -</font> Image Date =  27 March 2023    ::    Last Seeen Date = 27 March 2023  are same == PASS

<B><font color = 'Blue-Violet'> 5th -</font> 
<B><font color = 'blue'> ==> -</font> Clicked On Current Image Date = 27 March 2023
<B><font color = 'blue'> ==> -</font> ID of the Ad = 53670
<B><font color = 'blue'> ==> -</font> Clicked On ShowAnalytics Button.
<B><font color = 'blue'> ==> -</font> LastScene_date AdDetails Page= 27 March 2023
<B><font color = 'blue'> ==> -</font> Domain Registration Date in AdDetails Page= --
<B><font color = 'blue'> ==> -</font> Image Date =  27 March 2023    ::    Last Seeen Date = 27 March 2023  are same == PASS

<B><font color = 'Blue-Violet'> 6th -</font> 
<B><font color = 'blue'> ==> -</font> Clicked On Current Image Date = 27 March 2023
<B><font color = 'blue'> ==> -</font> ID of the Ad = 53668
<B><font color = 'blue'> ==> -</font> Clicked On ShowAnalytics Button.
<B><font color = 'blue'> ==> -</font> LastScene_date AdDetails Page= 27 March 2023
<B><font color = 'blue'> ==> -</font> Domain Registration Date in AdDetails Page= 2011-04-04
<B><font color = 'blue'> ==> -</font> Image Date =  27 March 2023    ::    Last Seeen Date = 27 March 2023  are same == PASS

<B><font color = 'Blue-Violet'> 7th -</font> 
<B><font color = 'blue'> ==> -</font> Clicked On Current Image Date = 27 March 2023
<B><font color = 'blue'> ==> -</font> ID of the Ad = 53667
<B><font color = 'blue'> ==> -</font> Clicked On ShowAnalytics Button.
<B><font color = 'blue'> ==> -</font> LastScene_date AdDetails Page= 27 March 2023
<B><font color = 'blue'> ==> -</font> Domain Registration Date in AdDetails Page= --
<B><font color = 'blue'> ==> -</font> Image Date =  27 March 2023    ::    Last Seeen Date = 27 March 2023  are same == PASS

<B><font color = 'Blue-Violet'> 8th -</font> 
<B><font color = 'blue'> ==> -</font> Clicked On Current Image Date = 27 March 2023
<B><font color = 'blue'> ==> -</font> ID of the Ad = 53666
<B><font color = 'blue'> ==> -</font> Clicked On ShowAnalytics Button.
<B><font color = 'blue'> ==> -</font> LastScene_date AdDetails Page= 27 March 2023
<B><font color = 'blue'> ==> -</font> Domain Registration Date in AdDetails Page= 2019-04-20
<B><font color = 'blue'> ==> -</font> Image Date =  27 March 2023    ::    Last Seeen Date = 27 March 2023  are same == PASS

<B><font color = 'Blue-Violet'> 9th -</font> 
<B><font color = 'blue'> ==> -</font> Clicked On Current Image Date = 27 March 2023
<B><font color = 'blue'> ==> -</font> ID of the Ad = 53665
<B><font color = 'blue'> ==> -</font> Clicked On ShowAnalytics Button.
<B><font color = 'blue'> ==> -</font> LastScene_date AdDetails Page= 27 March 2023
<B><font color = 'blue'> ==> -</font> Domain Registration Date in AdDetails Page= --
<B><font color = 'blue'> ==> -</font> Image Date =  27 March 2023    ::    Last Seeen Date = 27 March 2023  are same == PASS

<B><font color = 'Blue-Violet'> 10th -</font> 
<B><font color = 'red'> ==> -</font> Oops! Looks like we don't have data for this search criteria yet.

<B><font color = 'Blue-Violet'> 11th -</font> 
<B><font color = 'red'> ==> -</font> Oops! Looks like we don't have data for this search criteria yet.

<B><font color = 'Blue-Violet'> 12th -</font> 
<B><font color = 'red'> ==> -</font> Oops! Looks like we don't have data for this search criteria yet.

<B><font color = 'Blue-Violet'> 13th -</font> 
<B><font color = 'red'> ==> -</font> Oops! Looks like we don't have data for this search criteria yet.

<B><font color = 'Blue-Violet'> 14th -</font> 
<B><font color = 'red'> ==> -</font> Oops! Looks like we don't have data for this search criteria yet.

<B><font color = 'Blue-Violet'> 15th -</font> 
<B><font color = 'red'> ==> -</font> Oops! Looks like we don't have data for this search criteria yet.

<B><font color = 'green'> Domain Registration Date : Today -</font> 
<B><font color = 'orange'> Step 1 -</font> Clicked On clear search.
<B><font color = 'orange'> Step 2 -</font> Clicked On Domain Registration Date DropDown.
<B><font color = 'orange'> Step 3 -</font> Clicked On Domain Registration Date Today.
<B><font color = 'orange'> Step 4 -</font> Clicked On Search Bar.
<B><font color = 'orange'> Step 5 -</font> Total_Ads_Count_Today= 

<B><font color = 'Blue-Violet'> 1st -</font> 
<B><font color = 'red'> ==> -</font> Oops! Looks like we don't have data for this search criteria yet.

<B><font color = 'Blue-Violet'> 2nd -</font> 
<B><font color = 'red'> ==> -</font> Oops! Looks like we don't have data for this search criteria yet.

<B><font color = 'Blue-Violet'> 3rd -</font> 
<B><font color = 'red'> ==> -</font> Oops! Looks like we don't have data for this search criteria yet.

<B><font color = 'Blue-Violet'> 4th -</font> 
<B><font color = 'red'> ==> -</font> Oops! Looks like we don't have data for this search criteria yet.

<B><font color = 'Blue-Violet'> 5th -</font> 
<B><font color = 'red'> ==> -</font> Oops! Looks like we don't have data for this search criteria yet.

<B><font color = 'Blue-Violet'> 6th -</font> 
<B><font color = 'red'> ==> -</font> Oops! Looks like we don't have data for this search criteria yet.

<B><font color = 'Blue-Violet'> 7th -</font> 
<B><font color = 'red'> ==> -</font> Oops! Looks like we don't have data for this search criteria yet.

<B><font color = 'Blue-Violet'> 8th -</font> 
<B><font color = 'red'> ==> -</font> Oops! Looks like we don't have data for this search criteria yet.

<B><font color = 'Blue-Violet'> 9th -</font> 
<B><font color = 'red'> ==> -</font> Oops! Looks like we don't have data for this search criteria yet.

<B><font color = 'Blue-Violet'> 10th -</font> 
<B><font color = 'red'> ==> -</font> Oops! Looks like we don't have data for this search criteria yet.

<B><font color = 'Blue-Violet'> 11th -</font> 
<B><font color = 'red'> ==> -</font> Oops! Looks like we don't have data for this search criteria yet.

<B><font color = 'Blue-Violet'> 12th -</font> 
<B><font color = 'red'> ==> -</font> Oops! Looks like we don't have data for this search criteria yet.

<B><font color = 'Blue-Violet'> 13th -</font> 
<B><font color = 'red'> ==> -</font> Oops! Looks like we don't have data for this search criteria yet.

<B><font color = 'Blue-Violet'> 14th -</font> 
<B><font color = 'red'> ==> -</font> Oops! Looks like we don't have data for this search criteria yet.

<B><font color = 'Blue-Violet'> 15th -</font> 
<B><font color = 'red'> ==> -</font> Oops! Looks like we don't have data for this search criteria yet.

<B><font color = 'green'> Domain Registration Date : Yesterday -</font> 
<B><font color = 'orange'> Step 1 -</font> Clicked On clear search.
<B><font color = 'orange'> Step 2 -</font> Clicked On Domain Registration Date DropDown.
<B><font color = 'orange'> Step 3 -</font> Clicked On Domain Registration Date Yesterday.
<B><font color = 'orange'> Step 4 -</font> Clicked On Search Bar.
<B><font color = 'orange'> Step 5 -</font> Total_Ads_Count_All= 

<B><font color = 'Blue-Violet'> 1st -</font> 
<B><font color = 'red'> ==> -</font> Oops! Looks like we don't have data for this search criteria yet.

<B><font color = 'Blue-Violet'> 2nd -</font> 
<B><font color = 'red'> ==> -</font> Oops! Looks like we don't have data for this search criteria yet.

<B><font color = 'Blue-Violet'> 3rd -</font> 
<B><font color = 'red'> ==> -</font> Oops! Looks like we don't have data for this search criteria yet.

<B><font color = 'Blue-Violet'> 4th -</font> 
<B><font color = 'red'> ==> -</font> Oops! Looks like we don't have data for this search criteria yet.

<B><font color = 'Blue-Violet'> 5th -</font> 
<B><font color = 'red'> ==> -</font> Oops! Looks like we don't have data for this search criteria yet.

<B><font color = 'Blue-Violet'> 6th -</font> 
<B><font color = 'red'> ==> -</font> Oops! Looks like we don't have data for this search criteria yet.

<B><font color = 'Blue-Violet'> 7th -</font> 
<B><font color = 'red'> ==> -</font> Oops! Looks like we don't have data for this search criteria yet.

<B><font color = 'Blue-Violet'> 8th -</font> 
<B><font color = 'red'> ==> -</font> Oops! Looks like we don't have data for this search criteria yet.

<B><font color = 'Blue-Violet'> 9th -</font> 
<B><font color = 'red'> ==> -</font> Oops! Looks like we don't have data for this search criteria yet.

<B><font color = 'Blue-Violet'> 10th -</font> 
<B><font color = 'red'> ==> -</font> Oops! Looks like we don't have data for this search criteria yet.

<B><font color = 'Blue-Violet'> 11th -</font> 
<B><font color = 'red'> ==> -</font> Oops! Looks like we don't have data for this search criteria yet.

<B><font color = 'Blue-Violet'> 12th -</font> 
<B><font color = 'red'> ==> -</font> Oops! Looks like we don't have data for this search criteria yet.

<B><font color = 'Blue-Violet'> 13th -</font> 
<B><font color = 'red'> ==> -</font> Oops! Looks like we don't have data for this search criteria yet.

<B><font color = 'Blue-Violet'> 14th -</font> 
<B><font color = 'red'> ==> -</font> Oops! Looks like we don't have data for this search criteria yet.

<B><font color = 'Blue-Violet'> 15th -</font> 
<B><font color = 'red'> ==> -</font> Oops! Looks like we don't have data for this search criteria yet.

<B><font color = 'green'> Domain Registration Date : Last Seven Days -</font> 
<B><font color = 'orange'> Step 1 -</font> Clicked On clear search.
<B><font color = 'orange'> Step 2 -</font> Clicked On Domain Registration Date DropDown.
<B><font color = 'orange'> Step 3 -</font> Clicked On Domain Registration Date Last Seven Days.
<B><font color = 'orange'> Step 4 -</font> Clicked On Search Bar.
<B><font color = 'orange'> Step 5 -</font> Total_Ads_Count_LastSevenDays= 

<B><font color = 'Blue-Violet'> 1st -</font> 
<B><font color = 'red'> ==> -</font> Oops! Looks like we don't have data for this search criteria yet.

<B><font color = 'Blue-Violet'> 2nd -</font> 
<B><font color = 'red'> ==> -</font> Oops! Looks like we don't have data for this search criteria yet.

<B><font color = 'Blue-Violet'> 3rd -</font> 
<B><font color = 'red'> ==> -</font> Oops! Looks like we don't have data for this search criteria yet.

<B><font color = 'Blue-Violet'> 4th -</font> 
<B><font color = 'red'> ==> -</font> Oops! Looks like we don't have data for this search criteria yet.

<B><font color = 'Blue-Violet'> 5th -</font> 
<B><font color = 'red'> ==> -</font> Oops! Looks like we don't have data for this search criteria yet.

<B><font color = 'Blue-Violet'> 6th -</font> 
<B><font color = 'red'> ==> -</font> Oops! Looks like we don't have data for this search criteria yet.

<B><font color = 'Blue-Violet'> 7th -</font> 
<B><font color = 'red'> ==> -</font> Oops! Looks like we don't have data for this search criteria yet.

<B><font color = 'Blue-Violet'> 8th -</font> 
<B><font color = 'red'> ==> -</font> Oops! Looks like we don't have data for this search criteria yet.

<B><font color = 'Blue-Violet'> 9th -</font> 
<B><font color = 'red'> ==> -</font> Oops! Looks like we don't have data for this search criteria yet.

<B><font color = 'Blue-Violet'> 10th -</font> 
<B><font color = 'red'> ==> -</font> Oops! Looks like we don't have data for this search criteria yet.

<B><font color = 'Blue-Violet'> 11th -</font> 
<B><font color = 'red'> ==> -</font> Oops! Looks like we don't have data for this search criteria yet.

<B><font color = 'Blue-Violet'> 12th -</font> 
<B><font color = 'red'> ==> -</font> Oops! Looks like we don't have data for this search criteria yet.

<B><font color = 'Blue-Violet'> 13th -</font> 
<B><font color = 'red'> ==> -</font> Oops! Looks like we don't have data for this search criteria yet.

<B><font color = 'Blue-Violet'> 14th -</font> 
<B><font color = 'red'> ==> -</font> Oops! Looks like we don't have data for this search criteria yet.

<B><font color = 'Blue-Violet'> 15th -</font> 
<B><font color = 'red'> ==> -</font> Oops! Looks like we don't have data for this search criteria yet.

<B><font color = 'green'> Domain Registration Date : Last Thirty Days -</font> 
<B><font color = 'orange'> Step 1 -</font> Clicked On clear search.
<B><font color = 'orange'> Step 2 -</font> Clicked On Domain Registration Date DropDown.
<B><font color = 'orange'> Step 3 -</font> Clicked On Domain Registration Date Last Thirty Days.
<B><font color = 'orange'> Step 4 -</font> Clicked On Search Bar.
<B><font color = 'orange'> Step 5 -</font> Total_Ads_Count_LastThirtyDays= 

<B><font color = 'Blue-Violet'> 1st -</font> 
<B><font color = 'red'> ==> -</font> Oops! Looks like we don't have data for this search criteria yet.

<B><font color = 'Blue-Violet'> 2nd -</font> 
<B><font color = 'red'> ==> -</font> Oops! Looks like we don't have data for this search criteria yet.

<B><font color = 'Blue-Violet'> 3rd -</font> 
<B><font color = 'red'> ==> -</font> Oops! Looks like we don't have data for this search criteria yet.

<B><font color = 'Blue-Violet'> 4th -</font> 
<B><font color = 'red'> ==> -</font> Oops! Looks like we don't have data for this search criteria yet.

<B><font color = 'Blue-Violet'> 5th -</font> 
<B><font color = 'red'> ==> -</font> Oops! Looks like we don't have data for this search criteria yet.

<B><font color = 'Blue-Violet'> 6th -</font> 
<B><font color = 'red'> ==> -</font> Oops! Looks like we don't have data for this search criteria yet.

<B><font color = 'Blue-Violet'> 7th -</font> 
<B><font color = 'red'> ==> -</font> Oops! Looks like we don't have data for this search criteria yet.

<B><font color = 'Blue-Violet'> 8th -</font> 
<B><font color = 'red'> ==> -</font> Oops! Looks like we don't have data for this search criteria yet.

<B><font color = 'Blue-Violet'> 9th -</font> 
<B><font color = 'red'> ==> -</font> Oops! Looks like we don't have data for this search criteria yet.

<B><font color = 'Blue-Violet'> 10th -</font> 
<B><font color = 'red'> ==> -</font> Oops! Looks like we don't have data for this search criteria yet.

<B><font color = 'Blue-Violet'> 11th -</font> 
<B><font color = 'red'> ==> -</font> Oops! Looks like we don't have data for this search criteria yet.

<B><font color = 'Blue-Violet'> 12th -</font> 
<B><font color = 'red'> ==> -</font> Oops! Looks like we don't have data for this search criteria yet.

<B><font color = 'Blue-Violet'> 13th -</font> 
<B><font color = 'red'> ==> -</font> Oops! Looks like we don't have data for this search criteria yet.

<B><font color = 'Blue-Violet'> 14th -</font> 
<B><font color = 'red'> ==> -</font> Oops! Looks like we don't have data for this search criteria yet.

<B><font color = 'Blue-Violet'> 15th -</font> 
<B><font color = 'red'> ==> -</font> Oops! Looks like we don't have data for this search criteria yet.

<B><font color = 'green'> Domain Registration Date : This Month -</font> 
<B><font color = 'orange'> Step 1 -</font> Clicked On clear search.
<B><font color = 'orange'> Step 2 -</font> Clicked On Domain Registration Date DropDown.
<B><font color = 'orange'> Step 3 -</font> Clicked On Domain Registration Date This Month.
<B><font color = 'orange'> Step 4 -</font> Clicked On Search Bar.
<B><font color = 'orange'> Step 5 -</font> Total_Ads_Count_ThisMonth= 

<B><font color = 'Blue-Violet'> 1st -</font> 
<B><font color = 'red'> ==> -</font> Oops! Looks like we don't have data for this search criteria yet.

<B><font color = 'Blue-Violet'> 2nd -</font> 
<B><font color = 'red'> ==> -</font> Oops! Looks like we don't have data for this search criteria yet.

<B><font color = 'Blue-Violet'> 3rd -</font> 
<B><font color = 'red'> ==> -</font> Oops! Looks like we don't have data for this search criteria yet.

<B><font color = 'Blue-Violet'> 4th -</font> 
<B><font color = 'red'> ==> -</font> Oops! Looks like we don't have data for this search criteria yet.

<B><font color = 'Blue-Violet'> 5th -</font> 
<B><font color = 'red'> ==> -</font> Oops! Looks like we don't have data for this search criteria yet.

<B><font color = 'Blue-Violet'> 6th -</font> 
<B><font color = 'red'> ==> -</font> Oops! Looks like we don't have data for this search criteria yet.

<B><font color = 'Blue-Violet'> 7th -</font> 
<B><font color = 'red'> ==> -</font> Oops! Looks like we don't have data for this search criteria yet.

<B><font color = 'Blue-Violet'> 8th -</font> 
<B><font color = 'red'> ==> -</font> Oops! Looks like we don't have data for this search criteria yet.

<B><font color = 'Blue-Violet'> 9th -</font> 
<B><font color = 'red'> ==> -</font> Oops! Looks like we don't have data for this search criteria yet.

<B><font color = 'Blue-Violet'> 10th -</font> 
<B><font color = 'red'> ==> -</font> Oops! Looks like we don't have data for this search criteria yet.

<B><font color = 'Blue-Violet'> 11th -</font> 
<B><font color = 'red'> ==> -</font> Oops! Looks like we don't have data for this search criteria yet.

<B><font color = 'Blue-Violet'> 12th -</font> 
<B><font color = 'red'> ==> -</font> Oops! Looks like we don't have data for this search criteria yet.

<B><font color = 'Blue-Violet'> 13th -</font> 
<B><font color = 'red'> ==> -</font> Oops! Looks like we don't have data for this search criteria yet.

<B><font color = 'Blue-Violet'> 14th -</font> 
<B><font color = 'red'> ==> -</font> Oops! Looks like we don't have data for this search criteria yet.

<B><font color = 'Blue-Violet'> 15th -</font> 
<B><font color = 'red'> ==> -</font> Oops! Looks like we don't have data for this search criteria yet.

<B><font color = 'green'> Domain Registration Date : Last Month -</font> 
<B><font color = 'orange'> Step 1 -</font> Clicked On clear search.
<B><font color = 'orange'> Step 2 -</font> Clicked On Domain Registration Date DropDown.
<B><font color = 'orange'> Step 3 -</font> Clicked On Domain Registration Date Last Month.
<B><font color = 'orange'> Step 4 -</font> Clicked On Search Bar.
<B><font color = 'orange'> Step 5 -</font> Total_Ads_Count_LastMonth= 18010

<B><font color = 'Blue-Violet'> 1st -</font> 
<B><font color = 'blue'> ==> -</font> Clicked On Current Image Date = 28 March 2023
<B><font color = 'blue'> ==> -</font> ID of the Ad = 53674
<B><font color = 'blue'> ==> -</font> Clicked On ShowAnalytics Button.
<B><font color = 'blue'> ==> -</font> LastScene_date AdDetails Page= 28 March 2023
<B><font color = 'blue'> ==> -</font> Domain Registration Date in AdDetails Page= --

<B><font color = 'Blue-Violet'> 2nd -</font> 
<B><font color = 'blue'> ==> -</font> Clicked On Current Image Date = 28 March 2023
<B><font color = 'blue'> ==> -</font> ID of the Ad = 53673
<B><font color = 'blue'> ==> -</font> Clicked On ShowAnalytics Button.
<B><font color = 'blue'> ==> -</font> LastScene_date AdDetails Page= 28 March 2023
<B><font color = 'blue'> ==> -</font> Domain Registration Date in AdDetails Page= 2003-06-19

<B><font color = 'Blue-Violet'> 3rd -</font> 
<B><font color = 'blue'> ==> -</font> Clicked On Current Image Date = 28 March 2023
<B><font color = 'blue'> ==> -</font> ID of the Ad = 53672
<B><font color = 'blue'> ==> -</font> Clicked On ShowAnalytics Button.
<B><font color = 'blue'> ==> -</font> LastScene_date AdDetails Page= 28 March 2023
<B><font color = 'blue'> ==> -</font> Domain Registration Date in AdDetails Page= --

<B><font color = 'Blue-Violet'> 4th -</font> 
<B><font color = 'blue'> ==> -</font> Clicked On Current Image Date = 27 March 2023
<B><font color = 'blue'> ==> -</font> ID of the Ad = 53671
<B><font color = 'blue'> ==> -</font> Clicked On ShowAnalytics Button.
<B><font color = 'blue'> ==> -</font> LastScene_date AdDetails Page= 27 March 2023
<B><font color = 'blue'> ==> -</font> Domain Registration Date in AdDetails Page= 1988-11-22

<B><font color = 'Blue-Violet'> 5th -</font> 
<B><font color = 'blue'> ==> -</font> Clicked On Current Image Date = 27 March 2023
<B><font color = 'blue'> ==> -</font> ID of the Ad = 53670
<B><font color = 'blue'> ==> -</font> Clicked On ShowAnalytics Button.
<B><font color = 'blue'> ==> -</font> LastScene_date AdDetails Page= 27 March 2023
<B><font color = 'blue'> ==> -</font> Domain Registration Date in AdDetails Page= --

<B><font color = 'Blue-Violet'> 6th -</font> 
<B><font color = 'blue'> ==> -</font> Clicked On Current Image Date = 27 March 2023
<B><font color = 'blue'> ==> -</font> ID of the Ad = 53668
<B><font color = 'blue'> ==> -</font> Clicked On ShowAnalytics Button.
<B><font color = 'blue'> ==> -</font> LastScene_date AdDetails Page= 27 March 2023
<B><font color = 'blue'> ==> -</font> Domain Registration Date in AdDetails Page= 2011-04-04

<B><font color = 'Blue-Violet'> 7th -</font> 
<B><font color = 'blue'> ==> -</font> Clicked On Current Image Date = 27 March 2023
<B><font color = 'blue'> ==> -</font> ID of the Ad = 53667
<B><font color = 'blue'> ==> -</font> Clicked On ShowAnalytics Button.
<B><font color = 'blue'> ==> -</font> LastScene_date AdDetails Page= 27 March 2023
<B><font color = 'blue'> ==> -</font> Domain Registration Date in AdDetails Page= --

<B><font color = 'Blue-Violet'> 8th -</font> 
<B><font color = 'blue'> ==> -</font> Clicked On Current Image Date = 27 March 2023
<B><font color = 'blue'> ==> -</font> ID of the Ad = 53666
<B><font color = 'blue'> ==> -</font> Clicked On ShowAnalytics Button.
<B><font color = 'blue'> ==> -</font> LastScene_date AdDetails Page= 27 March 2023
<B><font color = 'blue'> ==> -</font> Domain Registration Date in AdDetails Page= 2019-04-20

<B><font color = 'Blue-Violet'> 9th -</font> 
<B><font color = 'blue'> ==> -</font> Clicked On Current Image Date = 27 March 2023
<B><font color = 'blue'> ==> -</font> ID of the Ad = 53665
<B><font color = 'blue'> ==> -</font> Clicked On ShowAnalytics Button.
<B><font color = 'blue'> ==> -</font> LastScene_date AdDetails Page= 27 March 2023
<B><font color = 'blue'> ==> -</font> Domain Registration Date in AdDetails Page= --

<B><font color = 'Blue-Violet'> 10th -</font> 
<B><font color = 'red'> ==> -</font> Oops! Looks like we don't have data for this search criteria yet.

<B><font color = 'Blue-Violet'> 11th -</font> 
<B><font color = 'red'> ==> -</font> Oops! Looks like we don't have data for this search criteria yet.

<B><font color = 'Blue-Violet'> 12th -</font> 
<B><font color = 'red'> ==> -</font> Oops! Looks like we don't have data for this search criteria yet.

<B><font color = 'Blue-Violet'> 13th -</font> 
<B><font color = 'red'> ==> -</font> Oops! Looks like we don't have data for this search criteria yet.

<B><font color = 'Blue-Violet'> 14th -</font> 
<B><font color = 'red'> ==> -</font> Oops! Looks like we don't have data for this search criteria yet.

<B><font color = 'Blue-Violet'> 15th -</font> 
<B><font color = 'red'> ==> -</font> Oops! Looks like we don't have data for this search criteria yet.

<B><font color = 'green'> Domain Registration Date :Custom Range -</font> 
<B><font color = 'orange'> Step 1 -</font> Clicked On clear search.
<B><font color = 'orange'> Step 2 -</font> Clicked On Domain Registration Date DropDown.
<B><font color = 'orange'> Step 3 -</font> Clicked On Custom in Domain Registration Date.
<B><font color = 'orange'> Step3 -</font> Selected Month: Jul
<B><font color = 'orange'> Step4 -</font> Selected Year: 2022
<B><font color = 'orange'> Step5 -</font> Selected Month: Jan
<B><font color = 'orange'> Step6 -</font> Selected Year: 2023
<B><font color = 'orange'> Step7 -</font> Clicked On Ad Seen Between Start Custom Range Icon
<B><font color = 'orange'> Step8 -</font> Clicked On Ad Seen Between End Custom Range Icon:]]>
  </system-out>
</testsuite> <!-- com.power.testcases.Verify_Youtube_Dasboard_DomainRegistrationDate -->
