<?xml version="1.0" encoding="UTF-8"?>
<!-- Generated by org.testng.reporters.JUnitReportReporter -->
<testsuite hostname="GLB-459-PC" failures="0" tests="1" name="com.power.testcases.Verify_Instagram_filters_Country" time="200.077" errors="0" timestamp="2023-03-29T17:35:30 IST" skipped="0">
  <testcase classname="com.power.testcases.Verify_Instagram_filters_Country" name="verify_Country" time="200.077"/>
  <system-out>
    <![CDATA[<B><font color = 'Burgundy'> Step1 -</font> Logged into PowerAdSpy Application
<B><font color = 'Burgundy'> Step2 -</font> I am on the page :PowerAdSpy | Facebook Dashboard
<B><font color = 'Burgundy'> Step3 -</font> Power Ad Spy Logo is Displayed
<B><font color = 'Burgundy'> Step4 -</font> Clicked On Instagram Icon
<B><font color = 'Burgundy'> Step5 -</font> I am on the page :PowerAdSpy | Instagram Dashboard
<B><font color = 'Burgundy'> Step6 -</font> Clicked on filters :
 
<B><font color = 'Green'>- Country </font>
       ==> -India
<B><font color = 'blue'> ==> -</font> Clicked On search Button Icon
<B><font color = 'blue'> ==> -</font> Total_Ads_Count_newest= 932

<B><font color = 'Blue-Violet'> 1st Ad -</font> 
<B><font color = 'blue'> ==> -</font> ID of the Ad = 29780
<B><font color = 'blue'> ==> -</font> Clicked On showAnalytics Button Icon
<B><font color = 'blue'> ==> -</font> Country in  Page= India
<B><font color = 'blue'> ==> -</font> Both  country are Matching in Assert Pass :India == India

<B><font color = 'Blue-Violet'> 2nd Ad -</font> 
<B><font color = 'blue'> ==> -</font> ID of the Ad = 29779
<B><font color = 'blue'> ==> -</font> Clicked On showAnalytics Button Icon
<B><font color = 'blue'> ==> -</font> Country in  Page= India
<B><font color = 'blue'> ==> -</font> Both  country are Matching in Assert Pass :India == India

<B><font color = 'Blue-Violet'> 3rd Ad -</font> 
<B><font color = 'blue'> ==> -</font> ID of the Ad = 29778
<B><font color = 'blue'> ==> -</font> Clicked On showAnalytics Button Icon
<B><font color = 'blue'> ==> -</font> Country in  Page= India
<B><font color = 'blue'> ==> -</font> Both  country are Matching in Assert Pass :India == India

<B><font color = 'Blue-Violet'> 4th Ad -</font> 
<B><font color = 'blue'> ==> -</font> ID of the Ad = 29777
<B><font color = 'blue'> ==> -</font> Clicked On showAnalytics Button Icon
<B><font color = 'blue'> ==> -</font> Country in  Page= India
<B><font color = 'blue'> ==> -</font> Both  country are Matching in Assert Pass :India == India

<B><font color = 'Blue-Violet'> 5th Ad -</font> 
<B><font color = 'blue'> ==> -</font> ID of the Ad = 29776
<B><font color = 'blue'> ==> -</font> Clicked On showAnalytics Button Icon
<B><font color = 'blue'> ==> -</font> Country in  Page= India
<B><font color = 'blue'> ==> -</font> Both  country are Matching in Assert Pass :India == India

<B><font color = 'Blue-Violet'> 6th Ad -</font> 
<B><font color = 'blue'> ==> -</font> ID of the Ad = 29775
<B><font color = 'blue'> ==> -</font> Clicked On showAnalytics Button Icon
<B><font color = 'blue'> ==> -</font> Country in  Page= India
<B><font color = 'blue'> ==> -</font> Both  country are Matching in Assert Pass :India == India

<B><font color = 'Blue-Violet'> 7th Ad -</font> 
<B><font color = 'blue'> ==> -</font> ID of the Ad = 29774
<B><font color = 'blue'> ==> -</font> Clicked On showAnalytics Button Icon
<B><font color = 'blue'> ==> -</font> Country in  Page= India
<B><font color = 'blue'> ==> -</font> Both  country are Matching in Assert Pass :India == India

<B><font color = 'Blue-Violet'> 8th Ad -</font> 
<B><font color = 'blue'> ==> -</font> ID of the Ad = 29773
<B><font color = 'blue'> ==> -</font> Clicked On showAnalytics Button Icon
<B><font color = 'blue'> ==> -</font> Country in  Page= India
<B><font color = 'blue'> ==> -</font> Both  country are Matching in Assert Pass :India == India

<B><font color = 'Blue-Violet'> 9th Ad -</font> 
<B><font color = 'blue'> ==> -</font> ID of the Ad = 29772
<B><font color = 'blue'> ==> -</font> Clicked On showAnalytics Button Icon
<B><font color = 'blue'> ==> -</font> Country in  Page= India
<B><font color = 'blue'> ==> -</font> Both  country are Matching in Assert Pass :India == India

<B><font color = 'Blue-Violet'> 10th Ad -</font> 
<B><font color = 'blue'> ==> -</font> ID of the Ad = 29771
<B><font color = 'blue'> ==> -</font> Clicked On showAnalytics Button Icon
<B><font color = 'blue'> ==> -</font> Country in  Page= India
<B><font color = 'blue'> ==> -</font> Both  country are Matching in Assert Pass :India == India

<B><font color = 'Blue-Violet'> 11th Ad -</font> 
<B><font color = 'blue'> ==> -</font> ID of the Ad = 29770
<B><font color = 'blue'> ==> -</font> Clicked On showAnalytics Button Icon

<B><font color = 'Blue-Violet'> 12th Ad -</font> 
<B><font color = 'blue'> ==> -</font> ID of the Ad = 29769
<B><font color = 'blue'> ==> -</font> Clicked On showAnalytics Button Icon
<B><font color = 'blue'> ==> -</font> Country in  Page= India
<B><font color = 'blue'> ==> -</font> Both  country are Matching in Assert Pass :India == India

<B><font color = 'Blue-Violet'> 13th Ad -</font> 
<B><font color = 'blue'> ==> -</font> ID of the Ad = 29768
<B><font color = 'blue'> ==> -</font> Clicked On showAnalytics Button Icon
<B><font color = 'blue'> ==> -</font> Country in  Page= India
<B><font color = 'blue'> ==> -</font> Both  country are Matching in Assert Pass :India == India

<B><font color = 'Blue-Violet'> 14th Ad -</font> 
<B><font color = 'blue'> ==> -</font> ID of the Ad = 29767
<B><font color = 'blue'> ==> -</font> Clicked On showAnalytics Button Icon
<B><font color = 'blue'> ==> -</font> Country in  Page= India
<B><font color = 'blue'> ==> -</font> Both  country are Matching in Assert Pass :India == India

<B><font color = 'Blue-Violet'> 15th Ad -</font> 
<B><font color = 'blue'> ==> -</font> ID of the Ad = 29766
<B><font color = 'blue'> ==> -</font> Clicked On showAnalytics Button Icon
<B><font color = 'blue'> ==> -</font> Country in  Page= India
<B><font color = 'blue'> ==> -</font> Both  country are Matching in Assert Pass :India == India]]>
  </system-out>
</testsuite> <!-- com.power.testcases.Verify_Instagram_filters_Country -->
