<?xml version="1.0" encoding="UTF-8"?>
<!-- Generated by org.testng.reporters.JUnitReportReporter -->
<testsuite hostname="GLB-281-PC" failures="0" tests="1" name="com.power.testcases.Verify_Instagram_landerProperties_TestScript" time="76.729" errors="0" timestamp="2022-12-16T13:52:32 IST" skipped="0">
  <testcase classname="com.power.testcases.Verify_Instagram_landerProperties_TestScript" name="Instagram_landerProperties_TestScript" time="76.729"/>
  <system-out>
    <![CDATA[<B><font color = 'orange'> Step1 -</font> Logged into PowerAdSpy Application
<B><font color = 'orange'> Step2 -</font> I am on the page :PowerAdSpy | Facebook Dashboard
<B><font color = 'orange'> Step3 -</font> Power Ad Spy Logo is Displayed
<B><font color = 'orange'> Step4 -</font> Clicked On Instagram Icon
       
<B><font color = 'purple'>  - ShortBy Newest Step will Start from here </font>  
<B><font color = 'orange'> Step1 -</font> Clicked On sortBy Icon
<B><font color = 'orange'> Step2 -</font> Clicked On SortBy Newest Icon
<B><font color = 'orange'> Step3 -</font> Clicked On search Button Icon
<B><font color = 'orange'> Step4 -</font> Clicked On Lander Properties Button Icon
<B><font color = 'orange'> Step5 -</font> Clicked On Ecommerce platform click
 
<B><font color = 'Green'>- Ecommerce Platform</font>
       :-WooCommerce
<B><font color = 'orange'> Step1 -</font> Selected  On Ecommerce platform WooCommerce
<B><font color = 'orange'> Step2 -</font> Clicked On search Button Icon
 
<B><font color ='red'> 1 Ad -</font>  
<B><font color = 'blue'> ==> -</font> ID of the Ad = 29374
<B><font color = 'blue'> ==> -</font> Brand Image link Ecom Platform:= WooCommerce.png
<B><font color = 'blue'> ==> -</font> Both  Ecommerce Platform are Matching in Assert Pass :WooCommerce.png == WooCommerce.png
 
<B><font color ='red'> 2 Ad -</font>  
<B><font color = 'blue'> ==> -</font> ID of the Ad = 29366
<B><font color = 'blue'> ==> -</font> Brand Image link Ecom Platform:= WooCommerce.png
<B><font color = 'blue'> ==> -</font> Both  Ecommerce Platform are Matching in Assert Pass :WooCommerce.png == WooCommerce.png
 
<B><font color ='red'> 3 Ad -</font>  
<B><font color = 'blue'> ==> -</font> ID of the Ad = 29346
<B><font color = 'blue'> ==> -</font> Brand Image link Ecom Platform:= WooCommerce.png
<B><font color = 'blue'> ==> -</font> Both  Ecommerce Platform are Matching in Assert Pass :WooCommerce.png == WooCommerce.png
 
<B><font color ='red'> 4 Ad -</font>  
<B><font color = 'blue'> ==> -</font> ID of the Ad = 29338
<B><font color = 'blue'> ==> -</font> Brand Image link Ecom Platform:= WooCommerce.png
<B><font color = 'blue'> ==> -</font> Both  Ecommerce Platform are Matching in Assert Pass :WooCommerce.png == WooCommerce.png
 
<B><font color ='red'> 5 Ad -</font>  
<B><font color = 'blue'> ==> -</font> ID of the Ad = 29283
<B><font color = 'blue'> ==> -</font> Brand Image link Ecom Platform:= WooCommerce.png
<B><font color = 'blue'> ==> -</font> Both  Ecommerce Platform are Matching in Assert Pass :WooCommerce.png == WooCommerce.png
 
<B><font color ='red'> 6 Ad -</font>  
<B><font color = 'blue'> ==> -</font> ID of the Ad = 29274
<B><font color = 'blue'> ==> -</font> Brand Image link Ecom Platform:= WooCommerce.png
<B><font color = 'blue'> ==> -</font> Both  Ecommerce Platform are Matching in Assert Pass :WooCommerce.png == WooCommerce.png
 
<B><font color ='red'> 7 Ad -</font>  
<B><font color = 'blue'> ==> -</font> ID of the Ad = 29236
<B><font color = 'blue'> ==> -</font> Brand Image link Ecom Platform:= WooCommerce.png
<B><font color = 'blue'> ==> -</font> Both  Ecommerce Platform are Matching in Assert Pass :WooCommerce.png == WooCommerce.png
 
<B><font color ='red'> 8 Ad -</font>  
<B><font color = 'blue'> ==> -</font> ID of the Ad = 29212
<B><font color = 'blue'> ==> -</font> Brand Image link Ecom Platform:= WooCommerce.png
<B><font color = 'blue'> ==> -</font> Both  Ecommerce Platform are Matching in Assert Pass :WooCommerce.png == WooCommerce.png
 
<B><font color ='red'> 9 Ad -</font>  
<B><font color = 'blue'> ==> -</font> ID of the Ad = 29178
<B><font color = 'blue'> ==> -</font> Brand Image link Ecom Platform:= WooCommerce.png
<B><font color = 'blue'> ==> -</font> Both  Ecommerce Platform are Matching in Assert Pass :WooCommerce.png == WooCommerce.png
 
<B><font color ='red'> 10 Ad -</font>  
<B><font color = 'blue'> ==> -</font> ID of the Ad = 29171
<B><font color = 'blue'> ==> -</font> Brand Image link Ecom Platform:= WooCommerce.png
<B><font color = 'blue'> ==> -</font> Both  Ecommerce Platform are Matching in Assert Pass :WooCommerce.png == WooCommerce.png
 
<B><font color ='red'> 11 Ad -</font>  
<B><font color = 'blue'> ==> -</font> ID of the Ad = 29161
<B><font color = 'blue'> ==> -</font> Brand Image link Ecom Platform:= WooCommerce.png
<B><font color = 'blue'> ==> -</font> Both  Ecommerce Platform are Matching in Assert Pass :WooCommerce.png == WooCommerce.png
 
<B><font color ='red'> 12 Ad -</font>  
<B><font color = 'blue'> ==> -</font> ID of the Ad = 29158
<B><font color = 'blue'> ==> -</font> Brand Image link Ecom Platform:= WooCommerce.png
<B><font color = 'blue'> ==> -</font> Both  Ecommerce Platform are Matching in Assert Pass :WooCommerce.png == WooCommerce.png
 
<B><font color ='red'> 13 Ad -</font>  
<B><font color = 'blue'> ==> -</font> ID of the Ad = 29097
<B><font color = 'blue'> ==> -</font> Brand Image link Ecom Platform:= WooCommerce.png
<B><font color = 'blue'> ==> -</font> Both  Ecommerce Platform are Matching in Assert Pass :WooCommerce.png == WooCommerce.png
 
<B><font color ='red'> 14 Ad -</font>  
<B><font color = 'blue'> ==> -</font> ID of the Ad = 29072
<B><font color = 'blue'> ==> -</font> Brand Image link Ecom Platform:= WooCommerce.png
<B><font color = 'blue'> ==> -</font> Both  Ecommerce Platform are Matching in Assert Pass :WooCommerce.png == WooCommerce.png
 
<B><font color ='red'> 15 Ad -</font>  
<B><font color = 'blue'> ==> -</font> ID of the Ad = 29005
<B><font color = 'blue'> ==> -</font> Brand Image link Ecom Platform:= WooCommerce.png
<B><font color = 'blue'> ==> -</font> Both  Ecommerce Platform are Matching in Assert Pass :WooCommerce.png == WooCommerce.png]]>
  </system-out>
</testsuite> <!-- com.power.testcases.Verify_Instagram_landerProperties_TestScript -->
