<?xml version="1.0" encoding="UTF-8"?>
<!-- Generated by org.testng.reporters.JUnitReportReporter -->
<testsuite hostname="GLB-281-PC" failures="0" tests="1" name="com.power.testcases.Verify_Instagram_LikesComents_test" time="144.564" errors="0" timestamp="2022-12-16T15:29:59 IST" skipped="0">
  <testcase classname="com.power.testcases.Verify_Instagram_LikesComents_test" name="verify_sortBy_likes_comments" time="144.564"/>
  <system-out>
    <![CDATA[<B><font color = 'Burgundy'> Step1 -</font> Logged into PowerAdSpy Application
<B><font color = 'Burgundy'> Step2 -</font> I am on the page :PowerAdSpy | Facebook Dashboard
<B><font color = 'Burgundy'> Step3 -</font> Power Ad Spy Logo is Displayed
<B><font color = 'Burgundy'> Step4 -</font> Clicked On Instagram Icon
<B><font color = 'Burgundy'> Step5 -</font> I am on the page :PowerAdSpy | Instagram Dashboard
<B><font color = 'Burgundy'> Step6 -</font> Clicked on SortBy :
 
<B><font color = 'Green'> Likes  -</font>
<B><font color = 'Burgundy'> Step7 -</font> Clicked on Likes :
<B><font color = 'Burgundy'> Step8 -</font> Entered value into minimum range Likes :2000
<B><font color = 'Burgundy'> Step9 -</font> Entered value into maximum range Likes :30000
<B><font color = 'Burgundy'> Step10 -</font> Clicked On Search Bar.
<B><font color = 'Burgundy'> Step11 -</font> Total_Ads_Count_newest= 120

<B><font color = 'Blue-Violet'> 1st Ad -</font> 
<B><font color = 'blue'> ==> -</font> Likes = 1.6M

<B><font color = 'Blue-Violet'> 2nd Ad -</font> 
<B><font color = 'blue'> ==> -</font> Likes = 385.1K

<B><font color = 'Blue-Violet'> 3rd Ad -</font> 
<B><font color = 'blue'> ==> -</font> Likes = 172.3K

<B><font color = 'Blue-Violet'> 4th Ad -</font> 
<B><font color = 'blue'> ==> -</font> Likes = 143.4K

<B><font color = 'Blue-Violet'> 5th Ad -</font> 
<B><font color = 'blue'> ==> -</font> Likes = 96.2K

<B><font color = 'Blue-Violet'> 6th Ad -</font> 
<B><font color = 'blue'> ==> -</font> Likes = 92.3K

<B><font color = 'Blue-Violet'> 7th Ad -</font> 
<B><font color = 'blue'> ==> -</font> Likes = 90.7K

<B><font color = 'Blue-Violet'> 8th Ad -</font> 
<B><font color = 'blue'> ==> -</font> Likes = 61.5K

<B><font color = 'Blue-Violet'> 9th Ad -</font> 
<B><font color = 'blue'> ==> -</font> Likes = 61.3K

<B><font color = 'Blue-Violet'> 10th Ad -</font> 
<B><font color = 'blue'> ==> -</font> Likes = 21.4K

<B><font color = 'Blue-Violet'> 11th Ad -</font> 
<B><font color = 'blue'> ==> -</font> Likes = 20.6K

<B><font color = 'Blue-Violet'> 12th Ad -</font> 
<B><font color = 'blue'> ==> -</font> Likes = 18.7K

<B><font color = 'Blue-Violet'> 13th Ad -</font> 
<B><font color = 'blue'> ==> -</font> Likes = 18.0K

<B><font color = 'Blue-Violet'> 14th Ad -</font> 
<B><font color = 'blue'> ==> -</font> Likes = 17.4K

<B><font color = 'Blue-Violet'> 15th Ad -</font> 
<B><font color = 'blue'> ==> -</font> Likes = 17.0K]]>
  </system-out>
</testsuite> <!-- com.power.testcases.Verify_Instagram_LikesComents_test -->
