<?xml version="1.0" encoding="UTF-8"?>
<!-- Generated by org.testng.reporters.JUnitReportReporter -->
<testsuite hostname="GLB-281-PC" failures="0" tests="1" name="com.power.testcases.Testing" time="16.996" errors="0" timestamp="2022-10-19T10:12:44 IST" skipped="0">
  <testcase classname="com.power.testcases.Testing" name="TestPage" time="16.996"/>
  <system-out/>
</testsuite> <!-- com.power.testcases.Testing -->
