<?xml version="1.0" encoding="UTF-8"?>
<!-- Generated by org.testng.reporters.JUnitReportReporter -->
<testsuite hostname="GLB-459-PC" failures="0" tests="1" name="com.power.testcases.Verify_Pinterest_Dasboard_PostDateBetween" time="790.264" errors="0" timestamp="2023-03-29T17:35:30 IST" skipped="0">
  <testcase classname="com.power.testcases.Verify_Pinterest_Dasboard_PostDateBetween" name="verify_postdateBetween" time="790.264"/>
  <system-out>
    <![CDATA[<B><font color = 'purple'> Step1 -</font> Logged into PowerAdSpy Application
<B><font color = 'purple'> Step2 -</font> I am on the page :PowerAdSpy | Facebook Dashboard
<B><font color = 'purple'> Step3 -</font> Power Ad Spy Logo is Displayed
<B><font color = 'purple'> Step4 -</font> Clicked On pinterest Icon
<B><font color = 'purple'> Step5 -</font> I am on the page :PowerAdSpy | Pinterest Dashboard

<B><font color = 'green'> Post Date Between : All -</font> 
<B><font color = 'orange'> Step 1 -</font> Clicked On clear search.
<B><font color = 'orange'> Step 1 -</font> Clicked On Post Date Between DropDown.
<B><font color = 'orange'> Step 2 -</font> Clicked On Post Date Between All.
<B><font color = 'orange'> Step 3 -</font> Clicked On Search Bar.
<B><font color = 'orange'> Step 4 -</font> Total_Ads_Count_All= 4933

<B><font color = 'Blue-Violet'> 1st -</font> 
<B><font color = 'blue'> ==> -</font> Clicked On Current Image Date : 22 March 2023
<B><font color = 'blue'> ==> -</font> ID of the Ad = 101520
<B><font color = 'blue'> ==> -</font> Clicked On ShowAnalytics Button.
<B><font color = 'blue'> ==> -</font> LastScene_date AdDetails Page= 22 March 2023
<B><font color = 'blue'> ==> -</font> Post Date in AdDetails Page= 22 March 2023
<B><font color = 'blue'> ==> -</font> Both  Date are Matching in Assert Pass :22 March 2023 == 22 March 2023

<B><font color = 'Blue-Violet'> 2nd -</font> 
<B><font color = 'blue'> ==> -</font> Clicked On Current Image Date : 22 March 2023
<B><font color = 'blue'> ==> -</font> ID of the Ad = 101519
<B><font color = 'blue'> ==> -</font> Clicked On ShowAnalytics Button.
<B><font color = 'blue'> ==> -</font> LastScene_date AdDetails Page= 22 March 2023
<B><font color = 'blue'> ==> -</font> Post Date in AdDetails Page= 22 March 2023
<B><font color = 'blue'> ==> -</font> Both  Date are Matching in Assert Pass :22 March 2023 == 22 March 2023

<B><font color = 'Blue-Violet'> 3rd -</font> 
<B><font color = 'blue'> ==> -</font> Clicked On Current Image Date : 22 March 2023
<B><font color = 'blue'> ==> -</font> ID of the Ad = 101518
<B><font color = 'blue'> ==> -</font> Clicked On ShowAnalytics Button.
<B><font color = 'blue'> ==> -</font> LastScene_date AdDetails Page= 22 March 2023
<B><font color = 'blue'> ==> -</font> Post Date in AdDetails Page= 22 March 2023
<B><font color = 'blue'> ==> -</font> Both  Date are Matching in Assert Pass :22 March 2023 == 22 March 2023

<B><font color = 'Blue-Violet'> 4th -</font> 
<B><font color = 'blue'> ==> -</font> Clicked On Current Image Date : 22 March 2023
<B><font color = 'blue'> ==> -</font> ID of the Ad = 101517
<B><font color = 'blue'> ==> -</font> Clicked On ShowAnalytics Button.
<B><font color = 'blue'> ==> -</font> LastScene_date AdDetails Page= 22 March 2023
<B><font color = 'blue'> ==> -</font> Post Date in AdDetails Page= 22 March 2023
<B><font color = 'blue'> ==> -</font> Both  Date are Matching in Assert Pass :22 March 2023 == 22 March 2023

<B><font color = 'Blue-Violet'> 5th -</font> 
<B><font color = 'blue'> ==> -</font> Clicked On Current Image Date : 22 March 2023
<B><font color = 'blue'> ==> -</font> ID of the Ad = 101516
<B><font color = 'blue'> ==> -</font> Clicked On ShowAnalytics Button.
<B><font color = 'blue'> ==> -</font> LastScene_date AdDetails Page= 22 March 2023
<B><font color = 'blue'> ==> -</font> Post Date in AdDetails Page= 22 March 2023
<B><font color = 'blue'> ==> -</font> Both  Date are Matching in Assert Pass :22 March 2023 == 22 March 2023

<B><font color = 'Blue-Violet'> 6th -</font> 
<B><font color = 'blue'> ==> -</font> Clicked On Current Image Date : 22 March 2023
<B><font color = 'blue'> ==> -</font> ID of the Ad = 101515
<B><font color = 'blue'> ==> -</font> Clicked On ShowAnalytics Button.
<B><font color = 'blue'> ==> -</font> LastScene_date AdDetails Page= 22 March 2023
<B><font color = 'blue'> ==> -</font> Post Date in AdDetails Page= 22 March 2023
<B><font color = 'blue'> ==> -</font> Both  Date are Matching in Assert Pass :22 March 2023 == 22 March 2023

<B><font color = 'Blue-Violet'> 7th -</font> 
<B><font color = 'blue'> ==> -</font> Clicked On Current Image Date : 22 March 2023
<B><font color = 'blue'> ==> -</font> ID of the Ad = 101514
<B><font color = 'blue'> ==> -</font> Clicked On ShowAnalytics Button.
<B><font color = 'blue'> ==> -</font> LastScene_date AdDetails Page= 22 March 2023
<B><font color = 'blue'> ==> -</font> Post Date in AdDetails Page= 22 March 2023
<B><font color = 'blue'> ==> -</font> Both  Date are Matching in Assert Pass :22 March 2023 == 22 March 2023

<B><font color = 'Blue-Violet'> 8th -</font> 
<B><font color = 'blue'> ==> -</font> Clicked On Current Image Date : 22 March 2023
<B><font color = 'blue'> ==> -</font> ID of the Ad = 101513
<B><font color = 'blue'> ==> -</font> Clicked On ShowAnalytics Button.
<B><font color = 'blue'> ==> -</font> LastScene_date AdDetails Page= 22 March 2023
<B><font color = 'blue'> ==> -</font> Post Date in AdDetails Page= 22 March 2023
<B><font color = 'blue'> ==> -</font> Both  Date are Matching in Assert Pass :22 March 2023 == 22 March 2023

<B><font color = 'Blue-Violet'> 9th -</font> 
<B><font color = 'blue'> ==> -</font> Clicked On Current Image Date : 22 March 2023
<B><font color = 'blue'> ==> -</font> ID of the Ad = 101512
<B><font color = 'blue'> ==> -</font> Clicked On ShowAnalytics Button.
<B><font color = 'blue'> ==> -</font> LastScene_date AdDetails Page= 22 March 2023
<B><font color = 'blue'> ==> -</font> Post Date in AdDetails Page= 22 March 2023
<B><font color = 'blue'> ==> -</font> Both  Date are Matching in Assert Pass :22 March 2023 == 22 March 2023

<B><font color = 'Blue-Violet'> 10th -</font> 
<B><font color = 'blue'> ==> -</font> Clicked On Current Image Date : 22 March 2023
<B><font color = 'blue'> ==> -</font> ID of the Ad = 101511
<B><font color = 'blue'> ==> -</font> Clicked On ShowAnalytics Button.
<B><font color = 'blue'> ==> -</font> LastScene_date AdDetails Page= 22 March 2023
<B><font color = 'blue'> ==> -</font> Post Date in AdDetails Page= 22 March 2023
<B><font color = 'blue'> ==> -</font> Both  Date are Matching in Assert Pass :22 March 2023 == 22 March 2023

<B><font color = 'Blue-Violet'> 11th -</font> 
<B><font color = 'blue'> ==> -</font> Clicked On Current Image Date : 22 March 2023
<B><font color = 'blue'> ==> -</font> ID of the Ad = 101510
<B><font color = 'blue'> ==> -</font> Clicked On ShowAnalytics Button.
<B><font color = 'blue'> ==> -</font> LastScene_date AdDetails Page= 22 March 2023
<B><font color = 'blue'> ==> -</font> Post Date in AdDetails Page= 22 March 2023
<B><font color = 'blue'> ==> -</font> Both  Date are Matching in Assert Pass :22 March 2023 == 22 March 2023

<B><font color = 'Blue-Violet'> 12th -</font> 
<B><font color = 'blue'> ==> -</font> Clicked On Current Image Date : 22 March 2023
<B><font color = 'blue'> ==> -</font> ID of the Ad = 101509
<B><font color = 'blue'> ==> -</font> Clicked On ShowAnalytics Button.
<B><font color = 'blue'> ==> -</font> LastScene_date AdDetails Page= 22 March 2023
<B><font color = 'blue'> ==> -</font> Post Date in AdDetails Page= 22 March 2023
<B><font color = 'blue'> ==> -</font> Both  Date are Matching in Assert Pass :22 March 2023 == 22 March 2023

<B><font color = 'Blue-Violet'> 13th -</font> 
<B><font color = 'blue'> ==> -</font> Clicked On Current Image Date : 22 March 2023
<B><font color = 'blue'> ==> -</font> ID of the Ad = 101508
<B><font color = 'blue'> ==> -</font> Clicked On ShowAnalytics Button.
<B><font color = 'blue'> ==> -</font> LastScene_date AdDetails Page= 22 March 2023
<B><font color = 'blue'> ==> -</font> Post Date in AdDetails Page= 22 March 2023
<B><font color = 'blue'> ==> -</font> Both  Date are Matching in Assert Pass :22 March 2023 == 22 March 2023

<B><font color = 'Blue-Violet'> 14th -</font> 
<B><font color = 'blue'> ==> -</font> Clicked On Current Image Date : 22 March 2023
<B><font color = 'blue'> ==> -</font> ID of the Ad = 101507
<B><font color = 'blue'> ==> -</font> Clicked On ShowAnalytics Button.
<B><font color = 'blue'> ==> -</font> LastScene_date AdDetails Page= 22 March 2023
<B><font color = 'blue'> ==> -</font> Post Date in AdDetails Page= 22 March 2023
<B><font color = 'blue'> ==> -</font> Both  Date are Matching in Assert Pass :22 March 2023 == 22 March 2023

<B><font color = 'Blue-Violet'> 15th -</font> 
<B><font color = 'blue'> ==> -</font> Clicked On Current Image Date : 22 March 2023
<B><font color = 'blue'> ==> -</font> ID of the Ad = 101506
<B><font color = 'blue'> ==> -</font> Clicked On ShowAnalytics Button.
<B><font color = 'blue'> ==> -</font> LastScene_date AdDetails Page= 22 March 2023
<B><font color = 'blue'> ==> -</font> Post Date in AdDetails Page= 22 March 2023
<B><font color = 'blue'> ==> -</font> Both  Date are Matching in Assert Pass :22 March 2023 == 22 March 2023

<B><font color = 'green'> Post Date Between : Today -</font> 
<B><font color = 'orange'> Step 1 -</font> Clicked On Post Date Between DropDown.
<B><font color = 'orange'> Step 2 -</font> Clicked On Post Date Between Today.
<B><font color = 'orange'> Step 3 -</font> Clicked On Search Bar.
<B><font color = 'orange'> Step 4 -</font> Total_Ads_Count_Today= 0

<B><font color = 'Blue-Violet'> 1st -</font> 
<B><font color = 'red'> ==> -</font> Oops! Looks like we don't have data for this search criteria yet.

<B><font color = 'Blue-Violet'> 2nd -</font> 
<B><font color = 'red'> ==> -</font> Oops! Looks like we don't have data for this search criteria yet.

<B><font color = 'Blue-Violet'> 3rd -</font> 
<B><font color = 'red'> ==> -</font> Oops! Looks like we don't have data for this search criteria yet.

<B><font color = 'Blue-Violet'> 4th -</font> 
<B><font color = 'red'> ==> -</font> Oops! Looks like we don't have data for this search criteria yet.

<B><font color = 'Blue-Violet'> 5th -</font> 
<B><font color = 'red'> ==> -</font> Oops! Looks like we don't have data for this search criteria yet.

<B><font color = 'Blue-Violet'> 6th -</font> 
<B><font color = 'red'> ==> -</font> Oops! Looks like we don't have data for this search criteria yet.

<B><font color = 'Blue-Violet'> 7th -</font> 
<B><font color = 'red'> ==> -</font> Oops! Looks like we don't have data for this search criteria yet.

<B><font color = 'Blue-Violet'> 8th -</font> 
<B><font color = 'red'> ==> -</font> Oops! Looks like we don't have data for this search criteria yet.

<B><font color = 'Blue-Violet'> 9th -</font> 
<B><font color = 'red'> ==> -</font> Oops! Looks like we don't have data for this search criteria yet.

<B><font color = 'Blue-Violet'> 10th -</font> 
<B><font color = 'red'> ==> -</font> Oops! Looks like we don't have data for this search criteria yet.

<B><font color = 'Blue-Violet'> 11th -</font> 
<B><font color = 'red'> ==> -</font> Oops! Looks like we don't have data for this search criteria yet.

<B><font color = 'Blue-Violet'> 12th -</font> 
<B><font color = 'red'> ==> -</font> Oops! Looks like we don't have data for this search criteria yet.

<B><font color = 'Blue-Violet'> 13th -</font> 
<B><font color = 'red'> ==> -</font> Oops! Looks like we don't have data for this search criteria yet.

<B><font color = 'Blue-Violet'> 14th -</font> 
<B><font color = 'red'> ==> -</font> Oops! Looks like we don't have data for this search criteria yet.

<B><font color = 'Blue-Violet'> 15th -</font> 
<B><font color = 'red'> ==> -</font> Oops! Looks like we don't have data for this search criteria yet.

<B><font color = 'green'> Post Date Between : Yesterday -</font> 
<B><font color = 'orange'> Step 1 -</font> Clicked On Post Date Between DropDown.
<B><font color = 'orange'> Step 2 -</font> Clicked On Post Date Between Yesterday.
<B><font color = 'orange'> Step 3 -</font> Clicked On Search Bar.
<B><font color = 'orange'> Step 4 -</font> Total_Ads_Count_Yesterday= 0

<B><font color = 'Blue-Violet'> 1st Ad-</font> 
<B><font color = 'red'> ==> -</font> Oops! Looks like we don't have data for this search criteria yet.

<B><font color = 'Blue-Violet'> 2nd Ad-</font> 
<B><font color = 'red'> ==> -</font> Oops! Looks like we don't have data for this search criteria yet.

<B><font color = 'Blue-Violet'> 3rd Ad-</font> 
<B><font color = 'red'> ==> -</font> Oops! Looks like we don't have data for this search criteria yet.

<B><font color = 'Blue-Violet'> 4th Ad-</font> 
<B><font color = 'red'> ==> -</font> Oops! Looks like we don't have data for this search criteria yet.

<B><font color = 'Blue-Violet'> 5th Ad-</font> 
<B><font color = 'red'> ==> -</font> Oops! Looks like we don't have data for this search criteria yet.

<B><font color = 'Blue-Violet'> 6th Ad-</font> 
<B><font color = 'red'> ==> -</font> Oops! Looks like we don't have data for this search criteria yet.

<B><font color = 'Blue-Violet'> 7th Ad-</font> 
<B><font color = 'red'> ==> -</font> Oops! Looks like we don't have data for this search criteria yet.

<B><font color = 'Blue-Violet'> 8th Ad-</font> 
<B><font color = 'red'> ==> -</font> Oops! Looks like we don't have data for this search criteria yet.

<B><font color = 'Blue-Violet'> 9th Ad-</font> 
<B><font color = 'red'> ==> -</font> Oops! Looks like we don't have data for this search criteria yet.

<B><font color = 'Blue-Violet'> 10th Ad-</font> 
<B><font color = 'red'> ==> -</font> Oops! Looks like we don't have data for this search criteria yet.

<B><font color = 'Blue-Violet'> 11th Ad-</font> 
<B><font color = 'red'> ==> -</font> Oops! Looks like we don't have data for this search criteria yet.

<B><font color = 'Blue-Violet'> 12th Ad-</font> 
<B><font color = 'red'> ==> -</font> Oops! Looks like we don't have data for this search criteria yet.

<B><font color = 'Blue-Violet'> 13th Ad-</font> 
<B><font color = 'red'> ==> -</font> Oops! Looks like we don't have data for this search criteria yet.

<B><font color = 'Blue-Violet'> 14th Ad-</font> 
<B><font color = 'red'> ==> -</font> Oops! Looks like we don't have data for this search criteria yet.

<B><font color = 'Blue-Violet'> 15th Ad-</font> 
<B><font color = 'red'> ==> -</font> Oops! Looks like we don't have data for this search criteria yet.

<B><font color = 'green'> Post Date Between : Last Seven Days -</font> 
<B><font color = 'orange'> Step 1 -</font> Clicked On Post Date Between DropDown.
<B><font color = 'orange'> Step 2 -</font> Clicked On Post Date Between Last Seven Days.
<B><font color = 'orange'> Step 3 -</font> Clicked On Search Bar.
<B><font color = 'orange'> Step 4 -</font> Total_Ads_Count_LastSevenDays= 0

<B><font color = 'Blue-Violet'> 1st Ad-</font> 
<B><font color = 'red'> ==> -</font> Oops! Looks like we don't have data for this search criteria yet.

<B><font color = 'Blue-Violet'> 2nd Ad-</font> 
<B><font color = 'red'> ==> -</font> Oops! Looks like we don't have data for this search criteria yet.

<B><font color = 'Blue-Violet'> 3rd Ad-</font> 
<B><font color = 'red'> ==> -</font> Oops! Looks like we don't have data for this search criteria yet.

<B><font color = 'Blue-Violet'> 4th Ad-</font> 
<B><font color = 'red'> ==> -</font> Oops! Looks like we don't have data for this search criteria yet.

<B><font color = 'Blue-Violet'> 5th Ad-</font> 
<B><font color = 'red'> ==> -</font> Oops! Looks like we don't have data for this search criteria yet.

<B><font color = 'Blue-Violet'> 6th Ad-</font> 
<B><font color = 'red'> ==> -</font> Oops! Looks like we don't have data for this search criteria yet.

<B><font color = 'Blue-Violet'> 7th Ad-</font> 
<B><font color = 'red'> ==> -</font> Oops! Looks like we don't have data for this search criteria yet.

<B><font color = 'Blue-Violet'> 8th Ad-</font> 
<B><font color = 'red'> ==> -</font> Oops! Looks like we don't have data for this search criteria yet.

<B><font color = 'Blue-Violet'> 9th Ad-</font> 
<B><font color = 'red'> ==> -</font> Oops! Looks like we don't have data for this search criteria yet.

<B><font color = 'Blue-Violet'> 10th Ad-</font> 
<B><font color = 'red'> ==> -</font> Oops! Looks like we don't have data for this search criteria yet.

<B><font color = 'Blue-Violet'> 11th Ad-</font> 
<B><font color = 'red'> ==> -</font> Oops! Looks like we don't have data for this search criteria yet.

<B><font color = 'Blue-Violet'> 12th Ad-</font> 
<B><font color = 'red'> ==> -</font> Oops! Looks like we don't have data for this search criteria yet.

<B><font color = 'Blue-Violet'> 13th Ad-</font> 
<B><font color = 'red'> ==> -</font> Oops! Looks like we don't have data for this search criteria yet.

<B><font color = 'Blue-Violet'> 14th Ad-</font> 
<B><font color = 'red'> ==> -</font> Oops! Looks like we don't have data for this search criteria yet.

<B><font color = 'Blue-Violet'> 15th Ad-</font> 
<B><font color = 'red'> ==> -</font> Oops! Looks like we don't have data for this search criteria yet.

<B><font color = 'green'> Post Date Between : Last Thirty Days -</font> 
<B><font color = 'orange'> Step 1 -</font> Clicked On Post Date Between DropDown.
<B><font color = 'orange'> Step 2 -</font> Clicked On Post Date Between Last Thirty Days.
<B><font color = 'orange'> Step 3 -</font> Clicked On Search Bar.
<B><font color = 'orange'> Step 4 -</font> Total_Ads_Count_LastThirtyDays= 21

<B><font color = 'Blue-Violet'> 1st Ad-</font> 
<B><font color = 'blue'> ==> -</font> Clicked On Current Image Date = 22 March 2023
<B><font color = 'blue'> ==> -</font> ID of the Ad = 101520
<B><font color = 'blue'> ==> -</font> Clicked On ShowAnalytics Button.
<B><font color = 'blue'> ==> -</font> LastScene_date AdDetails Page= 22 March 2023
<B><font color = 'blue'> ==> -</font> Post Date in AdDetails Page= 22 March 2023
<B><font color = 'blue'> ==> -</font> Image Date =  22 March 2023    ::    Post Date = 22 March 2023  are same == PASS

<B><font color = 'Blue-Violet'> 2nd Ad-</font> 
<B><font color = 'blue'> ==> -</font> Clicked On Current Image Date = 22 March 2023
<B><font color = 'blue'> ==> -</font> ID of the Ad = 101519
<B><font color = 'blue'> ==> -</font> Clicked On ShowAnalytics Button.
<B><font color = 'blue'> ==> -</font> LastScene_date AdDetails Page= 22 March 2023
<B><font color = 'blue'> ==> -</font> Post Date in AdDetails Page= 22 March 2023
<B><font color = 'blue'> ==> -</font> Image Date =  22 March 2023    ::    Post Date = 22 March 2023  are same == PASS

<B><font color = 'Blue-Violet'> 3rd Ad-</font> 
<B><font color = 'blue'> ==> -</font> Clicked On Current Image Date = 22 March 2023
<B><font color = 'blue'> ==> -</font> ID of the Ad = 101518
<B><font color = 'blue'> ==> -</font> Clicked On ShowAnalytics Button.
<B><font color = 'blue'> ==> -</font> LastScene_date AdDetails Page= 22 March 2023
<B><font color = 'blue'> ==> -</font> Post Date in AdDetails Page= 22 March 2023
<B><font color = 'blue'> ==> -</font> Image Date =  22 March 2023    ::    Post Date = 22 March 2023  are same == PASS

<B><font color = 'Blue-Violet'> 4th Ad-</font> 
<B><font color = 'blue'> ==> -</font> Clicked On Current Image Date = 22 March 2023
<B><font color = 'blue'> ==> -</font> ID of the Ad = 101517
<B><font color = 'blue'> ==> -</font> Clicked On ShowAnalytics Button.
<B><font color = 'blue'> ==> -</font> LastScene_date AdDetails Page= 22 March 2023
<B><font color = 'blue'> ==> -</font> Post Date in AdDetails Page= 22 March 2023
<B><font color = 'blue'> ==> -</font> Image Date =  22 March 2023    ::    Post Date = 22 March 2023  are same == PASS

<B><font color = 'Blue-Violet'> 5th Ad-</font> 
<B><font color = 'blue'> ==> -</font> Clicked On Current Image Date = 22 March 2023
<B><font color = 'blue'> ==> -</font> ID of the Ad = 101516
<B><font color = 'blue'> ==> -</font> Clicked On ShowAnalytics Button.
<B><font color = 'blue'> ==> -</font> LastScene_date AdDetails Page= 22 March 2023
<B><font color = 'blue'> ==> -</font> Post Date in AdDetails Page= 22 March 2023
<B><font color = 'blue'> ==> -</font> Image Date =  22 March 2023    ::    Post Date = 22 March 2023  are same == PASS

<B><font color = 'Blue-Violet'> 6th Ad-</font> 
<B><font color = 'blue'> ==> -</font> Clicked On Current Image Date = 22 March 2023
<B><font color = 'blue'> ==> -</font> ID of the Ad = 101515
<B><font color = 'blue'> ==> -</font> Clicked On ShowAnalytics Button.
<B><font color = 'blue'> ==> -</font> LastScene_date AdDetails Page= 22 March 2023
<B><font color = 'blue'> ==> -</font> Post Date in AdDetails Page= 22 March 2023
<B><font color = 'blue'> ==> -</font> Image Date =  22 March 2023    ::    Post Date = 22 March 2023  are same == PASS

<B><font color = 'Blue-Violet'> 7th Ad-</font> 
<B><font color = 'blue'> ==> -</font> Clicked On Current Image Date = 22 March 2023
<B><font color = 'blue'> ==> -</font> ID of the Ad = 101514
<B><font color = 'blue'> ==> -</font> Clicked On ShowAnalytics Button.
<B><font color = 'blue'> ==> -</font> LastScene_date AdDetails Page= 22 March 2023
<B><font color = 'blue'> ==> -</font> Post Date in AdDetails Page= 22 March 2023
<B><font color = 'blue'> ==> -</font> Image Date =  22 March 2023    ::    Post Date = 22 March 2023  are same == PASS

<B><font color = 'Blue-Violet'> 8th Ad-</font> 
<B><font color = 'blue'> ==> -</font> Clicked On Current Image Date = 22 March 2023
<B><font color = 'blue'> ==> -</font> ID of the Ad = 101513
<B><font color = 'blue'> ==> -</font> Clicked On ShowAnalytics Button.
<B><font color = 'blue'> ==> -</font> LastScene_date AdDetails Page= 22 March 2023
<B><font color = 'blue'> ==> -</font> Post Date in AdDetails Page= 22 March 2023
<B><font color = 'blue'> ==> -</font> Image Date =  22 March 2023    ::    Post Date = 22 March 2023  are same == PASS

<B><font color = 'Blue-Violet'> 9th Ad-</font> 
<B><font color = 'blue'> ==> -</font> Clicked On Current Image Date = 22 March 2023
<B><font color = 'blue'> ==> -</font> ID of the Ad = 101512
<B><font color = 'blue'> ==> -</font> Clicked On ShowAnalytics Button.
<B><font color = 'blue'> ==> -</font> LastScene_date AdDetails Page= 22 March 2023
<B><font color = 'blue'> ==> -</font> Post Date in AdDetails Page= 22 March 2023
<B><font color = 'blue'> ==> -</font> Image Date =  22 March 2023    ::    Post Date = 22 March 2023  are same == PASS

<B><font color = 'Blue-Violet'> 10th Ad-</font> 
<B><font color = 'blue'> ==> -</font> Clicked On Current Image Date = 22 March 2023
<B><font color = 'blue'> ==> -</font> ID of the Ad = 101511
<B><font color = 'blue'> ==> -</font> Clicked On ShowAnalytics Button.
<B><font color = 'blue'> ==> -</font> LastScene_date AdDetails Page= 22 March 2023
<B><font color = 'blue'> ==> -</font> Post Date in AdDetails Page= 22 March 2023
<B><font color = 'blue'> ==> -</font> Image Date =  22 March 2023    ::    Post Date = 22 March 2023  are same == PASS

<B><font color = 'Blue-Violet'> 11th Ad-</font> 
<B><font color = 'blue'> ==> -</font> Clicked On Current Image Date = 22 March 2023
<B><font color = 'blue'> ==> -</font> ID of the Ad = 101510
<B><font color = 'blue'> ==> -</font> Clicked On ShowAnalytics Button.
<B><font color = 'blue'> ==> -</font> LastScene_date AdDetails Page= 22 March 2023
<B><font color = 'blue'> ==> -</font> Post Date in AdDetails Page= 22 March 2023
<B><font color = 'blue'> ==> -</font> Image Date =  22 March 2023    ::    Post Date = 22 March 2023  are same == PASS

<B><font color = 'Blue-Violet'> 12th Ad-</font> 
<B><font color = 'blue'> ==> -</font> Clicked On Current Image Date = 22 March 2023
<B><font color = 'blue'> ==> -</font> ID of the Ad = 101509
<B><font color = 'blue'> ==> -</font> Clicked On ShowAnalytics Button.
<B><font color = 'blue'> ==> -</font> LastScene_date AdDetails Page= 22 March 2023
<B><font color = 'blue'> ==> -</font> Post Date in AdDetails Page= 22 March 2023
<B><font color = 'blue'> ==> -</font> Image Date =  22 March 2023    ::    Post Date = 22 March 2023  are same == PASS

<B><font color = 'Blue-Violet'> 13th Ad-</font> 
<B><font color = 'blue'> ==> -</font> Clicked On Current Image Date = 22 March 2023
<B><font color = 'blue'> ==> -</font> ID of the Ad = 101508
<B><font color = 'blue'> ==> -</font> Clicked On ShowAnalytics Button.
<B><font color = 'blue'> ==> -</font> LastScene_date AdDetails Page= 22 March 2023
<B><font color = 'blue'> ==> -</font> Post Date in AdDetails Page= 22 March 2023
<B><font color = 'blue'> ==> -</font> Image Date =  22 March 2023    ::    Post Date = 22 March 2023  are same == PASS

<B><font color = 'Blue-Violet'> 14th Ad-</font> 
<B><font color = 'blue'> ==> -</font> Clicked On Current Image Date = 22 March 2023
<B><font color = 'blue'> ==> -</font> ID of the Ad = 101507
<B><font color = 'blue'> ==> -</font> Clicked On ShowAnalytics Button.
<B><font color = 'blue'> ==> -</font> LastScene_date AdDetails Page= 22 March 2023
<B><font color = 'blue'> ==> -</font> Post Date in AdDetails Page= 22 March 2023
<B><font color = 'blue'> ==> -</font> Image Date =  22 March 2023    ::    Post Date = 22 March 2023  are same == PASS

<B><font color = 'Blue-Violet'> 15th Ad-</font> 
<B><font color = 'blue'> ==> -</font> Clicked On Current Image Date = 22 March 2023
<B><font color = 'blue'> ==> -</font> ID of the Ad = 101506
<B><font color = 'blue'> ==> -</font> Clicked On ShowAnalytics Button.
<B><font color = 'blue'> ==> -</font> LastScene_date AdDetails Page= 22 March 2023
<B><font color = 'blue'> ==> -</font> Post Date in AdDetails Page= 22 March 2023
<B><font color = 'blue'> ==> -</font> Image Date =  22 March 2023    ::    Post Date = 22 March 2023  are same == PASS

<B><font color = 'green'> Post Date Between : This Month -</font> 
<B><font color = 'orange'> Step 1 -</font> Clicked On Post Date Between DropDown.
<B><font color = 'orange'> Step 2 -</font> Clicked On Post Date Between This Month.
<B><font color = 'orange'> Step 3 -</font> Clicked On Search Bar.
<B><font color = 'orange'> Step 4 -</font> Total_Ads_Count_ThisMonth= 21

<B><font color = 'Blue-Violet'> 1st Ad-</font> 
<B><font color = 'blue'> ==> -</font> Clicked On Current Image Date = 22 March 2023
<B><font color = 'blue'> ==> -</font> ID of the Ad = 101520
<B><font color = 'blue'> ==> -</font> Clicked On ShowAnalytics Button.
<B><font color = 'blue'> ==> -</font> LastScene_date AdDetails Page= 
<B><font color = 'blue'> ==> -</font> Post Date in AdDetails Page= 22 March 2023
<B><font color = 'blue'> ==> -</font> Image Date =  22 March 2023    ::    Post Date = 22 March 2023  are same == PASS

<B><font color = 'Blue-Violet'> 2nd Ad-</font> 
<B><font color = 'blue'> ==> -</font> Clicked On Current Image Date = 22 March 2023
<B><font color = 'blue'> ==> -</font> ID of the Ad = 101519
<B><font color = 'blue'> ==> -</font> Clicked On ShowAnalytics Button.
<B><font color = 'blue'> ==> -</font> LastScene_date AdDetails Page= 
<B><font color = 'blue'> ==> -</font> Post Date in AdDetails Page= 22 March 2023
<B><font color = 'blue'> ==> -</font> Image Date =  22 March 2023    ::    Post Date = 22 March 2023  are same == PASS

<B><font color = 'Blue-Violet'> 3rd Ad-</font> 
<B><font color = 'blue'> ==> -</font> Clicked On Current Image Date = 22 March 2023
<B><font color = 'blue'> ==> -</font> ID of the Ad = 101518
<B><font color = 'blue'> ==> -</font> Clicked On ShowAnalytics Button.
<B><font color = 'blue'> ==> -</font> LastScene_date AdDetails Page= 
<B><font color = 'blue'> ==> -</font> Post Date in AdDetails Page= 22 March 2023
<B><font color = 'blue'> ==> -</font> Image Date =  22 March 2023    ::    Post Date = 22 March 2023  are same == PASS

<B><font color = 'Blue-Violet'> 4th Ad-</font> 
<B><font color = 'blue'> ==> -</font> Clicked On Current Image Date = 22 March 2023
<B><font color = 'blue'> ==> -</font> ID of the Ad = 101517
<B><font color = 'blue'> ==> -</font> Clicked On ShowAnalytics Button.
<B><font color = 'blue'> ==> -</font> LastScene_date AdDetails Page= 
<B><font color = 'blue'> ==> -</font> Post Date in AdDetails Page= 22 March 2023
<B><font color = 'blue'> ==> -</font> Image Date =  22 March 2023    ::    Post Date = 22 March 2023  are same == PASS

<B><font color = 'Blue-Violet'> 5th Ad-</font> 
<B><font color = 'blue'> ==> -</font> Clicked On Current Image Date = 22 March 2023
<B><font color = 'blue'> ==> -</font> ID of the Ad = 101516
<B><font color = 'blue'> ==> -</font> Clicked On ShowAnalytics Button.
<B><font color = 'blue'> ==> -</font> LastScene_date AdDetails Page= 
<B><font color = 'blue'> ==> -</font> Post Date in AdDetails Page= 22 March 2023
<B><font color = 'blue'> ==> -</font> Image Date =  22 March 2023    ::    Post Date = 22 March 2023  are same == PASS

<B><font color = 'Blue-Violet'> 6th Ad-</font> 
<B><font color = 'blue'> ==> -</font> Clicked On Current Image Date = 22 March 2023
<B><font color = 'blue'> ==> -</font> ID of the Ad = 101515
<B><font color = 'blue'> ==> -</font> Clicked On ShowAnalytics Button.
<B><font color = 'blue'> ==> -</font> LastScene_date AdDetails Page= 
<B><font color = 'blue'> ==> -</font> Post Date in AdDetails Page= 22 March 2023
<B><font color = 'blue'> ==> -</font> Image Date =  22 March 2023    ::    Post Date = 22 March 2023  are same == PASS

<B><font color = 'Blue-Violet'> 7th Ad-</font> 
<B><font color = 'blue'> ==> -</font> Clicked On Current Image Date = 22 March 2023
<B><font color = 'blue'> ==> -</font> ID of the Ad = 101514
<B><font color = 'blue'> ==> -</font> Clicked On ShowAnalytics Button.
<B><font color = 'blue'> ==> -</font> LastScene_date AdDetails Page= 
<B><font color = 'blue'> ==> -</font> Post Date in AdDetails Page= 22 March 2023
<B><font color = 'blue'> ==> -</font> Image Date =  22 March 2023    ::    Post Date = 22 March 2023  are same == PASS

<B><font color = 'Blue-Violet'> 8th Ad-</font> 
<B><font color = 'blue'> ==> -</font> Clicked On Current Image Date = 22 March 2023
<B><font color = 'blue'> ==> -</font> ID of the Ad = 101513
<B><font color = 'blue'> ==> -</font> Clicked On ShowAnalytics Button.
<B><font color = 'blue'> ==> -</font> LastScene_date AdDetails Page= 
<B><font color = 'blue'> ==> -</font> Post Date in AdDetails Page= 22 March 2023
<B><font color = 'blue'> ==> -</font> Image Date =  22 March 2023    ::    Post Date = 22 March 2023  are same == PASS

<B><font color = 'Blue-Violet'> 9th Ad-</font> 
<B><font color = 'blue'> ==> -</font> Clicked On Current Image Date = 22 March 2023
<B><font color = 'blue'> ==> -</font> ID of the Ad = 101512
<B><font color = 'blue'> ==> -</font> Clicked On ShowAnalytics Button.
<B><font color = 'blue'> ==> -</font> LastScene_date AdDetails Page= 
<B><font color = 'blue'> ==> -</font> Post Date in AdDetails Page= 22 March 2023
<B><font color = 'blue'> ==> -</font> Image Date =  22 March 2023    ::    Post Date = 22 March 2023  are same == PASS

<B><font color = 'Blue-Violet'> 10th Ad-</font> 
<B><font color = 'blue'> ==> -</font> Clicked On Current Image Date = 22 March 2023
<B><font color = 'blue'> ==> -</font> ID of the Ad = 101511
<B><font color = 'blue'> ==> -</font> Clicked On ShowAnalytics Button.
<B><font color = 'blue'> ==> -</font> LastScene_date AdDetails Page= 
<B><font color = 'blue'> ==> -</font> Post Date in AdDetails Page= 22 March 2023
<B><font color = 'blue'> ==> -</font> Image Date =  22 March 2023    ::    Post Date = 22 March 2023  are same == PASS

<B><font color = 'Blue-Violet'> 11th Ad-</font> 
<B><font color = 'blue'> ==> -</font> Clicked On Current Image Date = 22 March 2023
<B><font color = 'blue'> ==> -</font> ID of the Ad = 101510
<B><font color = 'blue'> ==> -</font> Clicked On ShowAnalytics Button.
<B><font color = 'blue'> ==> -</font> LastScene_date AdDetails Page= 
<B><font color = 'blue'> ==> -</font> Post Date in AdDetails Page= 22 March 2023
<B><font color = 'blue'> ==> -</font> Image Date =  22 March 2023    ::    Post Date = 22 March 2023  are same == PASS

<B><font color = 'Blue-Violet'> 12th Ad-</font> 
<B><font color = 'blue'> ==> -</font> Clicked On Current Image Date = 22 March 2023
<B><font color = 'blue'> ==> -</font> ID of the Ad = 101509
<B><font color = 'blue'> ==> -</font> Clicked On ShowAnalytics Button.
<B><font color = 'blue'> ==> -</font> LastScene_date AdDetails Page= 
<B><font color = 'blue'> ==> -</font> Post Date in AdDetails Page= 22 March 2023
<B><font color = 'blue'> ==> -</font> Image Date =  22 March 2023    ::    Post Date = 22 March 2023  are same == PASS

<B><font color = 'Blue-Violet'> 13th Ad-</font> 
<B><font color = 'blue'> ==> -</font> Clicked On Current Image Date = 22 March 2023
<B><font color = 'blue'> ==> -</font> ID of the Ad = 101508
<B><font color = 'blue'> ==> -</font> Clicked On ShowAnalytics Button.
<B><font color = 'blue'> ==> -</font> LastScene_date AdDetails Page= 
<B><font color = 'blue'> ==> -</font> Post Date in AdDetails Page= 22 March 2023
<B><font color = 'blue'> ==> -</font> Image Date =  22 March 2023    ::    Post Date = 22 March 2023  are same == PASS

<B><font color = 'Blue-Violet'> 14th Ad-</font> 
<B><font color = 'blue'> ==> -</font> Clicked On Current Image Date = 22 March 2023
<B><font color = 'blue'> ==> -</font> ID of the Ad = 101507
<B><font color = 'blue'> ==> -</font> Clicked On ShowAnalytics Button.
<B><font color = 'blue'> ==> -</font> LastScene_date AdDetails Page= 
<B><font color = 'blue'> ==> -</font> Post Date in AdDetails Page= 22 March 2023
<B><font color = 'blue'> ==> -</font> Image Date =  22 March 2023    ::    Post Date = 22 March 2023  are same == PASS

<B><font color = 'Blue-Violet'> 15th Ad-</font> 
<B><font color = 'blue'> ==> -</font> Clicked On Current Image Date = 22 March 2023
<B><font color = 'blue'> ==> -</font> ID of the Ad = 101506
<B><font color = 'blue'> ==> -</font> Clicked On ShowAnalytics Button.
<B><font color = 'blue'> ==> -</font> LastScene_date AdDetails Page= 
<B><font color = 'blue'> ==> -</font> Post Date in AdDetails Page= 22 March 2023
<B><font color = 'blue'> ==> -</font> Image Date =  22 March 2023    ::    Post Date = 22 March 2023  are same == PASS

<B><font color = 'green'> Post Date Between : Last Month -</font> 
<B><font color = 'orange'> Step 1 -</font> Clicked On Post Date Between DropDown.
<B><font color = 'orange'> Step 2 -</font> Clicked On Post Date Between Last Month.
<B><font color = 'orange'> Step 3 -</font> Clicked On Search Bar.
<B><font color = 'orange'> Step 4 -</font> Total_Ads_Count_LastMonth= 114

<B><font color = 'Blue-Violet'> 1st Ad-</font> 
<B><font color = 'blue'> ==> -</font> Clicked On Current Image Date.21 February 2023
<B><font color = 'blue'> ==> -</font> ID of the Ad = 101499
<B><font color = 'blue'> ==> -</font> Clicked On ShowAnalytics Button.
<B><font color = 'blue'> ==> -</font> LastScene_date AdDetails Page= 21 February 2023
<B><font color = 'blue'> ==> -</font> Post Date in AdDetails Page= 21 February 2023
<B><font color = 'blue'> ==> -</font> Image Date =  21 February 2023    ::    Post Date = 21 February 2023  are same == PASS

<B><font color = 'Blue-Violet'> 2nd Ad-</font> 
<B><font color = 'blue'> ==> -</font> Clicked On Current Image Date.21 February 2023
<B><font color = 'blue'> ==> -</font> ID of the Ad = 101498
<B><font color = 'blue'> ==> -</font> Clicked On ShowAnalytics Button.
<B><font color = 'blue'> ==> -</font> LastScene_date AdDetails Page= 21 February 2023
<B><font color = 'blue'> ==> -</font> Post Date in AdDetails Page= 21 February 2023
<B><font color = 'blue'> ==> -</font> Image Date =  21 February 2023    ::    Post Date = 21 February 2023  are same == PASS

<B><font color = 'Blue-Violet'> 3rd Ad-</font> 
<B><font color = 'blue'> ==> -</font> Clicked On Current Image Date.21 February 2023
<B><font color = 'blue'> ==> -</font> ID of the Ad = 101497
<B><font color = 'blue'> ==> -</font> Clicked On ShowAnalytics Button.
<B><font color = 'blue'> ==> -</font> LastScene_date AdDetails Page= 21 February 2023
<B><font color = 'blue'> ==> -</font> Post Date in AdDetails Page= 21 February 2023
<B><font color = 'blue'> ==> -</font> Image Date =  21 February 2023    ::    Post Date = 21 February 2023  are same == PASS

<B><font color = 'Blue-Violet'> 4th Ad-</font> 
<B><font color = 'blue'> ==> -</font> Clicked On Current Image Date.21 February 2023
<B><font color = 'blue'> ==> -</font> ID of the Ad = 101496
<B><font color = 'blue'> ==> -</font> Clicked On ShowAnalytics Button.
<B><font color = 'blue'> ==> -</font> LastScene_date AdDetails Page= 21 February 2023
<B><font color = 'blue'> ==> -</font> Post Date in AdDetails Page= 21 February 2023
<B><font color = 'blue'> ==> -</font> Image Date =  21 February 2023    ::    Post Date = 21 February 2023  are same == PASS

<B><font color = 'Blue-Violet'> 5th Ad-</font> 
<B><font color = 'blue'> ==> -</font> Clicked On Current Image Date.21 February 2023
<B><font color = 'blue'> ==> -</font> ID of the Ad = 101495
<B><font color = 'blue'> ==> -</font> Clicked On ShowAnalytics Button.
<B><font color = 'blue'> ==> -</font> LastScene_date AdDetails Page= 21 February 2023
<B><font color = 'blue'> ==> -</font> Post Date in AdDetails Page= 21 February 2023
<B><font color = 'blue'> ==> -</font> Image Date =  21 February 2023    ::    Post Date = 21 February 2023  are same == PASS

<B><font color = 'Blue-Violet'> 6th Ad-</font> 
<B><font color = 'blue'> ==> -</font> Clicked On Current Image Date.20 February 2023
<B><font color = 'blue'> ==> -</font> ID of the Ad = 101494
<B><font color = 'blue'> ==> -</font> Clicked On ShowAnalytics Button.
<B><font color = 'blue'> ==> -</font> LastScene_date AdDetails Page= 20 February 2023
<B><font color = 'blue'> ==> -</font> Post Date in AdDetails Page= 20 February 2023
<B><font color = 'blue'> ==> -</font> Image Date =  20 February 2023    ::    Post Date = 20 February 2023  are same == PASS

<B><font color = 'Blue-Violet'> 7th Ad-</font> 
<B><font color = 'blue'> ==> -</font> Clicked On Current Image Date.20 February 2023
<B><font color = 'blue'> ==> -</font> ID of the Ad = 101493
<B><font color = 'blue'> ==> -</font> Clicked On ShowAnalytics Button.
<B><font color = 'blue'> ==> -</font> LastScene_date AdDetails Page= 20 February 2023
<B><font color = 'blue'> ==> -</font> Post Date in AdDetails Page= 20 February 2023
<B><font color = 'blue'> ==> -</font> Image Date =  20 February 2023    ::    Post Date = 20 February 2023  are same == PASS

<B><font color = 'Blue-Violet'> 8th Ad-</font> 
<B><font color = 'blue'> ==> -</font> Clicked On Current Image Date.20 February 2023
<B><font color = 'blue'> ==> -</font> ID of the Ad = 101492
<B><font color = 'blue'> ==> -</font> Clicked On ShowAnalytics Button.
<B><font color = 'blue'> ==> -</font> LastScene_date AdDetails Page= 20 February 2023
<B><font color = 'blue'> ==> -</font> Post Date in AdDetails Page= 20 February 2023
<B><font color = 'blue'> ==> -</font> Image Date =  20 February 2023    ::    Post Date = 20 February 2023  are same == PASS

<B><font color = 'Blue-Violet'> 9th Ad-</font> 
<B><font color = 'blue'> ==> -</font> Clicked On Current Image Date.20 February 2023
<B><font color = 'blue'> ==> -</font> ID of the Ad = 101491
<B><font color = 'blue'> ==> -</font> Clicked On ShowAnalytics Button.
<B><font color = 'blue'> ==> -</font> LastScene_date AdDetails Page= 20 February 2023
<B><font color = 'blue'> ==> -</font> Post Date in AdDetails Page= 20 February 2023
<B><font color = 'blue'> ==> -</font> Image Date =  20 February 2023    ::    Post Date = 20 February 2023  are same == PASS

<B><font color = 'Blue-Violet'> 10th Ad-</font> 
<B><font color = 'blue'> ==> -</font> Clicked On Current Image Date.20 February 2023
<B><font color = 'blue'> ==> -</font> ID of the Ad = 101490
<B><font color = 'blue'> ==> -</font> Clicked On ShowAnalytics Button.
<B><font color = 'blue'> ==> -</font> LastScene_date AdDetails Page= 20 February 2023
<B><font color = 'blue'> ==> -</font> Post Date in AdDetails Page= 20 February 2023
<B><font color = 'blue'> ==> -</font> Image Date =  20 February 2023    ::    Post Date = 20 February 2023  are same == PASS

<B><font color = 'Blue-Violet'> 11th Ad-</font> 
<B><font color = 'blue'> ==> -</font> Clicked On Current Image Date.20 February 2023
<B><font color = 'blue'> ==> -</font> ID of the Ad = 101489
<B><font color = 'blue'> ==> -</font> Clicked On ShowAnalytics Button.
<B><font color = 'blue'> ==> -</font> LastScene_date AdDetails Page= 20 February 2023
<B><font color = 'blue'> ==> -</font> Post Date in AdDetails Page= 20 February 2023
<B><font color = 'blue'> ==> -</font> Image Date =  20 February 2023    ::    Post Date = 20 February 2023  are same == PASS

<B><font color = 'Blue-Violet'> 12th Ad-</font> 
<B><font color = 'blue'> ==> -</font> Clicked On Current Image Date.20 February 2023
<B><font color = 'blue'> ==> -</font> ID of the Ad = 101488
<B><font color = 'blue'> ==> -</font> Clicked On ShowAnalytics Button.
<B><font color = 'blue'> ==> -</font> LastScene_date AdDetails Page= 20 February 2023
<B><font color = 'blue'> ==> -</font> Post Date in AdDetails Page= 20 February 2023
<B><font color = 'blue'> ==> -</font> Image Date =  20 February 2023    ::    Post Date = 20 February 2023  are same == PASS

<B><font color = 'Blue-Violet'> 13th Ad-</font> 
<B><font color = 'blue'> ==> -</font> Clicked On Current Image Date.20 February 2023
<B><font color = 'blue'> ==> -</font> ID of the Ad = 101487
<B><font color = 'blue'> ==> -</font> Clicked On ShowAnalytics Button.
<B><font color = 'blue'> ==> -</font> LastScene_date AdDetails Page= 20 February 2023
<B><font color = 'blue'> ==> -</font> Post Date in AdDetails Page= 20 February 2023
<B><font color = 'blue'> ==> -</font> Image Date =  20 February 2023    ::    Post Date = 20 February 2023  are same == PASS

<B><font color = 'Blue-Violet'> 14th Ad-</font> 
<B><font color = 'blue'> ==> -</font> Clicked On Current Image Date.20 February 2023
<B><font color = 'blue'> ==> -</font> ID of the Ad = 101486
<B><font color = 'blue'> ==> -</font> Clicked On ShowAnalytics Button.
<B><font color = 'blue'> ==> -</font> LastScene_date AdDetails Page= 20 February 2023
<B><font color = 'blue'> ==> -</font> Post Date in AdDetails Page= 20 February 2023
<B><font color = 'blue'> ==> -</font> Image Date =  20 February 2023    ::    Post Date = 20 February 2023  are same == PASS

<B><font color = 'Blue-Violet'> 15th Ad-</font> 
<B><font color = 'blue'> ==> -</font> Clicked On Current Image Date.20 February 2023
<B><font color = 'blue'> ==> -</font> ID of the Ad = 101485
<B><font color = 'blue'> ==> -</font> Clicked On ShowAnalytics Button.
<B><font color = 'blue'> ==> -</font> LastScene_date AdDetails Page= 20 February 2023
<B><font color = 'blue'> ==> -</font> Post Date in AdDetails Page= 20 February 2023
<B><font color = 'blue'> ==> -</font> Image Date =  20 February 2023    ::    Post Date = 20 February 2023  are same == PASS]]>
  </system-out>
</testsuite> <!-- com.power.testcases.Verify_Pinterest_Dasboard_PostDateBetween -->
