<?xml version="1.0" encoding="UTF-8"?>
<!-- Generated by org.testng.reporters.JUnitReportReporter -->
<testsuite hostname="GLB-459-PC" failures="0" tests="1" name="com.power.testcases.Verify_FaceBook_landerProperties_MarketingPlatform_TestScript" time="409.929" errors="0" timestamp="2023-03-29T17:35:30 IST" skipped="0">
  <testcase classname="com.power.testcases.Verify_FaceBook_landerProperties_MarketingPlatform_TestScript" name="Verify_FaceBook_landerPropertiesMarketingPlatform_TestScript" time="409.929"/>
  <system-out>
    <![CDATA[<B><font color = 'orange'> Step1 -</font> Logged into PowerAdSpy Application
<B><font color = 'orange'> Step2 -</font> I am on the page :PowerAdSpy | Facebook Dashboard
<B><font color = 'orange'> Step3 -</font> Power Ad Spy Logo is Displayed
<B><font color = 'orange'> Step4 -</font> Clicked On FaceBook Icon
       
<B><font color = 'purple'>  - ShortBy Newest Step will Start from here </font>  
<B><font color = 'orange'> Step1 -</font> Clicked On sortBy Icon
<B><font color = 'orange'> Step2 -</font> Clicked On SortBy Newest Icon
<B><font color = 'orange'> Step3 -</font> Clicked On search Button Icon
<B><font color = 'orange'> Step4 -</font> Clicked On Lander Properties Button Icon
<B><font color = 'orange'> Step5 -</font> Clicked On Marketing Platform click
 
<B><font color = 'Green'>-Ecommerce Platform</font>
       :-null
<B><font color = 'orange'> Step1 -</font> Selected  On Marketing Platform Google Marketing Platform
<B><font color = 'orange'> Step2 -</font> Clicked On search Button Icon
<B><font color = 'orange'> Step3 -</font> Total_Ads_Count_newest= 89
 
<B><font color ='red'> 1 Ad -</font>  
<B><font color = 'blue'> ==> -</font> ID of the Ad = 21561
<B><font color = 'blue'> ==> -</font> Clicked On ShowAnalytics Icon
 
<B><font color = 'blue'> ==> -</font>Basic info: URL: https://ad.doubleclick.net/ddm/socialclk?ds_aid=700000001769749&ds_e_ca_id=23852112895690316&ds_e_ag_id=23852113095540316&ds_e_ad_id=23852113095610316&ds_e_ca_name=Q1_2023_Google%20Ads_APAC_IN_Facebook_Desktop-Feed_DR_Auction_Traffic_OliveIO103312-E-Testimonial&ds_e_ag_name=Q1_2023_Google%20Ads_APAC_IN_Facebook_Desktop-Feed_PageAdminMark-E_DR_Auction_Traffic_Desktop_na&ds_e_ad_name=Adwords%20-%20A01_DR_ESS01_APAC_IN_Facebook_Desk_None_None_Track_1x1_Q1%202023_NonRMKT_P_Facebook_Static_feed_ExposedSet4_en_N/A_Auction_Traffic_Vale-E-CreativeTest_XnX_PageAdminMark%20(OPID-3402494)&ds_sig=AEeQKsuBLp3D6A&ds_dest_url=https://ads.google.com/intl/en_in/getstarted/?subid=in-en-adon-awa-dis-c-ffa!o3~[*GCLID*]
<B><font color = 'green'> ===> -</font> Assert pass: doubleclick==doubleclick
 
<B><font color = 'blue'> ==> -</font>Redirects: URL: null
 
<B><font color = 'blue'> ==> -</font>Outgoing links: Source URL: null
 
<B><font color = 'blue'> ==> -</font>Outgoing links: Redirect URL: null
 
<B><font color = 'blue'> ==> -</font>Outgoing links: Final URL:null
 
<B><font color = 'blue'> ==> -</font>Fb post link: URL : null
 
<B><font color ='red'> 2 Ad -</font>  
<B><font color = 'blue'> ==> -</font> ID of the Ad = 21473
<B><font color = 'blue'> ==> -</font> Clicked On ShowAnalytics Icon
 
<B><font color = 'blue'> ==> -</font>Basic info: URL: https://ad.doubleclick.net/ddm/trackclk/N1087876.4503161FACEBOOKIN/B27804414.357896227;dc_trk_aid=548758744;dc_trk_cid=185579840;dc_lat=;dc_rdid=;tag_for_child_directed_treatment=;tfua=;ltd=?fbclid=IwAR3XV2FX6wv3OXZNea1AZD0rUTjWaL4HM6mq53Y47Z8hiO06ZtOu0lJYp_I
<B><font color = 'green'> ===> -</font> Assert pass: doubleclick==doubleclick
 
<B><font color = 'blue'> ==> -</font>Redirects: URL: https://ad.doubleclick.net/ddm/trackclk/N1087876.4503161FACEBOOKIN/B27804414.357896227;dc_trk_aid=548758744;dc_trk_cid=185579840;dc_lat=;dc_rdid=;tag_for_child_directed_treatment=;tfua=;ltd=?fbclid=IwAR3XV2FX6wv3OXZNea1AZD0rUTjWaL4HM6mq53Y47Z8hiO06ZtOu0lJYp_I
<B><font color = 'green'> ===> -</font> Assert pass: doubleclick==doubleclick
 
<B><font color = 'blue'> ==> -</font>Redirects: URL: https://ad.doubleclick.net/ddm/trackclk/N1087876.4503161FACEBOOKIN/B27804414.357896227;dc_trk_aid=548758744;dc_trk_cid=185579840;dc_lat=;dc_rdid=;tag_for_child_directed_treatment=;tfua=;ltd=?fbclid=IwAR3XV2FX6wv3OXZNea1AZD0rUTjWaL4HM6mq53Y47Z8hiO06ZtOu0lJYp_I
<B><font color = 'green'> ===> -</font> Assert pass: doubleclick==doubleclick
 
<B><font color = 'blue'> ==> -</font>Outgoing links: Source URL: null
 
<B><font color = 'blue'> ==> -</font>Outgoing links: Redirect URL: https://ad.doubleclick.net/ddm/trackclk/N1087876.4503161FACEBOOKIN/B27804414.357896227;dc_trk_aid=548758744;dc_trk_cid=185579840;dc_lat=;dc_rdid=;tag_for_child_directed_treatment=;tfua=;ltd=?fbclid=IwAR3XV2FX6wv3OXZNea1AZD0rUTjWaL4HM6mq53Y47Z8hiO06ZtOu0lJYp_I
<B><font color = 'green'> ===> -</font> Assert pass: doubleclick==doubleclick
 
<B><font color = 'blue'> ==> -</font>Outgoing links: Final URL:null
 
<B><font color ='red'> 3 Ad -</font>  
<B><font color = 'blue'> ==> -</font> ID of the Ad = 21467
<B><font color = 'blue'> ==> -</font> Clicked On ShowAnalytics Icon
 
<B><font color = 'blue'> ==> -</font>Basic info: URL: https://ad.doubleclick.net/ddm/trackclk/N1087876.4503161FACEBOOKIN/B27804414.357896227;dc_trk_aid=548658795;dc_trk_cid=185403739;dc_lat=;dc_rdid=;tag_for_child_directed_treatment=;tfua=;ltd=?fbclid=IwAR1kFV2GgcUMT6jztXpde7Cu5Iwr89IMeVNvX_6kb_wM5qT0lQ9Ika-0RTo
<B><font color = 'green'> ===> -</font> Assert pass: doubleclick==doubleclick
 
<B><font color = 'blue'> ==> -</font>Redirects: URL: null
 
<B><font color = 'blue'> ==> -</font>Outgoing links: Source URL: null
 
<B><font color = 'blue'> ==> -</font>Outgoing links: Redirect URL: null
 
<B><font color = 'blue'> ==> -</font>Outgoing links: Final URL:null
 
<B><font color ='red'> 4 Ad -</font>  
<B><font color = 'blue'> ==> -</font> ID of the Ad = 21453
<B><font color = 'blue'> ==> -</font> Clicked On ShowAnalytics Icon
 
<B><font color = 'blue'> ==> -</font>Basic info: URL: https://ad.doubleclick.net/ddm/trackclk/N1087876.4503161FACEBOOKIN/B27804414.357896227;dc_trk_aid=548658795;dc_trk_cid=185403739;dc_lat=;dc_rdid=;tag_for_child_directed_treatment=;tfua=;ltd=
<B><font color = 'green'> ===> -</font> Assert pass: doubleclick==doubleclick
 
<B><font color = 'blue'> ==> -</font>Redirects: URL: null
 
<B><font color = 'blue'> ==> -</font>Outgoing links: Source URL: null
 
<B><font color = 'blue'> ==> -</font>Outgoing links: Redirect URL: null
 
<B><font color = 'blue'> ==> -</font>Outgoing links: Final URL:null
 
<B><font color = 'blue'> ==> -</font>Fb post link: URL : null
 
<B><font color ='red'> 5 Ad -</font>  
<B><font color = 'blue'> ==> -</font> ID of the Ad = 21429
<B><font color = 'blue'> ==> -</font> Clicked On ShowAnalytics Icon
 
<B><font color = 'blue'> ==> -</font>Basic info: URL: https://ad.doubleclick.net/ddm/socialclk?ds_aid=700000001769749&ds_e_ca_id=23852112895690316&ds_e_ag_id=23852113095540316&ds_e_ad_id=23852113095600316&ds_e_ca_name=Q1_2023_Google%20Ads_APAC_IN_Facebook_Desktop-Feed_DR_Auction_Traffic_OliveIO103312-E-Testimonial&ds_e_ag_name=Q1_2023_Google%20Ads_APAC_IN_Facebook_Desktop-Feed_PageAdminMark-E_DR_Auction_Traffic_Desktop_na&ds_e_ad_name=Adwords%20-%20A01_DR_ESS01_APAC_IN_Facebook_Desk_None_None_Track_1x1_Q1%202023_NonRMKT_P_Facebook_Static_feed_ExposedSet2_en_N/A_Auction_Traffic_Vale-E-CreativeTest_XnX_PageAdminMark%20(OPID-3402478)&ds_sig=zpKMG7IRQde0Bw&ds_dest_url=https://ads.google.com/intl/en_in/getstarted/?subid=in-en-adon-awa-dis-c-ffa!o3~[*GCLID*]
<B><font color = 'green'> ===> -</font> Assert pass: doubleclick==doubleclick
 
<B><font color = 'blue'> ==> -</font>Redirects: URL: null
 
<B><font color = 'blue'> ==> -</font>Outgoing links: Source URL: null
 
<B><font color = 'blue'> ==> -</font>Outgoing links: Redirect URL: null
 
<B><font color = 'blue'> ==> -</font>Outgoing links: Final URL:null
 
<B><font color = 'blue'> ==> -</font>Fb post link: URL : null
 
<B><font color ='red'> 6 Ad -</font>  
<B><font color = 'blue'> ==> -</font> ID of the Ad = 21428
<B><font color = 'blue'> ==> -</font> Clicked On ShowAnalytics Icon
 
<B><font color = 'blue'> ==> -</font>Basic info: URL: https://ad.doubleclick.net/ddm/trackclk/N1087876.4503161FACEBOOKIN/B27804414.357896227;dc_trk_aid=548758744;dc_trk_cid=185579840;dc_lat=;dc_rdid=;tag_for_child_directed_treatment=;tfua=;ltd=
<B><font color = 'green'> ===> -</font> Assert pass: doubleclick==doubleclick
 
<B><font color = 'blue'> ==> -</font>Redirects: URL: null
 
<B><font color = 'blue'> ==> -</font>Outgoing links: Source URL: null
 
<B><font color = 'blue'> ==> -</font>Outgoing links: Redirect URL: null
 
<B><font color = 'blue'> ==> -</font>Outgoing links: Final URL:null
 
<B><font color = 'blue'> ==> -</font>Fb post link: URL : null
 
<B><font color ='red'> 7 Ad -</font>  
<B><font color = 'blue'> ==> -</font> ID of the Ad = 21425
<B><font color = 'blue'> ==> -</font> Clicked On ShowAnalytics Icon
 
<B><font color = 'blue'> ==> -</font>Basic info: URL: https://ad.doubleclick.net/ddm/trackclk/N727992.158605FACEBOOK/B28833000.359498981;dc_trk_aid=550866900;dc_trk_cid=180556507;dc_lat=;dc_rdid=;tag_for_child_directed_treatment=;tfua=;ltd=
<B><font color = 'green'> ===> -</font> Assert pass: doubleclick==doubleclick
 
<B><font color = 'blue'> ==> -</font>Redirects: URL: null
 
<B><font color = 'blue'> ==> -</font>Outgoing links: Source URL: null
 
<B><font color = 'blue'> ==> -</font>Outgoing links: Redirect URL: null
 
<B><font color = 'blue'> ==> -</font>Outgoing links: Final URL:null
 
<B><font color = 'blue'> ==> -</font>Fb post link: URL : null
 
<B><font color ='red'> 8 Ad -</font>  
<B><font color = 'blue'> ==> -</font> ID of the Ad = 21419
<B><font color = 'blue'> ==> -</font> Clicked On ShowAnalytics Icon
 
<B><font color = 'blue'> ==> -</font>Basic info: URL: https://www.spectrum.com/cp/spectrum-one?v=DISDV&p1=844-477-7268&cmp=ban_facebook_12_359655771_181024020&dclid=CJCawcbyr_0CFeeDywEdW-0DCQ
 
<B><font color = 'blue'> ==> -</font>Redirects: URL: null
 
<B><font color = 'blue'> ==> -</font>Outgoing links: Source URL: null
 
<B><font color = 'blue'> ==> -</font>Outgoing links: Redirect URL: null
 
<B><font color = 'blue'> ==> -</font>Outgoing links: Final URL:null
 
<B><font color = 'blue'> ==> -</font>Fb post link: URL : null
 
<B><font color ='red'> 9 Ad -</font>  
<B><font color = 'blue'> ==> -</font> ID of the Ad = 21416
<B><font color = 'blue'> ==> -</font> Clicked On ShowAnalytics Icon
 
<B><font color = 'blue'> ==> -</font>Basic info: URL: https://www.spectrum.com/cp/spectrum-one?v=DISDV&p1=844-477-7268&cmp=ban_facebook_12_359655759_181024020&dclid=CMjCo9bUsf0CFZPwGAIdMwUHUQ
 
<B><font color = 'blue'> ==> -</font>Redirects: URL: null
 
<B><font color = 'blue'> ==> -</font>Outgoing links: Source URL: null
 
<B><font color = 'blue'> ==> -</font>Outgoing links: Redirect URL: null
 
<B><font color = 'blue'> ==> -</font>Outgoing links: Final URL:null
 
<B><font color = 'blue'> ==> -</font>Fb post link: URL : null
 
<B><font color ='red'> 10 Ad -</font>  
<B><font color = 'blue'> ==> -</font> ID of the Ad = 21407
<B><font color = 'blue'> ==> -</font> Clicked On ShowAnalytics Icon
 
<B><font color = 'blue'> ==> -</font>Basic info: URL: https://ad.doubleclick.net/ddm/trackclk/N727992.158605FACEBOOK/B28840970.361879808;dc_trk_aid=550528507;dc_trk_cid=181024020;dc_lat=;dc_rdid=;tag_for_child_directed_treatment=;tfua=;ltd=
<B><font color = 'green'> ===> -</font> Assert pass: doubleclick==doubleclick
 
<B><font color = 'blue'> ==> -</font>Redirects: URL: null
 
<B><font color = 'blue'> ==> -</font>Outgoing links: Source URL: null
 
<B><font color = 'blue'> ==> -</font>Outgoing links: Redirect URL: null
 
<B><font color = 'blue'> ==> -</font>Outgoing links: Final URL:null
 
<B><font color = 'blue'> ==> -</font>Fb post link: URL : null
 
<B><font color ='red'> 11 Ad -</font>  
<B><font color = 'blue'> ==> -</font> ID of the Ad = 21406
<B><font color = 'blue'> ==> -</font> Clicked On ShowAnalytics Icon
 
<B><font color = 'blue'> ==> -</font>Basic info: URL: https://ad.doubleclick.net/ddm/trackclk/N727992.158605FACEBOOK/B28857777.350718114;dc_trk_aid=541988101;dc_trk_cid=181008614;dc_lat=;dc_rdid=;tag_for_child_directed_treatment=;tfua=;ltd=
<B><font color = 'green'> ===> -</font> Assert pass: doubleclick==doubleclick
 
<B><font color = 'blue'> ==> -</font>Redirects: URL: null
 
<B><font color = 'blue'> ==> -</font>Outgoing links: Source URL: null
 
<B><font color = 'blue'> ==> -</font>Outgoing links: Redirect URL: null
 
<B><font color = 'blue'> ==> -</font>Outgoing links: Final URL:null
 
<B><font color = 'blue'> ==> -</font>Fb post link: URL : null
 
<B><font color ='red'> 12 Ad -</font>  
<B><font color = 'blue'> ==> -</font> ID of the Ad = 21352
<B><font color = 'blue'> ==> -</font> Clicked On ShowAnalytics Icon
 
<B><font color = 'blue'> ==> -</font>Basic info: URL: https://ad.doubleclick.net/ddm/trackclk/N1023886.4012167FACEBOOK-CONVERS/B29583911.362087743;dc_trk_aid=552900990;dc_trk_cid=188289619;dc_lat=;dc_rdid=;tag_for_child_directed_treatment=;tfua=;ltd=
<B><font color = 'green'> ===> -</font> Assert pass: doubleclick==doubleclick
 
<B><font color = 'blue'> ==> -</font>Redirects: URL: null
 
<B><font color = 'blue'> ==> -</font>Outgoing links: Source URL: null
 
<B><font color = 'blue'> ==> -</font>Outgoing links: Redirect URL: null
 
<B><font color = 'blue'> ==> -</font>Outgoing links: Final URL:null
 
<B><font color = 'blue'> ==> -</font>Fb post link: URL : null
 
<B><font color ='red'> 13 Ad -</font>  
<B><font color = 'blue'> ==> -</font> ID of the Ad = 21341
<B><font color = 'blue'> ==> -</font> Clicked On ShowAnalytics Icon
 
<B><font color = 'blue'> ==> -</font>Basic info: URL: https://ad.doubleclick.net/ddm/trackclk/N832161.3208241FACEBOOKF1/B29402057.359487908;dc_trk_aid=550623390;dc_trk_cid=186672817;dc_lat=;dc_rdid=;tag_for_child_directed_treatment=;tfua=;ltd=
<B><font color = 'green'> ===> -</font> Assert pass: doubleclick==doubleclick
 
<B><font color = 'blue'> ==> -</font>Redirects: URL: null
 
<B><font color = 'blue'> ==> -</font>Outgoing links: Source URL: null
 
<B><font color = 'blue'> ==> -</font>Outgoing links: Redirect URL: null
 
<B><font color = 'blue'> ==> -</font>Outgoing links: Final URL:null
 
<B><font color = 'blue'> ==> -</font>Fb post link: URL : null
 
<B><font color ='red'> 14 Ad -</font>  
<B><font color = 'blue'> ==> -</font> ID of the Ad = 21328
<B><font color = 'blue'> ==> -</font> Clicked On ShowAnalytics Icon
 
<B><font color = 'blue'> ==> -</font>Basic info: URL: https://ad.doubleclick.net/ddm/trackclk/N485401.3122870FACEBOOKUSA/B29413057.361917375;dc_trk_aid=552540941;dc_trk_cid=188034787;dc_lat=;dc_rdid=;tag_for_child_directed_treatment=;tfua=;ltd=
<B><font color = 'green'> ===> -</font> Assert pass: doubleclick==doubleclick
 
<B><font color = 'blue'> ==> -</font>Redirects: URL: null
 
<B><font color = 'blue'> ==> -</font>Outgoing links: Source URL: null
 
<B><font color = 'blue'> ==> -</font>Outgoing links: Redirect URL: null
 
<B><font color = 'blue'> ==> -</font>Outgoing links: Final URL:null
 
<B><font color = 'blue'> ==> -</font>Fb post link: URL : null
 
<B><font color ='red'> 15 Ad -</font>  
<B><font color = 'blue'> ==> -</font> ID of the Ad = 21327
<B><font color = 'blue'> ==> -</font> Clicked On ShowAnalytics Icon
 
<B><font color = 'blue'> ==> -</font>Basic info: URL: https://ad.doubleclick.net/ddm/trackclk/N832161.3208241FACEBOOKF1/B29402057.359708275;dc_trk_aid=550740613;dc_trk_cid=186831980;dc_lat=;dc_rdid=;tag_for_child_directed_treatment=;tfua=;ltd=
<B><font color = 'green'> ===> -</font> Assert pass: doubleclick==doubleclick
 
<B><font color = 'blue'> ==> -</font>Redirects: URL: null
 
<B><font color = 'blue'> ==> -</font>Outgoing links: Source URL: null
 
<B><font color = 'blue'> ==> -</font>Outgoing links: Redirect URL: null
 
<B><font color = 'blue'> ==> -</font>Outgoing links: Final URL:null
 
<B><font color = 'blue'> ==> -</font>Fb post link: URL : null
 ]]>
  </system-out>
</testsuite> <!-- com.power.testcases.Verify_FaceBook_landerProperties_MarketingPlatform_TestScript -->
