<?xml version="1.0" encoding="UTF-8"?>
<!-- Generated by org.testng.reporters.JUnitReportReporter -->
<testsuite hostname="GLB-459-PC" failures="0" tests="1" name="com.power.testcases.Verify_Youtube_Dasboard_SortBy" time="859.071" errors="0" timestamp="2023-03-29T17:35:30 IST" skipped="0">
  <testcase classname="com.power.testcases.Verify_Youtube_Dasboard_SortBy" name="verify_sortBy" time="859.071"/>
  <system-out>
    <![CDATA[<B><font color = 'Burgundy'> Step1 -</font> Logged into PowerAdSpy Application
<B><font color = 'Burgundy'> Step2 -</font> I am on the page :PowerAdSpy | Facebook Dashboard
<B><font color = 'Burgundy'> Step3 -</font> Power Ad Spy Logo is Displayed
<B><font color = 'Burgundy'> Step4 -</font> Clicked On Youtube Icon
<B><font color = 'purple'> Step5 -</font> I am on the page :PowerAdSpy | Youtube Dashboard

<B><font color = 'green'> Newest field -</font> 
<B><font color = 'orange'> Step 1 -</font> Clicked On clear search.
<B><font color = 'orange'> Step 2 -</font> Clicked On sortBy.
<B><font color = 'orange'> Step 3 -</font> Clicked On Newest button.
<B><font color = 'orange'> Step 4 -</font> Clicked On Search Bar.
<B><font color = 'orange'> Step 5 -</font> Total_Ads_Count_newest= 18010

<B><font color = 'Blue-Violet'> 1st Ad -</font> 
<B><font color = 'blue'> ==> -</font> CurrentDatenewest Image in Youtube DashBoard= 28 March 2023
<B><font color = 'blue'> ==> -</font> ID of the 1st Ad = 53674
<B><font color = 'blue'> ==> -</font> Clicked on showAnalytics Button
<B><font color = 'blue'> ==> -</font> LastScene_date AdDetails Page= 28 March 2023
<B><font color = 'blue'> ==> -</font> Image Date =  28 March 2023    ::    Last Seeen Date = 28 March 2023  are same == PASS

<B><font color = 'Blue-Violet'> 2st Ad -</font> 
<B><font color = 'blue'> ==> -</font> CurrentDatenewest Image in Youtube DashBoard= 28 March 2023
<B><font color = 'blue'> ==> -</font> ID of the 2nd Ad = 53673
<B><font color = 'blue'> ==> -</font> Clicked on showAnalytics Button
<B><font color = 'blue'> ==> -</font> LastScene_date AdDetails Page= 28 March 2023
<B><font color = 'blue'> ==> -</font> Image Date =  28 March 2023    ::    Last Seeen Date = 28 March 2023  are same == PASS

<B><font color = 'Blue-Violet'> 3th Ad -</font> 
<B><font color = 'blue'> ==> -</font> CurrentDatenewest Image in Youtube DashBoard= 28 March 2023
<B><font color = 'blue'> ==> -</font> ID of the 1st Ad = 53672
<B><font color = 'blue'> ==> -</font> Clicked on showAnalytics Button
<B><font color = 'blue'> ==> -</font> LastScene_date AdDetails Page= 28 March 2023
<B><font color = 'blue'> ==> -</font> Image Date =  28 March 2023    ::    Last Seeen Date = 28 March 2023  are same == PASS

<B><font color = 'Blue-Violet'> 4th Ad -</font> 
<B><font color = 'blue'> ==> -</font> CurrentDatenewest Image in Youtube DashBoard= 27 March 2023
<B><font color = 'blue'> ==> -</font> ID of the 4th Ad = 53671
<B><font color = 'red'> ==> -</font> Clicked on showAnalytics Button
<B><font color = 'blue'> ==> -</font> LastScene_date AdDetails Page= 27 March 2023
<B><font color = 'blue'> ==> -</font> Image Date =  27 March 2023    ::    Last Seeen Date = 27 March 2023  are same == PASS

<B><font color = 'Blue-Violet'> 5th Ad -</font> 
<B><font color = 'blue'> ==> -</font> CurrentDatenewest Image in Youtube DashBoard= 27 March 2023
<B><font color = 'blue'> ==> -</font> ID of the 5th Ad = 53670
<B><font color = 'blue'> ==> -</font> Clicked on showAnalytics Button
<B><font color = 'blue'> ==> -</font> LastScene_date AdDetails Page= 27 March 2023
<B><font color = 'blue'> ==> -</font> Image Date =  27 March 2023    ::    Last Seeen Date = 27 March 2023  are same == PASS

<B><font color = 'Blue-Violet'> 6th Ad -</font> 
<B><font color = 'blue'> ==> -</font> CurrentDatenewest Image in Youtube DashBoard= 27 March 2023
<B><font color = 'blue'> ==> -</font> ID of the 6th Ad = 53668
<B><font color = 'blue'> ==> -</font> Clicked on showAnalytics Button
<B><font color = 'blue'> ==> -</font> LastScene_date AdDetails Page= 27 March 2023
<B><font color = 'blue'> ==> -</font> Image Date =  27 March 2023    ::    Last Seeen Date = 27 March 2023  are same == PASS

<B><font color = 'Blue-Violet'> 7th Ad -</font> 
<B><font color = 'blue'> ==> -</font> CurrentDatenewest Image in Youtube DashBoard= 27 March 2023
<B><font color = 'blue'> ==> -</font> ID of the 7th Ad = 53667
<B><font color = 'blue'> ==> -</font> Clicked on showAnalytics Button
<B><font color = 'blue'> ==> -</font> LastScene_date AdDetails Page= 27 March 2023
<B><font color = 'blue'> ==> -</font> Image Date =  27 March 2023    ::    Last Seeen Date = 27 March 2023  are same == PASS

<B><font color = 'Blue-Violet'> 8th Ad -</font> 
<B><font color = 'blue'> ==> -</font> CurrentDatenewest Image in Youtube DashBoard= 27 March 2023
<B><font color = 'blue'> ==> -</font> ID of the 8th Ad = 53666
<B><font color = 'blue'> ==> -</font> Clicked on showAnalytics Button
<B><font color = 'blue'> ==> -</font> LastScene_date AdDetails Page= 27 March 2023
<B><font color = 'blue'> ==> -</font> Image Date =  27 March 2023    ::    Last Seeen Date = 27 March 2023  are same == PASS

<B><font color = 'Blue-Violet'> 9th Ad -</font> 
<B><font color = 'blue'> ==> -</font> CurrentDatenewest Image in Youtube DashBoard= 27 March 2023
<B><font color = 'blue'> ==> -</font> ID of the 9th Ad = 53665
<B><font color = 'blue'> ==> -</font> Clicked on showAnalytics Button
<B><font color = 'blue'> ==> -</font> LastScene_date AdDetails Page= 27 March 2023
<B><font color = 'blue'> ==> -</font> Image Date =  27 March 2023    ::    Last Seeen Date = 27 March 2023  are same == PASS

<B><font color = 'Blue-Violet'> 10th Ad -</font> 
<B><font color = 'blue'> ==> -</font> CurrentDatenewest Image in Youtube DashBoard= 27 March 2023
<B><font color = 'blue'> ==> -</font> ID of the 10th Ad = 53664
<B><font color = 'blue'> ==> -</font> Clicked on showAnalytics Button
<B><font color = 'blue'> ==> -</font> LastScene_date AdDetails Page= 27 March 2023
<B><font color = 'blue'> ==> -</font> Image Date =  27 March 2023    ::    Last Seeen Date = 27 March 2023  are same == PASS

<B><font color = 'Blue-Violet'> 11th Ad -</font> 
<B><font color = 'blue'> ==> -</font> CurrentDatenewest Image in Youtube DashBoard= 27 March 2023
<B><font color = 'blue'> ==> -</font> ID of the 11th Ad = 53663
<B><font color = 'blue'> ==> -</font> Clicked on showAnalytics Button
<B><font color = 'blue'> ==> -</font> LastScene_date AdDetails Page= 27 March 2023
<B><font color = 'blue'> ==> -</font> Image Date =  27 March 2023    ::    Last Seeen Date = 27 March 2023  are same == PASS

<B><font color = 'Blue-Violet'> 12th Ad -</font> 
<B><font color = 'blue'> ==> -</font> CurrentDatenewest Image in Youtube DashBoard= 27 March 2023
<B><font color = 'blue'> ==> -</font> ID of the 12th Ad = 53662
<B><font color = 'blue'> ==> -</font> Clicked on showAnalytics Button
<B><font color = 'blue'> ==> -</font> LastScene_date AdDetails Page= 27 March 2023
<B><font color = 'blue'> ==> -</font> Image Date =  27 March 2023    ::    Last Seeen Date = 27 March 2023  are same == PASS

<B><font color = 'Blue-Violet'> 13th Ad -</font> 
<B><font color = 'blue'> ==> -</font> CurrentDatenewest Image in Youtube DashBoard= 26 March 2023
<B><font color = 'blue'> ==> -</font> ID of the 13th Ad = 53660
<B><font color = 'blue'> ==> -</font> Clicked on showAnalytics Button
<B><font color = 'blue'> ==> -</font> LastScene_date AdDetails Page= 26 March 2023
<B><font color = 'blue'> ==> -</font> Image Date =  26 March 2023    ::    Last Seeen Date = 26 March 2023  are same == PASS

<B><font color = 'Blue-Violet'> 14th Ad -</font> 
<B><font color = 'blue'> ==> -</font> CurrentDatenewest Image in Youtube DashBoard= 25 March 2023
<B><font color = 'blue'> ==> -</font> ID of the 14th Ad = 53659
<B><font color = 'blue'> ==> -</font> Clicked on showAnalytics Button
<B><font color = 'blue'> ==> -</font> LastScene_date AdDetails Page= 25 March 2023
<B><font color = 'blue'> ==> -</font> Image Date =  25 March 2023    ::    Last Seeen Date = 25 March 2023  are same == PASS

<B><font color = 'Blue-Violet'> 15th Ad -</font> 
<B><font color = 'blue'> ==> -</font> CurrentDatenewest Image in Youtube DashBoard= 25 March 2023
<B><font color = 'blue'> ==> -</font> ID of the 15th Ad = 53658
<B><font color = 'blue'> ==> -</font> Clicked on showAnalytics Button
<B><font color = 'blue'> ==> -</font> LastScene_date AdDetails Page= 25 March 2023
<B><font color = 'blue'> ==> -</font> Image Date =  25 March 2023    ::    Last Seeen Date = 25 March 2023  are same == PASS

<B><font color = 'green'> LastSeen field -</font>
<B><font color = 'orange'> Step 1 -</font> Clicked On clear search.
<B><font color = 'orange'> Step 2 -</font> Clicked On sortBy.
<B><font color = 'orange'> Step 3 -</font> Clicked On lastSeen_Button.
<B><font color = 'orange'> Step 4 -</font> Clicked On Search Bar.
<B><font color = 'orange'> Step 5 -</font> Total_Ads_Count_lastseen= 18010

<B><font color = 'Blue-Violet'> 1st Ad -</font> 
<B><font color = 'blue'> ==> -</font> CurrentDateLatest Image in Youtube DashBoard = 28 March 2023
<B><font color = 'blue'> ==> -</font> ID of the Ad = 53674
<B><font color = 'blue'> ==> -</font> Clicked on showAnalytics Button
<B><font color = 'blue'> ==> -</font> Clicked on lastSeenDate1 = 28 March 2023
<B><font color = 'blue'> ==> -</font> Image Date =  28 March 2023    ::    Last Seeen Date = 28 March 2023  are same == PASS

<B><font color = 'Blue-Violet'> 2nd Ad -</font> 
<B><font color = 'blue'> ==> -</font> CurrentDateLatest Image in Youtube DashBoard = 28 March 2023
<B><font color = 'blue'> ==> -</font> ID of the Ad = 53602
<B><font color = 'blue'> ==> -</font> Clicked on showAnalytics Button
<B><font color = 'blue'> ==> -</font> Clicked on lastSeenDate1 = 28 March 2023
<B><font color = 'blue'> ==> -</font> Image Date =  28 March 2023    ::    Last Seeen Date = 28 March 2023  are same == PASS

<B><font color = 'Blue-Violet'> 3rd Ad -</font> 
<B><font color = 'blue'> ==> -</font> CurrentDateLatest Image in Youtube DashBoard = 28 March 2023
<B><font color = 'blue'> ==> -</font> ID of the Ad = 53592
<B><font color = 'blue'> ==> -</font> Clicked on showAnalytics Button
<B><font color = 'blue'> ==> -</font> Clicked on lastSeenDate1 = 28 March 2023
<B><font color = 'blue'> ==> -</font> Image Date =  28 March 2023    ::    Last Seeen Date = 28 March 2023  are same == PASS

<B><font color = 'Blue-Violet'> 4th Ad -</font> 
<B><font color = 'blue'> ==> -</font> CurrentDateLatest Image in Youtube DashBoard = 28 March 2023
<B><font color = 'blue'> ==> -</font> ID of the Ad = 53672
<B><font color = 'blue'> ==> -</font> Clicked on showAnalytics Button
<B><font color = 'blue'> ==> -</font> Clicked on lastSeenDate1 = 28 March 2023
<B><font color = 'blue'> ==> -</font> Image Date =  28 March 2023    ::    Last Seeen Date = 28 March 2023  are same == PASS

<B><font color = 'Blue-Violet'> 5th Ad -</font> 
<B><font color = 'blue'> ==> -</font> CurrentDateLatest Image in Youtube DashBoard = 28 March 2023
<B><font color = 'blue'> ==> -</font> ID of the Ad = 53673
<B><font color = 'blue'> ==> -</font> Clicked on showAnalytics Button
<B><font color = 'blue'> ==> -</font> Clicked on lastSeenDate = 28 March 2023
<B><font color = 'blue'> ==> -</font> Image Date =  28 March 2023    ::    Last Seeen Date = 28 March 2023  are same == PASS

<B><font color = 'Blue-Violet'> 6th Ad -</font> 
<B><font color = 'blue'> ==> -</font> CurrentDateLatest Image in Youtube DashBoard = 27 March 2023
<B><font color = 'blue'> ==> -</font> ID of the Ad = 53668
<B><font color = 'blue'> ==> -</font> Clicked on showAnalytics Button
<B><font color = 'blue'> ==> -</font> Clicked on lastSeenDate = 27 March 2023
<B><font color = 'blue'> ==> -</font> Image Date =  27 March 2023    ::    Last Seeen Date = 27 March 2023  are same == PASS

<B><font color = 'Blue-Violet'> 7th Ad -</font> 
<B><font color = 'blue'> ==> -</font> CurrentDateLatest Image in Youtube DashBoard = 27 March 2023
<B><font color = 'blue'> ==> -</font> ID of the Ad = 53671
<B><font color = 'blue'> ==> -</font> Clicked on showAnalytics Button
<B><font color = 'blue'> ==> -</font> Clicked on lastSeenDate = 27 March 2023
<B><font color = 'blue'> ==> -</font> Image Date =  27 March 2023    ::    Last Seeen Date = 27 March 2023  are same == PASS

<B><font color = 'Blue-Violet'> 8th Ad -</font> 
<B><font color = 'blue'> ==> -</font> CurrentDateLatest Image in Youtube DashBoard = 27 March 2023
<B><font color = 'blue'> ==> -</font> ID of the Ad = 51674
<B><font color = 'blue'> ==> -</font> Clicked on showAnalytics Button
<B><font color = 'blue'> ==> -</font> Clicked on lastSeenDate = 27 March 2023
<B><font color = 'blue'> ==> -</font> Image Date =  27 March 2023    ::    Last Seeen Date = 27 March 2023  are same == PASS

<B><font color = 'Blue-Violet'> 9th Ad -</font> 
<B><font color = 'blue'> ==> -</font> CurrentDateLatest Image in Youtube DashBoard = 27 March 2023
<B><font color = 'blue'> ==> -</font> ID of the Ad = 35960
<B><font color = 'blue'> ==> -</font> Clicked on showAnalytics Button
<B><font color = 'blue'> ==> -</font> Clicked on lastSeenDate = 27 March 2023
<B><font color = 'blue'> ==> -</font> Image Date =  27 March 2023    ::    Last Seeen Date = 27 March 2023  are same == PASS

<B><font color = 'Blue-Violet'> 10th Ad -</font> 
<B><font color = 'blue'> ==> -</font> CurrentDateLatest Image in Youtube DashBoard = 27 March 2023
<B><font color = 'blue'> ==> -</font> ID of the Ad = 53670
<B><font color = 'blue'> ==> -</font> Clicked on showAnalytics Button
<B><font color = 'blue'> ==> -</font> Clicked on lastSeenDate = 27 March 2023
<B><font color = 'blue'> ==> -</font> Image Date =  27 March 2023    ::    Last Seeen Date = 27 March 2023  are same == PASS

<B><font color = 'Blue-Violet'> 11th Ad -</font> 
<B><font color = 'blue'> ==> -</font> CurrentDateLatest Image in Youtube DashBoard = 27 March 2023
<B><font color = 'blue'> ==> -</font> ID of the Ad = 35572
<B><font color = 'blue'> ==> -</font> Clicked on showAnalytics Button
<B><font color = 'blue'> ==> -</font> Clicked on lastSeenDate = 27 March 2023
<B><font color = 'blue'> ==> -</font> Image Date =  27 March 2023    ::    Last Seeen Date = 27 March 2023  are same == PASS

<B><font color = 'Blue-Violet'> 12th Ad -</font> 
<B><font color = 'blue'> ==> -</font> CurrentDateLatest Image in Youtube DashBoard = 27 March 2023
<B><font color = 'blue'> ==> -</font> ID of the Ad = 53667
<B><font color = 'blue'> ==> -</font> Clicked on showAnalytics Button
<B><font color = 'blue'> ==> -</font> Clicked on lastSeenDate = 27 March 2023
<B><font color = 'blue'> ==> -</font> Image Date =  27 March 2023    ::    Last Seeen Date = 27 March 2023  are same == PASS

<B><font color = 'Blue-Violet'> 13th Ad -</font> 
<B><font color = 'blue'> ==> -</font> CurrentDateLatest Image in Youtube DashBoard = 27 March 2023
<B><font color = 'blue'> ==> -</font> ID of the Ad = 44249
<B><font color = 'blue'> ==> -</font> Clicked on showAnalytics Button
<B><font color = 'blue'> ==> -</font> Clicked on lastSeenDate = 27 March 2023
<B><font color = 'blue'> ==> -</font> Image Date =  27 March 2023    ::    Last Seeen Date = 27 March 2023  are same == PASS

<B><font color = 'Blue-Violet'> 14th Ad -</font> 
<B><font color = 'blue'> ==> -</font> CurrentDateLatest Image in Youtube DashBoard = 27 March 2023
<B><font color = 'blue'> ==> -</font> ID of the Ad = 53607
<B><font color = 'blue'> ==> -</font> Clicked on showAnalytics Button
<B><font color = 'blue'> ==> -</font> Clicked on lastSeenDate = 27 March 2023
<B><font color = 'blue'> ==> -</font> Image Date =  27 March 2023    ::    Last Seeen Date = 27 March 2023  are same == PASS

<B><font color = 'Blue-Violet'> 15th Ad -</font> 
<B><font color = 'blue'> ==> -</font> CurrentDateLatest Image in Youtube DashBoard = 27 March 2023
<B><font color = 'blue'> ==> -</font> ID of the Ad = 43070
<B><font color = 'blue'> ==> -</font> Clicked on showAnalytics Button
<B><font color = 'blue'> ==> -</font> Clicked on lastSeenDate = 27 March 2023
<B><font color = 'blue'> ==> -</font> Image Date =  27 March 2023    ::    Last Seeen Date = 27 March 2023  are same == PASS

<B><font color = 'green'> Running longest field -</font> 
<B><font color = 'orange'> Step 1 -</font> Clicked On clear search.
<B><font color = 'orange'> Step 2 -</font> Clicked On sortBy.
<B><font color = 'orange'> Step 3 -</font> Clicked On runningLongest_Button.
<B><font color = 'orange'> Step 4 -</font> Clicked On Search Bar.
<B><font color = 'orange'> Step 5 -</font> Total_Ads_Count_runningLongest= 18010

<B><font color = 'Blue-Violet'> --1st Ad-- -</font> 
<B><font color = 'blue'> ==> -</font>  RunningLongest Image Date in Youtube DashBoard= 27 March 2023
<B><font color = 'blue'> ==> -</font> ID of the Ad = 35572
<B><font color = 'blue'> ==> -</font> Clicked on showAnalytics Button
<B><font color = 'blue'> ==> -</font> Clicked on total_number_Running_Days = 180

<B><font color = 'Blue-Violet'> --2nd Ad-- -</font> 
<B><font color = 'blue'> ==> -</font> RunningLongest Image Date in Youtube DashBoard= 14 March 2023
<B><font color = 'blue'> ==> -</font> ID of the Ad = 35465
<B><font color = 'blue'> ==> -</font> Clicked on showAnalytics Button
<B><font color = 'blue'> ==> -</font> Clicked on total_number_Running_Days = 172

<B><font color = 'Blue-Violet'> --3rd Ad-- -</font> 
<B><font color = 'blue'> ==> -</font> RunningLongest Image Date in Youtube DashBoard= 27 March 2023
<B><font color = 'blue'> ==> -</font> ID of the Ad = 35960
<B><font color = 'blue'> ==> -</font> Clicked on showAnalytics Button
<B><font color = 'blue'> ==> -</font> Clicked on total_number_Running_Days = 166

<B><font color = 'Blue-Violet'> --4th Ad-- -</font> 
<B><font color = 'blue'> ==> -</font> RunningLongest Image Date in Youtube DashBoard= null
<B><font color = 'blue'> ==> -</font> ID of the Ad = Show Analytics
<B><font color = 'blue'> ==> -</font> Clicked on showAnalytics Button
<B><font color = 'blue'> ==> -</font> Clicked on total_number_Running_Days = 161

<B><font color = 'Blue-Violet'> --5th Ad-- -</font> 
<B><font color = 'blue'> ==> -</font> RunningLongest Image Date in Youtube DashBoard= 14 March 2023
<B><font color = 'blue'> ==> -</font> ID of the Ad = 35820
<B><font color = 'blue'> ==> -</font> Clicked on showAnalytics Button
<B><font color = 'blue'> ==> -</font> Clicked on total_number_Running_Days = 155

<B><font color = 'Blue-Violet'> --6th Ad-- -</font> 
<B><font color = 'blue'> ==> -</font> RunningLongest Image Date in Youtube DashBoard= 24 February 2023
<B><font color = 'blue'> ==> -</font> ID of the Ad = 35457
<B><font color = 'blue'> ==> -</font> Clicked on showAnalytics Button
<B><font color = 'blue'> ==> -</font> Clicked on total_number_Running_Days = 155

<B><font color = 'Blue-Violet'> --7th Ad-- -</font> 
<B><font color = 'blue'> ==> -</font> RunningLongest Image Date in Youtube DashBoard= 15 March 2023
<B><font color = 'blue'> ==> -</font> ID of the Ad = 37835
<B><font color = 'blue'> ==> -</font> Clicked on showAnalytics Button
<B><font color = 'blue'> ==> -</font> Clicked on total_number_Running_Days = 151

<B><font color = 'Blue-Violet'> --8th Ad-- -</font> 
<B><font color = 'blue'> ==> -</font> RunningLongest Image Date in Youtube DashBoard= 14 March 2023
<B><font color = 'blue'> ==> -</font> ID of the Ad = 36644
<B><font color = 'blue'> ==> -</font> Clicked on showAnalytics Button
<B><font color = 'red'> ==> -</font> Clicked on total_number_Running_Days = 151

<B><font color = 'Blue-Violet'> --9th Ad-- -</font> 
<B><font color = 'blue'> ==> -</font> RunningLongest Image Date in Youtube DashBoard= 20 February 2023
<B><font color = 'blue'> ==> -</font> ID of the Ad = 35467
<B><font color = 'blue'> ==> -</font> Clicked on showAnalytics Button
<B><font color = 'blue'> ==> -</font> Clicked on total_number_Running_Days = 151

<B><font color = 'Blue-Violet'> --10th Ad-- -</font> 
<B><font color = 'blue'> ==> -</font> RunningLongest Image Date in Youtube DashBoard= 15 March 2023
<B><font color = 'blue'> ==> -</font> ID of the Ad = 38080
<B><font color = 'blue'> ==> -</font> Clicked on showAnalytics Button
<B><font color = 'red'> ==> -</font> Clicked on total_number_Running_Days = 150

<B><font color = 'Blue-Violet'> --11th Ad-- -</font> 
<B><font color = 'blue'> ==> -</font> RunningLongest Image Date in Youtube DashBoard= 9 March 2023
<B><font color = 'blue'> ==> -</font> ID of the Ad = 35950
<B><font color = 'blue'> ==> -</font> Clicked on showAnalytics Button
<B><font color = 'blue'> ==> -</font> Clicked on total_number_Running_Days = 150

<B><font color = 'Blue-Violet'> --12th Ad-- -</font> 
<B><font color = 'blue'> ==> -</font> RunningLongest Image Date in Youtube DashBoard= 11 March 2023
<B><font color = 'blue'> ==> -</font> ID of the Ad = 36093
<B><font color = 'blue'> ==> -</font> Clicked on showAnalytics Button
<B><font color = 'blue'> ==> -</font> Clicked on total_number_Running_Days = 149

<B><font color = 'Blue-Violet'> --13th Ad-- -</font> 
<B><font color = 'blue'> ==> -</font> RunningLongest Image Date in Youtube DashBoard= 10 March 2023
<B><font color = 'blue'> ==> -</font> ID of the Ad = 36425
<B><font color = 'blue'> ==> -</font> Clicked on showAnalytics Button
<B><font color = 'blue'> ==> -</font> Clicked on total_number_Running_Days = 148

<B><font color = 'Blue-Violet'> --14th Ad-- -</font> 
<B><font color = 'blue'> ==> -</font> RunningLongest Image Date in Youtube DashBoard= 5 March 2023
<B><font color = 'blue'> ==> -</font> ID of the Ad = 35732
<B><font color = 'blue'> ==> -</font> Clicked on showAnalytics Button
<B><font color = 'blue'> ==> -</font> Clicked on total_number_Running_Days = 148

<B><font color = 'Blue-Violet'> --15th Ad-- -</font> 
<B><font color = 'blue'> ==> -</font> RunningLongest Image Date in Youtube DashBoard= 15 March 2023
<B><font color = 'blue'> ==> -</font> ID of the Ad = 38913
<B><font color = 'blue'> ==> -</font> Clicked on showAnalytics Button
<B><font color = 'blue'> ==> -</font> Clicked on total_number_Running_Days = 147

<B><font color = 'green'> Domain Register date field -</font> 
<B><font color = 'orange'> Step 1 -</font> Clicked On clear search.
<B><font color = 'orange'> Step 2 -</font> Clicked On sortBy.
<B><font color = 'orange'> Step 3 -</font> Clicked On domain_Reg_Date_Button.
<B><font color = 'orange'> Step 4 -</font> Clicked On Search Bar.
<B><font color = 'orange'> Step 5 -</font> Total_Ads_Count_newest= 18010

<B><font color = 'Blue-Violet'> --1st Ad-- -</font> 
<B><font color = 'blue'> ==> -</font> CurrentDate_DomainRegDate Image in Youtube DashBoard= 21 February 2023
<B><font color = 'blue'> ==> -</font> ID of the Ad = 43141
<B><font color = 'blue'> ==> -</font> Clicked on showAnalytics Button
<B><font color = 'blue'> ==> -</font> Clicked on Domain Registration Date = 2023-02-09

<B><font color = 'Blue-Violet'> --2nd Ad-- -</font> 
<B><font color = 'blue'> ==> -</font> CurrentDate_DomainRegDate Image in Youtube DashBoard= 20 February 2023
<B><font color = 'blue'> ==> -</font> ID of the Ad = 42975
<B><font color = 'blue'> ==> -</font> Clicked on showAnalytics Button
<B><font color = 'blue'> ==> -</font> Clicked on Domain Registration Date = 2022-12-19

<B><font color = 'Blue-Violet'> --3rd Ad-- -</font> 
<B><font color = 'blue'> ==> -</font> CurrentDate_DomainRegDate Image in Youtube DashBoard= 20 February 2023
<B><font color = 'blue'> ==> -</font> ID of the Ad = 42996
<B><font color = 'blue'> ==> -</font> Clicked on showAnalytics Button
<B><font color = 'blue'> ==> -</font> Clicked on Domain Registration Date = 2022-09-19

<B><font color = 'Blue-Violet'> --4th Ad-- -</font> 
<B><font color = 'blue'> ==> -</font> CurrentDate_DomainRegDate Image in Youtube DashBoard= 23 September 2022
<B><font color = 'blue'> ==> -</font> ID of the Ad = 35549
<B><font color = 'blue'> ==> -</font> Clicked on showAnalytics Button
<B><font color = 'blue'> ==> -</font> Clicked on Domain Registration Date = 2022-08-29

<B><font color = 'Blue-Violet'> --5th Ad-- -</font> 
<B><font color = 'blue'> ==> -</font> CurrentDate_DomainRegDate Image in Youtube DashBoard= 23 March 2023
<B><font color = 'blue'> ==> -</font> ID of the Ad = 53641
<B><font color = 'blue'> ==> -</font> Clicked on showAnalytics Button
<B><font color = 'blue'> ==> -</font> Clicked on Domain Registration Date = 2022-08-26

<B><font color = 'Blue-Violet'> --6th Ad-- -</font> 
<B><font color = 'blue'> ==> -</font> CurrentDate_DomainRegDate Image in Youtube DashBoard= 23 February 2023
<B><font color = 'blue'> ==> -</font> ID of the Ad = 46393
<B><font color = 'blue'> ==> -</font> Clicked on showAnalytics Button
<B><font color = 'blue'> ==> -</font> Clicked on Domain Registration Date = 2022-08-26

<B><font color = 'Blue-Violet'> --7th Ad-- -</font> 
<B><font color = 'blue'> ==> -</font> CurrentDate_DomainRegDate Image in Youtube DashBoard= 24 February 2023
<B><font color = 'blue'> ==> -</font> ID of the Ad = 46035
<B><font color = 'blue'> ==> -</font> Clicked on showAnalytics Button
<B><font color = 'blue'> ==> -</font> Clicked on Domain Registration Date = 2022-08-26

<B><font color = 'Blue-Violet'> --8th Ad-- -</font> 
<B><font color = 'blue'> ==> -</font> CurrentDate_DomainRegDate Image in Youtube DashBoard= 23 March 2023
<B><font color = 'blue'> ==> -</font> ID of the Ad = 42737
<B><font color = 'blue'> ==> -</font> Clicked on showAnalytics Button
<B><font color = 'blue'> ==> -</font> Clicked on Domain Registration Date = 2022-08-26

<B><font color = 'Blue-Violet'> --9th Ad-- -</font> 
<B><font color = 'blue'> ==> -</font> CurrentDate_DomainRegDate Image in Youtube DashBoard= 16 October 2022
<B><font color = 'blue'> ==> -</font> ID of the Ad = 37795
<B><font color = 'blue'> ==> -</font> Clicked on showAnalytics Button
<B><font color = 'blue'> ==> -</font> Clicked on Domain Registration Date = 2022-08-26

<B><font color = 'Blue-Violet'> --10th Ad-- -</font> 
<B><font color = 'blue'> ==> -</font> CurrentDate_DomainRegDate Image in Youtube DashBoard= 16 October 2022
<B><font color = 'blue'> ==> -</font> ID of the Ad = 38275
<B><font color = 'blue'> ==> -</font> Clicked on showAnalytics Button
<B><font color = 'blue'> ==> -</font> Clicked on Domain Registration Date = 2022-08-25

<B><font color = 'Blue-Violet'> --11th Ad-- -</font> 
<B><font color = 'blue'> ==> -</font> CurrentDate_DomainRegDate Image in Youtube DashBoard= 16 October 2022
<B><font color = 'blue'> ==> -</font> ID of the Ad = 37568
<B><font color = 'blue'> ==> -</font> Clicked on showAnalytics Button
<B><font color = 'blue'> ==> -</font> Clicked on Domain Registration Date = 2022-08-17

<B><font color = 'Blue-Violet'> --12th Ad-- -</font> 
<B><font color = 'blue'> ==> -</font> CurrentDate_DomainRegDate Image in Youtube DashBoard= 20 December 2022
<B><font color = 'blue'> ==> -</font> ID of the Ad = 37527
<B><font color = 'blue'> ==> -</font> Clicked on showAnalytics Button
<B><font color = 'blue'> ==> -</font> Clicked on Domain Registration Date = 2022-08-17

<B><font color = 'Blue-Violet'> --13th Ad-- -</font> 
<B><font color = 'blue'> ==> -</font> CurrentDate_DomainRegDate Image in Youtube DashBoard= 19 October 2022
<B><font color = 'blue'> ==> -</font> ID of the Ad = 37471
<B><font color = 'blue'> ==> -</font> Clicked on showAnalytics Button
<B><font color = 'blue'> ==> -</font> Clicked on Domain Registration Date = 2022-08-17

<B><font color = 'Blue-Violet'> --14th Ad-- -</font> 
<B><font color = 'blue'> ==> -</font> CurrentDate_DomainRegDate Image in Youtube DashBoard= 20 December 2022
<B><font color = 'blue'> ==> -</font> ID of the Ad = 37469
<B><font color = 'blue'> ==> -</font> Clicked on showAnalytics Button
<B><font color = 'blue'> ==> -</font> Clicked on Domain Registration Date = 2022-08-17

<B><font color = 'Blue-Violet'> --15th Ad-- -</font> 
<B><font color = 'blue'> ==> -</font> CurrentDate_DomainRegDate Image in Youtube DashBoard= 20 December 2022
<B><font color = 'blue'> ==> -</font> ID of the Ad = 37451
<B><font color = 'blue'> ==> -</font> Clicked on showAnalytics Button
<B><font color = 'blue'> ==> -</font> Clicked on Domain Registration Date = 2022-08-17]]>
  </system-out>
</testsuite> <!-- com.power.testcases.Verify_Youtube_Dasboard_SortBy -->
