<?xml version="1.0" encoding="UTF-8"?>
<!-- Generated by org.testng.reporters.JUnitReportReporter -->
<testsuite hostname="GLB-459-PC" failures="0" tests="1" name="com.power.testcases.Verify_Pinterest_landerProperties_Ecommerce_Platform_TestScript" time="540.714" errors="0" timestamp="2023-03-29T17:35:30 IST" skipped="0">
  <testcase classname="com.power.testcases.Verify_Pinterest_landerProperties_Ecommerce_Platform_TestScript" name="Verify_Pinterest_landerProperties_Ecommerce_Platform_TestScript" time="540.714"/>
  <system-out>
    <![CDATA[<B><font color = 'orange'> Step1 -</font> Logged into PowerAdSpy Application
<B><font color = 'orange'> Step2 -</font> I am on the page :PowerAdSpy | Facebook Dashboard
<B><font color = 'orange'> Step3 -</font> Power Ad Spy Logo is Displayed
<B><font color = 'orange'> Step4 -</font> Clicked On pinterest Icon
       
<B><font color = 'purple'>  - ShortBy Newest Step will Start from here </font>  
<B><font color = 'orange'> Step1 -</font> Clicked On sortBy Icon
<B><font color = 'orange'> Step2 -</font> Clicked On SortBy Newest Icon
<B><font color = 'orange'> Step3 -</font> Clicked On search Button Icon
<B><font color = 'orange'> Step4 -</font> Clicked On Lander Properties Button Icon
<B><font color = 'orange'> Step5 -</font> Clicked On Ecommerce platform click
 
<B><font color = 'Green'>- Ecommerce Platform</font>
       :-Shopify
<B><font color = 'orange'> Step1 -</font> Selected  On Ecommerce platform Shopify
<B><font color = 'orange'> Step2 -</font> Clicked On search Button Icon
 
<B><font color ='red'> 1 Ad -</font>  
<B><font color = 'blue'> ==> -</font> ID of the Ad = 101520
<B><font color = 'blue'> ==> -</font> Brand Image link Ecom Platform:= Shopify.png
<B><font color = 'blue'> ==> -</font> Both  Ecommerce Platform are Matching in Assert Pass :Shopify.png == Shopify.png
<B><font color = 'blue'> ==> -</font> Clicked On ShowAnalytics Icon
<B><font color = 'green'> ===> -</font> Assert pass: cdn.shopify.com==cdn.shopify.com
 
<B><font color ='red'> 2 Ad -</font>  
<B><font color = 'blue'> ==> -</font> ID of the Ad = 101518
<B><font color = 'blue'> ==> -</font> Brand Image link Ecom Platform:= Shopify.png
<B><font color = 'blue'> ==> -</font> Both  Ecommerce Platform are Matching in Assert Pass :Shopify.png == Shopify.png
<B><font color = 'blue'> ==> -</font> Clicked On ShowAnalytics Icon
<B><font color = 'green'> ===> -</font> Assert pass: cdn.shopify.com==cdn.shopify.com
 
<B><font color ='red'> 3 Ad -</font>  
<B><font color = 'blue'> ==> -</font> ID of the Ad = 101515
<B><font color = 'blue'> ==> -</font> Brand Image link Ecom Platform:= Shopify.png
<B><font color = 'blue'> ==> -</font> Both  Ecommerce Platform are Matching in Assert Pass :Shopify.png == Shopify.png
<B><font color = 'blue'> ==> -</font> Clicked On ShowAnalytics Icon
<B><font color = 'green'> ===> -</font> Assert pass: cdn.shopify.com==cdn.shopify.com
 
<B><font color ='red'> 4 Ad -</font>  
<B><font color = 'blue'> ==> -</font> ID of the Ad = 101514
<B><font color = 'blue'> ==> -</font> Brand Image link Ecom Platform:= Shopify.png
<B><font color = 'blue'> ==> -</font> Both  Ecommerce Platform are Matching in Assert Pass :Shopify.png == Shopify.png
<B><font color = 'blue'> ==> -</font> Clicked On ShowAnalytics Icon
<B><font color = 'green'> ===> -</font> Assert pass: cdn.shopify.com==cdn.shopify.com
 
<B><font color ='red'> 5 Ad -</font>  
<B><font color = 'blue'> ==> -</font> ID of the Ad = 101509
<B><font color = 'blue'> ==> -</font> Brand Image link Ecom Platform:= Shopify.png
<B><font color = 'blue'> ==> -</font> Both  Ecommerce Platform are Matching in Assert Pass :Shopify.png == Shopify.png
<B><font color = 'blue'> ==> -</font> Clicked On ShowAnalytics Icon
<B><font color = 'green'> ===> -</font> Assert pass: cdn.shopify.com==cdn.shopify.com
 
<B><font color ='red'> 6 Ad -</font>  
<B><font color = 'blue'> ==> -</font> ID of the Ad = 101504
<B><font color = 'blue'> ==> -</font> Brand Image link Ecom Platform:= Shopify.png
<B><font color = 'blue'> ==> -</font> Both  Ecommerce Platform are Matching in Assert Pass :Shopify.png == Shopify.png
<B><font color = 'blue'> ==> -</font> Clicked On ShowAnalytics Icon
<B><font color = 'green'> ===> -</font> Assert pass: cdn.shopify.com==cdn.shopify.com
 
<B><font color ='red'> 7 Ad -</font>  
<B><font color = 'blue'> ==> -</font> ID of the Ad = 101501
<B><font color = 'blue'> ==> -</font> Brand Image link Ecom Platform:= Shopify.png
<B><font color = 'blue'> ==> -</font> Both  Ecommerce Platform are Matching in Assert Pass :Shopify.png == Shopify.png
<B><font color = 'blue'> ==> -</font> Clicked On ShowAnalytics Icon
<B><font color = 'green'> ===> -</font> Assert pass: cdn.shopify.com==cdn.shopify.com
 
<B><font color ='red'> 8 Ad -</font>  
<B><font color = 'blue'> ==> -</font> ID of the Ad = 101500
<B><font color = 'blue'> ==> -</font> Brand Image link Ecom Platform:= Shopify.png
<B><font color = 'blue'> ==> -</font> Both  Ecommerce Platform are Matching in Assert Pass :Shopify.png == Shopify.png
<B><font color = 'blue'> ==> -</font> Clicked On ShowAnalytics Icon
<B><font color = 'green'> ===> -</font> Assert pass: cdn.shopify.com==cdn.shopify.com
 
<B><font color ='red'> 9 Ad -</font>  
<B><font color = 'blue'> ==> -</font> ID of the Ad = 101499
<B><font color = 'blue'> ==> -</font> Brand Image link Ecom Platform:= Shopify.png
<B><font color = 'blue'> ==> -</font> Both  Ecommerce Platform are Matching in Assert Pass :Shopify.png == Shopify.png
<B><font color = 'blue'> ==> -</font> Clicked On ShowAnalytics Icon
<B><font color = 'green'> ===> -</font> Assert pass: cdn.shopify.com==cdn.shopify.com
 
<B><font color ='red'> 10 Ad -</font>  
<B><font color = 'blue'> ==> -</font> ID of the Ad = 101498
<B><font color = 'blue'> ==> -</font> Brand Image link Ecom Platform:= Shopify.png
<B><font color = 'blue'> ==> -</font> Both  Ecommerce Platform are Matching in Assert Pass :Shopify.png == Shopify.png
<B><font color = 'blue'> ==> -</font> Clicked On ShowAnalytics Icon
<B><font color = 'green'> ===> -</font> Assert pass: cdn.shopify.com==cdn.shopify.com
 
<B><font color ='red'> 11 Ad -</font>  
<B><font color = 'blue'> ==> -</font> ID of the Ad = 101497
<B><font color = 'blue'> ==> -</font> Brand Image link Ecom Platform:= Shopify.png
<B><font color = 'blue'> ==> -</font> Both  Ecommerce Platform are Matching in Assert Pass :Shopify.png == Shopify.png
<B><font color = 'blue'> ==> -</font> Clicked On ShowAnalytics Icon
<B><font color = 'green'> ===> -</font> Assert pass: cdn.shopify.com==cdn.shopify.com
 
<B><font color ='red'> 12 Ad -</font>  
<B><font color = 'blue'> ==> -</font> ID of the Ad = 101496
<B><font color = 'blue'> ==> -</font> Brand Image link Ecom Platform:= Shopify.png
<B><font color = 'blue'> ==> -</font> Both  Ecommerce Platform are Matching in Assert Pass :Shopify.png == Shopify.png
<B><font color = 'blue'> ==> -</font> Clicked On ShowAnalytics Icon
<B><font color = 'green'> ===> -</font> Assert pass: cdn.shopify.com==cdn.shopify.com
 
<B><font color ='red'> 13 Ad -</font>  
<B><font color = 'blue'> ==> -</font> ID of the Ad = 101495
<B><font color = 'blue'> ==> -</font> Brand Image link Ecom Platform:= Shopify.png
<B><font color = 'blue'> ==> -</font> Both  Ecommerce Platform are Matching in Assert Pass :Shopify.png == Shopify.png
<B><font color = 'blue'> ==> -</font> Clicked On ShowAnalytics Icon
<B><font color = 'green'> ===> -</font> Assert pass: cdn.shopify.com==cdn.shopify.com
 
<B><font color ='red'> 14 Ad -</font>  
<B><font color = 'blue'> ==> -</font> ID of the Ad = 101485
<B><font color = 'blue'> ==> -</font> Brand Image link Ecom Platform:= Shopify.png
<B><font color = 'blue'> ==> -</font> Both  Ecommerce Platform are Matching in Assert Pass :Shopify.png == Shopify.png
<B><font color = 'blue'> ==> -</font> Clicked On ShowAnalytics Icon
<B><font color = 'green'> ===> -</font> Assert pass: cdn.shopify.com==cdn.shopify.com
 
<B><font color ='red'> 15 Ad -</font>  
<B><font color = 'blue'> ==> -</font> ID of the Ad = 101466
<B><font color = 'blue'> ==> -</font> Brand Image link Ecom Platform:= Shopify.png
<B><font color = 'blue'> ==> -</font> Both  Ecommerce Platform are Matching in Assert Pass :Shopify.png == Shopify.png
<B><font color = 'blue'> ==> -</font> Clicked On ShowAnalytics Icon
<B><font color = 'green'> ===> -</font> Assert pass: cdn.shopify.com==cdn.shopify.com]]>
  </system-out>
</testsuite> <!-- com.power.testcases.Verify_Pinterest_landerProperties_Ecommerce_Platform_TestScript -->
