<?xml version="1.0" encoding="UTF-8"?>
<!-- Generated by org.testng.reporters.JUnitReportReporter -->
<testsuite hostname="GLB-459-PC" failures="0" tests="1" name="com.power.testcases.Verify_Instagram_Dashboard_AddSeenBetween" time="785.029" errors="0" timestamp="2023-03-29T17:35:30 IST" skipped="0">
  <testcase classname="com.power.testcases.Verify_Instagram_Dashboard_AddSeenBetween" name="verify_adseenBetween" time="785.029"/>
  <system-out>
    <![CDATA[<B><font color = 'orange'> Step1 -</font> Logged into PowerAdSpy Application
<B><font color = 'orange'> Step2 -</font> I am on the page :PowerAdSpy | Facebook Dashboard
<B><font color = 'orange'> Step3 -</font> Power Ad Spy Logo is Displayed
<B><font color = 'orange'> Step4 -</font> Clicked On Instagram Icon

<B><font color = 'green'> Ads Seen Between : All -</font> 
<B><font color = 'orange'> Step 1 -</font> Clicked On clear search.
<B><font color = 'orange'> Step 2 -</font> Clicked On Ads Seen Between.
<B><font color = 'orange'> Step 3 -</font> Clicked On Ads Seen Between all_Button.
<B><font color = 'orange'> Step 4 -</font> Clicked On Search Bar.
<B><font color = 'orange'> Step 5 -</font> Total_Ads_Count_All= 932

<B><font color = 'Blue-Violet'> 1st -</font> 
<B><font color = 'blue'> ==> -</font> Clicked On current_Date_All Image = 28 March 2023
<B><font color = 'blue'> ==> -</font> ID of the Ad = 29780
<B><font color = 'blue'> ==> -</font> Clicked on showAnalytics Button
<B><font color = 'blue'> ==> -</font> Last_Seen_childWindow AdDetails Page= 28 March 2023
<B><font color = 'blue'> ==> -</font> Image Date =  28 March 2023    ::    Last Seeen Date = 28 March 2023  are same == PASS

<B><font color = 'Blue-Violet'> 2nd -</font> 
<B><font color = 'blue'> ==> -</font> Clicked On current_Date_All Image = 28 March 2023
<B><font color = 'blue'> ==> -</font> ID of the Ad = 29779
<B><font color = 'blue'> ==> -</font> Clicked on showAnalytics Button
<B><font color = 'blue'> ==> -</font> Last_Seen_childWindow AdDetails Page= 28 March 2023
<B><font color = 'blue'> ==> -</font> Image Date =  28 March 2023    ::    Last Seeen Date = 28 March 2023  are same == PASS

<B><font color = 'Blue-Violet'> 3rd -</font> 
<B><font color = 'blue'> ==> -</font> Clicked On current_Date_All Image = 22 March 2023
<B><font color = 'blue'> ==> -</font> ID of the Ad = 29778
<B><font color = 'blue'> ==> -</font> Clicked on showAnalytics Button
<B><font color = 'blue'> ==> -</font> Last_Seen_childWindow AdDetails Page= 22 March 2023
<B><font color = 'blue'> ==> -</font> Image Date =  22 March 2023    ::    Last Seeen Date = 22 March 2023  are same == PASS

<B><font color = 'Blue-Violet'> 4th -</font> 
<B><font color = 'blue'> ==> -</font> Clicked On current_Date_All Image = 22 March 2023
<B><font color = 'blue'> ==> -</font> ID of the Ad = 29777
<B><font color = 'blue'> ==> -</font> Clicked on showAnalytics Button
<B><font color = 'blue'> ==> -</font> Last_Seen_childWindow AdDetails Page= 22 March 2023
<B><font color = 'blue'> ==> -</font> Image Date =  22 March 2023    ::    Last Seeen Date = 22 March 2023  are same == PASS

<B><font color = 'Blue-Violet'> 5th -</font> 
<B><font color = 'blue'> ==> -</font> Clicked On current_Date_All Image = 22 March 2023
<B><font color = 'blue'> ==> -</font> ID of the Ad = 29776
<B><font color = 'blue'> ==> -</font> Clicked on showAnalytics Button
<B><font color = 'blue'> ==> -</font> Last_Seen_childWindow AdDetails Page= 22 March 2023
<B><font color = 'blue'> ==> -</font> Image Date =  22 March 2023    ::    Last Seeen Date = 22 March 2023  are same == PASS

<B><font color = 'Blue-Violet'> 6th -</font> 
<B><font color = 'blue'> ==> -</font> Clicked On current_Date_All Image = 22 March 2023
<B><font color = 'blue'> ==> -</font> ID of the Ad = 29775
<B><font color = 'blue'> ==> -</font> Clicked on showAnalytics Button
<B><font color = 'blue'> ==> -</font> Last_Seen_childWindow AdDetails Page= 22 March 2023
<B><font color = 'blue'> ==> -</font> Image Date =  22 March 2023    ::    Last Seeen Date = 22 March 2023  are same == PASS

<B><font color = 'Blue-Violet'> 7th -</font> 
<B><font color = 'blue'> ==> -</font> Clicked On current_Date_All Image = 22 March 2023
<B><font color = 'blue'> ==> -</font> ID of the Ad = 29774
<B><font color = 'blue'> ==> -</font> Clicked on showAnalytics Button
<B><font color = 'blue'> ==> -</font> Last_Seen_childWindow AdDetails Page= 22 March 2023
<B><font color = 'blue'> ==> -</font> Image Date =  22 March 2023    ::    Last Seeen Date = 22 March 2023  are same == PASS

<B><font color = 'Blue-Violet'> 8th -</font> 
<B><font color = 'blue'> ==> -</font> Clicked On current_Date_All Image = 22 March 2023
<B><font color = 'blue'> ==> -</font> ID of the Ad = 29773
<B><font color = 'blue'> ==> -</font> Clicked on showAnalytics Button
<B><font color = 'blue'> ==> -</font> Last_Seen_childWindow AdDetails Page= 22 March 2023
<B><font color = 'blue'> ==> -</font> Image Date =  22 March 2023    ::    Last Seeen Date = 22 March 2023  are same == PASS

<B><font color = 'Blue-Violet'> 9th -</font> 
<B><font color = 'blue'> ==> -</font> Clicked On current_Date_All Image = 22 March 2023
<B><font color = 'blue'> ==> -</font> ID of the Ad = 29772
<B><font color = 'blue'> ==> -</font> Clicked on showAnalytics Button
<B><font color = 'blue'> ==> -</font> Last_Seen_childWindow AdDetails Page= 22 March 2023
<B><font color = 'blue'> ==> -</font> Image Date =  22 March 2023    ::    Last Seeen Date = 22 March 2023  are same == PASS

<B><font color = 'Blue-Violet'> 10th -</font> 
<B><font color = 'blue'> ==> -</font> Clicked On current_Date_All Image = 22 March 2023
<B><font color = 'blue'> ==> -</font> ID of the Ad = 29771
<B><font color = 'blue'> ==> -</font> Clicked on showAnalytics Button
<B><font color = 'blue'> ==> -</font> Last_Seen_childWindow AdDetails Page= 22 March 2023
<B><font color = 'blue'> ==> -</font> Image Date =  22 March 2023    ::    Last Seeen Date = 22 March 2023  are same == PASS

<B><font color = 'Blue-Violet'> 11th -</font> 
<B><font color = 'blue'> ==> -</font> Clicked On current_Date_All Image = 22 March 2023
<B><font color = 'blue'> ==> -</font> ID of the Ad = 29770
<B><font color = 'blue'> ==> -</font> Clicked on showAnalytics Button
<B><font color = 'blue'> ==> -</font> Last_Seen_childWindow AdDetails Page= 22 March 2023
<B><font color = 'blue'> ==> -</font> Image Date =  22 March 2023    ::    Last Seeen Date = 22 March 2023  are same == PASS

<B><font color = 'Blue-Violet'> 12th -</font> 
<B><font color = 'blue'> ==> -</font> Clicked On current_Date_All Image = 22 March 2023
<B><font color = 'blue'> ==> -</font> ID of the Ad = 29769
<B><font color = 'blue'> ==> -</font> Clicked on showAnalytics Button
<B><font color = 'blue'> ==> -</font> Last_Seen_childWindow AdDetails Page= 22 March 2023
<B><font color = 'blue'> ==> -</font> Image Date =  22 March 2023    ::    Last Seeen Date = 22 March 2023  are same == PASS

<B><font color = 'Blue-Violet'> 13th -</font> 
<B><font color = 'blue'> ==> -</font> Clicked On current_Date_All Image = 22 March 2023
<B><font color = 'blue'> ==> -</font> ID of the Ad = 29768
<B><font color = 'blue'> ==> -</font> Clicked on showAnalytics Button
<B><font color = 'blue'> ==> -</font> Last_Seen_childWindow AdDetails Page= 22 March 2023
<B><font color = 'blue'> ==> -</font> Image Date =  22 March 2023    ::    Last Seeen Date = 22 March 2023  are same == PASS

<B><font color = 'Blue-Violet'> 14th -</font> 
<B><font color = 'blue'> ==> -</font> Clicked On current_Date_All Image = 22 March 2023
<B><font color = 'blue'> ==> -</font> ID of the Ad = 29767
<B><font color = 'blue'> ==> -</font> Clicked on showAnalytics Button
<B><font color = 'blue'> ==> -</font> Last_Seen_childWindow AdDetails Page= 22 March 2023
<B><font color = 'blue'> ==> -</font> Image Date =  22 March 2023    ::    Last Seeen Date = 22 March 2023  are same == PASS

<B><font color = 'Blue-Violet'> 15th -</font> 
<B><font color = 'blue'> ==> -</font> Clicked On current_Date_All Image = 22 March 2023
<B><font color = 'blue'> ==> -</font> ID of the Ad = 29766
<B><font color = 'blue'> ==> -</font> Clicked on showAnalytics Button
<B><font color = 'blue'> ==> -</font> Last_Seen_childWindow AdDetails Page= 22 March 2023
<B><font color = 'blue'> ==> -</font> Image Date =  22 March 2023    ::    Last Seeen Date = 22 March 2023  are same == PASS

<B><font color = 'green'> Ads Seen Between : Today -</font> 
<B><font color = 'orange'> Step 1 -</font> Clicked On Ads Seen Between.
<B><font color = 'orange'> Step 2 -</font> Clicked On today_Button in Ads Seen Between.
<B><font color = 'orange'> Step 3 -</font> Clicked On Search Bar.
<B><font color = 'orange'> Step 4 -</font> Total_Ads_Count_Today= 

<B><font color = 'Blue-Violet'> 1st Ad -</font> 
<B><font color = 'red'> ==> -</font> Oops! Looks like we don't have data for this search criteria yet.

<B><font color = 'Blue-Violet'> 2nd Ad -</font> 
<B><font color = 'red'> ==> -</font> Oops! Looks like we don't have data for this search criteria yet.

<B><font color = 'Blue-Violet'> 3rd Ad -</font> 
<B><font color = 'red'> ==> -</font> Oops! Looks like we don't have data for this search criteria yet.

<B><font color = 'Blue-Violet'> 4th Ad -</font> 
<B><font color = 'red'> ==> -</font> Oops! Looks like we don't have data for this search criteria yet.

<B><font color = 'Blue-Violet'> 5th Ad -</font> 
<B><font color = 'red'> ==> -</font> Oops! Looks like we don't have data for this search criteria yet.

<B><font color = 'Blue-Violet'> 6th Ad -</font> 
<B><font color = 'red'> ==> -</font> Oops! Looks like we don't have data for this search criteria yet.

<B><font color = 'Blue-Violet'> 7th Ad -</font> 
<B><font color = 'red'> ==> -</font> Oops! Looks like we don't have data for this search criteria yet.

<B><font color = 'Blue-Violet'> 8th Ad -</font> 
<B><font color = 'red'> ==> -</font> Oops! Looks like we don't have data for this search criteria yet.

<B><font color = 'Blue-Violet'> 9th Ad -</font> 
<B><font color = 'red'> ==> -</font> Oops! Looks like we don't have data for this search criteria yet.

<B><font color = 'Blue-Violet'> 10th Ad -</font> 
<B><font color = 'red'> ==> -</font> Oops! Looks like we don't have data for this search criteria yet.

<B><font color = 'Blue-Violet'> 11th Ad -</font> 
<B><font color = 'red'> ==> -</font> Oops! Looks like we don't have data for this search criteria yet.

<B><font color = 'Blue-Violet'> 12th Ad -</font> 
<B><font color = 'red'> ==> -</font> Oops! Looks like we don't have data for this search criteria yet.

<B><font color = 'Blue-Violet'> 13th Ad -</font> 
<B><font color = 'red'> ==> -</font> Oops! Looks like we don't have data for this search criteria yet.

<B><font color = 'Blue-Violet'> 14th Ad -</font> 
<B><font color = 'red'> ==> -</font> Oops! Looks like we don't have data for this search criteria yet.

<B><font color = 'Blue-Violet'> 15th Ad -</font> 
<B><font color = 'red'> ==> -</font> Oops! Looks like we don't have data for this search criteria yet.

<B><font color = 'green'> Ads Seen Between : Yesterday -</font> 
<B><font color = 'orange'> Step 1 -</font> Clicked On Ads Seen Between.
<B><font color = 'orange'> Step 2 -</font> Clicked On yesterday_Button in Ads Seen Between.
<B><font color = 'orange'> Step 3 -</font> Clicked On Search Bar.
<B><font color = 'orange'> Step 4 -</font> Total_Ads_Count_Yesterday= 2

<B><font color = 'Blue-Violet'> 1st Ad -</font> 
<B><font color = 'blue'> ==> -</font> Clicked On current_Date_yesterday Image = 28 March 2023
<B><font color = 'blue'> ==> -</font> ID of the 1st Ad = 29780
<B><font color = 'blue'> ==> -</font> Clicked on showAnalytics Button
<B><font color = 'blue'> ==> -</font> Last_Seen_childWindow AdDetails Page= 28 March 2023
<B><font color = 'blue'> ==> -</font> Image Date =  28 March 2023    ::    Last Seeen Date = 28 March 2023  are same == PASS

<B><font color = 'Blue-Violet'> 2nd Ad -</font> 
<B><font color = 'blue'> ==> -</font> Clicked On current_Date_yesterday Image = 28 March 2023
<B><font color = 'blue'> ==> -</font> ID of the 2nd Ad = 29779
<B><font color = 'blue'> ==> -</font> Clicked on showAnalytics Button
<B><font color = 'blue'> ==> -</font> Last_Seen_childWindow AdDetails Page= 28 March 2023
<B><font color = 'blue'> ==> -</font> Image Date =  28 March 2023    ::    Last Seeen Date = 28 March 2023  are same == PASS

<B><font color = 'Blue-Violet'> 3rd Ad -</font> 
<B><font color = 'red'> ==> -</font> Oops! Looks like we don't have data for this search criteria yet.

<B><font color = 'Blue-Violet'> 4th Ad -</font> 
<B><font color = 'red'> ==> -</font> Oops! Looks like we don't have data for this search criteria yet.

<B><font color = 'Blue-Violet'> 5th Ad -</font> 
<B><font color = 'red'> ==> -</font> Oops! Looks like we don't have data for this search criteria yet.

<B><font color = 'Blue-Violet'> 6th Ad -</font> 
<B><font color = 'red'> ==> -</font> Oops! Looks like we don't have data for this search criteria yet.

<B><font color = 'Blue-Violet'> 7th Ad -</font> 
<B><font color = 'red'> ==> -</font> Oops! Looks like we don't have data for this search criteria yet.

<B><font color = 'Blue-Violet'> 8th Ad -</font> 
<B><font color = 'red'> ==> -</font> Oops! Looks like we don't have data for this search criteria yet.

<B><font color = 'Blue-Violet'> 9th Ad -</font> 
<B><font color = 'red'> ==> -</font> Oops! Looks like we don't have data for this search criteria yet.

<B><font color = 'Blue-Violet'> 10th Ad -</font> 
<B><font color = 'red'> ==> -</font> Oops! Looks like we don't have data for this search criteria yet.

<B><font color = 'Blue-Violet'> 11th Ad -</font> 
<B><font color = 'red'> ==> -</font> Oops! Looks like we don't have data for this search criteria yet.

<B><font color = 'Blue-Violet'> 12th Ad -</font> 
<B><font color = 'red'> ==> -</font> Oops! Looks like we don't have data for this search criteria yet.

<B><font color = 'Blue-Violet'> 13th Ad -</font> 
<B><font color = 'red'> ==> -</font> Oops! Looks like we don't have data for this search criteria yet.

<B><font color = 'Blue-Violet'> 14th Ad -</font> 
<B><font color = 'red'> ==> -</font> Oops! Looks like we don't have data for this search criteria yet.

<B><font color = 'Blue-Violet'> 15th Ad -</font> 
<B><font color = 'red'> ==> -</font> Oops! Looks like we don't have data for this search criteria yet.

<B><font color = 'green'> Ads Seen Between : Last_Seven_Days_Button -</font> 
<B><font color = 'orange'> Step 1 -</font> Clicked On clear search.
<B><font color = 'orange'> Step 2 -</font> Clicked On Ads Seen Between.
<B><font color = 'orange'> Step 3 -</font> Clicked On Last_Seven_Days_Button in Ads Seen Between.
<B><font color = 'orange'> Step 4 -</font> Clicked On Search Bar.
<B><font color = 'orange'> Step 5 -</font> Total_Ads_Count_LastSevenDays= 2

<B><font color = 'Blue-Violet'> 1st Ad -</font> 
<B><font color = 'blue'> ==> -</font> Clicked On Last_Seven_Days Image = 28 March 2023
<B><font color = 'blue'> ==> -</font> ID of the 1st Ad = 29780
<B><font color = 'blue'> ==> -</font> Clicked on showAnalytics Button
<B><font color = 'blue'> ==> -</font> Last_Seen_childWindow AdDetails Page= 28 March 2023
<B><font color = 'blue'> ==> -</font> Image Date =  28 March 2023    ::    Last Seeen Date = 28 March 2023  are same == PASS

<B><font color = 'Blue-Violet'> 2nd Ad -</font> 
<B><font color = 'blue'> ==> -</font> Clicked On Last_Seven_Days Image = 28 March 2023
<B><font color = 'blue'> ==> -</font> ID of the 2nd Ad = 29779
<B><font color = 'blue'> ==> -</font> Clicked on showAnalytics Button
<B><font color = 'blue'> ==> -</font> Last_Seen_childWindow AdDetails Page= 28 March 2023
<B><font color = 'blue'> ==> -</font> Image Date =  28 March 2023    ::    Last Seeen Date = 28 March 2023  are same == PASS

<B><font color = 'Blue-Violet'> 3rd Ad -</font> 
<B><font color = 'red'> ==> -</font> Oops! Looks like we don't have data for this search criteria yet.

<B><font color = 'Blue-Violet'> 4th Ad -</font> 
<B><font color = 'red'> ==> -</font> Oops! Looks like we don't have data for this search criteria yet.

<B><font color = 'Blue-Violet'> 5th Ad -</font> 
<B><font color = 'red'> ==> -</font> Oops! Looks like we don't have data for this search criteria yet.

<B><font color = 'Blue-Violet'> 6th Ad -</font> 
<B><font color = 'red'> ==> -</font> Oops! Looks like we don't have data for this search criteria yet.

<B><font color = 'Blue-Violet'> 7th Ad -</font> 
<B><font color = 'red'> ==> -</font> Oops! Looks like we don't have data for this search criteria yet.

<B><font color = 'Blue-Violet'> 8th Ad -</font> 
<B><font color = 'red'> ==> -</font> Oops! Looks like we don't have data for this search criteria yet.

<B><font color = 'Blue-Violet'> 9th Ad -</font> 
<B><font color = 'red'> ==> -</font> Oops! Looks like we don't have data for this search criteria yet.

<B><font color = 'Blue-Violet'> 10th Ad -</font> 
<B><font color = 'red'> ==> -</font> Oops! Looks like we don't have data for this search criteria yet.

<B><font color = 'Blue-Violet'> 11th Ad -</font> 
<B><font color = 'red'> ==> -</font> Oops! Looks like we don't have data for this search criteria yet.

<B><font color = 'Blue-Violet'> 12th Ad -</font> 
<B><font color = 'red'> ==> -</font> Oops! Looks like we don't have data for this search criteria yet.

<B><font color = 'Blue-Violet'> 13th Ad -</font> 
<B><font color = 'red'> ==> -</font> Oops! Looks like we don't have data for this search criteria yet.

<B><font color = 'Blue-Violet'> 14th Ad -</font> 
<B><font color = 'red'> ==> -</font> Oops! Looks like we don't have data for this search criteria yet.

<B><font color = 'Blue-Violet'> 15th Ad -</font> 
<B><font color = 'red'> ==> -</font> Oops! Looks like we don't have data for this search criteria yet.

<B><font color = 'green'> Ads Seen Between : _Last Thirty Days -</font> 
<B><font color = 'orange'> Step 1 -</font> Clicked On Ads Seen Between.
<B><font color = 'orange'> Step 2 -</font> Clicked On Last_Thirty_Days_Button in Ads Seen Between.
<B><font color = 'orange'> Step 3 -</font> Clicked On Search Bar.
<B><font color = 'orange'> Step 4 -</font> Total_Ads_Count_LastThirtDays= 251

<B><font color = 'Blue-Violet'> 1st Ad -</font> 
<B><font color = 'blue'> ==> -</font> Clicked On Last_Thirty_Days Image = 28 March 2023
<B><font color = 'blue'> ==> -</font> ID of the Ad = 29780
<B><font color = 'blue'> ==> -</font> Clicked on showAnalytics Button
<B><font color = 'blue'> ==> -</font> Last_Seen_childWindow AdDetails Page= 28 March 2023
<B><font color = 'blue'> ==> -</font> Image Date =  28 March 2023    ::    Last Seeen Date = 28 March 2023  are same == PASS

<B><font color = 'Blue-Violet'> 2nd Ad -</font> 
<B><font color = 'blue'> ==> -</font> Clicked On Last_Thirty_Days Image = 28 March 2023
<B><font color = 'blue'> ==> -</font> ID of the Ad = 29779
<B><font color = 'blue'> ==> -</font> Clicked on showAnalytics Button
<B><font color = 'blue'> ==> -</font> Last_Seen_childWindow AdDetails Page= 28 March 2023
<B><font color = 'blue'> ==> -</font> Image Date =  28 March 2023    ::    Last Seeen Date = 28 March 2023  are same == PASS

<B><font color = 'Blue-Violet'> 3rd Ad -</font> 
<B><font color = 'blue'> ==> -</font> Clicked On Last_Thirty_Days Image = 22 March 2023
<B><font color = 'blue'> ==> -</font> ID of the Ad = 29778
<B><font color = 'blue'> ==> -</font> Clicked on showAnalytics Button
<B><font color = 'blue'> ==> -</font> Last_Seen_childWindow AdDetails Page= 22 March 2023
<B><font color = 'blue'> ==> -</font> Image Date =  22 March 2023    ::    Last Seeen Date = 22 March 2023  are same == PASS

<B><font color = 'Blue-Violet'> 4th Ad -</font> 
<B><font color = 'blue'> ==> -</font> Clicked On Last_Thirty_Days Image = 22 March 2023
<B><font color = 'blue'> ==> -</font> ID of the Ad = 29777
<B><font color = 'blue'> ==> -</font> Clicked on showAnalytics Button
<B><font color = 'blue'> ==> -</font> Last_Seen_childWindow AdDetails Page= 22 March 2023
<B><font color = 'blue'> ==> -</font> Image Date =  22 March 2023    ::    Last Seeen Date = 22 March 2023  are same == PASS

<B><font color = 'Blue-Violet'> 5th Ad -</font> 
<B><font color = 'blue'> ==> -</font> Clicked On Last_Thirty_Days Image = 22 March 2023
<B><font color = 'blue'> ==> -</font> ID of the Ad = 29776
<B><font color = 'blue'> ==> -</font> Clicked on showAnalytics Button
<B><font color = 'blue'> ==> -</font> Last_Seen_childWindow AdDetails Page= 22 March 2023
<B><font color = 'blue'> ==> -</font> Image Date =  22 March 2023    ::    Last Seeen Date = 22 March 2023  are same == PASS

<B><font color = 'Blue-Violet'> 6th Ad -</font> 
<B><font color = 'blue'> ==> -</font> Clicked On Last_Thirty_Days Image = 22 March 2023
<B><font color = 'blue'> ==> -</font> ID of the Ad = 29775
<B><font color = 'blue'> ==> -</font> Clicked on showAnalytics Button
<B><font color = 'blue'> ==> -</font> Last_Seen_childWindow AdDetails Page= 22 March 2023
<B><font color = 'blue'> ==> -</font> Image Date =  22 March 2023    ::    Last Seeen Date = 22 March 2023  are same == PASS

<B><font color = 'Blue-Violet'> 7th Ad -</font> 
<B><font color = 'blue'> ==> -</font> Clicked On Last_Thirty_Days Image = 22 March 2023
<B><font color = 'blue'> ==> -</font> ID of the 7th Ad = 29774
<B><font color = 'blue'> ==> -</font> Clicked on showAnalytics Button
<B><font color = 'blue'> ==> -</font> Last_Seen_childWindow AdDetails Page= 22 March 2023
<B><font color = 'blue'> ==> -</font> Image Date =  22 March 2023    ::    Last Seeen Date = 22 March 2023  are same == PASS

<B><font color = 'Blue-Violet'> 8th Ad -</font> 
<B><font color = 'blue'> ==> -</font> Clicked On Last_Thirty_Days Image = 22 March 2023
<B><font color = 'blue'> ==> -</font> ID of the 8th Ad = 29773
<B><font color = 'blue'> ==> -</font> Clicked on showAnalytics Button
<B><font color = 'blue'> ==> -</font> Last_Seen_childWindow AdDetails Page= 22 March 2023
<B><font color = 'blue'> ==> -</font> Image Date =  22 March 2023    ::    Last Seeen Date = 22 March 2023  are same == PASS

<B><font color = 'Blue-Violet'> 9th Ad -</font> 
<B><font color = 'blue'> ==> -</font> Clicked On Last_Thirty_Days Image = 22 March 2023
<B><font color = 'blue'> ==> -</font> ID of the 9th Ad = 29772
<B><font color = 'blue'> ==> -</font> Clicked on showAnalytics Button
<B><font color = 'blue'> ==> -</font> Last_Seen_childWindow AdDetails Page= 22 March 2023
<B><font color = 'blue'> ==> -</font> Image Date =  22 March 2023    ::    Last Seeen Date = 22 March 2023  are same == PASS

<B><font color = 'Blue-Violet'> 10th Ad -</font> 
<B><font color = 'blue'> ==> -</font> Clicked On Last_Thirty_Days Image = 22 March 2023
<B><font color = 'blue'> ==> -</font> ID of the 10th Ad = 29771
<B><font color = 'blue'> ==> -</font> Clicked on showAnalytics Button
<B><font color = 'blue'> ==> -</font> Last_Seen_childWindow AdDetails Page= 22 March 2023
<B><font color = 'blue'> ==> -</font> Image Date =  22 March 2023    ::    Last Seeen Date = 22 March 2023  are same == PASS

<B><font color = 'Blue-Violet'> 11th Ad -</font> 
<B><font color = 'blue'> ==> -</font> Clicked On Last_Thirty_Days Image = 22 March 2023
<B><font color = 'blue'> ==> -</font> ID of the 11th Ad = 29770
<B><font color = 'blue'> ==> -</font> Clicked on showAnalytics Button
<B><font color = 'blue'> ==> -</font> Last_Seen_childWindow AdDetails Page= 22 March 2023
<B><font color = 'blue'> ==> -</font> Image Date =  22 March 2023    ::    Last Seeen Date = 22 March 2023  are same == PASS

<B><font color = 'Blue-Violet'> 12 Ad -</font> 
<B><font color = 'blue'> ==> -</font> Clicked On Last_Thirty_Days Image = 22 March 2023
<B><font color = 'blue'> ==> -</font> ID of the 12th Ad = 29769
<B><font color = 'blue'> ==> -</font> Clicked on showAnalytics Button
<B><font color = 'blue'> ==> -</font> Last_Seen_childWindow AdDetails Page= 22 March 2023
<B><font color = 'blue'> ==> -</font> Image Date =  22 March 2023    ::    Last Seeen Date = 22 March 2023  are same == PASS

<B><font color = 'Blue-Violet'> 13th Ad -</font> 
<B><font color = 'blue'> ==> -</font> Clicked On Last_Thirty_Days Image = 22 March 2023
<B><font color = 'blue'> ==> -</font> ID of the 13th Ad = 29768
<B><font color = 'blue'> ==> -</font> Clicked on showAnalytics Button
<B><font color = 'blue'> ==> -</font> Last_Seen_childWindow AdDetails Page= 22 March 2023
<B><font color = 'blue'> ==> -</font> Image Date =  22 March 2023    ::    Last Seeen Date = 22 March 2023  are same == PASS

<B><font color = 'Blue-Violet'> 14th Ad -</font> 
<B><font color = 'blue'> ==> -</font> Clicked On Last_Thirty_Days Image = 22 March 2023
<B><font color = 'blue'> ==> -</font> ID of the 14th Ad = 29767
<B><font color = 'blue'> ==> -</font> Clicked on showAnalytics Button
<B><font color = 'blue'> ==> -</font> Last_Seen_childWindow AdDetails Page= 22 March 2023
<B><font color = 'blue'> ==> -</font> Image Date =  22 March 2023    ::    Last Seeen Date = 22 March 2023  are same == PASS

<B><font color = 'Blue-Violet'> 15th Ad -</font> 
<B><font color = 'blue'> ==> -</font> Clicked On Last_Thirty_Days Image = 22 March 2023
<B><font color = 'blue'> ==> -</font> ID of the 15th Ad = 29766
<B><font color = 'blue'> ==> -</font> Clicked on showAnalytics Button
<B><font color = 'blue'> ==> -</font> Last_Seen_childWindow AdDetails Page= 22 March 2023
<B><font color = 'blue'> ==> -</font> Image Date =  22 March 2023    ::    Last Seeen Date = 22 March 2023  are same == PASS

<B><font color = 'green'> Ads Seen Between :This_Month_Button -</font> 
<B><font color = 'orange'> Step 1 -</font> Clicked On Ads Seen Between.
<B><font color = 'orange'> Step 2 -</font> Clicked On This_Month_Button in Ads Seen Between.
<B><font color = 'orange'> Step 3 -</font> Clicked On Search Bar.
<B><font color = 'orange'> Step 4 -</font> Total_Ads_Count_ThisMonth= 251

<B><font color = 'Blue-Violet'> 1st Ad -</font> 
<B><font color = 'blue'> ==> -</font> Clicked On This Month Image = 28 March 2023
<B><font color = 'blue'> ==> -</font> ID of the Ad = 29780
<B><font color = 'blue'> ==> -</font> Clicked on showAnalytics Button
<B><font color = 'blue'> ==> -</font> Last_Seen_childWindow AdDetails Page= 28 March 2023
<B><font color = 'blue'> ==> -</font> Image Date =  28 March 2023    ::    Last Seeen Date = 28 March 2023  are same == PASS

<B><font color = 'Blue-Violet'> 2nd Ad -</font> 
<B><font color = 'blue'> ==> -</font> Clicked On This Month Image = 28 March 2023
<B><font color = 'blue'> ==> -</font> ID of the Ad = 29779
<B><font color = 'blue'> ==> -</font> Clicked on showAnalytics Button
<B><font color = 'blue'> ==> -</font> Last_Seen_childWindow AdDetails Page= 28 March 2023
<B><font color = 'blue'> ==> -</font> Image Date =  28 March 2023    ::    Last Seeen Date = 28 March 2023  are same == PASS

<B><font color = 'Blue-Violet'> 3rd Ad -</font> 
<B><font color = 'blue'> ==> -</font> Clicked On This Month Image = 22 March 2023
<B><font color = 'blue'> ==> -</font> ID of the Ad = 29778
<B><font color = 'blue'> ==> -</font> Clicked on showAnalytics Button
<B><font color = 'blue'> ==> -</font> Last_Seen_childWindow AdDetails Page= 22 March 2023
<B><font color = 'blue'> ==> -</font> Image Date =  22 March 2023    ::    Last Seeen Date = 22 March 2023  are same == PASS

<B><font color = 'Blue-Violet'> 4th Ad -</font> 
<B><font color = 'blue'> ==> -</font> Clicked On This Month Image = 22 March 2023
<B><font color = 'blue'> ==> -</font> ID of the Ad = 29777
<B><font color = 'blue'> ==> -</font> Clicked on showAnalytics Button
<B><font color = 'blue'> ==> -</font> Last_Seen_childWindow AdDetails Page= 22 March 2023
<B><font color = 'blue'> ==> -</font> Image Date =  22 March 2023    ::    Last Seeen Date = 22 March 2023  are same == PASS

<B><font color = 'Blue-Violet'> 5th Ad -</font> 
<B><font color = 'blue'> ==> -</font> Clicked On This Month Image = 22 March 2023
<B><font color = 'blue'> ==> -</font> ID of the Ad = 29776
<B><font color = 'blue'> ==> -</font> Clicked on showAnalytics Button
<B><font color = 'blue'> ==> -</font> Last_Seen_childWindow AdDetails Page= 22 March 2023
<B><font color = 'blue'> ==> -</font> Image Date =  22 March 2023    ::    Last Seeen Date = 22 March 2023  are same == PASS

<B><font color = 'Blue-Violet'> 6th Ad -</font> 
<B><font color = 'blue'> ==> -</font> Clicked On This Month Image = 22 March 2023
<B><font color = 'blue'> ==> -</font> ID of the Ad = 29775
<B><font color = 'blue'> ==> -</font> Clicked on showAnalytics Button
<B><font color = 'blue'> ==> -</font> Last_Seen_childWindow AdDetails Page= 22 March 2023
<B><font color = 'blue'> ==> -</font> Image Date =  22 March 2023    ::    Last Seeen Date = 22 March 2023  are same == PASS

<B><font color = 'Blue-Violet'> 7th Ad -</font> 
<B><font color = 'blue'> ==> -</font> Clicked On This Month Image = 22 March 2023
<B><font color = 'blue'> ==> -</font> ID of the Ad = 29774
<B><font color = 'blue'> ==> -</font> Clicked on showAnalytics Button
<B><font color = 'blue'> ==> -</font> Last_Seen_childWindow AdDetails Page= 22 March 2023
<B><font color = 'blue'> ==> -</font> Image Date =  22 March 2023    ::    Last Seeen Date = 22 March 2023  are same == PASS

<B><font color = 'Blue-Violet'> 8th Ad -</font> 
<B><font color = 'blue'> ==> -</font> Clicked On This Month Image = 22 March 2023
<B><font color = 'blue'> ==> -</font> ID of the Ad = 29773
<B><font color = 'blue'> ==> -</font> Clicked on showAnalytics Button
<B><font color = 'blue'> ==> -</font> Last_Seen_childWindow AdDetails Page= 22 March 2023
<B><font color = 'blue'> ==> -</font> Image Date =  22 March 2023    ::    Last Seeen Date = 22 March 2023  are same == PASS

<B><font color = 'Blue-Violet'> 9th Ad -</font> 
<B><font color = 'blue'> ==> -</font> Clicked On This Month Image = 22 March 2023
<B><font color = 'blue'> ==> -</font> ID of the Ad = 29772
<B><font color = 'blue'> ==> -</font> Clicked on showAnalytics Button
<B><font color = 'blue'> ==> -</font> Last_Seen_childWindow AdDetails Page= 22 March 2023
<B><font color = 'blue'> ==> -</font> Image Date =  22 March 2023    ::    Last Seeen Date = 22 March 2023  are same == PASS

<B><font color = 'Blue-Violet'> 10th Ad -</font> 
<B><font color = 'blue'> ==> -</font> Clicked On This Month Image = 22 March 2023
<B><font color = 'blue'> ==> -</font> ID of the Ad = 29771
<B><font color = 'blue'> ==> -</font> Clicked on showAnalytics Button
<B><font color = 'blue'> ==> -</font> Last_Seen_childWindow AdDetails Page= 22 March 2023
<B><font color = 'blue'> ==> -</font> Image Date =  22 March 2023    ::    Last Seeen Date = 22 March 2023  are same == PASS

<B><font color = 'Blue-Violet'> 11th Ad -</font> 
<B><font color = 'blue'> ==> -</font> Clicked On This Month Image = 22 March 2023
<B><font color = 'blue'> ==> -</font> ID of the Ad = 29770
<B><font color = 'blue'> ==> -</font> Clicked on showAnalytics Button
<B><font color = 'blue'> ==> -</font> Last_Seen_childWindow AdDetails Page= 22 March 2023
<B><font color = 'blue'> ==> -</font> Image Date =  22 March 2023    ::    Last Seeen Date = 22 March 2023  are same == PASS

<B><font color = 'Blue-Violet'> 12th Ad -</font> 
<B><font color = 'blue'> ==> -</font> Clicked On This Month Image = 22 March 2023
<B><font color = 'blue'> ==> -</font> ID of the Ad = 29769
<B><font color = 'blue'> ==> -</font> Clicked on showAnalytics Button
<B><font color = 'blue'> ==> -</font> Last_Seen_childWindow AdDetails Page= 22 March 2023
<B><font color = 'blue'> ==> -</font> Image Date =  22 March 2023    ::    Last Seeen Date = 22 March 2023  are same == PASS

<B><font color = 'Blue-Violet'> 13th Ad -</font> 
<B><font color = 'blue'> ==> -</font> Clicked On This Month Image = 22 March 2023
<B><font color = 'blue'> ==> -</font> ID of the Ad = 29768
<B><font color = 'blue'> ==> -</font> Clicked on showAnalytics Button
<B><font color = 'blue'> ==> -</font> Last_Seen_childWindow AdDetails Page= 22 March 2023
<B><font color = 'blue'> ==> -</font> Image Date =  22 March 2023    ::    Last Seeen Date = 22 March 2023  are same == PASS

<B><font color = 'Blue-Violet'> 14th Ad -</font> 
<B><font color = 'blue'> ==> -</font> Clicked On This Month Image = 22 March 2023
<B><font color = 'blue'> ==> -</font> ID of the Ad = 29767
<B><font color = 'blue'> ==> -</font> Clicked on showAnalytics Button
<B><font color = 'blue'> ==> -</font> Last_Seen_childWindow AdDetails Page= 22 March 2023
<B><font color = 'blue'> ==> -</font> Image Date =  22 March 2023    ::    Last Seeen Date = 22 March 2023  are same == PASS

<B><font color = 'Blue-Violet'> 15th Ad -</font> 
<B><font color = 'blue'> ==> -</font> Clicked On This Month Image = 22 March 2023
<B><font color = 'blue'> ==> -</font> ID of the Ad = 29766
<B><font color = 'blue'> ==> -</font> Clicked on showAnalytics Button
<B><font color = 'blue'> ==> -</font> Last_Seen_childWindow AdDetails Page= 22 March 2023
<B><font color = 'blue'> ==> -</font> Image Date =  22 March 2023    ::    Last Seeen Date = 22 March 2023  are same == PASS

<B><font color = 'green'> Ads Seen Between :Last Month -</font> 
<B><font color = 'orange'> Step 1 -</font> Clicked On Ads Seen Between.
<B><font color = 'orange'> Step 2 -</font> Clicked On Last_Month_Button in Ads Seen Between.
<B><font color = 'orange'> Step 3 -</font> Clicked On Search Bar.
<B><font color = 'orange'> Step 4 -</font> Total_Ads_Count_LastMonth= 77

<B><font color = 'Blue-Violet'> 1st Ad -</font> 
<B><font color = 'blue'> ==> -</font> Clicked On Last Month Image = 27 February 2023
<B><font color = 'blue'> ==> -</font> ID of the Ad = 29529
<B><font color = 'blue'> ==> -</font> Clicked on showAnalytics Button
<B><font color = 'blue'> ==> -</font> Last_Seen_childWindow AdDetails Page= 27 February 2023
<B><font color = 'blue'> ==> -</font> Image Date =  27 February 2023    ::    Last Seeen Date = 27 February 2023  are same == PASS

<B><font color = 'Blue-Violet'> 2nd Ad -</font> 
<B><font color = 'blue'> ==> -</font> Clicked On Last Month Image = 27 February 2023
<B><font color = 'blue'> ==> -</font> ID of the Ad = 29528
<B><font color = 'blue'> ==> -</font> Clicked on showAnalytics Button
<B><font color = 'blue'> ==> -</font> Last_Seen_childWindow AdDetails Page= 27 February 2023
<B><font color = 'blue'> ==> -</font> Image Date =  27 February 2023    ::    Last Seeen Date = 27 February 2023  are same == PASS

<B><font color = 'Blue-Violet'> 3rd Ad -</font> 
<B><font color = 'blue'> ==> -</font> Clicked On Last Month Image = 21 February 2023
<B><font color = 'blue'> ==> -</font> ID of the Ad = 29527
<B><font color = 'blue'> ==> -</font> Clicked on showAnalytics Button
<B><font color = 'blue'> ==> -</font> Last_Seen_childWindow AdDetails Page= 21 February 2023
<B><font color = 'blue'> ==> -</font> Image Date =  21 February 2023    ::    Last Seeen Date = 21 February 2023  are same == PASS

<B><font color = 'Blue-Violet'> 4th Ad -</font> 
<B><font color = 'blue'> ==> -</font> Clicked On Last Month Image = 21 February 2023
<B><font color = 'blue'> ==> -</font> ID of the Ad = 29526
<B><font color = 'blue'> ==> -</font> Clicked on showAnalytics Button
<B><font color = 'blue'> ==> -</font> Last_Seen_childWindow AdDetails Page= 21 February 2023
<B><font color = 'blue'> ==> -</font> Image Date =  21 February 2023    ::    Last Seeen Date = 21 February 2023  are same == PASS

<B><font color = 'Blue-Violet'> 5th Ad -</font> 
<B><font color = 'blue'> ==> -</font> Clicked On Last Month Image = 21 February 2023
<B><font color = 'blue'> ==> -</font> ID of the Ad = 29525
<B><font color = 'blue'> ==> -</font> Clicked on showAnalytics Button
<B><font color = 'blue'> ==> -</font> Last_Seen_childWindow AdDetails Page= 21 February 2023
<B><font color = 'blue'> ==> -</font> Image Date =  21 February 2023    ::    Last Seeen Date = 21 February 2023  are same == PASS

<B><font color = 'Blue-Violet'> 6th Ad -</font> 
<B><font color = 'blue'> ==> -</font> Clicked On Last Month Image = 21 February 2023
<B><font color = 'blue'> ==> -</font> ID of the Ad = 29524
<B><font color = 'blue'> ==> -</font> Clicked on showAnalytics Button
<B><font color = 'blue'> ==> -</font> Last_Seen_childWindow AdDetails Page= 21 February 2023
<B><font color = 'blue'> ==> -</font> Image Date =  21 February 2023    ::    Last Seeen Date = 21 February 2023  are same == PASS

<B><font color = 'Blue-Violet'> 7th Ad -</font> 
<B><font color = 'blue'> ==> -</font> Clicked On Last Month Image = 21 February 2023
<B><font color = 'blue'> ==> -</font> ID of the Ad = 29523
<B><font color = 'blue'> ==> -</font> Clicked on showAnalytics Button
<B><font color = 'blue'> ==> -</font> Last_Seen_childWindow AdDetails Page= 21 February 2023
<B><font color = 'blue'> ==> -</font> Image Date =  21 February 2023    ::    Last Seeen Date = 21 February 2023  are same == PASS

<B><font color = 'Blue-Violet'> 8th Ad -</font> 
<B><font color = 'blue'> ==> -</font> Clicked On Last Month Image = 21 February 2023
<B><font color = 'blue'> ==> -</font> ID of the Ad = 29522
<B><font color = 'blue'> ==> -</font> Clicked on showAnalytics Button
<B><font color = 'blue'> ==> -</font> Last_Seen_childWindow AdDetails Page= 21 February 2023
<B><font color = 'blue'> ==> -</font> Image Date =  21 February 2023    ::    Last Seeen Date = 21 February 2023  are same == PASS

<B><font color = 'Blue-Violet'> 9th Ad -</font> 
<B><font color = 'blue'> ==> -</font> Clicked On Last Month Image = 21 February 2023
<B><font color = 'blue'> ==> -</font> ID of the Ad = 29521
<B><font color = 'blue'> ==> -</font> Clicked on showAnalytics Button
<B><font color = 'blue'> ==> -</font> Last_Seen_childWindow AdDetails Page= 21 February 2023
<B><font color = 'blue'> ==> -</font> Image Date =  21 February 2023    ::    Last Seeen Date = 21 February 2023  are same == PASS

<B><font color = 'Blue-Violet'> 10th Ad -</font> 
<B><font color = 'blue'> ==> -</font> Clicked On Last Month Image = 21 February 2023
<B><font color = 'blue'> ==> -</font> ID of the Ad = 29520
<B><font color = 'blue'> ==> -</font> Clicked on showAnalytics Button
<B><font color = 'blue'> ==> -</font> Last_Seen_childWindow AdDetails Page= 21 February 2023
<B><font color = 'blue'> ==> -</font> Image Date =  21 February 2023    ::    Last Seeen Date = 21 February 2023  are same == PASS

<B><font color = 'Blue-Violet'> 11th Ad -</font> 
<B><font color = 'blue'> ==> -</font> Clicked On Last Month Image = 21 February 2023
<B><font color = 'blue'> ==> -</font> ID of the Ad = 29519
<B><font color = 'blue'> ==> -</font> Clicked on showAnalytics Button
<B><font color = 'blue'> ==> -</font> Last_Seen_childWindow AdDetails Page= 21 February 2023
<B><font color = 'blue'> ==> -</font> Image Date =  21 February 2023    ::    Last Seeen Date = 21 February 2023  are same == PASS

<B><font color = 'Blue-Violet'> 12th Ad -</font> 
<B><font color = 'blue'> ==> -</font> Clicked On Last Month Image = 21 February 2023
<B><font color = 'blue'> ==> -</font> ID of the Ad = 29518
<B><font color = 'blue'> ==> -</font> Clicked on showAnalytics Button
<B><font color = 'blue'> ==> -</font> Last_Seen_childWindow AdDetails Page= 21 February 2023
<B><font color = 'blue'> ==> -</font> Image Date =  21 February 2023    ::    Last Seeen Date = 21 February 2023  are same == PASS

<B><font color = 'Blue-Violet'> 13th Ad -</font> 
<B><font color = 'blue'> ==> -</font> Clicked On Last Month Image = 21 February 2023
<B><font color = 'blue'> ==> -</font> ID of the Ad = 29517
<B><font color = 'blue'> ==> -</font> Clicked on showAnalytics Button
<B><font color = 'blue'> ==> -</font> Last_Seen_childWindow AdDetails Page= 21 February 2023
<B><font color = 'blue'> ==> -</font> Image Date =  21 February 2023    ::    Last Seeen Date = 21 February 2023  are same == PASS

<B><font color = 'Blue-Violet'> 14th Ad -</font> 
<B><font color = 'blue'> ==> -</font> Clicked On Last Month Image = 21 February 2023
<B><font color = 'blue'> ==> -</font> ID of the Ad = 29516
<B><font color = 'blue'> ==> -</font> Clicked on showAnalytics Button
<B><font color = 'blue'> ==> -</font> Last_Seen_childWindow AdDetails Page= 21 February 2023
<B><font color = 'blue'> ==> -</font> Image Date =  21 February 2023    ::    Last Seeen Date = 21 February 2023  are same == PASS

<B><font color = 'Blue-Violet'> 15th Ad -</font> 
<B><font color = 'blue'> ==> -</font> Clicked On Last Month Image = 21 February 2023
<B><font color = 'blue'> ==> -</font> ID of the Ad = 29515
<B><font color = 'blue'> ==> -</font> Clicked on showAnalytics Button
<B><font color = 'blue'> ==> -</font> Last_Seen_childWindow AdDetails Page= 21 February 2023
<B><font color = 'blue'> ==> -</font> Image Date =  21 February 2023    ::    Last Seeen Date = 21 February 2023  are same == PASS]]>
  </system-out>
</testsuite> <!-- com.power.testcases.Verify_Instagram_Dashboard_AddSeenBetween -->
