<?xml version="1.0" encoding="UTF-8"?>
<!-- Generated by org.testng.reporters.JUnitReportReporter -->
<testsuite hostname="GLB-459-PC" failures="0" tests="1" name="com.power.testcases.Verify_Reddit_Functionality_Of_RightSide_Icon_TestScript" time="121.417" errors="1" timestamp="2023-02-09T15:20:12 IST" skipped="0">
  <testcase classname="com.power.testcases.Verify_Reddit_Functionality_Of_RightSide_Icon_TestScript" name="Reddit_Functionality_Of_RightSide_Icon_TestScript" time="121.417">
    <error message="element click intercepted: Element &lt;img src=&quot;/assets/imgs/rd.png&quot; style=&quot;border: solid 2px white&quot;&gt; is not clickable at point (38, 297). Other element would receive the click: &lt;div class=&quot;swal-overlay swal-overlay--show-modal&quot; tabindex=&quot;-1&quot;&gt;...&lt;/div&gt;
  (Session info: chrome=109.0.5414.121)
Build info: version: &#039;4.6.0&#039;, revision: &#039;79f1c02ae20&#039;
System info: os.name: &#039;Windows 10&#039;, os.arch: &#039;amd64&#039;, os.version: &#039;10.0&#039;, java.version: &#039;17.0.4.1&#039;
Driver info: org.openqa.selenium.chrome.ChromeDriver
Command: [9a046a35c0d6b6fbb5bba378b905edf0, clickElement {id=8bd9aadc-febf-456a-acc4-30960487ac5b}]
Capabilities {acceptInsecureCerts: false, browserName: chrome, browserVersion: 109.0.5414.121, chrome: {chromedriverVersion: 109.0.5414.74 (e7c5703604da..., userDataDir: C:\Users\Dsurya\AppData\Loc...}, goog:chromeOptions: {debuggerAddress: localhost:62025}, networkConnectionEnabled: false, pageLoadStrategy: normal, platformName: WINDOWS, proxy: Proxy(), se:cdp: ws://localhost:62025/devtoo..., se:cdpVersion: 109.0.5414.121, setWindowRect: true, strictFileInteractability: false, timeouts: {implicit: 0, pageLoad: 300000, script: 30000}, unhandledPromptBehavior: dismiss and notify, webauthn:extension:credBlob: true, webauthn:extension:largeBlob: true, webauthn:virtualAuthenticators: true}
Element: [[ChromeDriver: chrome on WINDOWS (9a046a35c0d6b6fbb5bba378b905edf0)] -&gt; css selector: a[id=&#039;reddit_ads&#039;] img]
Session ID: 9a046a35c0d6b6fbb5bba378b905edf0" type="org.openqa.selenium.ElementClickInterceptedException">
      <![CDATA[org.openqa.selenium.ElementClickInterceptedException: element click intercepted: Element <img src="/assets/imgs/rd.png" style="border: solid 2px white"> is not clickable at point (38, 297). Other element would receive the click: <div class="swal-overlay swal-overlay--show-modal" tabindex="-1">...</div>
  (Session info: chrome=109.0.5414.121)
Build info: version: '4.6.0', revision: '79f1c02ae20'
System info: os.name: 'Windows 10', os.arch: 'amd64', os.version: '10.0', java.version: '17.0.4.1'
Driver info: org.openqa.selenium.chrome.ChromeDriver
Command: [9a046a35c0d6b6fbb5bba378b905edf0, clickElement {id=8bd9aadc-febf-456a-acc4-30960487ac5b}]
Capabilities {acceptInsecureCerts: false, browserName: chrome, browserVersion: 109.0.5414.121, chrome: {chromedriverVersion: 109.0.5414.74 (e7c5703604da..., userDataDir: C:\Users\Dsurya\AppData\Loc...}, goog:chromeOptions: {debuggerAddress: localhost:62025}, networkConnectionEnabled: false, pageLoadStrategy: normal, platformName: WINDOWS, proxy: Proxy(), se:cdp: ws://localhost:62025/devtoo..., se:cdpVersion: 109.0.5414.121, setWindowRect: true, strictFileInteractability: false, timeouts: {implicit: 0, pageLoad: 300000, script: 30000}, unhandledPromptBehavior: dismiss and notify, webauthn:extension:credBlob: true, webauthn:extension:largeBlob: true, webauthn:virtualAuthenticators: true}
Element: [[ChromeDriver: chrome on WINDOWS (9a046a35c0d6b6fbb5bba378b905edf0)] -> css selector: a[id='reddit_ads'] img]
Session ID: 9a046a35c0d6b6fbb5bba378b905edf0
at java.base/jdk.internal.reflect.NativeConstructorAccessorImpl.newInstance0(Native Method)
at java.base/jdk.internal.reflect.NativeConstructorAccessorImpl.newInstance(NativeConstructorAccessorImpl.java:77)
at java.base/jdk.internal.reflect.DelegatingConstructorAccessorImpl.newInstance(DelegatingConstructorAccessorImpl.java:45)
at java.base/java.lang.reflect.Constructor.newInstanceWithCaller(Constructor.java:499)
at java.base/java.lang.reflect.Constructor.newInstance(Constructor.java:480)
at org.openqa.selenium.remote.codec.w3c.W3CHttpResponseCodec.createException(W3CHttpResponseCodec.java:200)
at org.openqa.selenium.remote.codec.w3c.W3CHttpResponseCodec.decode(W3CHttpResponseCodec.java:133)
at org.openqa.selenium.remote.codec.w3c.W3CHttpResponseCodec.decode(W3CHttpResponseCodec.java:53)
at org.openqa.selenium.remote.HttpCommandExecutor.execute(HttpCommandExecutor.java:184)
at org.openqa.selenium.remote.service.DriverCommandExecutor.invokeExecute(DriverCommandExecutor.java:167)
at org.openqa.selenium.remote.service.DriverCommandExecutor.execute(DriverCommandExecutor.java:142)
at org.openqa.selenium.remote.RemoteWebDriver.execute(RemoteWebDriver.java:541)
at org.openqa.selenium.remote.RemoteWebElement.execute(RemoteWebElement.java:257)
at org.openqa.selenium.remote.RemoteWebElement.click(RemoteWebElement.java:78)
at java.base/jdk.internal.reflect.NativeMethodAccessorImpl.invoke0(Native Method)
at java.base/jdk.internal.reflect.NativeMethodAccessorImpl.invoke(NativeMethodAccessorImpl.java:77)
at java.base/jdk.internal.reflect.DelegatingMethodAccessorImpl.invoke(DelegatingMethodAccessorImpl.java:43)
at java.base/java.lang.reflect.Method.invoke(Method.java:568)
at org.openqa.selenium.support.pagefactory.internal.LocatingElementHandler.invoke(LocatingElementHandler.java:52)
at jdk.proxy2/jdk.proxy2.$Proxy22.click(Unknown Source)
at com.power.qa.pages.Reddit_Pages.Youtube(Reddit_Pages.java:28392)
at com.power.testcases.Verify_Reddit_Functionality_Of_RightSide_Icon_TestScript.Reddit_Functionality_Of_RightSide_Icon_TestScript(Verify_Reddit_Functionality_Of_RightSide_Icon_TestScript.java:24)
at java.base/jdk.internal.reflect.NativeMethodAccessorImpl.invoke0(Native Method)
at java.base/jdk.internal.reflect.NativeMethodAccessorImpl.invoke(NativeMethodAccessorImpl.java:77)
at java.base/jdk.internal.reflect.DelegatingMethodAccessorImpl.invoke(DelegatingMethodAccessorImpl.java:43)
at java.base/java.lang.reflect.Method.invoke(Method.java:568)
at org.testng.internal.invokers.MethodInvocationHelper.invokeMethod(MethodInvocationHelper.java:139)
at org.testng.internal.invokers.TestInvoker.invokeMethod(TestInvoker.java:677)
at org.testng.internal.invokers.TestInvoker.invokeTestMethod(TestInvoker.java:221)
at org.testng.internal.invokers.MethodRunner.runInSequence(MethodRunner.java:50)
at org.testng.internal.invokers.TestInvoker$MethodInvocationAgent.invoke(TestInvoker.java:962)
at org.testng.internal.invokers.TestInvoker.invokeTestMethods(TestInvoker.java:194)
at org.testng.internal.invokers.TestMethodWorker.invokeTestMethods(TestMethodWorker.java:148)
at org.testng.internal.invokers.TestMethodWorker.run(TestMethodWorker.java:128)
at java.base/java.util.ArrayList.forEach(ArrayList.java:1511)
at org.testng.TestRunner.privateRun(TestRunner.java:806)
at org.testng.TestRunner.run(TestRunner.java:601)
at org.testng.SuiteRunner.runTest(SuiteRunner.java:433)
at org.testng.SuiteRunner.runSequentially(SuiteRunner.java:427)
at org.testng.SuiteRunner.privateRun(SuiteRunner.java:387)
at org.testng.SuiteRunner.run(SuiteRunner.java:330)
at org.testng.SuiteRunnerWorker.runSuite(SuiteRunnerWorker.java:52)
at org.testng.SuiteRunnerWorker.run(SuiteRunnerWorker.java:95)
at org.testng.TestNG.runSuitesSequentially(TestNG.java:1256)
at org.testng.TestNG.runSuitesLocally(TestNG.java:1176)
at org.testng.TestNG.runSuites(TestNG.java:1099)
at org.testng.TestNG.run(TestNG.java:1067)
at org.testng.remote.AbstractRemoteTestNG.run(AbstractRemoteTestNG.java:115)
at org.testng.remote.RemoteTestNG.initAndRun(RemoteTestNG.java:251)
at org.testng.remote.RemoteTestNG.main(RemoteTestNG.java:77)
]]>
    </error>
  </testcase> <!-- Reddit_Functionality_Of_RightSide_Icon_TestScript -->
  <system-out>
    <![CDATA[<B><font color = 'purple'> Step1 -</font> Logged into PowerAdSpy Application
<B><font color = 'purple'> Step2 -</font> I am on the page :PowerAdSpy | Facebook Dashboard
<B><font color = 'purple'> Step3 -</font> Power Ad Spy Logo is Displayed
<B><font color = 'purple'> Step4 -</font> Clicked On FaceBook Icon
<B><font color = 'purple'> Step1 -</font> Logged into PowerAdSpy Application
<B><font color = 'purple'> Step3 -</font> Power Ad Spy Logo is Displayed
<B><font color = 'purple'> Step2 -</font> I am on the page :PowerAdSpy | Reddit Dashboard
<B><font color = 'purple'> Step4 -</font> Clicked On Reddit Icon
<B><font color = 'red'> - Invited Firend step start here </font>
<B><font color = 'purple'> Step4 -</font> Clicked On Reddit Icon
<B><font color = 'orange'> Step2 -</font> Clicked On Invited Firend Icon
<B><font color = 'orange'> Step3 -</font> Invited Firend: PowerAdSpy | Invite Friend
<B><font color = 'orange'> Step4 -</font> Send mail ID To Text Field.
<B><font color = 'orange'> Step5 -</font> chooseFile To Text Field.
<B><font color = 'orange'> Step6 -</font> ChooseFile Click.
<B><font color = 'red'> - YouTube step start here </font> ]]>
  </system-out>
</testsuite> <!-- com.power.testcases.Verify_Reddit_Functionality_Of_RightSide_Icon_TestScript -->
