<?xml version="1.0" encoding="UTF-8"?>
<!-- Generated by org.testng.reporters.JUnitReportReporter -->
<testsuite hostname="GLB-459-PC" failures="0" tests="1" name="com.power.testcases.Verify_Facebook_SortBy_TestScript" time="882.675" errors="0" timestamp="2023-03-29T17:35:30 IST" skipped="0">
  <testcase classname="com.power.testcases.Verify_Facebook_SortBy_TestScript" name="Verify_Facebook_SortBy_TestScript" time="882.675"/>
  <system-out>
    <![CDATA[<B><font color = 'purple'> Step1 -</font> Logged into PowerAdSpy Application
<B><font color = 'purple'> Step2 -</font> I am on the page :PowerAdSpy | Facebook Dashboard
<B><font color = 'purple'> Step3 -</font> Power Ad Spy Logo is Displayed
<B><font color = 'purple'> Step4 -</font> Clicked On FaceBook Icon
    
<B><font color = 'green'>  - ShortBy Newest Step will Start from here </font>  

<B><font color = 'orange'> Step1 -</font> Clicked On sortBy Icon
<B><font color = 'orange'> Step2 -</font> Clicked On SortBy Newest Icon
<B><font color = 'orange'> Step3 -</font> Clicked On search Button Icon
<B><font color = 'orange'> Step4 -</font> Newest Total Ad Count is :Total no. of Ads : 4653
 
<B><font color ='red'> -1 Ad- -</font>  
<B><font color = 'blue'> ==> -</font> Image Date is :28 March 2023
<B><font color = 'blue'> ==> -</font> ID of the  Ad = 21566
<B><font color = 'blue'> ==> -</font> Clicked On Show Analytics Icon
<B><font color = 'blue'> ==> -</font> Image Date of First Seen is :28 March 2023
<B><font color = 'blue'> ==> -</font> Image Date of Last Seen is :28 March 2023
<B><font color = 'blue'> ==> -</font> Image Date of Post Seen is :28 March 2023
<B><font color = 'blue'> ==> -</font> Both Matching Date Assert Pass :28 March 2023=28 March 2023
 
<B><font color ='red'> -2 Ad- -</font>  
<B><font color = 'blue'> ==> -</font> Image Date is :28 March 2023
<B><font color = 'blue'> ==> -</font> ID of the  Ad = 21565
<B><font color = 'blue'> ==> -</font> Clicked On Show Analytics Icon
<B><font color = 'blue'> ==> -</font> Image Date of First Seen is :28 March 2023
<B><font color = 'blue'> ==> -</font> Image Date of Last Seen is :28 March 2023
<B><font color = 'blue'> ==> -</font> Image Date of Post Seen is :27 March 2023
<B><font color = 'blue'> ==> -</font> Both Matching Date Assert Pass :28 March 2023=28 March 2023
 
<B><font color ='red'> -3 Ad- -</font>  
<B><font color = 'blue'> ==> -</font> Image Date is :28 March 2023
<B><font color = 'blue'> ==> -</font> ID of the  Ad = 21564
<B><font color = 'blue'> ==> -</font> Clicked On Show Analytics Icon
<B><font color = 'blue'> ==> -</font> Image Date of First Seen is :28 March 2023
<B><font color = 'blue'> ==> -</font> Image Date of Last Seen is :28 March 2023
<B><font color = 'blue'> ==> -</font> Image Date of Post Seen is :21 March 2023
<B><font color = 'blue'> ==> -</font> Both Matching Date Assert Pass :28 March 2023=28 March 2023
 
<B><font color ='red'> -4 Ad- -</font>  
<B><font color = 'blue'> ==> -</font> Image Date is :28 March 2023
<B><font color = 'blue'> ==> -</font> ID of the  Ad = 21563
<B><font color = 'blue'> ==> -</font> Clicked On Show Analytics Icon
<B><font color = 'blue'> ==> -</font> Image Date of First Seen is :28 March 2023
<B><font color = 'blue'> ==> -</font> Image Date of Last Seen is :28 March 2023
<B><font color = 'blue'> ==> -</font> Image Date of Post Seen is :27 March 2023
<B><font color = 'blue'> ==> -</font> Both Matching Date Assert Pass :28 March 2023=28 March 2023
 
<B><font color ='red'> -5 Ad- -</font>  
<B><font color = 'blue'> ==> -</font> Image Date is :28 March 2023
<B><font color = 'blue'> ==> -</font> ID of the  Ad = 21562
<B><font color = 'blue'> ==> -</font> Clicked On Show Analytics Icon
<B><font color = 'blue'> ==> -</font> Image Date of First Seen is :28 March 2023
<B><font color = 'blue'> ==> -</font> Image Date of Last Seen is :28 March 2023
<B><font color = 'blue'> ==> -</font> Image Date of Post Seen is :28 March 2023
<B><font color = 'blue'> ==> -</font> Both Matching Date Assert Pass :28 March 2023=28 March 2023
 
<B><font color ='red'> 6 Ad- -</font>  
<B><font color = 'blue'> ==> -</font> Image Date is :28 March 2023
<B><font color = 'blue'> ==> -</font> ID of the  Ad = 21561
<B><font color = 'blue'> ==> -</font> Clicked On Show Analytics Icon
<B><font color = 'blue'> ==> -</font> Image Date of First Seen is :28 March 2023
<B><font color = 'blue'> ==> -</font> Image Date of Last Seen is :28 March 2023
<B><font color = 'blue'> ==> -</font> Image Date of Post Seen is :3 January 2023
<B><font color = 'blue'> ==> -</font> Both Matching Date Assert Pass :28 March 2023=28 March 2023
 
<B><font color ='red'> 7 Ad- -</font>  
<B><font color = 'blue'> ==> -</font> Image Date is :28 March 2023
<B><font color = 'blue'> ==> -</font> ID of the  Ad = 21560
<B><font color = 'blue'> ==> -</font> Clicked On Show Analytics Icon
<B><font color = 'blue'> ==> -</font> Image Date of First Seen is :27 March 2023
<B><font color = 'blue'> ==> -</font> Image Date of Last Seen is :28 March 2023
<B><font color = 'blue'> ==> -</font> Image Date of Post Seen is :15 January 2023
<B><font color = 'blue'> ==> -</font> Both Matching Date Assert Pass :28 March 2023=28 March 2023
 
<B><font color ='red'> -8 Ad  -</font>  
<B><font color = 'blue'> ==> -</font> Image Date is :27 March 2023
<B><font color = 'blue'> ==> -</font> ID of the  Ad = 21559
<B><font color = 'blue'> ==> -</font> Clicked On Show Analytics Icon
<B><font color = 'blue'> ==> -</font> Image Date of First Seen is :27 March 2023
<B><font color = 'blue'> ==> -</font> Image Date of Last Seen is :27 March 2023
<B><font color = 'blue'> ==> -</font> Image Date of Post Seen is :1 December 2022
<B><font color = 'blue'> ==> -</font> Both Matching Date Assert Pass :27 March 2023=27 March 2023
 
<B><font color ='red'> 9 Ad- </font>  
<B><font color = 'blue'> ==> -</font> Image Date is :27 March 2023
<B><font color = 'blue'> ==> -</font> ID of the  Ad = 21558
<B><font color = 'blue'> ==> -</font> Clicked On Show Analytics Icon
<B><font color = 'blue'> ==> -</font> Image Date of First Seen is :27 March 2023
<B><font color = 'blue'> ==> -</font> Image Date of Last Seen is :27 March 2023
<B><font color = 'blue'> ==> -</font> Image Date of Post Seen is :20 March 2023
<B><font color = 'blue'> ==> -</font> Both Matching Date Assert Pass :27 March 2023=27 March 2023
 
<B><font color ='red'> -10 Ad</font>  
<B><font color = 'blue'> ==> -</font> Image Date is :27 March 2023
<B><font color = 'blue'> ==> -</font> ID of the  Ad = 21557
<B><font color = 'blue'> ==> -</font> Clicked On Show Analytics Icon
<B><font color = 'blue'> ==> -</font> Image Date of First Seen is :27 March 2023
<B><font color = 'blue'> ==> -</font> Image Date of Last Seen is :27 March 2023
<B><font color = 'blue'> ==> -</font> Image Date of Post Seen is :6 March 2023
<B><font color = 'blue'> ==> -</font> Both Matching Date Assert Pass :27 March 2023=27 March 2023
 
<B><font color ='red'> -11 Ad </font>  
<B><font color = 'blue'> ==> -</font> Image Date is :27 March 2023
<B><font color = 'blue'> ==> -</font> ID of the  Ad = 21556
<B><font color = 'blue'> ==> -</font> Clicked On Show Analytics Icon
<B><font color = 'blue'> ==> -</font> Image Date of First Seen is :27 March 2023
<B><font color = 'blue'> ==> -</font> Image Date of Last Seen is :27 March 2023
<B><font color = 'blue'> ==> -</font> Image Date of Post Seen is :--
<B><font color = 'blue'> ==> -</font> Both Matching Date Assert Pass :27 March 2023=27 March 2023
 
<B><font color ='red'> -12 Ad  -</font>  
<B><font color = 'blue'> ==> -</font> Image Date is :27 March 2023
<B><font color = 'blue'> ==> -</font> ID of the  Ad = 21555
<B><font color = 'blue'> ==> -</font> Clicked On Show Analytics Icon
<B><font color = 'blue'> ==> -</font> Image Date of First Seen is :27 March 2023
<B><font color = 'blue'> ==> -</font> Image Date of Last Seen is :27 March 2023
<B><font color = 'blue'> ==> -</font> Image Date of Post Seen is :1 March 2023
<B><font color = 'blue'> ==> -</font> Both Matching Date Assert Pass :27 March 2023=27 March 2023
 
<B><font color ='red'> -13 Ad -</font>  
<B><font color = 'blue'> ==> -</font> Image Date is :27 March 2023
<B><font color = 'blue'> ==> -</font> ID of the  Ad = 21554
<B><font color = 'blue'> ==> -</font> Clicked On Show Analytics Icon
<B><font color = 'blue'> ==> -</font> Image Date of First Seen is :27 March 2023
<B><font color = 'blue'> ==> -</font> Image Date of Last Seen is :27 March 2023
<B><font color = 'blue'> ==> -</font> Image Date of Post Seen is :--
<B><font color = 'blue'> ==> -</font> Both Matching Date Assert Pass :27 March 2023=27 March 2023
 
<B><font color ='red'> -14 Ad -</font>  
<B><font color = 'blue'> ==> -</font> Image Date is :28 March 2023
<B><font color = 'blue'> ==> -</font> ID of the  Ad = 21553
<B><font color = 'blue'> ==> -</font> Clicked On Show Analytics Icon
<B><font color = 'blue'> ==> -</font> Image Date of First Seen is :27 March 2023
<B><font color = 'blue'> ==> -</font> Image Date of Last Seen is :28 March 2023
<B><font color = 'blue'> ==> -</font> Image Date of Post Seen is :27 March 2023
<B><font color = 'blue'> ==> -</font> Both Matching Date Assert Pass :28 March 2023=28 March 2023
 
<B><font color ='red'> -15 Ad -</font>  
<B><font color = 'blue'> ==> -</font> Image Date is :27 March 2023
<B><font color = 'blue'> ==> -</font> ID of the  Ad = 21552
<B><font color = 'blue'> ==> -</font> Clicked On Show Analytics Icon
<B><font color = 'blue'> ==> -</font> Image Date of First Seen is :27 March 2023
<B><font color = 'blue'> ==> -</font> Image Date of Last Seen is :27 March 2023
<B><font color = 'blue'> ==> -</font> Image Date of Post Seen is :20 February 2023
<B><font color = 'blue'> ==> -</font> Both Matching Date Assert Pass :27 March 2023=27 March 2023
    
<B><font color = 'green'>  - ShortBy Last Seen Step will Start from here </font> 
<B><font color = 'orange'> Step5 -</font> Clicked On sortBy Icon
<B><font color = 'orange'> Step6 -</font> Clicked On sortBy Last Seen Icon
<B><font color = 'orange'> Step7 -</font> Clicked On search Button Icon
<B><font color = 'orange'> Step8 -</font> Last Seen Total Ad Count is :Total no. of Ads : 4653
 
<B><font color ='red'> -1 Ad- -</font>  
<B><font color = 'blue'> ==> -</font> Image Date is :28 March 2023
<B><font color = 'blue'> ==> -</font> ID of the  Ad = 21545
<B><font color = 'blue'> ==> -</font> Clicked On Show Analytics Icon
<B><font color = 'blue'> ==> -</font> Image Date of First Seen is :24 March 2023
<B><font color = 'blue'> ==> -</font> Image Date of Last Seen is :28 March 2023
<B><font color = 'blue'> ==> -</font> Image Date of Post Seen is :24 March 2023
<B><font color = 'blue'> ==> -</font> Both Matching Date Assert Pass :28 March 2023=28 March 2023
 
<B><font color ='red'> -2 Ad- -</font>  
<B><font color = 'blue'> ==> -</font> Image Date is :28 March 2023
<B><font color = 'blue'> ==> -</font> ID of the  Ad = 21550
<B><font color = 'blue'> ==> -</font> Clicked On Show Analytics Icon
<B><font color = 'blue'> ==> -</font> Image Date of First Seen is :27 March 2023
<B><font color = 'blue'> ==> -</font> Image Date of Last Seen is :28 March 2023
<B><font color = 'blue'> ==> -</font> Image Date of Post Seen is :27 March 2023
<B><font color = 'blue'> ==> -</font> Both Matching Date Assert Pass :28 March 2023=28 March 2023
 
<B><font color ='red'> -3 Ad- -</font>  
<B><font color = 'blue'> ==> -</font> Image Date is :28 March 2023
<B><font color = 'blue'> ==> -</font> ID of the  Ad = 21453
<B><font color = 'blue'> ==> -</font> Clicked On Show Analytics Icon
<B><font color = 'blue'> ==> -</font> Image Date of First Seen is :20 March 2023
<B><font color = 'blue'> ==> -</font> Image Date of Last Seen is :28 March 2023
<B><font color = 'blue'> ==> -</font> Image Date of Post Seen is :23 January 2023
<B><font color = 'blue'> ==> -</font> Both Matching Date Assert Pass :28 March 2023=28 March 2023
 
<B><font color ='red'> -4 Ad- -</font>  
<B><font color = 'blue'> ==> -</font> Image Date is :28 March 2023
<B><font color = 'blue'> ==> -</font> ID of the  Ad = 21566
<B><font color = 'blue'> ==> -</font> Clicked On Show Analytics Icon
<B><font color = 'blue'> ==> -</font> Image Date of First Seen is :28 March 2023
<B><font color = 'blue'> ==> -</font> Image Date of Last Seen is :28 March 2023
<B><font color = 'blue'> ==> -</font> Image Date of Post Seen is :28 March 2023
<B><font color = 'blue'> ==> -</font> Both Matching Date Assert Pass :28 March 2023=28 March 2023
 
<B><font color ='red'> -5 Ad- -</font>  
<B><font color = 'blue'> ==> -</font> Image Date is :28 March 2023
<B><font color = 'blue'> ==> -</font> ID of the  Ad = 21477
<B><font color = 'blue'> ==> -</font> Clicked On Show Analytics Icon
<B><font color = 'blue'> ==> -</font> Image Date of First Seen is :22 March 2023
<B><font color = 'blue'> ==> -</font> Image Date of Last Seen is :28 March 2023
<B><font color = 'blue'> ==> -</font> Image Date of Post Seen is :22 March 2023
<B><font color = 'blue'> ==> -</font> Both Matching Date Assert Pass :28 March 2023=28 March 2023
 
<B><font color ='red'> 6 Ad- -</font>  
<B><font color = 'blue'> ==> -</font> Image Date is :28 March 2023
<B><font color = 'blue'> ==> -</font> ID of the  Ad = 21549
<B><font color = 'blue'> ==> -</font> Clicked On Show Analytics Icon
<B><font color = 'blue'> ==> -</font> Image Date of First Seen is :27 March 2023
<B><font color = 'blue'> ==> -</font> Image Date of Last Seen is :28 March 2023
<B><font color = 'blue'> ==> -</font> Image Date of Post Seen is :27 March 2023
<B><font color = 'blue'> ==> -</font> Both Matching Date Assert Pass :28 March 2023=28 March 2023
 
<B><font color ='red'> 7 Ad- -</font>  
<B><font color = 'blue'> ==> -</font> Image Date is :28 March 2023
<B><font color = 'blue'> ==> -</font> ID of the  Ad = 21450
<B><font color = 'blue'> ==> -</font> Clicked On Show Analytics Icon
<B><font color = 'blue'> ==> -</font> Image Date of First Seen is :20 March 2023
<B><font color = 'blue'> ==> -</font> Image Date of Last Seen is :28 March 2023
<B><font color = 'blue'> ==> -</font> Image Date of Post Seen is :20 March 2023
<B><font color = 'blue'> ==> -</font> Both Matching Date Assert Pass :28 March 2023=28 March 2023
 
<B><font color ='red'> -8 Ad  -</font>  
<B><font color = 'blue'> ==> -</font> Image Date is :28 March 2023
<B><font color = 'blue'> ==> -</font> ID of the  Ad = 21565
<B><font color = 'blue'> ==> -</font> Clicked On Show Analytics Icon
<B><font color = 'blue'> ==> -</font> Image Date of First Seen is :28 March 2023
<B><font color = 'blue'> ==> -</font> Image Date of Last Seen is :28 March 2023
<B><font color = 'blue'> ==> -</font> Image Date of Post Seen is :27 March 2023
<B><font color = 'blue'> ==> -</font> Both Matching Date Assert Pass :28 March 2023=28 March 2023
 
<B><font color ='red'> 9 Ad- </font>  
<B><font color = 'blue'> ==> -</font> Image Date is :28 March 2023
<B><font color = 'blue'> ==> -</font> ID of the  Ad = 21564
<B><font color = 'blue'> ==> -</font> Clicked On Show Analytics Icon
<B><font color = 'blue'> ==> -</font> Image Date of First Seen is :28 March 2023
<B><font color = 'blue'> ==> -</font> Image Date of Last Seen is :28 March 2023
<B><font color = 'blue'> ==> -</font> Image Date of Post Seen is :21 March 2023
<B><font color = 'blue'> ==> -</font> Both Matching Date Assert Pass :28 March 2023=28 March 2023
 
<B><font color ='red'> -10 Ad</font>  
<B><font color = 'blue'> ==> -</font> Image Date is :28 March 2023
<B><font color = 'blue'> ==> -</font> ID of the  Ad = 21563
<B><font color = 'blue'> ==> -</font> Clicked On Show Analytics Icon
<B><font color = 'blue'> ==> -</font> Image Date of First Seen is :28 March 2023
<B><font color = 'blue'> ==> -</font> Image Date of Last Seen is :28 March 2023
<B><font color = 'blue'> ==> -</font> Image Date of Post Seen is :27 March 2023
<B><font color = 'blue'> ==> -</font> Both Matching Date Assert Pass :28 March 2023=28 March 2023
 
<B><font color ='red'> -11 Ad </font>  
<B><font color = 'blue'> ==> -</font> Image Date is :28 March 2023
<B><font color = 'blue'> ==> -</font> ID of the  Ad = 21561
<B><font color = 'blue'> ==> -</font> Clicked On Show Analytics Icon
<B><font color = 'blue'> ==> -</font> Image Date of First Seen is :28 March 2023
<B><font color = 'blue'> ==> -</font> Image Date of Last Seen is :28 March 2023
<B><font color = 'blue'> ==> -</font> Image Date of Post Seen is :3 January 2023
<B><font color = 'blue'> ==> -</font> Both Matching Date Assert Pass :28 March 2023=28 March 2023
 
<B><font color ='red'> -12 Ad  -</font>  
<B><font color = 'blue'> ==> -</font> Image Date is :28 March 2023
<B><font color = 'blue'> ==> -</font> ID of the  Ad = 21553
<B><font color = 'blue'> ==> -</font> Clicked On Show Analytics Icon
<B><font color = 'blue'> ==> -</font> Image Date of First Seen is :28 March 2023
<B><font color = 'blue'> ==> -</font> Image Date of Last Seen is :28 March 2023
<B><font color = 'blue'> ==> -</font> Image Date of Post Seen is :27 March 2023
<B><font color = 'blue'> ==> -</font> Both Matching Date Assert Pass :28 March 2023=28 March 2023
 
<B><font color ='red'> -13 Ad -</font>  
<B><font color = 'blue'> ==> -</font> Image Date is :28 March 2023
<B><font color = 'blue'> ==> -</font> ID of the  Ad = 21562
<B><font color = 'blue'> ==> -</font> Clicked On Show Analytics Icon
<B><font color = 'blue'> ==> -</font> Image Date of First Seen is :28 March 2023
<B><font color = 'blue'> ==> -</font> Image Date of Last Seen is :28 March 2023
<B><font color = 'blue'> ==> -</font> Image Date of Post Seen is :28 March 2023
<B><font color = 'blue'> ==> -</font> Both Matching Date Assert Pass :28 March 2023=28 March 2023
 
<B><font color ='red'> -14 Ad -</font>  
<B><font color = 'blue'> ==> -</font> Image Date is :28 March 2023
<B><font color = 'blue'> ==> -</font> ID of the  Ad = 21560
<B><font color = 'blue'> ==> -</font> Clicked On Show Analytics Icon
<B><font color = 'blue'> ==> -</font> Image Date of First Seen is :27 March 2023
<B><font color = 'blue'> ==> -</font> Image Date of Last Seen is :28 March 2023
<B><font color = 'blue'> ==> -</font> Image Date of Post Seen is :15 January 2023
<B><font color = 'blue'> ==> -</font> Both Matching Date Assert Pass :28 March 2023=28 March 2023
 
<B><font color ='red'> -15 Ad -</font>  
<B><font color = 'blue'> ==> -</font> Image Date is :28 March 2023
<B><font color = 'blue'> ==> -</font> ID of the  Ad = 21149
<B><font color = 'blue'> ==> -</font> Clicked On Show Analytics Icon
<B><font color = 'blue'> ==> -</font> Image Date of First Seen is :24 February 2023
<B><font color = 'blue'> ==> -</font> Image Date of Last Seen is :28 March 2023
<B><font color = 'blue'> ==> -</font> Image Date of Post Seen is :8 February 2023
<B><font color = 'blue'> ==> -</font> Both Matching Date Assert Pass :28 March 2023=28 March 2023
    
<B><font color = 'green'>  - ShortBy Running Longest Step will Start from here </font>
<B><font color = 'orange'> Step1 -</font> Clicked On sortBy Icon
<B><font color = 'orange'> Step2 -</font> Clicked On sortBy Running longest Icon
<B><font color = 'orange'> Step3 -</font> Clicked On search Button Icon
<B><font color = 'orange'> Step4 -</font> Running Longest Total Ad Count is :Total no. of Ads : 4653
 
<B><font color = 'red'> -1 Ad  -</font> 
<B><font color = 'blue'> ==> -</font> ID of the Ad = 18886
<B><font color = 'blue'> ==> -</font> Clicked On Show Analytics Icon
<B><font color = 'blue'> ==> -</font> Image  Date is :9 March 2023
<B><font color = 'blue'> ==> -</font> Image Last Seen Date of is :9 March 2023
<B><font color = 'blue'> ==> -</font> Image Date of Running Longest is :87
 
<B><font color = 'red'> -2 Ad  -</font> 
<B><font color = 'blue'> ==> -</font> ID of the Ad = 20044
<B><font color = 'blue'> ==> -</font> Clicked On Show Analytics Icon
<B><font color = 'blue'> ==> -</font> Image  Date is :14 March 2023
<B><font color = 'blue'> ==> -</font> Image Last Seen Date of is :14 March 2023
<B><font color = 'blue'> ==> -</font> Image Date of Running Longest is :82
 
<B><font color = 'red'> -3 Ad  -</font> 
<B><font color = 'blue'> ==> -</font> ID of the Ad = 18042
<B><font color = 'blue'> ==> -</font> Clicked On Show Analytics Icon
<B><font color = 'blue'> ==> -</font> Image  Date is :22 February 2023
<B><font color = 'blue'> ==> -</font> Image Last Seen Date of is :22 February 2023
<B><font color = 'blue'> ==> -</font> Image Date of Running Longest is :79
 
<B><font color = 'red'> -4 Ad  -</font> 
<B><font color = 'blue'> ==> -</font> ID of the Ad = 18908
<B><font color = 'blue'> ==> -</font> Clicked On Show Analytics Icon
<B><font color = 'blue'> ==> -</font> Image  Date is :27 February 2023
<B><font color = 'blue'> ==> -</font> Image Last Seen Date of is :27 February 2023
<B><font color = 'blue'> ==> -</font> Image Date of Running Longest is :77
 
<B><font color = 'red'> -5 Ad  -</font> 
<B><font color = 'blue'> ==> -</font> ID of the Ad = 16513
<B><font color = 'blue'> ==> -</font> Clicked On Show Analytics Icon
<B><font color = 'blue'> ==> -</font> Image  Date is :20 December 2022
<B><font color = 'blue'> ==> -</font> Image Last Seen Date of is :
<B><font color = 'blue'> ==> -</font> Image Date of Running Longest is :74
 
<B><font color = 'red'> -6 Ad  -</font> 
<B><font color = 'blue'> ==> -</font> ID of the Ad = 16516
<B><font color = 'blue'> ==> -</font> Clicked On Show Analytics Icon
<B><font color = 'blue'> ==> -</font> Image  Date is :20 December 2022
<B><font color = 'blue'> ==> -</font> Image Last Seen Date of is :
<B><font color = 'blue'> ==> -</font> Image Date of Running Longest is :74
 
<B><font color = 'red'> -7 Ad  -</font> 
<B><font color = 'blue'> ==> -</font> ID of the Ad = 16517
<B><font color = 'blue'> ==> -</font> Clicked On Show Analytics Icon
<B><font color = 'blue'> ==> -</font> Image  Date is :20 December 2022
<B><font color = 'blue'> ==> -</font> Image Last Seen Date of is :
<B><font color = 'blue'> ==> -</font> Image Date of Running Longest is :74
 
<B><font color = 'red'> -8 Ad  -</font> 
<B><font color = 'blue'> ==> -</font> ID of the Ad = 16524
<B><font color = 'blue'> ==> -</font> Clicked On Show Analytics Icon
<B><font color = 'blue'> ==> -</font> Image  Date is :20 December 2022
<B><font color = 'blue'> ==> -</font> Image Last Seen Date of is :
<B><font color = 'blue'> ==> -</font> Image Date of Running Longest is :72
 
<B><font color = 'red'> -9 Ad  -</font> 
<B><font color = 'blue'> ==> -</font> ID of the Ad = 16552
<B><font color = 'blue'> ==> -</font> Clicked On Show Analytics Icon
<B><font color = 'blue'> ==> -</font> Image  Date is :20 December 2022
<B><font color = 'blue'> ==> -</font> Image Last Seen Date of is :
<B><font color = 'blue'> ==> -</font> Image Date of Running Longest is :72
 
<B><font color = 'red'> -10 Ad  -</font> 
<B><font color = 'blue'> ==> -</font> ID of the Ad = 16542
<B><font color = 'blue'> ==> -</font> Clicked On Show Analytics Icon
<B><font color = 'blue'> ==> -</font> Image  Date is :19 December 2022
<B><font color = 'blue'> ==> -</font> Image Last Seen Date of is :
<B><font color = 'blue'> ==> -</font> Image Date of Running Longest is :71
 
<B><font color = 'red'> -11 Ad  -</font> 
<B><font color = 'blue'> ==> -</font> ID of the Ad = 19421
<B><font color = 'blue'> ==> -</font> Clicked On Show Analytics Icon
<B><font color = 'blue'> ==> -</font> Image  Date is :28 February 2023
<B><font color = 'blue'> ==> -</font> Image Last Seen Date of is :28 February 2023
<B><font color = 'blue'> ==> -</font> Image Date of Running Longest is :71
 
<B><font color = 'red'> -12 Ad  -</font> 
<B><font color = 'blue'> ==> -</font> ID of the Ad = 19641
<B><font color = 'blue'> ==> -</font> Clicked On Show Analytics Icon
<B><font color = 'blue'> ==> -</font> Image  Date is :1 March 2023
<B><font color = 'blue'> ==> -</font> Image Last Seen Date of is :
<B><font color = 'blue'> ==> -</font> Image Date of Running Longest is :71
 
<B><font color = 'red'> -13 Ad  -</font> 
<B><font color = 'blue'> ==> -</font> ID of the Ad = 20575
<B><font color = 'blue'> ==> -</font> Clicked On Show Analytics Icon
<B><font color = 'blue'> ==> -</font> Image  Date is :13 March 2023
<B><font color = 'blue'> ==> -</font> Image Last Seen Date of is :
<B><font color = 'blue'> ==> -</font> Image Date of Running Longest is :70
 
<B><font color = 'red'> -14 Ad  -</font> 
<B><font color = 'blue'> ==> -</font> ID of the Ad = 16627
<B><font color = 'blue'> ==> -</font> Clicked On Show Analytics Icon
<B><font color = 'blue'> ==> -</font> Image  Date is :20 December 2022
<B><font color = 'blue'> ==> -</font> Image Last Seen Date of is :
<B><font color = 'blue'> ==> -</font> Image Date of Running Longest is :69
 
<B><font color = 'red'> -15 Ad  -</font> 
<B><font color = 'blue'> ==> -</font> ID of the Ad = 16636
<B><font color = 'blue'> ==> -</font> Clicked On Show Analytics Icon
<B><font color = 'blue'> ==> -</font> Image  Date is :20 December 2022
<B><font color = 'blue'> ==> -</font> Image Last Seen Date of is :
<B><font color = 'blue'> ==> -</font> Image Date of Running Longest is :69
    
<B><font color = 'green'>  - ShortBy Domain Registration Date Step will Start from here </font>
<B><font color = 'orange'> Step1 -</font> Clicked On sortBy Icon
<B><font color = 'orange'> Step2 -</font> Clicked On sortBy Domain Registration Date Icon
<B><font color = 'orange'> Step3 -</font> Clicked On search Button Icon
<B><font color = 'orange'> Step4 -</font> domain Registration Date Total Ad Count is :Total no. of Ads : 4653
 
<B><font color = 'red'> -1 Ad  -</font> 
<B><font color = 'blue'> ==> -</font> Capture image date
<B><font color = 'blue'> ==> -</font> Image Date is :22 December 2022
<B><font color = 'blue'> ==> -</font> ID of the Ad = 19976
<B><font color = 'blue'> ==> -</font> Clicked On Show Analytics Icon
<B><font color = 'blue'> ==> -</font> Image Date of Domain Registration Date is :2022-12-16
 
<B><font color = 'red'> -2 Ad  -</font> 
<B><font color = 'blue'> ==> -</font> Capture image date
<B><font color = 'blue'> ==> -</font> Image Date is :22 December 2022
<B><font color = 'blue'> ==> -</font> ID of the Ad = 19987
<B><font color = 'blue'> ==> -</font> Clicked On Show Analytics Icon
<B><font color = 'blue'> ==> -</font> Image Date of Domain Registration Date is :2022-12-05
 
<B><font color = 'red'> -3 Ad  -</font> 
<B><font color = 'blue'> ==> -</font> Capture image date
<B><font color = 'blue'> ==> -</font> Image Date is :23 December 2022
<B><font color = 'blue'> ==> -</font> ID of the Ad = 20069
<B><font color = 'blue'> ==> -</font> Clicked On Show Analytics Icon
<B><font color = 'blue'> ==> -</font> Image Date of Domain Registration Date is :2022-11-21
 
<B><font color = 'red'> -4 Ad  -</font> 
<B><font color = 'blue'> ==> -</font> Capture image date
<B><font color = 'blue'> ==> -</font> Image Date is :21 December 2022
<B><font color = 'blue'> ==> -</font> ID of the Ad = 19801
<B><font color = 'blue'> ==> -</font> Clicked On Show Analytics Icon
<B><font color = 'blue'> ==> -</font> Image Date of Domain Registration Date is :2022-11-20
 
<B><font color = 'red'> -5 Ad  -</font> 
<B><font color = 'blue'> ==> -</font> Capture image date
<B><font color = 'blue'> ==> -</font> Image Date is :7 February 2023
<B><font color = 'blue'> ==> -</font> ID of the Ad = 20857
<B><font color = 'blue'> ==> -</font> Clicked On Show Analytics Icon
<B><font color = 'blue'> ==> -</font> Image Date of Domain Registration Date is :2022-11-18
 
<B><font color = 'red'> -6 Ad  -</font> 
<B><font color = 'blue'> ==> -</font> Capture image date
<B><font color = 'blue'> ==> -</font> Image Date is :16 February 2023
<B><font color = 'blue'> ==> -</font> ID of the Ad = 20945
<B><font color = 'blue'> ==> -</font> Clicked On Show Analytics Icon
<B><font color = 'blue'> ==> -</font> Image Date of Domain Registration Date is :2022-11-18
 
<B><font color = 'red'> -7 Ad  -</font> 
<B><font color = 'blue'> ==> -</font> Capture image date
<B><font color = 'blue'> ==> -</font> Image Date is :15 December 2022
<B><font color = 'blue'> ==> -</font> ID of the Ad = 19168
<B><font color = 'blue'> ==> -</font> Clicked On Show Analytics Icon
<B><font color = 'blue'> ==> -</font> Image Date of Domain Registration Date is :2022-11-14
 
<B><font color = 'red'> -8 Ad  -</font> 
<B><font color = 'blue'> ==> -</font> Capture image date
<B><font color = 'blue'> ==> -</font> Image Date is :25 January 2023
<B><font color = 'blue'> ==> -</font> ID of the Ad = 20712
<B><font color = 'blue'> ==> -</font> Clicked On Show Analytics Icon
<B><font color = 'blue'> ==> -</font> Image Date of Domain Registration Date is :2022-11-08
 
<B><font color = 'red'> -9 Ad  -</font> 
<B><font color = 'blue'> ==> -</font> Capture image date
<B><font color = 'blue'> ==> -</font> Image Date is :15 December 2022
<B><font color = 'blue'> ==> -</font> ID of the Ad = 19158
<B><font color = 'blue'> ==> -</font> Clicked On Show Analytics Icon
<B><font color = 'blue'> ==> -</font> Image Date of Domain Registration Date is :2022-11-07
 
<B><font color = 'red'> -10 Ad  -</font> 
<B><font color = 'blue'> ==> -</font> Capture image date
<B><font color = 'blue'> ==> -</font> Image Date is :7 February 2023
<B><font color = 'blue'> ==> -</font> ID of the Ad = 20858
<B><font color = 'blue'> ==> -</font> Clicked On Show Analytics Icon
<B><font color = 'blue'> ==> -</font> Image Date of Domain Registration Date is :2022-10-21
 
<B><font color = 'red'> -11 Ad  -</font> 
<B><font color = 'blue'> ==> -</font> Capture image date
<B><font color = 'blue'> ==> -</font> Image Date is :19 December 2022
<B><font color = 'blue'> ==> -</font> ID of the Ad = 19340
<B><font color = 'blue'> ==> -</font> Clicked On Show Analytics Icon
<B><font color = 'blue'> ==> -</font> Image Date of Domain Registration Date is :2022-09-30
 
<B><font color = 'red'> -12 Ad  -</font> 
<B><font color = 'blue'> ==> -</font> Capture image date
<B><font color = 'blue'> ==> -</font> Image Date is :23 December 2022
<B><font color = 'blue'> ==> -</font> ID of the Ad = 20070
<B><font color = 'blue'> ==> -</font> Clicked On Show Analytics Icon
<B><font color = 'blue'> ==> -</font> Image Date of Domain Registration Date is :2022-09-30
 
<B><font color = 'red'> -13 Ad  -</font> 
<B><font color = 'blue'> ==> -</font> Capture image date
<B><font color = 'blue'> ==> -</font> Image Date is :29 September 2022
<B><font color = 'blue'> ==> -</font> ID of the Ad = 16291
<B><font color = 'blue'> ==> -</font> Clicked On Show Analytics Icon
<B><font color = 'blue'> ==> -</font> Image Date of Domain Registration Date is :2022-09-28
 
<B><font color = 'red'> -14 Ad  -</font> 
<B><font color = 'blue'> ==> -</font> Capture image date
<B><font color = 'blue'> ==> -</font> Image Date is :19 October 2022
<B><font color = 'blue'> ==> -</font> ID of the Ad = 16966
<B><font color = 'blue'> ==> -</font> Clicked On Show Analytics Icon
<B><font color = 'blue'> ==> -</font> Image Date of Domain Registration Date is :2022-09-26
 
<B><font color = 'red'> -15 Ad  -</font> 
<B><font color = 'blue'> ==> -</font> Capture image date
<B><font color = 'blue'> ==> -</font> Image Date is :26 December 2022
<B><font color = 'blue'> ==> -</font> ID of the Ad = 20133
<B><font color = 'blue'> ==> -</font> Clicked On Show Analytics Icon
<B><font color = 'blue'> ==> -</font> Image Date of Domain Registration Date is :2022-09-16
 ]]>
  </system-out>
</testsuite> <!-- com.power.testcases.Verify_Facebook_SortBy_TestScript -->
