<?xml version="1.0" encoding="UTF-8"?>
<!-- Generated by org.testng.reporters.JUnitReportReporter -->
<testsuite hostname="GLB-459-PC" failures="0" tests="1" name="com.power.testcases.Verify_Gdn_landerProperties_TestScript" time="653.575" errors="1" timestamp="2023-03-07T13:09:30 IST" skipped="0">
  <testcase classname="com.power.testcases.Verify_Gdn_landerProperties_TestScript" name="Verify_Gdn_landerProperties_EcommercePlatform_TestScript" time="653.575">
    <error message="no such element: Unable to locate element: {&quot;method&quot;:&quot;xpath&quot;,&quot;selector&quot;:&quot;//button[normalize-space()=&#039;Lander Properties&#039;]&quot;}
  (Session info: chrome=110.0.5481.178)
For documentation on this error, please visit: https://selenium.dev/exceptions/#no_such_element
Build info: version: &#039;4.6.0&#039;, revision: &#039;79f1c02ae20&#039;
System info: os.name: &#039;Windows 10&#039;, os.arch: &#039;amd64&#039;, os.version: &#039;10.0&#039;, java.version: &#039;17.0.4.1&#039;
Driver info: org.openqa.selenium.chrome.ChromeDriver
Command: [86d76ee6fdbc82181d41a1a2b38bb39d, findElement {using=xpath, value=//button[normalize-space()=&#039;Lander Properties&#039;]}]
Capabilities {acceptInsecureCerts: false, browserName: chrome, browserVersion: 110.0.5481.178, chrome: {chromedriverVersion: 110.0.5481.77 (65ed616c6e8e..., userDataDir: C:\Users\Dsurya\AppData\Loc...}, goog:chromeOptions: {debuggerAddress: localhost:50311}, networkConnectionEnabled: false, pageLoadStrategy: normal, platformName: WINDOWS, proxy: Proxy(), se:cdp: ws://localhost:50311/devtoo..., se:cdpVersion: 110.0.5481.178, setWindowRect: true, strictFileInteractability: false, timeouts: {implicit: 0, pageLoad: 300000, script: 30000}, unhandledPromptBehavior: dismiss and notify, webauthn:extension:credBlob: true, webauthn:extension:largeBlob: true, webauthn:virtualAuthenticators: true}
Session ID: 86d76ee6fdbc82181d41a1a2b38bb39d" type="org.openqa.selenium.NoSuchElementException">
      <![CDATA[org.openqa.selenium.NoSuchElementException: no such element: Unable to locate element: {"method":"xpath","selector":"//button[normalize-space()='Lander Properties']"}
  (Session info: chrome=110.0.5481.178)
For documentation on this error, please visit: https://selenium.dev/exceptions/#no_such_element
Build info: version: '4.6.0', revision: '79f1c02ae20'
System info: os.name: 'Windows 10', os.arch: 'amd64', os.version: '10.0', java.version: '17.0.4.1'
Driver info: org.openqa.selenium.chrome.ChromeDriver
Command: [86d76ee6fdbc82181d41a1a2b38bb39d, findElement {using=xpath, value=//button[normalize-space()='Lander Properties']}]
Capabilities {acceptInsecureCerts: false, browserName: chrome, browserVersion: 110.0.5481.178, chrome: {chromedriverVersion: 110.0.5481.77 (65ed616c6e8e..., userDataDir: C:\Users\Dsurya\AppData\Loc...}, goog:chromeOptions: {debuggerAddress: localhost:50311}, networkConnectionEnabled: false, pageLoadStrategy: normal, platformName: WINDOWS, proxy: Proxy(), se:cdp: ws://localhost:50311/devtoo..., se:cdpVersion: 110.0.5481.178, setWindowRect: true, strictFileInteractability: false, timeouts: {implicit: 0, pageLoad: 300000, script: 30000}, unhandledPromptBehavior: dismiss and notify, webauthn:extension:credBlob: true, webauthn:extension:largeBlob: true, webauthn:virtualAuthenticators: true}
Session ID: 86d76ee6fdbc82181d41a1a2b38bb39d
at jdk.internal.reflect.GeneratedConstructorAccessor21.newInstance(Unknown Source)
at java.base/jdk.internal.reflect.DelegatingConstructorAccessorImpl.newInstance(DelegatingConstructorAccessorImpl.java:45)
at java.base/java.lang.reflect.Constructor.newInstanceWithCaller(Constructor.java:499)
at java.base/java.lang.reflect.Constructor.newInstance(Constructor.java:480)
at org.openqa.selenium.remote.codec.w3c.W3CHttpResponseCodec.createException(W3CHttpResponseCodec.java:200)
at org.openqa.selenium.remote.codec.w3c.W3CHttpResponseCodec.decode(W3CHttpResponseCodec.java:133)
at org.openqa.selenium.remote.codec.w3c.W3CHttpResponseCodec.decode(W3CHttpResponseCodec.java:53)
at org.openqa.selenium.remote.HttpCommandExecutor.execute(HttpCommandExecutor.java:184)
at org.openqa.selenium.remote.service.DriverCommandExecutor.invokeExecute(DriverCommandExecutor.java:167)
at org.openqa.selenium.remote.service.DriverCommandExecutor.execute(DriverCommandExecutor.java:142)
at org.openqa.selenium.remote.RemoteWebDriver.execute(RemoteWebDriver.java:541)
at org.openqa.selenium.remote.ElementLocation$ElementFinder$2.findElement(ElementLocation.java:162)
at org.openqa.selenium.remote.ElementLocation.findElement(ElementLocation.java:60)
at org.openqa.selenium.remote.RemoteWebDriver.findElement(RemoteWebDriver.java:365)
at org.openqa.selenium.remote.RemoteWebDriver.findElement(RemoteWebDriver.java:357)
at org.openqa.selenium.support.pagefactory.DefaultElementLocator.findElement(DefaultElementLocator.java:70)
at org.openqa.selenium.support.pagefactory.internal.LocatingElementHandler.invoke(LocatingElementHandler.java:39)
at jdk.proxy2/jdk.proxy2.$Proxy22.getWrappedElement(Unknown Source)
at org.openqa.selenium.remote.internal.WebElementToJsonConverter.apply(WebElementToJsonConverter.java:51)
at java.base/java.util.stream.ReferencePipeline$3$1.accept(ReferencePipeline.java:197)
at java.base/java.util.Spliterators$ArraySpliterator.forEachRemaining(Spliterators.java:992)
at java.base/java.util.stream.AbstractPipeline.copyInto(AbstractPipeline.java:509)
at java.base/java.util.stream.AbstractPipeline.wrapAndCopyInto(AbstractPipeline.java:499)
at java.base/java.util.stream.ReduceOps$ReduceOp.evaluateSequential(ReduceOps.java:921)
at java.base/java.util.stream.AbstractPipeline.evaluate(AbstractPipeline.java:234)
at java.base/java.util.stream.ReferencePipeline.collect(ReferencePipeline.java:682)
at org.openqa.selenium.remote.RemoteWebDriver.executeScript(RemoteWebDriver.java:475)
at com.power.qa.util.Helpers.highLightElement(Helpers.java:158)
at com.power.qa.pages.Gdn_Pages.AffiliateNetwork(Gdn_Pages.java:39316)
at com.power.testcases.Verify_Gdn_landerProperties_TestScript.Verify_Gdn_landerProperties_EcommercePlatform_TestScript(Verify_Gdn_landerProperties_TestScript.java:28)
at java.base/jdk.internal.reflect.NativeMethodAccessorImpl.invoke0(Native Method)
at java.base/jdk.internal.reflect.NativeMethodAccessorImpl.invoke(NativeMethodAccessorImpl.java:77)
at java.base/jdk.internal.reflect.DelegatingMethodAccessorImpl.invoke(DelegatingMethodAccessorImpl.java:43)
at java.base/java.lang.reflect.Method.invoke(Method.java:568)
at org.testng.internal.invokers.MethodInvocationHelper.invokeMethod(MethodInvocationHelper.java:139)
at org.testng.internal.invokers.TestInvoker.invokeMethod(TestInvoker.java:677)
at org.testng.internal.invokers.TestInvoker.invokeTestMethod(TestInvoker.java:221)
at org.testng.internal.invokers.MethodRunner.runInSequence(MethodRunner.java:50)
at org.testng.internal.invokers.TestInvoker$MethodInvocationAgent.invoke(TestInvoker.java:962)
at org.testng.internal.invokers.TestInvoker.invokeTestMethods(TestInvoker.java:194)
at org.testng.internal.invokers.TestMethodWorker.invokeTestMethods(TestMethodWorker.java:148)
at org.testng.internal.invokers.TestMethodWorker.run(TestMethodWorker.java:128)
at java.base/java.util.ArrayList.forEach(ArrayList.java:1511)
at org.testng.TestRunner.privateRun(TestRunner.java:806)
at org.testng.TestRunner.run(TestRunner.java:601)
at org.testng.SuiteRunner.runTest(SuiteRunner.java:433)
at org.testng.SuiteRunner.runSequentially(SuiteRunner.java:427)
at org.testng.SuiteRunner.privateRun(SuiteRunner.java:387)
at org.testng.SuiteRunner.run(SuiteRunner.java:330)
at org.testng.SuiteRunnerWorker.runSuite(SuiteRunnerWorker.java:52)
at org.testng.SuiteRunnerWorker.run(SuiteRunnerWorker.java:95)
at org.testng.TestNG.runSuitesSequentially(TestNG.java:1256)
at org.testng.TestNG.runSuitesLocally(TestNG.java:1176)
at org.testng.TestNG.runSuites(TestNG.java:1099)
at org.testng.TestNG.run(TestNG.java:1067)
at org.testng.remote.AbstractRemoteTestNG.run(AbstractRemoteTestNG.java:115)
at org.testng.remote.RemoteTestNG.initAndRun(RemoteTestNG.java:251)
at org.testng.remote.RemoteTestNG.main(RemoteTestNG.java:77)
]]>
    </error>
  </testcase> <!-- Verify_Gdn_landerProperties_EcommercePlatform_TestScript -->
  <system-out>
    <![CDATA[<B><font color = 'purple'> Step1 -</font> Logged into PowerAdSpy Application
<B><font color = 'purple'> Step3 -</font> Power Ad Spy Logo is Displayed
<B><font color = 'purple'> Step2 -</font> I am on the page :PowerAdSpy | Facebook Dashboard
<B><font color = 'purple'> Step4 -</font> Clicked On GDN  Icon
    
<B><font color = 'green'>  - ShortBy Newest Step will Start from here </font>  

<B><font color = 'orange'> Step1 -</font> Clicked On sortBy Icon
<B><font color = 'orange'> Step2 -</font> Clicked On SortBy Newest Icon
<B><font color = 'orange'> Step3 -</font> Clicked On search Button Icon
<B><font color = 'orange'> Step4 -</font> Clicked On Lander Properties Button Icon
<B><font color = 'orange'> Step5 -</font> Clicked On Ecommerce platform click
 
<B><font color = 'Green'>- Ecommerce Platform</font>
       :-Shopify
<B><font color = 'orange'> Step1 -</font> Selected  On Ecommerce platform Shopify
<B><font color = 'orange'> Step2 -</font> Clicked On search Button Icon
<B><font color = 'orange'> Step3 -</font> Total_Ads_Count_newest= 1575
 
<B><font color ='red'> 1 Ad -</font>  
<B><font color = 'blue'> ==> -</font> ID of the Ad = 267973
<B><font color = 'blue'> ==> -</font> Brand Image link Ecom Platform:= Shopify.png
<B><font color = 'blue'> ==> -</font> Both  Ecommerce Platform are Matching in Assert Pass :Shopify.png == Shopify.png
<B><font color = 'blue'> ==> -</font> Clicked On ShowAnalytics Icon
<B><font color = 'green'> ===> -</font> Assert pass: cdn.shopify.com==cdn.shopify.com
 
<B><font color ='red'> 2 Ad -</font>  
<B><font color = 'blue'> ==> -</font> ID of the Ad = 267687
<B><font color = 'blue'> ==> -</font> Brand Image link Ecom Platform:= Shopify.png
<B><font color = 'blue'> ==> -</font> Both  Ecommerce Platform are Matching in Assert Pass :Shopify.png == Shopify.png
<B><font color = 'blue'> ==> -</font> Clicked On ShowAnalytics Icon
<B><font color = 'green'> ===> -</font> Assert pass: cdn.shopify.com==cdn.shopify.com
 
<B><font color ='red'> 3 Ad -</font>  
<B><font color = 'blue'> ==> -</font> ID of the Ad = 267686
<B><font color = 'blue'> ==> -</font> Brand Image link Ecom Platform:= Shopify.png
<B><font color = 'blue'> ==> -</font> Both  Ecommerce Platform are Matching in Assert Pass :Shopify.png == Shopify.png
<B><font color = 'blue'> ==> -</font> Clicked On ShowAnalytics Icon
<B><font color = 'green'> ===> -</font> Assert pass: cdn.shopify.com==cdn.shopify.com
 
<B><font color ='red'> 4 Ad -</font>  
<B><font color = 'blue'> ==> -</font> ID of the Ad = 267685
<B><font color = 'blue'> ==> -</font> Brand Image link Ecom Platform:= Shopify.png
<B><font color = 'blue'> ==> -</font> Both  Ecommerce Platform are Matching in Assert Pass :Shopify.png == Shopify.png
<B><font color = 'blue'> ==> -</font> Clicked On ShowAnalytics Icon
<B><font color = 'green'> ===> -</font> Assert pass: cdn.shopify.com==cdn.shopify.com
 
<B><font color ='red'> 5 Ad -</font>  
<B><font color = 'blue'> ==> -</font> ID of the Ad = 267684
<B><font color = 'blue'> ==> -</font> Brand Image link Ecom Platform:= Shopify.png
<B><font color = 'blue'> ==> -</font> Both  Ecommerce Platform are Matching in Assert Pass :Shopify.png == Shopify.png
<B><font color = 'blue'> ==> -</font> Clicked On ShowAnalytics Icon
<B><font color = 'green'> ===> -</font> Assert pass: cdn.shopify.com==cdn.shopify.com
 
<B><font color ='red'> 6 Ad -</font>  
<B><font color = 'blue'> ==> -</font> ID of the Ad = 267683
<B><font color = 'blue'> ==> -</font> Brand Image link Ecom Platform:= Shopify.png
<B><font color = 'blue'> ==> -</font> Both  Ecommerce Platform are Matching in Assert Pass :Shopify.png == Shopify.png
<B><font color = 'blue'> ==> -</font> Clicked On ShowAnalytics Icon
<B><font color = 'green'> ===> -</font> Assert pass: cdn.shopify.com==cdn.shopify.com
 
<B><font color ='red'> 7 Ad -</font>  
<B><font color = 'blue'> ==> -</font> ID of the Ad = 267682
<B><font color = 'blue'> ==> -</font> Brand Image link Ecom Platform:= Shopify.png
<B><font color = 'blue'> ==> -</font> Both  Ecommerce Platform are Matching in Assert Pass :Shopify.png == Shopify.png
<B><font color = 'blue'> ==> -</font> Clicked On ShowAnalytics Icon
<B><font color = 'green'> ===> -</font> Assert pass: cdn.shopify.com==cdn.shopify.com
 
<B><font color ='red'> 8 Ad -</font>  
<B><font color = 'blue'> ==> -</font> ID of the Ad = 267678
<B><font color = 'blue'> ==> -</font> Brand Image link Ecom Platform:= Shopify.png
<B><font color = 'blue'> ==> -</font> Both  Ecommerce Platform are Matching in Assert Pass :Shopify.png == Shopify.png
<B><font color = 'blue'> ==> -</font> Clicked On ShowAnalytics Icon
<B><font color = 'green'> ===> -</font> Assert pass: cdn.shopify.com==cdn.shopify.com
 
<B><font color ='red'> 9 Ad -</font>  
<B><font color = 'blue'> ==> -</font> ID of the Ad = 267584
<B><font color = 'blue'> ==> -</font> Brand Image link Ecom Platform:= Shopify.png
<B><font color = 'blue'> ==> -</font> Both  Ecommerce Platform are Matching in Assert Pass :Shopify.png == Shopify.png
<B><font color = 'blue'> ==> -</font> Clicked On ShowAnalytics Icon
<B><font color = 'green'> ===> -</font> Assert pass: cdn.shopify.com==cdn.shopify.com
 
<B><font color ='red'> 10 Ad -</font>  
<B><font color = 'blue'> ==> -</font> ID of the Ad = 267548
<B><font color = 'blue'> ==> -</font> Brand Image link Ecom Platform:= Shopify.png
<B><font color = 'blue'> ==> -</font> Both  Ecommerce Platform are Matching in Assert Pass :Shopify.png == Shopify.png
<B><font color = 'blue'> ==> -</font> Clicked On ShowAnalytics Icon
<B><font color = 'green'> ===> -</font> Assert pass: cdn.shopify.com==cdn.shopify.com
 
<B><font color ='red'> 11 Ad -</font>  
<B><font color = 'blue'> ==> -</font> ID of the Ad = 267487
<B><font color = 'blue'> ==> -</font> Brand Image link Ecom Platform:= Shopify.png
<B><font color = 'blue'> ==> -</font> Both  Ecommerce Platform are Matching in Assert Pass :Shopify.png == Shopify.png
<B><font color = 'blue'> ==> -</font> Clicked On ShowAnalytics Icon
<B><font color = 'green'> ===> -</font> Assert pass: cdn.shopify.com==cdn.shopify.com
 
<B><font color ='red'> 12 Ad -</font>  
<B><font color = 'blue'> ==> -</font> ID of the Ad = 267486
<B><font color = 'blue'> ==> -</font> Brand Image link Ecom Platform:= Shopify.png
<B><font color = 'blue'> ==> -</font> Both  Ecommerce Platform are Matching in Assert Pass :Shopify.png == Shopify.png
<B><font color = 'blue'> ==> -</font> Clicked On ShowAnalytics Icon
<B><font color = 'green'> ===> -</font> Assert pass: cdn.shopify.com==cdn.shopify.com
 
<B><font color ='red'> 13 Ad -</font>  
<B><font color = 'blue'> ==> -</font> ID of the Ad = 267337
<B><font color = 'blue'> ==> -</font> Brand Image link Ecom Platform:= Shopify.png
<B><font color = 'blue'> ==> -</font> Both  Ecommerce Platform are Matching in Assert Pass :Shopify.png == Shopify.png
<B><font color = 'blue'> ==> -</font> Clicked On ShowAnalytics Icon
<B><font color = 'green'> ===> -</font> Assert pass: cdn.shopify.com==cdn.shopify.com
 
<B><font color ='red'> 14 Ad -</font>  
<B><font color = 'blue'> ==> -</font> ID of the Ad = 267236
<B><font color = 'blue'> ==> -</font> Brand Image link Ecom Platform:= Shopify.png
<B><font color = 'blue'> ==> -</font> Both  Ecommerce Platform are Matching in Assert Pass :Shopify.png == Shopify.png
<B><font color = 'blue'> ==> -</font> Clicked On ShowAnalytics Icon
<B><font color = 'green'> ===> -</font> Assert pass: cdn.shopify.com==cdn.shopify.com
 
<B><font color ='red'> 15 Ad -</font>  
<B><font color = 'blue'> ==> -</font> ID of the Ad = 267203
<B><font color = 'blue'> ==> -</font> Brand Image link Ecom Platform:= Shopify.png
<B><font color = 'blue'> ==> -</font> Both  Ecommerce Platform are Matching in Assert Pass :Shopify.png == Shopify.png
<B><font color = 'blue'> ==> -</font> Clicked On ShowAnalytics Icon
<B><font color = 'green'> ===> -</font> Assert pass: cdn.shopify.com==cdn.shopify.com
<B><font color = 'orange'> Step4 -</font> Clicked On Lander Properties Button Icon
<B><font color = 'orange'> Step5 -</font> Clicked On Marketing Platform click
 
<B><font color = 'Green'>-Ecommerce Platform</font>
       :-null
<B><font color = 'orange'> Step1 -</font> Selected  On Marketing Platform Google Marketing Platform
<B><font color = 'orange'> Step2 -</font> Clicked On search Button Icon
<B><font color = 'orange'> Step3 -</font> Total_Ads_Count_newest= 12
 
<B><font color ='red'> 1 Ad -</font>  
<B><font color = 'blue'> ==> -</font> ID of the Ad = 243065
<B><font color = 'blue'> ==> -</font> Clicked On ShowAnalytics Icon
 
<B><font color = 'blue'> ==> -</font>Basic info: URL: https://googleads.g.doubleclick.net/dbm/clk?sa=L&ai=CvMlwMFahY9bAFMqAb9bYiagDp_yh623s8Z6MyRCr4PikqjAQASChx6dJYOXK5YO0DqAB68PMsCjIAQapAoh2pfhj90k-qAMBqgSIAk_QUY5Mbpmv8Dl5IT6HNn4KWm673NL8YnY08lIFa5gX3Idmi-CQG06MgtnKZKyoy9333j5s6Aodps-jgipfMRS5lHYz09bLz5RkhNyMNyj7gER5iuH7lp4G5uP86FnlT1cfXDkNUYx3e4L0bogV66UDvbGP1YSeBSE0df7iX74FacUgcSUk4Hihuh5eNsIq6c3DAUMpJMKJb0qET5TGmVtQKYARJGqezw7Bfc2fR2y2cRdXHvxFFawA7YIG1LiZYbobb2C02jBz3JtKI2QZVSQApDJ7hnVfCg3SJxWwLF7scx0aH3KuHOEa2jsgLvc3O2AVhBPp9Y_Kc7kNX5PAF-483RbfIkRUcMAE8deN2KME4AQDkAYBoAY3gAfr-5yQA6gHjs4bqAeT2BuoB-6WsQKoB_6esQKoB6SjsQKoB9XJG6gHpr4bqAfz0RuoB5bYG6gHqpuxAqgH_56xAqgH35-xAtgHAdIIDwiAYRABGF0yAooCOgKAQPIID2JpZGRlci0xMjQ1NDM3ObEJ1K3VBWAyJfqACgSYCwHICwGwE5WdvhHQEwDYEwqIFAHYFAHQFQH4FgGAFwE&num=1&cid=CAQSKQDq26N9Nilf40yUrneBmG3SBeyDLGF9h3_SQAeBeEVYbcQMjIEaJD5OGAEgCg&sig=AOD64_0JL5kzeekNw7P5dLZQC6jXmskPDA&client=ca-pub-7398773146227056&dbm_c=AKAmf-AV8GlCTiGv9yTlC2PeJf5DDbqk_a-jRJfkv9yc4_wqaLdqxHYIqEODGSjzs0aoGHxjzQCFOZYjLZWf73iye0teODnUeg&dbm_d=AKAmf-B2-StGG73pJXmFH-ZsB
<B><font color = 'green'> ===> -</font> Assert pass: doubleclick==doubleclick
 
<B><font color = 'blue'> ==> -</font>Redirects: URL: https://googleads.g.doubleclick.net/dbm/clk?sa=L&ai=CvMlwMFahY9bAFMqAb9bYiagDp_yh623s8Z6MyRCr4PikqjAQASChx6dJYOXK5YO0DqAB68PMsCjIAQapAoh2pfhj90k-qAMBqgSIAk_QUY5Mbpmv8Dl5IT6HNn4KWm673NL8YnY08lIFa5gX3Idmi-CQG06MgtnKZKyoy9333j5s6Aodps-jgipfMRS5lHYz09bLz5RkhNyMNyj7gER5iuH7lp4G5uP86FnlT1cfXDkNUYx3e4L0bogV66UDvbGP1YSeBSE0df7iX74FacUgcSUk4Hihuh5eNsIq6c3DAUMpJMKJb0qET5TGmVtQKYARJGqezw7Bfc2fR2y2cRdXHvxFFawA7YIG1LiZYbobb2C02jBz3JtKI2QZVSQApDJ7hnVfCg3SJxWwLF7scx0aH3KuHOEa2jsgLvc3O2AVhBPp9Y_Kc7kNX5PAF-483RbfIkRUcMAE8deN2KME4AQDkAYBoAY3gAfr-5yQA6gHjs4bqAeT2BuoB-6WsQKoB_6esQKoB6SjsQKoB9XJG6gHpr4bqAfz0RuoB5bYG6gHqpuxAqgH_56xAqgH35-xAtgHAdIIDwiAYRABGF0yAooCOgKAQPIID2JpZGRlci0xMjQ1NDM3ObEJ1K3VBWAyJfqACgSYCwHICwGwE5WdvhHQEwDYEwqIFAHYFAHQFQH4FgGAFwE&num=1&cid=CAQSKQDq26N9Nilf40yUrneBmG3SBeyDLGF9h3_SQAeBeEVYbcQMjIEaJD5OGAEgCg&sig=AOD64_0JL5kzeekNw7P5dLZQC6jXmskPDA&client=ca-pub-7398773146227056&dbm_c=AKAmf-AV8GlCTiGv9yTlC2PeJf5DDbqk_a-jRJfkv9yc4_wqaLdqxHYIqEODGSjzs0aoGHxjzQCFOZYjLZWf73iye0teODnUeg&dbm_d=AKAmf-B2-StGG73pJXmFH-ZsB
<B><font color = 'green'> ===> -</font> Assert pass: doubleclick==doubleclick
 
<B><font color = 'blue'> ==> -</font>Outgoing links: Source URL: null
 
<B><font color = 'blue'> ==> -</font>Outgoing links: Redirect URL: https://googleads.g.doubleclick.net/dbm/clk?sa=L&ai=CvMlwMFahY9bAFMqAb9bYiagDp_yh623s8Z6MyRCr4PikqjAQASChx6dJYOXK5YO0DqAB68PMsCjIAQapAoh2pfhj90k-qAMBqgSIAk_QUY5Mbpmv8Dl5IT6HNn4KWm673NL8YnY08lIFa5gX3Idmi-CQG06MgtnKZKyoy9333j5s6Aodps-jgipfMRS5lHYz09bLz5RkhNyMNyj7gER5iuH7lp4G5uP86FnlT1cfXDkNUYx3e4L0bogV66UDvbGP1YSeBSE0df7iX74FacUgcSUk4Hihuh5eNsIq6c3DAUMpJMKJb0qET5TGmVtQKYARJGqezw7Bfc2fR2y2cRdXHvxFFawA7YIG1LiZYbobb2C02jBz3JtKI2QZVSQApDJ7hnVfCg3SJxWwLF7scx0aH3KuHOEa2jsgLvc3O2AVhBPp9Y_Kc7kNX5PAF-483RbfIkRUcMAE8deN2KME4AQDkAYBoAY3gAfr-5yQA6gHjs4bqAeT2BuoB-6WsQKoB_6esQKoB6SjsQKoB9XJG6gHpr4bqAfz0RuoB5bYG6gHqpuxAqgH_56xAqgH35-xAtgHAdIIDwiAYRABGF0yAooCOgKAQPIID2JpZGRlci0xMjQ1NDM3ObEJ1K3VBWAyJfqACgSYCwHICwGwE5WdvhHQEwDYEwqIFAHYFAHQFQH4FgGAFwE&num=1&cid=CAQSKQDq26N9Nilf40yUrneBmG3SBeyDLGF9h3_SQAeBeEVYbcQMjIEaJD5OGAEgCg&sig=AOD64_0JL5kzeekNw7P5dLZQC6jXmskPDA&client=ca-pub-7398773146227056&dbm_c=AKAmf-AV8GlCTiGv9yTlC2PeJf5DDbqk_a-jRJfkv9yc4_wqaLdqxHYIqEODGSjzs0aoGHxjzQCFOZYjLZWf73iye0teODnUeg&dbm_d=AKAmf-B2-StGG73pJXmFH-ZsB
<B><font color = 'green'> ===> -</font> Assert pass: doubleclick==doubleclick
 
<B><font color = 'blue'> ==> -</font>Outgoing links: Final URL:null
 
<B><font color ='red'> 2 Ad -</font>  
<B><font color = 'blue'> ==> -</font> ID of the Ad = 242896
<B><font color = 'blue'> ==> -</font> Clicked On ShowAnalytics Icon
 
<B><font color = 'blue'> ==> -</font>Basic info: URL: https://arcteryx.com/ca/en/shop/giftguide?cmpid=dp|prog|po|dv360|ARC_ProductFocus-Q422-ENG-CAN_DIS_MD|347308991|181037705&utm_source=N1357936.1972103DOUBLECLICKBIDMA&utm_medium=display&utm_content=pp347308991-cc181037705&utm_campaign=ARC_ProductFocus-Q422-ENG-CAN_DIS_MD
 
<B><font color = 'blue'> ==> -</font>Redirects: URL: https://adclick.g.doubleclick.net/pcs/click?xai=AKAOjssXqs4V3Bv34YJvVTSngKYTKKyhIN6fazkR2Kfm9URewy4GymqADN6z-JCXUse381h6JD7K-cHyh5eoKkwjs4WM_tsrUQqfX6VeNyAy4fVlpjOWzb8yefHypJjr8m2k8maI-H5RiaxAbI0R0VF2N5Ac_KBQeowxFvBldQ9H_LVxuv4OGOANJoMoDH5TEfV16kiaiox8PLaUEud0DOlYUYykRfwTh3GEYIQyJf43ExqqjGJZOr9J8y2H6s98b9yf2Iytg8Yq5VVNTOj8jxuAeMAD5BNB9QGU5AtLbTMNP3DgDs0cyxM55BuOIYPguEiAynK5xxHWoyeD632-NM4N5cn59IhA31rib7hTUhw5iU9ZYg0cx2OKzw3wVYV6WDM5GQFnibS44NcLPkH_mVCnQNW3Dwg8sOi6l1ugSILcG8BNEwrnXCOomTbSQRDkjAbxM7gZw5EjupYSVZiBlABLEp9k5fggZ1b9DSK0Aly424R5dqauZc_TwbgFdVRYvq8SdPvm-RS_lDCgJGpt7zfWmM2WR6fcoLd4nlSEK5-Aktb4kU3eAKVrEuKVUODzQ7dLafdE_FN7Lr2aqPDFafkvQ8e_J23w2P6apvKVuwayysFDCK8wjzbhquOWfySDMgfqkfdAEtO-RWYlHPJb6w0UKumq0XxvCM-gbRB0NGM-C-mI1Kzu6naZLUvCU5gbhh4pBrOF5hR8X18F69xvzOB01CQkRHe8b_6CWMknRFRhKVFxJmMRBCRLZVdCTvFwohfIDIzBmJWF5fk4QpyT_COYfDeF-xRj4t6J3SU0trXPz0DmaTSzKeEHSnippeUOjIf-r6SfUmEBwzBTBLX0c-WNkEb6VvSOE4RNqQAcw3kRqCt0Ci_VXsCvza1b17t0LUrmm8evCaobDP4SXPRZ5-oSvxwRYH0XPPmcwzBrUllubbsT1ziMqoiMhFezsyrnZQOK2bfsIcPOhH8m
<B><font color = 'green'> ===> -</font> Assert pass: doubleclick==doubleclick
 
<B><font color = 'blue'> ==> -</font>Outgoing links: Source URL: null
 
<B><font color = 'blue'> ==> -</font>Outgoing links: Redirect URL: https://adclick.g.doubleclick.net/pcs/click?xai=AKAOjssXqs4V3Bv34YJvVTSngKYTKKyhIN6fazkR2Kfm9URewy4GymqADN6z-JCXUse381h6JD7K-cHyh5eoKkwjs4WM_tsrUQqfX6VeNyAy4fVlpjOWzb8yefHypJjr8m2k8maI-H5RiaxAbI0R0VF2N5Ac_KBQeowxFvBldQ9H_LVxuv4OGOANJoMoDH5TEfV16kiaiox8PLaUEud0DOlYUYykRfwTh3GEYIQyJf43ExqqjGJZOr9J8y2H6s98b9yf2Iytg8Yq5VVNTOj8jxuAeMAD5BNB9QGU5AtLbTMNP3DgDs0cyxM55BuOIYPguEiAynK5xxHWoyeD632-NM4N5cn59IhA31rib7hTUhw5iU9ZYg0cx2OKzw3wVYV6WDM5GQFnibS44NcLPkH_mVCnQNW3Dwg8sOi6l1ugSILcG8BNEwrnXCOomTbSQRDkjAbxM7gZw5EjupYSVZiBlABLEp9k5fggZ1b9DSK0Aly424R5dqauZc_TwbgFdVRYvq8SdPvm-RS_lDCgJGpt7zfWmM2WR6fcoLd4nlSEK5-Aktb4kU3eAKVrEuKVUODzQ7dLafdE_FN7Lr2aqPDFafkvQ8e_J23w2P6apvKVuwayysFDCK8wjzbhquOWfySDMgfqkfdAEtO-RWYlHPJb6w0UKumq0XxvCM-gbRB0NGM-C-mI1Kzu6naZLUvCU5gbhh4pBrOF5hR8X18F69xvzOB01CQkRHe8b_6CWMknRFRhKVFxJmMRBCRLZVdCTvFwohfIDIzBmJWF5fk4QpyT_COYfDeF-xRj4t6J3SU0trXPz0DmaTSzKeEHSnippeUOjIf-r6SfUmEBwzBTBLX0c-WNkEb6VvSOE4RNqQAcw3kRqCt0Ci_VXsCvza1b17t0LUrmm8evCaobDP4SXPRZ5-oSvxwRYH0XPPmcwzBrUllubbsT1ziMqoiMhFezsyrnZQOK2bfsIcPOhH8m
<B><font color = 'green'> ===> -</font> Assert pass: doubleclick==doubleclick
 
<B><font color = 'blue'> ==> -</font>Outgoing links: Final URL:null
 
<B><font color ='red'> 3 Ad -</font>  
<B><font color = 'blue'> ==> -</font> ID of the Ad = 236132
<B><font color = 'blue'> ==> -</font> Clicked On ShowAnalytics Icon
 
<B><font color = 'blue'> ==> -</font>Basic info: URL: https://pixel.mathtag.com/click/img?exch_aid=YzE8LgANUikK1cnKWwgyKQ&exch_seat=20035004448&mt_aid=4031848866198887034&mt_id=9761892&mt_adid=149560&mt_sid=9256889&mt_exid=4&mt_inapp=0&mt_os=Mac%20OS%20X&mt_uuid=9c6a6321-81d8-4500-be5b-3b1451e6629d&mt_cid=9c6a6321-81d8-4500-be5b-3b1451e6629d&mt_3pck=https://adclick.g.doubleclick.net/aclk?sa=L&ai=CmjRbLjwxY4WtL8bL1gappb3AC8-HjptcwIbZgsYCwI23ARABIABgu4aAgNAKggEXY2EtcHViLTAzNzE0Nzc4NTIzNTY5NjWgAYD3gtwDyAEJ4AIAqAMBqgSMAk_QSDprli-8zZ65jEnpFkLjBhTiuoprSYjHCKumiP7CmJiXcATihkZn-yXn-FeohV4G8rFBcV3Zkm0AQO-aPXj0RiKc64nC6c_TLBIV_mevp6oJs-IeuZDIBaU6fqZ_8WW42Yu4GtboBlUUF2J-vMyxYou1P3Al8mJMwOKX-wpxZGOtvTSVtN_uPe4cARl00Rol2H_MjN8JeQfXYWFPLvZeSSY1MNoxqGtUuCLaRiCAiD-HExVh_qAeOAW9bSTrUirzCgNeMpneTQzO90BsRJV_S8Q6e6JjVPpd4lurahXj542B6yzQ0UWOtI0jeu8juauIEnZsCfdof_c44Rs3c2JXBKc5mPgDHeJpINPgBAGABraIpcz2tsrWJqAGIagHipixAqgHpr4bqAeW2BuoB6qbsQKoB_-esQKoB9-fsQLYBwDSCBAIgOGAEBABMgKqAjoDgMAD-gsCCAGADAHQFQGAFwE&num=1&sig=AOD64_0ZB6k6kiLWWi78rmogjOJMEV_ExA&client=ca-pub-0371477852356965&adurl=&mt_
<B><font color = 'green'> ===> -</font> Assert pass: doubleclick==doubleclick
 
<B><font color = 'blue'> ==> -</font>Redirects: URL: https://pixel.mathtag.com/click/img?exch_aid=YzE8LgANUikK1cnKWwgyKQ&exch_seat=20035004448&mt_aid=4031848866198887034&mt_id=9761892&mt_adid=149560&mt_sid=9256889&mt_exid=4&mt_inapp=0&mt_os=Mac%20OS%20X&mt_uuid=9c6a6321-81d8-4500-be5b-3b1451e6629d&mt_cid=9c6a6321-81d8-4500-be5b-3b1451e6629d&mt_3pck=https%3A//adclick.g.doubleclick.net/aclk%3Fsa%3DL%26ai%3DCmjRbLjwxY4WtL8bL1gappb3AC8-HjptcwIbZgsYCwI23ARABIABgu4aAgNAKggEXY2EtcHViLTAzNzE0Nzc4NTIzNTY5NjWgAYD3gtwDyAEJ4AIAqAMBqgSMAk_QSDprli-8zZ65jEnpFkLjBhTiuoprSYjHCKumiP7CmJiXcATihkZn-yXn-FeohV4G8rFBcV3Zkm0AQO-aPXj0RiKc64nC6c_TLBIV_mevp6oJs-IeuZDIBaU6fqZ_8WW42Yu4GtboBlUUF2J-vMyxYou1P3Al8mJMwOKX-wpxZGOtvTSVtN_uPe4cARl00Rol2H_MjN8JeQfXYWFPLvZeSSY1MNoxqGtUuCLaRiCAiD-HExVh_qAeOAW9bSTrUirzCgNeMpneTQzO90BsRJV_S8Q6e6JjVPpd4lurahXj542B6yzQ0UWOtI0jeu8juauIEnZsCfdof_c44Rs3c2JXBKc5mPgDHeJpINPgBAGABraIpcz2tsrWJqAGIagHipixAqgHpr4bqAeW2BuoB6qbsQKoB_-esQKoB9-fsQLYBwDSCBAIgOGAEBABMgKqAjoDgMAD-gsCCAGADAHQFQGAFwE%26num%3D1%26sig%3DAOD64_0ZB6k6kiLWWi78rmogjOJMEV_ExA%26client%3Dca-pub-03714
<B><font color = 'green'> ===> -</font> Assert pass: doubleclick==doubleclick
 
<B><font color = 'blue'> ==> -</font>Outgoing links: Source URL: null
 
<B><font color = 'blue'> ==> -</font>Outgoing links: Redirect URL: https://pixel.mathtag.com/click/img?exch_aid=YzE8LgANUikK1cnKWwgyKQ&exch_seat=20035004448&mt_aid=4031848866198887034&mt_id=9761892&mt_adid=149560&mt_sid=9256889&mt_exid=4&mt_inapp=0&mt_os=Mac%20OS%20X&mt_uuid=9c6a6321-81d8-4500-be5b-3b1451e6629d&mt_cid=9c6a6321-81d8-4500-be5b-3b1451e6629d&mt_3pck=https%3A//adclick.g.doubleclick.net/aclk%3Fsa%3DL%26ai%3DCmjRbLjwxY4WtL8bL1gappb3AC8-HjptcwIbZgsYCwI23ARABIABgu4aAgNAKggEXY2EtcHViLTAzNzE0Nzc4NTIzNTY5NjWgAYD3gtwDyAEJ4AIAqAMBqgSMAk_QSDprli-8zZ65jEnpFkLjBhTiuoprSYjHCKumiP7CmJiXcATihkZn-yXn-FeohV4G8rFBcV3Zkm0AQO-aPXj0RiKc64nC6c_TLBIV_mevp6oJs-IeuZDIBaU6fqZ_8WW42Yu4GtboBlUUF2J-vMyxYou1P3Al8mJMwOKX-wpxZGOtvTSVtN_uPe4cARl00Rol2H_MjN8JeQfXYWFPLvZeSSY1MNoxqGtUuCLaRiCAiD-HExVh_qAeOAW9bSTrUirzCgNeMpneTQzO90BsRJV_S8Q6e6JjVPpd4lurahXj542B6yzQ0UWOtI0jeu8juauIEnZsCfdof_c44Rs3c2JXBKc5mPgDHeJpINPgBAGABraIpcz2tsrWJqAGIagHipixAqgHpr4bqAeW2BuoB6qbsQKoB_-esQKoB9-fsQLYBwDSCBAIgOGAEBABMgKqAjoDgMAD-gsCCAGADAHQFQGAFwE%26num%3D1%26sig%3DAOD64_0ZB6k6kiLWWi78rmogjOJMEV_ExA%26client%3Dca-pub-03714
<B><font color = 'green'> ===> -</font> Assert pass: doubleclick==doubleclick
 
<B><font color = 'blue'> ==> -</font>Outgoing links: Final URL:null
 
<B><font color ='red'> 4 Ad -</font>  
<B><font color = 'blue'> ==> -</font> ID of the Ad = 235776
<B><font color = 'blue'> ==> -</font> Clicked On ShowAnalytics Icon
 
<B><font color = 'blue'> ==> -</font>Basic info: URL: https://pixel.mathtag.com/click/img?exch_aid=YzEvaAACoyYJHUg6NAGvww&exch_seat=20035004448&mt_aid=5184756327332311078&mt_id=9761886&mt_adid=149560&mt_sid=9256889&mt_exid=4&mt_inapp=0&mt_os=Mac%20OS%20X&mt_uuid=43c46322-0938-4400-a8f3-060a76de3fae&mt_cid=43c46322-0938-4400-a8f3-060a76de3fae&mt_3pck=https://adclick.g.doubleclick.net/aclk?sa=L&ai=CeGh_aC8xY96RB-CQ9fgPjMKI2ALPh46bXMCG2YLGAsCNtwEQASAAYLuGgIDQCoIBF2NhLXB1Yi0yMTkxNDY3NjkxNzQyNjQ5oAGA94LcA8gBCeACAKgDAaoEygJP0J5O2bNl2NczpNtfXYp5QDju7KZaVADmNmP7Xwdkt-dBX162CL1J6uf9MYk2b7mKt5AiL0uxz8lG-NOmlYW1VAzLrrAKacVQC5U3niU7hEQvZ_c2prgEVZq0GmgL3tuc1-vcxGx6x7rGKuj9yVoGIKmg8MlwZ4FwmW1VIdj2q56mdW23v67DTGPxA6aZ4nMgk9sT0KldICdrIIT2eo32_80yJr6pTSJYll_WEeR3Q6ZQHE8Xo_svtTxrYt7ZbjNWnxo2byc2qQZol1Z-6ge2o4cUTHVMvq3nFDsdPIdQkByvdCba9KTJ646OoEvHpxVRsrxN6Z039v6OOJyMciGJlV8XAN6awVir_eN9rVMO3H1LXpCyYca3IbTGA7z8V_Vlowzgfd7WiYFb511rFaih2xLM65HXFPqByT9Cg3Z8R2fwh-x80qnk2aXgBAGABtTkz-DG0srVAqAGIagHipixAqgHpr4bqAeW2BuoB6qbsQKoB_-esQKoB9-fsQLYBwDSCBAIgOGAEBABMgKqAjoDgMAD-gsCCAGADAHQFQGAFwE&nu
<B><font color = 'green'> ===> -</font> Assert pass: doubleclick==doubleclick
 
<B><font color = 'blue'> ==> -</font>Redirects: URL: https://pixel.mathtag.com/click/img?exch_aid=YzEvaAACoyYJHUg6NAGvww&exch_seat=20035004448&mt_aid=5184756327332311078&mt_id=9761886&mt_adid=149560&mt_sid=9256889&mt_exid=4&mt_inapp=0&mt_os=Mac%20OS%20X&mt_uuid=43c46322-0938-4400-a8f3-060a76de3fae&mt_cid=43c46322-0938-4400-a8f3-060a76de3fae&mt_3pck=https%3A//adclick.g.doubleclick.net/aclk%3Fsa%3DL%26ai%3DCeGh_aC8xY96RB-CQ9fgPjMKI2ALPh46bXMCG2YLGAsCNtwEQASAAYLuGgIDQCoIBF2NhLXB1Yi0yMTkxNDY3NjkxNzQyNjQ5oAGA94LcA8gBCeACAKgDAaoEygJP0J5O2bNl2NczpNtfXYp5QDju7KZaVADmNmP7Xwdkt-dBX162CL1J6uf9MYk2b7mKt5AiL0uxz8lG-NOmlYW1VAzLrrAKacVQC5U3niU7hEQvZ_c2prgEVZq0GmgL3tuc1-vcxGx6x7rGKuj9yVoGIKmg8MlwZ4FwmW1VIdj2q56mdW23v67DTGPxA6aZ4nMgk9sT0KldICdrIIT2eo32_80yJr6pTSJYll_WEeR3Q6ZQHE8Xo_svtTxrYt7ZbjNWnxo2byc2qQZol1Z-6ge2o4cUTHVMvq3nFDsdPIdQkByvdCba9KTJ646OoEvHpxVRsrxN6Z039v6OOJyMciGJlV8XAN6awVir_eN9rVMO3H1LXpCyYca3IbTGA7z8V_Vlowzgfd7WiYFb511rFaih2xLM65HXFPqByT9Cg3Z8R2fwh-x80qnk2aXgBAGABtTkz-DG0srVAqAGIagHipixAqgHpr4bqAeW2BuoB6qbsQKoB_-esQKoB9-fsQLYBwDSCBAIgOGAEBABMgKqAjoDgMAD-gsCCAGADAHQ
<B><font color = 'green'> ===> -</font> Assert pass: doubleclick==doubleclick
 
<B><font color = 'blue'> ==> -</font>Outgoing links: Source URL: null
 
<B><font color = 'blue'> ==> -</font>Outgoing links: Redirect URL: https://pixel.mathtag.com/click/img?exch_aid=YzEvaAACoyYJHUg6NAGvww&exch_seat=20035004448&mt_aid=5184756327332311078&mt_id=9761886&mt_adid=149560&mt_sid=9256889&mt_exid=4&mt_inapp=0&mt_os=Mac%20OS%20X&mt_uuid=43c46322-0938-4400-a8f3-060a76de3fae&mt_cid=43c46322-0938-4400-a8f3-060a76de3fae&mt_3pck=https%3A//adclick.g.doubleclick.net/aclk%3Fsa%3DL%26ai%3DCeGh_aC8xY96RB-CQ9fgPjMKI2ALPh46bXMCG2YLGAsCNtwEQASAAYLuGgIDQCoIBF2NhLXB1Yi0yMTkxNDY3NjkxNzQyNjQ5oAGA94LcA8gBCeACAKgDAaoEygJP0J5O2bNl2NczpNtfXYp5QDju7KZaVADmNmP7Xwdkt-dBX162CL1J6uf9MYk2b7mKt5AiL0uxz8lG-NOmlYW1VAzLrrAKacVQC5U3niU7hEQvZ_c2prgEVZq0GmgL3tuc1-vcxGx6x7rGKuj9yVoGIKmg8MlwZ4FwmW1VIdj2q56mdW23v67DTGPxA6aZ4nMgk9sT0KldICdrIIT2eo32_80yJr6pTSJYll_WEeR3Q6ZQHE8Xo_svtTxrYt7ZbjNWnxo2byc2qQZol1Z-6ge2o4cUTHVMvq3nFDsdPIdQkByvdCba9KTJ646OoEvHpxVRsrxN6Z039v6OOJyMciGJlV8XAN6awVir_eN9rVMO3H1LXpCyYca3IbTGA7z8V_Vlowzgfd7WiYFb511rFaih2xLM65HXFPqByT9Cg3Z8R2fwh-x80qnk2aXgBAGABtTkz-DG0srVAqAGIagHipixAqgHpr4bqAeW2BuoB6qbsQKoB_-esQKoB9-fsQLYBwDSCBAIgOGAEBABMgKqAjoDgMAD-gsCCAGADAHQ
<B><font color = 'green'> ===> -</font> Assert pass: doubleclick==doubleclick
 
<B><font color = 'blue'> ==> -</font>Outgoing links: Final URL:null
 
<B><font color ='red'> 5 Ad -</font>  
<B><font color = 'blue'> ==> -</font> ID of the Ad = 231088
<B><font color = 'blue'> ==> -</font> Clicked On ShowAnalytics Icon
 
<B><font color = 'blue'> ==> -</font>Basic info: URL: https://pixel.mathtag.com/click/img?exch_aid=Yy_f6gANBosJHUWDEQ-4Bw&exch_seat=20035004448&mt_aid=1725622932729358425&mt_id=10547772&mt_adid=149560&mt_sid=9547565&mt_exid=4&mt_inapp=0&mt_os=Mac%20OS%20X&mt_uuid=43c46322-0938-4400-a8f3-060a76de3fae&mt_cid=43c46322-0938-4400-a8f3-060a76de3fae&mt_3pck=https://adclick.g.doubleclick.net/aclk?sa=L&ai=CbF_46t8vY9m2L5OM9fgP376JkAnPh46bXMCG2YLGAsCNtwEQASAAYLuGgIDQCoIBF2NhLXB1Yi0yMTkxNDY3NjkxNzQyNjQ5oAGA94LcA8gBCeACAKgDAaoEwwJP0HHeoI2YhD_Mh1GNnsLV8fFXHcXhbeAUlqwpfkvPBoiIYpiaNxNRblAjriKS_I9vXIkHNmxRBTQgkNUFIfEZlnpi1E-aO0N7I6QCgut2pWXeiJBSiYi2U0ZvZk7JQs6RRP_eLVHwDR0ltkDMWa6LRgTu2kvUgu6cUAi_H6sYwJo9BLEl0Slxg6OmgHgn35LF1tpSfc3Ztz4DymCjxuZu3z-qLK1ah5b70H8Cq-qP5VpiRUV3xWw35QF_h4iivuxPYwd46vNusy_iR6QyRN5Lck96qjzOlaQ0ztuwpQtRplqg1pYm7v33LznBZO73_0xP9k_6PK8eLoXKfRM1tUR-njkO3N7fb8jYG8P8XX56jS9K75_Jr3TwStjnF_T_sEwIwD1tk3GMWBScYh74EcqTkCWfeVXaXfkjPGiQeJB0cj9aueAEAYAG5arApPSj_6MSoAYhqAeKmLECqAemvhuoB5bYG6gHqpuxAqgH_56xAqgH35-xAtgHANIIEAiA4YAQEAEyAqoCOgOAwAP6CwIIAYAMAdAVAYAXAQ&num=1&sig=
<B><font color = 'green'> ===> -</font> Assert pass: doubleclick==doubleclick
 
<B><font color = 'blue'> ==> -</font>Redirects: URL: https://pixel.mathtag.com/click/img?exch_aid=Yy_f6gANBosJHUWDEQ-4Bw&exch_seat=20035004448&mt_aid=1725622932729358425&mt_id=10547772&mt_adid=149560&mt_sid=9547565&mt_exid=4&mt_inapp=0&mt_os=Mac%20OS%20X&mt_uuid=43c46322-0938-4400-a8f3-060a76de3fae&mt_cid=43c46322-0938-4400-a8f3-060a76de3fae&mt_3pck=https%3A//adclick.g.doubleclick.net/aclk%3Fsa%3DL%26ai%3DCbF_46t8vY9m2L5OM9fgP376JkAnPh46bXMCG2YLGAsCNtwEQASAAYLuGgIDQCoIBF2NhLXB1Yi0yMTkxNDY3NjkxNzQyNjQ5oAGA94LcA8gBCeACAKgDAaoEwwJP0HHeoI2YhD_Mh1GNnsLV8fFXHcXhbeAUlqwpfkvPBoiIYpiaNxNRblAjriKS_I9vXIkHNmxRBTQgkNUFIfEZlnpi1E-aO0N7I6QCgut2pWXeiJBSiYi2U0ZvZk7JQs6RRP_eLVHwDR0ltkDMWa6LRgTu2kvUgu6cUAi_H6sYwJo9BLEl0Slxg6OmgHgn35LF1tpSfc3Ztz4DymCjxuZu3z-qLK1ah5b70H8Cq-qP5VpiRUV3xWw35QF_h4iivuxPYwd46vNusy_iR6QyRN5Lck96qjzOlaQ0ztuwpQtRplqg1pYm7v33LznBZO73_0xP9k_6PK8eLoXKfRM1tUR-njkO3N7fb8jYG8P8XX56jS9K75_Jr3TwStjnF_T_sEwIwD1tk3GMWBScYh74EcqTkCWfeVXaXfkjPGiQeJB0cj9aueAEAYAG5arApPSj_6MSoAYhqAeKmLECqAemvhuoB5bYG6gHqpuxAqgH_56xAqgH35-xAtgHANIIEAiA4YAQEAEyAqoCOgOAwAP6CwIIAYAMAdAVAYAXAQ%
<B><font color = 'green'> ===> -</font> Assert pass: doubleclick==doubleclick
 
<B><font color = 'blue'> ==> -</font>Outgoing links: Source URL: null
 
<B><font color = 'blue'> ==> -</font>Outgoing links: Redirect URL: https://pixel.mathtag.com/click/img?exch_aid=Yy_f6gANBosJHUWDEQ-4Bw&exch_seat=20035004448&mt_aid=1725622932729358425&mt_id=10547772&mt_adid=149560&mt_sid=9547565&mt_exid=4&mt_inapp=0&mt_os=Mac%20OS%20X&mt_uuid=43c46322-0938-4400-a8f3-060a76de3fae&mt_cid=43c46322-0938-4400-a8f3-060a76de3fae&mt_3pck=https%3A//adclick.g.doubleclick.net/aclk%3Fsa%3DL%26ai%3DCbF_46t8vY9m2L5OM9fgP376JkAnPh46bXMCG2YLGAsCNtwEQASAAYLuGgIDQCoIBF2NhLXB1Yi0yMTkxNDY3NjkxNzQyNjQ5oAGA94LcA8gBCeACAKgDAaoEwwJP0HHeoI2YhD_Mh1GNnsLV8fFXHcXhbeAUlqwpfkvPBoiIYpiaNxNRblAjriKS_I9vXIkHNmxRBTQgkNUFIfEZlnpi1E-aO0N7I6QCgut2pWXeiJBSiYi2U0ZvZk7JQs6RRP_eLVHwDR0ltkDMWa6LRgTu2kvUgu6cUAi_H6sYwJo9BLEl0Slxg6OmgHgn35LF1tpSfc3Ztz4DymCjxuZu3z-qLK1ah5b70H8Cq-qP5VpiRUV3xWw35QF_h4iivuxPYwd46vNusy_iR6QyRN5Lck96qjzOlaQ0ztuwpQtRplqg1pYm7v33LznBZO73_0xP9k_6PK8eLoXKfRM1tUR-njkO3N7fb8jYG8P8XX56jS9K75_Jr3TwStjnF_T_sEwIwD1tk3GMWBScYh74EcqTkCWfeVXaXfkjPGiQeJB0cj9aueAEAYAG5arApPSj_6MSoAYhqAeKmLECqAemvhuoB5bYG6gHqpuxAqgH_56xAqgH35-xAtgHANIIEAiA4YAQEAEyAqoCOgOAwAP6CwIIAYAMAdAVAYAXAQ%
<B><font color = 'green'> ===> -</font> Assert pass: doubleclick==doubleclick
 
<B><font color = 'blue'> ==> -</font>Outgoing links: Final URL:null
 
<B><font color ='red'> 6 Ad -</font>  
<B><font color = 'blue'> ==> -</font> ID of the Ad = 231065
<B><font color = 'blue'> ==> -</font> Clicked On ShowAnalytics Icon
 
<B><font color = 'blue'> ==> -</font>Basic info: URL: https://pixel.mathtag.com/click/img?exch_aid=Yy_fVgAGd48JHUS4Ggqqrg&exch_seat=20035004448&mt_aid=7490229823329660884&mt_id=9761888&mt_adid=149560&mt_sid=9256889&mt_exid=4&mt_inapp=0&mt_os=Mac%20OS%20X&mt_uuid=43c46322-0938-4400-a8f3-060a76de3fae&mt_cid=43c46322-0938-4400-a8f3-060a76de3fae&mt_3pck=https://adclick.g.doubleclick.net/aclk?sa=L&ai=CwheBVt8vY9P6FcyO9fgP18i6sATPh46bXMCG2YLGAsCNtwEQASAAYLuGgIDQCoIBF2NhLXB1Yi0yMTkxNDY3NjkxNzQyNjQ5oAGA94LcA8gBCeACAKgDAaoEzwJP0OqL41acAYpPVN9iyg75hXpyH0j9vUIfEkY02D_Jd9cQLF8_pWSPYi5MwpNQUVO5VT9SuF8WeEJ3H08NMW8BwUuhO458IQxRab7X4vNXmT057sYu_yQhvm-j2h4ifaeyerbaQezf5es1mps9UTcLeY7uK-yu1HHM5zL0kvvVimKEOp-g9pt5ViIS1o1mZ7ElYYE1PrIzCDFAKyt8YHKk5wqCJbfGyXEqbIZCv5zuWlAWYszWw2rpYV1AT9znvGRUmMHWBmi2Jq5gHSkqazsHqQed1I9v-BeCcuPpFQdqA7j-CuYfGD4cJ2VN0Wdt6AKWCuxOSqqStt9_vRe6LBnvzH0uMUHrpBJ59-obd5yjicl5OtWX4iXLG_j74Gdk0-6rMe939h5BVE8vI03YDgdESg6QwU-Xt5ivvEPWNCIL7zmyWT-BPJ_R3jnvPCrDUOAEAYAG9qGP-6vJ-sv5AaAGIagHipixAqgHpr4bqAeW2BuoB6qbsQKoB_-esQKoB9-fsQLYBwDSCBAIgOGAEBABMgKqAjoDgMAD-gsCCAGADAHQFQ
<B><font color = 'green'> ===> -</font> Assert pass: doubleclick==doubleclick
 
<B><font color = 'blue'> ==> -</font>Redirects: URL: https://pixel.mathtag.com/click/img?exch_aid=Yy_fVgAGd48JHUS4Ggqqrg&exch_seat=20035004448&mt_aid=7490229823329660884&mt_id=9761888&mt_adid=149560&mt_sid=9256889&mt_exid=4&mt_inapp=0&mt_os=Mac%20OS%20X&mt_uuid=43c46322-0938-4400-a8f3-060a76de3fae&mt_cid=43c46322-0938-4400-a8f3-060a76de3fae&mt_3pck=https%3A//adclick.g.doubleclick.net/aclk%3Fsa%3DL%26ai%3DCwheBVt8vY9P6FcyO9fgP18i6sATPh46bXMCG2YLGAsCNtwEQASAAYLuGgIDQCoIBF2NhLXB1Yi0yMTkxNDY3NjkxNzQyNjQ5oAGA94LcA8gBCeACAKgDAaoEzwJP0OqL41acAYpPVN9iyg75hXpyH0j9vUIfEkY02D_Jd9cQLF8_pWSPYi5MwpNQUVO5VT9SuF8WeEJ3H08NMW8BwUuhO458IQxRab7X4vNXmT057sYu_yQhvm-j2h4ifaeyerbaQezf5es1mps9UTcLeY7uK-yu1HHM5zL0kvvVimKEOp-g9pt5ViIS1o1mZ7ElYYE1PrIzCDFAKyt8YHKk5wqCJbfGyXEqbIZCv5zuWlAWYszWw2rpYV1AT9znvGRUmMHWBmi2Jq5gHSkqazsHqQed1I9v-BeCcuPpFQdqA7j-CuYfGD4cJ2VN0Wdt6AKWCuxOSqqStt9_vRe6LBnvzH0uMUHrpBJ59-obd5yjicl5OtWX4iXLG_j74Gdk0-6rMe939h5BVE8vI03YDgdESg6QwU-Xt5ivvEPWNCIL7zmyWT-BPJ_R3jnvPCrDUOAEAYAG9qGP-6vJ-sv5AaAGIagHipixAqgHpr4bqAeW2BuoB6qbsQKoB_-esQKoB9-fsQLYBwDSCBAIgOGAEBABMgKqAjoDgMAD-gsC
<B><font color = 'green'> ===> -</font> Assert pass: doubleclick==doubleclick
 
<B><font color = 'blue'> ==> -</font>Outgoing links: Source URL: null
 
<B><font color = 'blue'> ==> -</font>Outgoing links: Redirect URL: https://pixel.mathtag.com/click/img?exch_aid=Yy_fVgAGd48JHUS4Ggqqrg&exch_seat=20035004448&mt_aid=7490229823329660884&mt_id=9761888&mt_adid=149560&mt_sid=9256889&mt_exid=4&mt_inapp=0&mt_os=Mac%20OS%20X&mt_uuid=43c46322-0938-4400-a8f3-060a76de3fae&mt_cid=43c46322-0938-4400-a8f3-060a76de3fae&mt_3pck=https%3A//adclick.g.doubleclick.net/aclk%3Fsa%3DL%26ai%3DCwheBVt8vY9P6FcyO9fgP18i6sATPh46bXMCG2YLGAsCNtwEQASAAYLuGgIDQCoIBF2NhLXB1Yi0yMTkxNDY3NjkxNzQyNjQ5oAGA94LcA8gBCeACAKgDAaoEzwJP0OqL41acAYpPVN9iyg75hXpyH0j9vUIfEkY02D_Jd9cQLF8_pWSPYi5MwpNQUVO5VT9SuF8WeEJ3H08NMW8BwUuhO458IQxRab7X4vNXmT057sYu_yQhvm-j2h4ifaeyerbaQezf5es1mps9UTcLeY7uK-yu1HHM5zL0kvvVimKEOp-g9pt5ViIS1o1mZ7ElYYE1PrIzCDFAKyt8YHKk5wqCJbfGyXEqbIZCv5zuWlAWYszWw2rpYV1AT9znvGRUmMHWBmi2Jq5gHSkqazsHqQed1I9v-BeCcuPpFQdqA7j-CuYfGD4cJ2VN0Wdt6AKWCuxOSqqStt9_vRe6LBnvzH0uMUHrpBJ59-obd5yjicl5OtWX4iXLG_j74Gdk0-6rMe939h5BVE8vI03YDgdESg6QwU-Xt5ivvEPWNCIL7zmyWT-BPJ_R3jnvPCrDUOAEAYAG9qGP-6vJ-sv5AaAGIagHipixAqgHpr4bqAeW2BuoB6qbsQKoB_-esQKoB9-fsQLYBwDSCBAIgOGAEBABMgKqAjoDgMAD-gsC
<B><font color = 'green'> ===> -</font> Assert pass: doubleclick==doubleclick
 
<B><font color = 'blue'> ==> -</font>Outgoing links: Final URL:null
 
<B><font color ='red'> 7 Ad -</font>  
<B><font color = 'blue'> ==> -</font> ID of the Ad = 227474
<B><font color = 'blue'> ==> -</font> Clicked On ShowAnalytics Icon
 
<B><font color = 'blue'> ==> -</font>Basic info: URL: https://pixel.mathtag.com/click/img?exch_aid=Yy6ufwACoXwKGz3IrQ8SpA&exch_seat=20035004448&mt_aid=5184051638089412357&mt_id=9761891&mt_adid=149560&mt_sid=9256889&mt_exid=4&mt_inapp=0&mt_os=Mac%20OS%20X&mt_uuid=43c46322-0938-4400-a8f3-060a76de3fae&mt_cid=43c46322-0938-4400-a8f3-060a76de3fae&mt_3pck=https://adclick.g.doubleclick.net/aclk?sa=L&ai=CT5GOf64uY9DnBYKD9fgPxJCrqATPh46bXMCG2YLGAsCNtwEQASAAYLsGggEXY2EtcHViLTIxOTE0Njc2OTE3NDI2NDmgAYD3gtwDyAEJ4AIAqAMBqgSSAk_QijgL4dX6YCXCvBN9Km5zC4sdjks6QbkY-jr2V_JcaDBG_VS6gskYCO6JTAcevLGbB0VwObcSaN4Xub94o1VI1MAy475EoNl77h8MjByzuyuY41qs_kIdYzPynbr3Bhke_KIr8UP1UF_PPpoUgXuVn-GoD70dFfPZ9Hl-HlpRAbS5MAszUI3GkymcHasC-S73iCW2Rlwedk-IqaTpYotL4JwbaBpe98UB6n-LPVmpJTzInYyo0wmAPbqJ0NQ-_O0GqzV6sj5QMbYbLM4DWwUqgyIFU-5AOstx20qtLj5WWRW4ntKtz_FK8MUYyYKgqpNfBRTZlPthYy9VBCQO9OMcraa9ERyvGa6WmhYuRNTDFVrgBAGABpa06p7eodafdqAGIagHipixAqgHpr4bqAeW2BuoB6qbsQKoB_-esQKoB9-fsQLYBwDSCBAIgOGAEBABMgKqAjoDgMAD-gsCCAGADAHQFQGAFwE&num=1&sig=AOD64_27BvKFZuH1KfIyMLrBcNWQUiu8bw&client=ca-pub-2191467691742649&adurl=
<B><font color = 'green'> ===> -</font> Assert pass: doubleclick==doubleclick
 
<B><font color = 'blue'> ==> -</font>Redirects: URL: https://pixel.mathtag.com/click/img?exch_aid=Yy6ufwACoXwKGz3IrQ8SpA&exch_seat=20035004448&mt_aid=5184051638089412357&mt_id=9761891&mt_adid=149560&mt_sid=9256889&mt_exid=4&mt_inapp=0&mt_os=Mac%20OS%20X&mt_uuid=43c46322-0938-4400-a8f3-060a76de3fae&mt_cid=43c46322-0938-4400-a8f3-060a76de3fae&mt_3pck=https%3A//adclick.g.doubleclick.net/aclk%3Fsa%3DL%26ai%3DCT5GOf64uY9DnBYKD9fgPxJCrqATPh46bXMCG2YLGAsCNtwEQASAAYLsGggEXY2EtcHViLTIxOTE0Njc2OTE3NDI2NDmgAYD3gtwDyAEJ4AIAqAMBqgSSAk_QijgL4dX6YCXCvBN9Km5zC4sdjks6QbkY-jr2V_JcaDBG_VS6gskYCO6JTAcevLGbB0VwObcSaN4Xub94o1VI1MAy475EoNl77h8MjByzuyuY41qs_kIdYzPynbr3Bhke_KIr8UP1UF_PPpoUgXuVn-GoD70dFfPZ9Hl-HlpRAbS5MAszUI3GkymcHasC-S73iCW2Rlwedk-IqaTpYotL4JwbaBpe98UB6n-LPVmpJTzInYyo0wmAPbqJ0NQ-_O0GqzV6sj5QMbYbLM4DWwUqgyIFU-5AOstx20qtLj5WWRW4ntKtz_FK8MUYyYKgqpNfBRTZlPthYy9VBCQO9OMcraa9ERyvGa6WmhYuRNTDFVrgBAGABpa06p7eodafdqAGIagHipixAqgHpr4bqAeW2BuoB6qbsQKoB_-esQKoB9-fsQLYBwDSCBAIgOGAEBABMgKqAjoDgMAD-gsCCAGADAHQFQGAFwE%26num%3D1%26sig%3DAOD64_27BvKFZuH1KfIyMLrBcNWQUiu8bw%26client%3Dca-pub-2
<B><font color = 'green'> ===> -</font> Assert pass: doubleclick==doubleclick
 
<B><font color = 'blue'> ==> -</font>Outgoing links: Source URL: null
 
<B><font color = 'blue'> ==> -</font>Outgoing links: Redirect URL: https://pixel.mathtag.com/click/img?exch_aid=Yy6ufwACoXwKGz3IrQ8SpA&exch_seat=20035004448&mt_aid=5184051638089412357&mt_id=9761891&mt_adid=149560&mt_sid=9256889&mt_exid=4&mt_inapp=0&mt_os=Mac%20OS%20X&mt_uuid=43c46322-0938-4400-a8f3-060a76de3fae&mt_cid=43c46322-0938-4400-a8f3-060a76de3fae&mt_3pck=https%3A//adclick.g.doubleclick.net/aclk%3Fsa%3DL%26ai%3DCT5GOf64uY9DnBYKD9fgPxJCrqATPh46bXMCG2YLGAsCNtwEQASAAYLsGggEXY2EtcHViLTIxOTE0Njc2OTE3NDI2NDmgAYD3gtwDyAEJ4AIAqAMBqgSSAk_QijgL4dX6YCXCvBN9Km5zC4sdjks6QbkY-jr2V_JcaDBG_VS6gskYCO6JTAcevLGbB0VwObcSaN4Xub94o1VI1MAy475EoNl77h8MjByzuyuY41qs_kIdYzPynbr3Bhke_KIr8UP1UF_PPpoUgXuVn-GoD70dFfPZ9Hl-HlpRAbS5MAszUI3GkymcHasC-S73iCW2Rlwedk-IqaTpYotL4JwbaBpe98UB6n-LPVmpJTzInYyo0wmAPbqJ0NQ-_O0GqzV6sj5QMbYbLM4DWwUqgyIFU-5AOstx20qtLj5WWRW4ntKtz_FK8MUYyYKgqpNfBRTZlPthYy9VBCQO9OMcraa9ERyvGa6WmhYuRNTDFVrgBAGABpa06p7eodafdqAGIagHipixAqgHpr4bqAeW2BuoB6qbsQKoB_-esQKoB9-fsQLYBwDSCBAIgOGAEBABMgKqAjoDgMAD-gsCCAGADAHQFQGAFwE%26num%3D1%26sig%3DAOD64_27BvKFZuH1KfIyMLrBcNWQUiu8bw%26client%3Dca-pub-2
<B><font color = 'green'> ===> -</font> Assert pass: doubleclick==doubleclick
 
<B><font color = 'blue'> ==> -</font>Outgoing links: Final URL:null
 
<B><font color ='red'> 8 Ad -</font>  
<B><font color = 'blue'> ==> -</font> ID of the Ad = 225423
<B><font color = 'blue'> ==> -</font> Clicked On ShowAnalytics Icon
 
<B><font color = 'blue'> ==> -</font>Basic info: URL: https://pixel.mathtag.com/click/img?exch_aid=Yy01RQAC750K1eAPsAmklw&exch_seat=20035004448&mt_aid=8642401385848538803&mt_id=9761883&mt_adid=149560&mt_sid=9256889&mt_exid=4&mt_inapp=0&mt_os=Mac%20OS%20X&mt_uuid=9c6a6321-81d8-4500-be5b-3b1451e6629d&mt_cid=9c6a6321-81d8-4500-be5b-3b1451e6629d&mt_3pck=https://adclick.g.doubleclick.net/aclk?sa=L&ai=C83CDRTUtY5L2BPGhmLAPzum6kA3Ph46bXMCG2YLGAsCNtwEQASAAYLsGggEXY2EtcHViLTAzNzE0Nzc4NTIzNTY5NjWgAYD3gtwDyAEJ4AIAqAMBqgTLAk_Qev-YaW3noaf8vCoemrhl7clcKCyx27ajePvgdheEfZ3HxUr9dxuX54ELhx-h1gRBWnP2xY8wBDS9gdjOHEc0vEH2lf9fbanswuyzqsgwDXYdkeizzCWZRTmINcEwgBkJmUNDyta9hSj1CE-tik499l8lymM7YDux1UC8Q6St2j5y2MH5v1DBIx_0FGk773iO_hjFKOvZ5rq7uDg3DF8AegmKuBqM4gw3RL0OSPOgat6QmB6Qy5kW8R97EsKwx8sTobDJoiSimyoCdMOrwcRfVE8PwPJmd2KKwEDenfz_Ffm9inWs4ML3QY5O7pEWZsOaOdeNawCQqYRlNZnFs83MJIK323ZvM48UJ6MyYDRRFjjXf5_UBCe58kx-a6K91J8pUr5OkKvEAvlCrSPssfMxFGhY6xZCrHyOtEKD5ENVsjTQIjQPpYna_mHgBAGABsmk2c3X6-CncKAGIagHipixAqgHpr4bqAeW2BuoB6qbsQKoB_-esQKoB9-fsQLYBwDSCBAIgOGAEBABMgKqAjoDgMAD-gsCCAGADAHQFQGAFwE&num=1&
<B><font color = 'green'> ===> -</font> Assert pass: doubleclick==doubleclick
 
<B><font color = 'blue'> ==> -</font>Redirects: URL: https://pixel.mathtag.com/click/img?exch_aid=Yy01RQAC750K1eAPsAmklw&exch_seat=20035004448&mt_aid=8642401385848538803&mt_id=9761883&mt_adid=149560&mt_sid=9256889&mt_exid=4&mt_inapp=0&mt_os=Mac%20OS%20X&mt_uuid=9c6a6321-81d8-4500-be5b-3b1451e6629d&mt_cid=9c6a6321-81d8-4500-be5b-3b1451e6629d&mt_3pck=https%3A//adclick.g.doubleclick.net/aclk%3Fsa%3DL%26ai%3DC83CDRTUtY5L2BPGhmLAPzum6kA3Ph46bXMCG2YLGAsCNtwEQASAAYLsGggEXY2EtcHViLTAzNzE0Nzc4NTIzNTY5NjWgAYD3gtwDyAEJ4AIAqAMBqgTLAk_Qev-YaW3noaf8vCoemrhl7clcKCyx27ajePvgdheEfZ3HxUr9dxuX54ELhx-h1gRBWnP2xY8wBDS9gdjOHEc0vEH2lf9fbanswuyzqsgwDXYdkeizzCWZRTmINcEwgBkJmUNDyta9hSj1CE-tik499l8lymM7YDux1UC8Q6St2j5y2MH5v1DBIx_0FGk773iO_hjFKOvZ5rq7uDg3DF8AegmKuBqM4gw3RL0OSPOgat6QmB6Qy5kW8R97EsKwx8sTobDJoiSimyoCdMOrwcRfVE8PwPJmd2KKwEDenfz_Ffm9inWs4ML3QY5O7pEWZsOaOdeNawCQqYRlNZnFs83MJIK323ZvM48UJ6MyYDRRFjjXf5_UBCe58kx-a6K91J8pUr5OkKvEAvlCrSPssfMxFGhY6xZCrHyOtEKD5ENVsjTQIjQPpYna_mHgBAGABsmk2c3X6-CncKAGIagHipixAqgHpr4bqAeW2BuoB6qbsQKoB_-esQKoB9-fsQLYBwDSCBAIgOGAEBABMgKqAjoDgMAD-gsCCAGADAHQFQGA
<B><font color = 'green'> ===> -</font> Assert pass: doubleclick==doubleclick
 
<B><font color = 'blue'> ==> -</font>Outgoing links: Source URL: null
 
<B><font color = 'blue'> ==> -</font>Outgoing links: Redirect URL: https://pixel.mathtag.com/click/img?exch_aid=Yy01RQAC750K1eAPsAmklw&exch_seat=20035004448&mt_aid=8642401385848538803&mt_id=9761883&mt_adid=149560&mt_sid=9256889&mt_exid=4&mt_inapp=0&mt_os=Mac%20OS%20X&mt_uuid=9c6a6321-81d8-4500-be5b-3b1451e6629d&mt_cid=9c6a6321-81d8-4500-be5b-3b1451e6629d&mt_3pck=https%3A//adclick.g.doubleclick.net/aclk%3Fsa%3DL%26ai%3DC83CDRTUtY5L2BPGhmLAPzum6kA3Ph46bXMCG2YLGAsCNtwEQASAAYLsGggEXY2EtcHViLTAzNzE0Nzc4NTIzNTY5NjWgAYD3gtwDyAEJ4AIAqAMBqgTLAk_Qev-YaW3noaf8vCoemrhl7clcKCyx27ajePvgdheEfZ3HxUr9dxuX54ELhx-h1gRBWnP2xY8wBDS9gdjOHEc0vEH2lf9fbanswuyzqsgwDXYdkeizzCWZRTmINcEwgBkJmUNDyta9hSj1CE-tik499l8lymM7YDux1UC8Q6St2j5y2MH5v1DBIx_0FGk773iO_hjFKOvZ5rq7uDg3DF8AegmKuBqM4gw3RL0OSPOgat6QmB6Qy5kW8R97EsKwx8sTobDJoiSimyoCdMOrwcRfVE8PwPJmd2KKwEDenfz_Ffm9inWs4ML3QY5O7pEWZsOaOdeNawCQqYRlNZnFs83MJIK323ZvM48UJ6MyYDRRFjjXf5_UBCe58kx-a6K91J8pUr5OkKvEAvlCrSPssfMxFGhY6xZCrHyOtEKD5ENVsjTQIjQPpYna_mHgBAGABsmk2c3X6-CncKAGIagHipixAqgHpr4bqAeW2BuoB6qbsQKoB_-esQKoB9-fsQLYBwDSCBAIgOGAEBABMgKqAjoDgMAD-gsCCAGADAHQFQGA
<B><font color = 'green'> ===> -</font> Assert pass: doubleclick==doubleclick
 
<B><font color = 'blue'> ==> -</font>Outgoing links: Final URL:null
 
<B><font color ='red'> 9 Ad -</font>  
<B><font color = 'blue'> ==> -</font> ID of the Ad = 219225
<B><font color = 'blue'> ==> -</font> Clicked On ShowAnalytics Icon
 
<B><font color = 'blue'> ==> -</font>Basic info: URL: https://ams3-ib.adnxs.com/click?JiCjYQIyij-6SQwCK4eGPwAAAKBH4SdAAjJ07KAShz_A7J48LNSKP2HPecnjtw011VvW3swhdB-TaSxjAAAAAJDsbQC1AAAA6h8AAAIAAACM9iAQX2kPAAAAAABVU0QAVVNEACwBWALT9QAAAAABAgUCAAAAAKoApCPp6wAAAAA./bcr=AAAAAAAA8D8=/cnd=!ZhUm7wiGgo4XEIztg4EBGN_SPSAAKAAxmpmZmZmZuT86CUFNUzM6NjAyNECrL0kAAAAAAADwP1EAAAAAAAAAAFkAAAAAAAAAAGEAAAAAAADQP2kAAAAAAAAAAHEAAAAAAAAAAHgAiQEAAAAAAADwPw../cca=ODE3MCNBTVMzOjYwMjQ=/bn=96517/clickenc=https://adclick.g.doubleclick.net/aclk?sa=L&ai=C_BpWk2ksY6GWE4HDsgLj1KygCc3Y179cj6S2k5MKwI23ARABIABgu4aAgNAKggEXY2EtcHViLTQ3OTg1NjE1MzAxMDM0MjigAZTvl-oDyAEJ4AIAqAMBqgSjAk_Q3uSMmtrK7RvPxYCY-VX1vVG5gldGEMZPwpu-4igEFXU9Bnwm_d3mWN3qzyUIvmQhfna06IhxOCxW6fPd8UY4wtnKwCqGNaiI_WZKUGm0hRA8fdeQsFJTo5SWhvxZ1EjkIJtZyoKRFOsU3IRP48ZyI0hBGLlZlXD55zECBmmZgSckpKmBuya_WB37RbQrHuHrVQaGT9RLfjhZXHOiycLZtmAlOx2zVy6Tp8eqhALupm3JiHSLN2LsIG1qxUUNdUNjfLAlOy_fcAgnqEjCbSMI6Wg8fWbq9P75dH0ZOEVuI7jYXly9_wQ-vIEloaBjYRuipUxg4rbW_X5eFYfm-wIUrsVHlT6ydKI4TmCgk90c1mJCNhn9QmQN3e1waS9Qe8reVOAEAYAG-_6cg6z0lMp3oAYhqAeKmLECqAemvhuoB5bYG
<B><font color = 'green'> ===> -</font> Assert pass: doubleclick==doubleclick
 
<B><font color = 'blue'> ==> -</font>Redirects: URL: https://adclick.g.doubleclick.net/pcs/click?xai=AKAOjss6KeUxpntVclGX3-znq1yvo7-BtcNJgoyJGliCM9Q-38gX7F-57dfPnJ2k1az6xkTxHfWtehpHcew-nrRsgDIjOYle_zXhT3ln_FD9zQnz971TZsvQ2qDekIRouj13cxUGYiQXUjusp-BT0frx&sig=Cg0ArKJSzHDHE6NLm9kQ&cry=1&fbs_aeid=[gw_fbsaeid]&urlfix=1&adurl=https://ams3-ib.adnxs.com/click%3FJiCjYQIyij-6SQwCK4eGPwAAAKBH4SdAAjJ07KAShz_A7J48LNSKP2HPecnjtw011VvW3swhdB-TaSxjAAAAAJDsbQC1AAAA6h8AAAIAAACM9iAQX2kPAAAAAABVU0QAVVNEACwBWALT9QAAAAABAgUCAAAAAKoApCPp6wAAAAA./bcr%3DAAAAAAAA8D8%3D/cnd%3D%2521ZhUm7wiGgo4XEIztg4EBGN_SPSAAKAAxmpmZmZmZuT86CUFNUzM6NjAyNECrL0kAAAAAAADwP1EAAAAAAAAAAFkAAAAAAAAAAGEAAAAAAADQP2kAAAAAAAAAAHEAAAAAAAAAAHgAiQEAAAAAAADwPw../cca%3DODE3MCNBTVMzOjYwMjQ%3D/bn%3D96517/clickenc%3Dhttps%253A%252F%252Fadclick.g.doubleclick.net%252Faclk%253Fsa%253DL%2526ai%253DC_BpWk2ksY6GWE4HDsgLj1KygCc3Y179cj6S2k5MKwI23ARABIABgu4aAgNAKggEXY2EtcHViLTQ3OTg1NjE1MzAxMDM0MjigAZTvl-oDyAEJ4AIAqAMBqgSjAk_Q3uSMmtrK7RvPxYCY-VX1vVG5gldGEMZPwpu-4igEFXU9Bnwm_d3mWN3qzyUIvmQhfna06IhxOCxW6fPd8UY4wtnKwCqGNaiI_WZKUGm0hRA8
<B><font color = 'green'> ===> -</font> Assert pass: doubleclick==doubleclick
 
<B><font color = 'blue'> ==> -</font>Outgoing links: Source URL: null
 
<B><font color = 'blue'> ==> -</font>Outgoing links: Redirect URL: https://adclick.g.doubleclick.net/pcs/click?xai=AKAOjss6KeUxpntVclGX3-znq1yvo7-BtcNJgoyJGliCM9Q-38gX7F-57dfPnJ2k1az6xkTxHfWtehpHcew-nrRsgDIjOYle_zXhT3ln_FD9zQnz971TZsvQ2qDekIRouj13cxUGYiQXUjusp-BT0frx&sig=Cg0ArKJSzHDHE6NLm9kQ&cry=1&fbs_aeid=[gw_fbsaeid]&urlfix=1&adurl=https://ams3-ib.adnxs.com/click%3FJiCjYQIyij-6SQwCK4eGPwAAAKBH4SdAAjJ07KAShz_A7J48LNSKP2HPecnjtw011VvW3swhdB-TaSxjAAAAAJDsbQC1AAAA6h8AAAIAAACM9iAQX2kPAAAAAABVU0QAVVNEACwBWALT9QAAAAABAgUCAAAAAKoApCPp6wAAAAA./bcr%3DAAAAAAAA8D8%3D/cnd%3D%2521ZhUm7wiGgo4XEIztg4EBGN_SPSAAKAAxmpmZmZmZuT86CUFNUzM6NjAyNECrL0kAAAAAAADwP1EAAAAAAAAAAFkAAAAAAAAAAGEAAAAAAADQP2kAAAAAAAAAAHEAAAAAAAAAAHgAiQEAAAAAAADwPw../cca%3DODE3MCNBTVMzOjYwMjQ%3D/bn%3D96517/clickenc%3Dhttps%253A%252F%252Fadclick.g.doubleclick.net%252Faclk%253Fsa%253DL%2526ai%253DC_BpWk2ksY6GWE4HDsgLj1KygCc3Y179cj6S2k5MKwI23ARABIABgu4aAgNAKggEXY2EtcHViLTQ3OTg1NjE1MzAxMDM0MjigAZTvl-oDyAEJ4AIAqAMBqgSjAk_Q3uSMmtrK7RvPxYCY-VX1vVG5gldGEMZPwpu-4igEFXU9Bnwm_d3mWN3qzyUIvmQhfna06IhxOCxW6fPd8UY4wtnKwCqGNaiI_WZKUGm0hRA8
<B><font color = 'green'> ===> -</font> Assert pass: doubleclick==doubleclick
 
<B><font color = 'blue'> ==> -</font>Outgoing links: Final URL:null
 
<B><font color ='red'> 10 Ad -</font>  
<B><font color = 'blue'> ==> -</font> ID of the Ad = 218649
<B><font color = 'blue'> ==> -</font> Clicked On ShowAnalytics Icon
 
<B><font color = 'blue'> ==> -</font>Basic info: URL: https://ams3-ib.adnxs.com/click?9AV9QV_Qhz97FK5H4XqEPwAAAKBH4SdAYhY18z9UhT9a8KKvIM2IP84OHhYSJ9Y71VvW3swhdB_TSCxjAAAAAJDsbQC1AAAA6h8AAAIAAAAjs1IOX2kPAAAAAABVU0QAVVNEAKAAWALT9QAAAAABAgUCAAAAAKoAMCTCaAAAAAA./bcr=AAAAAAAA8D8=/cnd=!PRaVQQiE1s8VEKPmynIY39I9IAAoADGamZmZmZm5PzoJQU1TMzo2MDUwQKsvSQAAAAAAAPA_UQAAAAAAAAAAWQAAAAAAAAAAYQAAAAAAANA_aQAAAAAAAAAAcQAAAAAAAAAAeACJAQAAAAAAAPA_/cca=ODE3MCNBTVMzOjYwNTA=/bn=96645/clickenc=https://adclick.g.doubleclick.net/aclk?sa=L&ai=CrPx000gsY-vjC4PvzAb777CIBM3Y179cj6S2k5MKwI23ARABIABgu4aAgNAKggEXY2EtcHViLTQ3OTg1NjE1MzAxMDM0MjigAZTvl-oDyAEJ4AIAqAMBqgSeAk_QNhuf0t2L-q-XZ8-uWkRw8Y4PWZPPgaIAMUr_Abbhoi7WPBddPHj-jGej2ySgnTEFBbf3EAa7TVnn5idHO01ss21aZb-ctJZv6_srrfRhA2CdSYPPxEhGIVudlcKqRYSbINpH0CYYVaqxho0MjYujKtWGL2UBeYkBrWyCCpCm4O-jJvpqtPgjiIFkCVo_qEVBzfTz-NYyY5wOpBvAKfziQCdwUHIKQzCbr9uzIbdlhHPLh751W3t2s0Dd75h-s4QIKME7xpCdgZkI00WpmTnanTGb-Mi6shYnxwrTMZju0G6i29REbrfKQXKh7_kmz0LESTPa56E0lAJr2hsRVgZ8a3b_mZZ12kgPLb2xMOPqG0O1dc2QVtiERIqtvTDgBAGABty-i-WUmaedKqAGIagHipixAqgHpr4bqAeW2BuoB6qbsQKoB
<B><font color = 'green'> ===> -</font> Assert pass: doubleclick==doubleclick
 
<B><font color = 'blue'> ==> -</font>Redirects: URL: https://adclick.g.doubleclick.net/pcs/click?xai=AKAOjsv1y_ZEOlPg_k23DunDa9uGuF4zcyomM1bpxW8oDorwPd86qfcxpsyl7_QBm3RHMRRb-OcHTW9NAhcx2JLDqc_vk4-7p-PWsWbsvjXnPPNmfCcNiEzie4D145Eg6QfL5fjCpRHoqVKlM3tv9MBztZI&sig=Cg0ArKJSzOO5KIUYwGkI&cry=1&fbs_aeid=[gw_fbsaeid]&urlfix=1&adurl=https://ams3-ib.adnxs.com/click%3F9AV9QV_Qhz97FK5H4XqEPwAAAKBH4SdAYhY18z9UhT9a8KKvIM2IP84OHhYSJ9Y71VvW3swhdB_TSCxjAAAAAJDsbQC1AAAA6h8AAAIAAAAjs1IOX2kPAAAAAABVU0QAVVNEAKAAWALT9QAAAAABAgUCAAAAAKoAMCTCaAAAAAA./bcr%3DAAAAAAAA8D8%3D/cnd%3D%2521PRaVQQiE1s8VEKPmynIY39I9IAAoADGamZmZmZm5PzoJQU1TMzo2MDUwQKsvSQAAAAAAAPA_UQAAAAAAAAAAWQAAAAAAAAAAYQAAAAAAANA_aQAAAAAAAAAAcQAAAAAAAAAAeACJAQAAAAAAAPA_/cca%3DODE3MCNBTVMzOjYwNTA%3D/bn%3D96645/clickenc%3Dhttps%253A%252F%252Fadclick.g.doubleclick.net%252Faclk%253Fsa%253DL%2526ai%253DCrPx000gsY-vjC4PvzAb777CIBM3Y179cj6S2k5MKwI23ARABIABgu4aAgNAKggEXY2EtcHViLTQ3OTg1NjE1MzAxMDM0MjigAZTvl-oDyAEJ4AIAqAMBqgSeAk_QNhuf0t2L-q-XZ8-uWkRw8Y4PWZPPgaIAMUr_Abbhoi7WPBddPHj-jGej2ySgnTEFBbf3EAa7TVnn5idHO01ss21aZb-ctJZv6_srrfRhA2CdS
<B><font color = 'green'> ===> -</font> Assert pass: doubleclick==doubleclick
 
<B><font color = 'blue'> ==> -</font>Outgoing links: Source URL: null
 
<B><font color = 'blue'> ==> -</font>Outgoing links: Redirect URL: https://adclick.g.doubleclick.net/pcs/click?xai=AKAOjsv1y_ZEOlPg_k23DunDa9uGuF4zcyomM1bpxW8oDorwPd86qfcxpsyl7_QBm3RHMRRb-OcHTW9NAhcx2JLDqc_vk4-7p-PWsWbsvjXnPPNmfCcNiEzie4D145Eg6QfL5fjCpRHoqVKlM3tv9MBztZI&sig=Cg0ArKJSzOO5KIUYwGkI&cry=1&fbs_aeid=[gw_fbsaeid]&urlfix=1&adurl=https://ams3-ib.adnxs.com/click%3F9AV9QV_Qhz97FK5H4XqEPwAAAKBH4SdAYhY18z9UhT9a8KKvIM2IP84OHhYSJ9Y71VvW3swhdB_TSCxjAAAAAJDsbQC1AAAA6h8AAAIAAAAjs1IOX2kPAAAAAABVU0QAVVNEAKAAWALT9QAAAAABAgUCAAAAAKoAMCTCaAAAAAA./bcr%3DAAAAAAAA8D8%3D/cnd%3D%2521PRaVQQiE1s8VEKPmynIY39I9IAAoADGamZmZmZm5PzoJQU1TMzo2MDUwQKsvSQAAAAAAAPA_UQAAAAAAAAAAWQAAAAAAAAAAYQAAAAAAANA_aQAAAAAAAAAAcQAAAAAAAAAAeACJAQAAAAAAAPA_/cca%3DODE3MCNBTVMzOjYwNTA%3D/bn%3D96645/clickenc%3Dhttps%253A%252F%252Fadclick.g.doubleclick.net%252Faclk%253Fsa%253DL%2526ai%253DCrPx000gsY-vjC4PvzAb777CIBM3Y179cj6S2k5MKwI23ARABIABgu4aAgNAKggEXY2EtcHViLTQ3OTg1NjE1MzAxMDM0MjigAZTvl-oDyAEJ4AIAqAMBqgSeAk_QNhuf0t2L-q-XZ8-uWkRw8Y4PWZPPgaIAMUr_Abbhoi7WPBddPHj-jGej2ySgnTEFBbf3EAa7TVnn5idHO01ss21aZb-ctJZv6_srrfRhA2CdS
<B><font color = 'green'> ===> -</font> Assert pass: doubleclick==doubleclick
 
<B><font color = 'blue'> ==> -</font>Outgoing links: Final URL:null
 
<B><font color ='red'> 11 Ad -</font>  
<B><font color = 'blue'> ==> -</font> ID of the Ad = 218561
<B><font color = 'blue'> ==> -</font> Clicked On ShowAnalytics Icon
 
<B><font color = 'blue'> ==> -</font>Basic info: URL: https://ams3-ib.adnxs.com/click?WDm0yHa-nz9YObTIdr6fPwAAAKBH4SdA3nGKjuTynz_ecYqO5PKfPyL3gXM7sJtO1VvW3swhdB_7QixjAAAAAJDsbQC1AAAA0QMAAAIAAAAflWYVX2kPAAAAAABVU0QAVVNEAKAAWALT9QAAAAABAgUCAAAAAKoAfSnNdwAAAAA./bcr=AAAAAAAA8D8=/cnd=!hRdVrQjbmp8ZEJ-qmqsBGN_SPSAAKAAxmpmZmZmZqT86CUFNUzM6NjE0MkCrL0mw5gDBHD3sP1EAAAAAAAAAAFkAAAAAAAAAAGEAAAAAAAAAAGkAAAAAAAAAAHEAAAAAAAAAAHgAiQEAAAAAAADwPw../cca=OTc3I0FNUzM6NjE0Mg==/bn=97097/clickenc=https://adclick.g.doubleclick.net/aclk?sa=L&ai=CDeHA-0IsY6jdGYq2zAbP_Y_oBM3Y179cj6S2k5MKwI23ARABIABgu4aAgNAKggEXY2EtcHViLTQ3OTg1NjE1MzAxMDM0MjigAZTvl-oDyAEJ4AIAqAMBqgTrAU_QoOGvW5AoWxu8YwZVdehJRe-8_zMlDQwORUHKs7FpkFQP4JcDOZnxFKVz4HO6ICCxUWZ4CMTvzdRMgH_ALx48UtejaOd3VKOqW-VRruyeNyN0gOvp8Sa1Vlh1PvvdSPcg2JWZijE6lGGjOAz1ko2nXmjBe6UoudW8bs4RlYnXtfA611MwQKCQkp5D13YxfJGJIQFe4zmj0vQYRe9YI1i5j2zSgzy_cwZGlwUN7W53zrk6KBlPbSNDvROwLne4eLeRG960as4tsFK1_1D_UZdqvpH3aL2_uhHKCwAve5DExYzwuEGurRzXhxLgBAGABvmKy4abt52PsgGgBiGoB4qYsQKoB6a-G6gHltgbqAeqm7ECqAf_nrECqAffn7EC2AcA0ggPCIDhgBAQATICqgI6AoBA-gsCCAGADAHQFQGAFwE&n
<B><font color = 'green'> ===> -</font> Assert pass: doubleclick==doubleclick
 
<B><font color = 'blue'> ==> -</font>Redirects: URL: https://adclick.g.doubleclick.net/pcs/click?xai=AKAOjsvpPlQmV_6DrO_a8kZUVomJz7NLMmuvSiiuh3ms3PKfKE1eoKQ-vAXe0_HjyIHUXbB4grKchP2SYK9UEAZ_i0Hg7NvqfpMI4UfZL_ORVvrRLYBciICkZyZD8CvSJkvGmG_L17PQ4Ow_dZY8yQiJ&sig=Cg0ArKJSzPW6vk0BOG5cEAE&cry=1&fbs_aeid=[gw_fbsaeid]&urlfix=1&rm_eid=8087299&adurl=https://ams3-ib.adnxs.com/click%3FWDm0yHa-nz9YObTIdr6fPwAAAKBH4SdA3nGKjuTynz_ecYqO5PKfPyL3gXM7sJtO1VvW3swhdB_7QixjAAAAAJDsbQC1AAAA0QMAAAIAAAAflWYVX2kPAAAAAABVU0QAVVNEAKAAWALT9QAAAAABAgUCAAAAAKoAfSnNdwAAAAA./bcr%3DAAAAAAAA8D8%3D/cnd%3D%2521hRdVrQjbmp8ZEJ-qmqsBGN_SPSAAKAAxmpmZmZmZqT86CUFNUzM6NjE0MkCrL0mw5gDBHD3sP1EAAAAAAAAAAFkAAAAAAAAAAGEAAAAAAAAAAGkAAAAAAAAAAHEAAAAAAAAAAHgAiQEAAAAAAADwPw../cca%3DOTc3I0FNUzM6NjE0Mg%3D%3D/bn%3D97097/clickenc%3Dhttps%253A%252F%252Fadclick.g.doubleclick.net%252Faclk%253Fsa%253DL%2526ai%253DCDeHA-0IsY6jdGYq2zAbP_Y_oBM3Y179cj6S2k5MKwI23ARABIABgu4aAgNAKggEXY2EtcHViLTQ3OTg1NjE1MzAxMDM0MjigAZTvl-oDyAEJ4AIAqAMBqgTrAU_QoOGvW5AoWxu8YwZVdehJRe-8_zMlDQwORUHKs7FpkFQP4JcDOZnxFKVz4HO6ICCxUWZ4CMTvzdRMgH_ALx48Utej
<B><font color = 'green'> ===> -</font> Assert pass: doubleclick==doubleclick
 
<B><font color = 'blue'> ==> -</font>Outgoing links: Source URL: null
 
<B><font color = 'blue'> ==> -</font>Outgoing links: Redirect URL: https://adclick.g.doubleclick.net/pcs/click?xai=AKAOjsvpPlQmV_6DrO_a8kZUVomJz7NLMmuvSiiuh3ms3PKfKE1eoKQ-vAXe0_HjyIHUXbB4grKchP2SYK9UEAZ_i0Hg7NvqfpMI4UfZL_ORVvrRLYBciICkZyZD8CvSJkvGmG_L17PQ4Ow_dZY8yQiJ&sig=Cg0ArKJSzPW6vk0BOG5cEAE&cry=1&fbs_aeid=[gw_fbsaeid]&urlfix=1&rm_eid=8087299&adurl=https://ams3-ib.adnxs.com/click%3FWDm0yHa-nz9YObTIdr6fPwAAAKBH4SdA3nGKjuTynz_ecYqO5PKfPyL3gXM7sJtO1VvW3swhdB_7QixjAAAAAJDsbQC1AAAA0QMAAAIAAAAflWYVX2kPAAAAAABVU0QAVVNEAKAAWALT9QAAAAABAgUCAAAAAKoAfSnNdwAAAAA./bcr%3DAAAAAAAA8D8%3D/cnd%3D%2521hRdVrQjbmp8ZEJ-qmqsBGN_SPSAAKAAxmpmZmZmZqT86CUFNUzM6NjE0MkCrL0mw5gDBHD3sP1EAAAAAAAAAAFkAAAAAAAAAAGEAAAAAAAAAAGkAAAAAAAAAAHEAAAAAAAAAAHgAiQEAAAAAAADwPw../cca%3DOTc3I0FNUzM6NjE0Mg%3D%3D/bn%3D97097/clickenc%3Dhttps%253A%252F%252Fadclick.g.doubleclick.net%252Faclk%253Fsa%253DL%2526ai%253DCDeHA-0IsY6jdGYq2zAbP_Y_oBM3Y179cj6S2k5MKwI23ARABIABgu4aAgNAKggEXY2EtcHViLTQ3OTg1NjE1MzAxMDM0MjigAZTvl-oDyAEJ4AIAqAMBqgTrAU_QoOGvW5AoWxu8YwZVdehJRe-8_zMlDQwORUHKs7FpkFQP4JcDOZnxFKVz4HO6ICCxUWZ4CMTvzdRMgH_ALx48Utej
<B><font color = 'green'> ===> -</font> Assert pass: doubleclick==doubleclick
 
<B><font color = 'blue'> ==> -</font>Outgoing links: Final URL:null
 
<B><font color ='red'> 12 Ad -</font>  
<B><font color = 'blue'> ==> -</font> ID of the Ad = 218543
<B><font color = 'blue'> ==> -</font> Clicked On ShowAnalytics Icon
 
<B><font color = 'blue'> ==> -</font>Basic info: URL: https://ams3-ib.adnxs.com/click?VOOlm8QgsD9U46WbxCCwPwAAAKBH4SdAFeP8TShEsD8V4_xNKESwP5VqTMoGiB831VvW3swhdB96QixjAAAAAJDsbQC1AAAA0QMAAAIAAAAdlWYVX2kPAAAAAABVU0QAVVNEACwB-gDT9QAAAAABAgUCAAAAAKoAlyUqGAAAAAA./bcr=AAAAAAAA8D8=/cnd=!qBcCuwi62aEZEJ2qmqsBGN_SPSAAKAAxmpmZmZmZqT86CUFNUzM6NjA0OECrL0mw5gDBHD3sP1EAAAAAAAAAAFkAAAAAAAAAAGEAAAAAAAAAAGkAAAAAAAAAAHEAAAAAAAAAAHgAiQEAAAAAAADwPw../cca=OTc3I0FNUzM6NjA0OA==/bn=96659/clickenc=https://adclick.g.doubleclick.net/aclk?sa=L&ai=Cwk0WekIsY-DjKJDbzAbojK3oAc3Y179cj6S2k5MKwI23ARABIABgu4aAgNAKggEXY2EtcHViLTQ3OTg1NjE1MzAxMDM0MjigAZTvl-oDyAEJ4AIAqAMBqgSMAk_Qb18VMIwfx-pCD6TU9bLDxCvq2EfQZ-OJe32JrsyGgufmal5JcJRPrQsAcMgmmGt4SBQ_YEWqOeIzdXolgalgn2PAP4TnRxYMjjrXFVa0s0Vv3I8ao2RJkLpTHBZkn9MYw9t_1pX7t_MNy9G6BflYLHXeDZeXzOC5W1yd3hOU1aXcDsu_fdVf-q8KsqLdvO0xCKxIZonFoKqHErODS4iApMhAXigQ5fHKPj65vZHYYBKpN0J3K-vm42ILHkfx6fEHwYdfiERkeOXrV_eOyHa7N0Rsj7IngoiZ4Zp7ESgD4hcn1C3UiPActOLmjC7MrdP0GRLhQUjfbdg_C8KjdqzbwHLsJ6_7eMqDOHzgBAGABrGqvaKtzdGk_QGgBiGoB4qYsQKoB6a-G6gHltgbqAeqm7ECqAf_nrECqAffn7EC2AcA0
<B><font color = 'green'> ===> -</font> Assert pass: doubleclick==doubleclick
 
<B><font color = 'blue'> ==> -</font>Redirects: URL: https://adclick.g.doubleclick.net/pcs/click?xai=AKAOjsujTJTgsczq5_00Jl4XxNz2zBnFtFUYijQXmPxCQjtiPUP8_VpGSSa2jQKX-sg_hsVD9zNI6-NGMWxLPYuRkMmkI53x7zCKlVjqcyr8hO00qYHG-xaePz27MP_YOpkfDoJFhzh80j7T_eA47r5K&sig=Cg0ArKJSzG4XuCbqM3llEAE&cry=1&fbs_aeid=[gw_fbsaeid]&urlfix=1&rm_eid=8087299&adurl=https://ams3-ib.adnxs.com/click%3FVOOlm8QgsD9U46WbxCCwPwAAAKBH4SdAFeP8TShEsD8V4_xNKESwP5VqTMoGiB831VvW3swhdB96QixjAAAAAJDsbQC1AAAA0QMAAAIAAAAdlWYVX2kPAAAAAABVU0QAVVNEACwB-gDT9QAAAAABAgUCAAAAAKoAlyUqGAAAAAA./bcr%3DAAAAAAAA8D8%3D/cnd%3D%2521qBcCuwi62aEZEJ2qmqsBGN_SPSAAKAAxmpmZmZmZqT86CUFNUzM6NjA0OECrL0mw5gDBHD3sP1EAAAAAAAAAAFkAAAAAAAAAAGEAAAAAAAAAAGkAAAAAAAAAAHEAAAAAAAAAAHgAiQEAAAAAAADwPw../cca%3DOTc3I0FNUzM6NjA0OA%3D%3D/bn%3D96659/clickenc%3Dhttps%253A%252F%252Fadclick.g.doubleclick.net%252Faclk%253Fsa%253DL%2526ai%253DCwk0WekIsY-DjKJDbzAbojK3oAc3Y179cj6S2k5MKwI23ARABIABgu4aAgNAKggEXY2EtcHViLTQ3OTg1NjE1MzAxMDM0MjigAZTvl-oDyAEJ4AIAqAMBqgSMAk_Qb18VMIwfx-pCD6TU9bLDxCvq2EfQZ-OJe32JrsyGgufmal5JcJRPrQsAcMgmmGt4SBQ_YEWqOeIzdXolgalgn2PA
<B><font color = 'green'> ===> -</font> Assert pass: doubleclick==doubleclick
 
<B><font color = 'blue'> ==> -</font>Outgoing links: Source URL: null
 
<B><font color = 'blue'> ==> -</font>Outgoing links: Redirect URL: https://adclick.g.doubleclick.net/pcs/click?xai=AKAOjsujTJTgsczq5_00Jl4XxNz2zBnFtFUYijQXmPxCQjtiPUP8_VpGSSa2jQKX-sg_hsVD9zNI6-NGMWxLPYuRkMmkI53x7zCKlVjqcyr8hO00qYHG-xaePz27MP_YOpkfDoJFhzh80j7T_eA47r5K&sig=Cg0ArKJSzG4XuCbqM3llEAE&cry=1&fbs_aeid=[gw_fbsaeid]&urlfix=1&rm_eid=8087299&adurl=https://ams3-ib.adnxs.com/click%3FVOOlm8QgsD9U46WbxCCwPwAAAKBH4SdAFeP8TShEsD8V4_xNKESwP5VqTMoGiB831VvW3swhdB96QixjAAAAAJDsbQC1AAAA0QMAAAIAAAAdlWYVX2kPAAAAAABVU0QAVVNEACwB-gDT9QAAAAABAgUCAAAAAKoAlyUqGAAAAAA./bcr%3DAAAAAAAA8D8%3D/cnd%3D%2521qBcCuwi62aEZEJ2qmqsBGN_SPSAAKAAxmpmZmZmZqT86CUFNUzM6NjA0OECrL0mw5gDBHD3sP1EAAAAAAAAAAFkAAAAAAAAAAGEAAAAAAAAAAGkAAAAAAAAAAHEAAAAAAAAAAHgAiQEAAAAAAADwPw../cca%3DOTc3I0FNUzM6NjA0OA%3D%3D/bn%3D96659/clickenc%3Dhttps%253A%252F%252Fadclick.g.doubleclick.net%252Faclk%253Fsa%253DL%2526ai%253DCwk0WekIsY-DjKJDbzAbojK3oAc3Y179cj6S2k5MKwI23ARABIABgu4aAgNAKggEXY2EtcHViLTQ3OTg1NjE1MzAxMDM0MjigAZTvl-oDyAEJ4AIAqAMBqgSMAk_Qb18VMIwfx-pCD6TU9bLDxCvq2EfQZ-OJe32JrsyGgufmal5JcJRPrQsAcMgmmGt4SBQ_YEWqOeIzdXolgalgn2PA
<B><font color = 'green'> ===> -</font> Assert pass: doubleclick==doubleclick
 
<B><font color = 'blue'> ==> -</font>Outgoing links: Final URL:null
 
<B><font color ='red'> 13 Ad -</font>  
<B><font color = 'Red'> ==> -</font> Image is not able: Oops! Looks like we don't have data for this search criteria yet.
 
<B><font color ='red'> 14 Ad -</font>  
<B><font color = 'Red'> ==> -</font> Image is not able: Oops! Looks like we don't have data for this search criteria yet.
 
<B><font color ='red'> 15 Ad -</font>  
<B><font color = 'Red'> ==> -</font> Image is not able: Oops! Looks like we don't have data for this search criteria yet.
 ]]>
  </system-out>
</testsuite> <!-- com.power.testcases.Verify_Gdn_landerProperties_TestScript -->
