<?xml version="1.0" encoding="UTF-8"?>
<!-- Generated by org.testng.reporters.JUnitReportReporter -->
<testsuite hostname="GLB-459-PC" failures="0" tests="1" name="com.power.testcases.Verify_Quora_LanderProperties_AffiliateNetwork" time="78.186" errors="0" timestamp="2023-02-24T13:00:49 IST" skipped="0">
  <testcase classname="com.power.testcases.Verify_Quora_LanderProperties_AffiliateNetwork" name="verify_LanderProperties" time="78.186"/>
  <system-out>
    <![CDATA[<B><font color = 'orange'> Step1 -</font> Logged into PowerAdSpy Application
<B><font color = 'orange'> Step2 -</font> I am on the page :PowerAdSpy | Facebook Dashboard
<B><font color = 'orange'> Step3 -</font> Power Ad Spy Logo is Displayed
<B><font color = 'orange'> Step4 -</font> Clicked On Quora Icon
       
<B><font color = 'purple'>  - ShortBy Newest Step will Start from here </font>  
<B><font color = 'orange'> Step1 -</font> Clicked On sortBy Icon
<B><font color = 'orange'> Step2 -</font> Clicked On SortBy Newest Icon
<B><font color = 'orange'> Step3 -</font> Clicked On search Button Icon
<B><font color = 'orange'> Step4 -</font> Clicked On Lander Properties Button Icon
<B><font color = 'orange'> Step5 -</font> Clicked On Affiliate Network click
 
<B><font color = 'Green'>- Affiliate Network </font>
       :-eBay Partner Network (EPN)
<B><font color = 'orange'> Step1 -</font> Selected  On Affiliate NetworkeBay Partner Network (EPN)
<B><font color = 'orange'> Step2 -</font> Clicked On search Button Icon
<B><font color = 'orange'> Step3 -</font> Total_Ads_Count_newest= 1
 
<B><font color ='red'> 1 Ad -</font>  
<B><font color = 'red'> ==> -</font> Image is not able: Oops! Looks like we don't have data for this search criteria yet.
 
<B><font color ='red'> 2 Ad -</font>  
<B><font color = 'red'> ==> -</font> Image is not able: Oops! Looks like we don't have data for this search criteria yet.
 
<B><font color ='red'> 3 Ad -</font>  
<B><font color = 'red'> ==> -</font> Image is not able: Oops! Looks like we don't have data for this search criteria yet.
 
<B><font color ='red'> 4 Ad -</font>  
<B><font color = 'red'> ==> -</font> Image is not able: Oops! Looks like we don't have data for this search criteria yet.
 
<B><font color ='red'> 5 Ad -</font>  
<B><font color = 'red'> ==> -</font> Image is not able: Oops! Looks like we don't have data for this search criteria yet.
 
<B><font color ='red'> 6 Ad -</font>  
<B><font color = 'red'> ==> -</font> Image is not able: Oops! Looks like we don't have data for this search criteria yet.
 
<B><font color ='red'> 7 Ad -</font>  
<B><font color = 'red'> ==> -</font> Image is not able: Oops! Looks like we don't have data for this search criteria yet.
 
<B><font color ='red'> 8 Ad -</font>  
<B><font color = 'red'> ==> -</font> Image is not able: Oops! Looks like we don't have data for this search criteria yet.
 
<B><font color ='red'> 9 Ad -</font>  
<B><font color = 'red'> ==> -</font> Image is not able: Oops! Looks like we don't have data for this search criteria yet.
 
<B><font color ='red'> 10 Ad -</font>  
<B><font color = 'red'> ==> -</font> Image is not able: Oops! Looks like we don't have data for this search criteria yet.
 
<B><font color ='red'> 11 Ad -</font>  
<B><font color = 'red'> ==> -</font> Image is not able: Oops! Looks like we don't have data for this search criteria yet.
 
<B><font color ='red'> 12 Ad -</font>  
<B><font color = 'red'> ==> -</font> Image is not able: Oops! Looks like we don't have data for this search criteria yet.
 
<B><font color ='red'> 13 Ad -</font>  
<B><font color = 'red'> ==> -</font> Image is not able: Oops! Looks like we don't have data for this search criteria yet.
 
<B><font color ='red'> 14 Ad -</font>  
<B><font color = 'red'> ==> -</font> Image is not able: Oops! Looks like we don't have data for this search criteria yet.
 
<B><font color ='red'> 15 Ad -</font>  
<B><font color = 'red'> ==> -</font> Image is not able: Oops! Looks like we don't have data for this search criteria yet.]]>
  </system-out>
</testsuite> <!-- com.power.testcases.Verify_Quora_LanderProperties_AffiliateNetwork -->
