<?xml version="1.0" encoding="UTF-8"?>
<!-- Generated by org.testng.reporters.JUnitReportReporter -->
<testsuite hostname="GLB-281-PC" failures="0" tests="1" name="com.power.testcases.Facebook_Ad_Seen_Between_TestScript" time="130.616" errors="0" timestamp="2022-10-19T17:00:15 IST" skipped="0">
  <testcase classname="com.power.testcases.Facebook_Ad_Seen_Between_TestScript" name="Facebook_Ad_Seen_Between_TestScript" time="130.616"/>
  <system-out>
    <![CDATA[<B><font color = 'orange'> Step1 -</font> Logged into PowerAdSpy Application
<B><font color = 'orange'> Step2 -</font> I am on the page :PowerAdSpy | Facebook Dashboard
<B><font color = 'orange'> Step3 -</font> Power Ad Spy Logo is Displayed
<B><font color = 'orange'> Step4 -</font> Clicked On FaceBook Icon
<B><font color = 'red'>  -</font> ShortBy Newest Step will Start from here 
<B><font color = 'orange'> Step5 -</font> Clicked On sortBy Icon
<B><font color = 'orange'> Step6 -</font> Clicked On SortBy Newest Icon
<B><font color = 'orange'> Step7 -</font> Clicked On search Button Icon
<B><font color = 'red'>  -</font> ShortBy Ad Seen Between All Step will Start from here 
<B><font color = 'orange'> Step1 -</font> Clicked On ad Seen between filter Icon
<B><font color = 'orange'> Step2 -</font> Clicked On ad Seen between All Icon
<B><font color = 'orange'> Step3 -</font> Clicked On search Button Icon
<B><font color = 'orange'> Step4 -</font>  Total Ad Count is :660
<B><font color = 'orange'> Step5 -</font> Clicked On Show Analytics Icon
<B><font color = 'orange'> Step6 -</font> Image Date is :19 October 2022
<B><font color = 'orange'> Step7 -</font> Image Date of First Seen is :October 19 2022
<B><font color = 'red'>  -</font> ShortBy Ad Seen Between Today Step will Start from here 
<B><font color = 'orange'> Step1 -</font> Clicked On ad Seen between filter Icon
<B><font color = 'orange'> Step2 -</font> Clicked On ad Seen between Today Icon
<B><font color = 'orange'> Step3 -</font> Clicked On search Button Icon
<B><font color = 'orange'> Step4 -</font>  Total Ad Count is :79
<B><font color = 'orange'> Step5 -</font> Clicked On Show Analytics Icon
<B><font color = 'orange'> Step6 -</font> Image Date is :19 October 2022
<B><font color = 'orange'> Step7 -</font> Image Date of First Seen is :October 19 2022]]>
  </system-out>
</testsuite> <!-- com.power.testcases.Facebook_Ad_Seen_Between_TestScript -->
