<?xml version="1.0" encoding="UTF-8"?>
<!-- Generated by org.testng.reporters.JUnitReportReporter -->
<testsuite hostname="GLB-459-PC" failures="0" tests="1" name="com.power.testcases.Verify_Instagram_LanderProperties_MarketingPlatform" time="431.120" errors="0" timestamp="2023-03-29T17:35:30 IST" skipped="0">
  <testcase classname="com.power.testcases.Verify_Instagram_LanderProperties_MarketingPlatform" name="verify_LanderProperties" time="431.120"/>
  <system-out>
    <![CDATA[<B><font color = 'orange'> Step1 -</font> Logged into PowerAdSpy Application
<B><font color = 'orange'> Step2 -</font> I am on the page :PowerAdSpy | Facebook Dashboard
<B><font color = 'orange'> Step3 -</font> Power Ad Spy Logo is Displayed
<B><font color = 'orange'> Step4 -</font> Clicked On Instagram Icon
       
<B><font color = 'purple'>  - ShortBy Newest Step will Start from here </font>  
<B><font color = 'orange'> Step1 -</font> Clicked On sortBy Icon
<B><font color = 'orange'> Step2 -</font> Clicked On SortBy Newest Icon
<B><font color = 'orange'> Step3 -</font> Clicked On search Button Icon
<B><font color = 'orange'> Step4 -</font> Clicked On Lander Properties Button Icon
<B><font color = 'orange'> Step4 -</font> Clicked On Lander Properties Button Icon
<B><font color = 'orange'> Step5 -</font> Clicked On Ecommerce platform click
 
<B><font color = 'Green'>- Ecommerce Platform</font>
       :-Shopify
<B><font color = 'orange'> Step1 -</font> Selected  On Ecommerce platform Shopify
<B><font color = 'orange'> Step2 -</font> Clicked On search Button Icon
<B><font color = 'orange'> Step3 -</font> Total_Ads_Count_newest= 175
 
<B><font color ='red'> 1 Ad -</font>  
<B><font color = 'blue'> ==> -</font> ID of the Ad = 29778
<B><font color = 'blue'> ==> -</font> Clicked On ShowAnalytics Icon
 
<B><font color = 'blue'> ==> -</font>Basic info: URL: https://haappyherbs.com/products/turmeric-night-repair-cream-50gms?_pos=1&_sid=c4322e2b1&_ss=r&utm_source=CL&utm_medium=HH-ConversionLab1.1-%2022022023-%20Carousel%20Mix%20A%20%20Campaign&utm_campaign=HH-ConversionLab1.1-%2022022023-%20Carousel%20Mix%20A%20%20Ad%20set&utm_content=Video%20-%20Turmeric%20Night%20Repair%20Cream%20-%20Copy&fbclid=PAAaaihhCmkN6WFUtEQqrGN-gTHF0vb2rgMDuof06hQZFAXwbqEKTt960TFM0_aem_Afqu0bi8-DYQl0YKswPeRDeNth0QgYW4_1zATtgq7zOMpamwrV9oGKFJ0zmN_VZ8_LS_F0qC9FxwG3hjY7UEVhvldClvu53XjDo3Uiceu8qWGREQEsoVwFlm4N9M54aG5hPfErBdoKYNFXSjlAzoRC0Y&external_browser_redirect=true
 
<B><font color = 'blue'> ==> -</font>Redirects: URL: https://haappyherbs.com/products/turmeric-night-repair-cream-50gms?_pos=1&_sid=c4322e2b1&_ss=r&utm_source=CL&utm_medium=HH-ConversionLab1.1-%2022022023-%20Carousel%20Mix%20A%20%20Campaign&utm_campaign=HH-ConversionLab1.1-%2022022023-%20Carousel%20Mix%20A%20%20Ad%20set&utm_content=Video%20-%20Turmeric%20Night%20Repair%20Cream%20-%20Copy&fbclid=PAAaaihhCmkN6WFUtEQqrGN-gTHF0vb2rgMDuof06hQZFAXwbqEKTt960TFM0_aem_Afqu0bi8-DYQl0YKswPeRDeNth0QgYW4_1zATtgq7zOMpamwrV9oGKFJ0zmN_VZ8_LS_F0qC9FxwG3hjY7UEVhvldClvu53XjDo3Uiceu8qWGREQEsoVwFlm4N9M54aG5hPfErBdoKYNFXSjlAzoRC0Y&external_browser_redirect=true
 
<B><font color = 'blue'> ==> -</font>Redirects: URL: https://haappyherbs.com/products/turmeric-night-repair-cream-50gms?_pos=1&_sid=c4322e2b1&_ss=r&utm_source=CL&utm_medium=HH-ConversionLab1.1-%2022022023-%20Carousel%20Mix%20A%20%20Campaign&utm_campaign=HH-ConversionLab1.1-%2022022023-%20Carousel%20Mix%20A%20%20Ad%20set&utm_content=Video%20-%20Turmeric%20Night%20Repair%20Cream%20-%20Copy&fbclid=PAAaaihhCmkN6WFUtEQqrGN-gTHF0vb2rgMDuof06hQZFAXwbqEKTt960TFM0_aem_Afqu0bi8-DYQl0YKswPeRDeNth0QgYW4_1zATtgq7zOMpamwrV9oGKFJ0zmN_VZ8_LS_F0qC9FxwG3hjY7UEVhvldClvu53XjDo3Uiceu8qWGREQEsoVwFlm4N9M54aG5hPfErBdoKYNFXSjlAzoRC0Y&external_browser_redirect=true
 
<B><font color = 'blue'> ==> -</font>Redirects: URL: https://haappyherbs.com/products/turmeric-night-repair-cream-50gms?_pos=1&_sid=c4322e2b1&_ss=r&utm_source=CL&utm_medium=HH-ConversionLab1.1-%2022022023-%20Carousel%20Mix%20A%20%20Campaign&utm_campaign=HH-ConversionLab1.1-%2022022023-%20Carousel%20Mix%20A%20%20Ad%20set&utm_content=Video%20-%20Turmeric%20Night%20Repair%20Cream%20-%20Copy&fbclid=PAAaaihhCmkN6WFUtEQqrGN-gTHF0vb2rgMDuof06hQZFAXwbqEKTt960TFM0_aem_Afqu0bi8-DYQl0YKswPeRDeNth0QgYW4_1zATtgq7zOMpamwrV9oGKFJ0zmN_VZ8_LS_F0qC9FxwG3hjY7UEVhvldClvu53XjDo3Uiceu8qWGREQEsoVwFlm4N9M54aG5hPfErBdoKYNFXSjlAzoRC0Y&external_browser_redirect=true
 
<B><font color = 'blue'> ==> -</font>Outgoing links: Source URL: null
 
<B><font color = 'blue'> ==> -</font>Outgoing links: Redirect URL: https://haappyherbs.com/products/turmeric-night-repair-cream-50gms?_pos=1&_sid=c4322e2b1&_ss=r&utm_source=CL&utm_medium=HH-ConversionLab1.1-%2022022023-%20Carousel%20Mix%20A%20%20Campaign&utm_campaign=HH-ConversionLab1.1-%2022022023-%20Carousel%20Mix%20A%20%20Ad%20set&utm_content=Video%20-%20Turmeric%20Night%20Repair%20Cream%20-%20Copy&fbclid=PAAaaihhCmkN6WFUtEQqrGN-gTHF0vb2rgMDuof06hQZFAXwbqEKTt960TFM0_aem_Afqu0bi8-DYQl0YKswPeRDeNth0QgYW4_1zATtgq7zOMpamwrV9oGKFJ0zmN_VZ8_LS_F0qC9FxwG3hjY7UEVhvldClvu53XjDo3Uiceu8qWGREQEsoVwFlm4N9M54aG5hPfErBdoKYNFXSjlAzoRC0Y&external_browser_redirect=true
 
<B><font color = 'blue'> ==> -</font>Outgoing links: Final URL:null
 
<B><font color = 'blue'> ==> -</font>Fb post link: URL : null
 
<B><font color ='red'> 2 Ad -</font>  
<B><font color = 'blue'> ==> -</font> ID of the Ad = 29772
<B><font color = 'blue'> ==> -</font> Clicked On ShowAnalytics Icon
 
<B><font color = 'blue'> ==> -</font>Basic info: URL: https://foxtale.in/products/c-for-yourself-vitamin-c-serum?utm_source=Facebook&utm_medium=Instagram_Stories&utm_campaign=[FT]%20Adv_shopping_141222&utm_content=[FT]_RM_VitC_Conv_Review-10days_140223%20%E2%80%93%20Copy&fbclid=PAAaaPYogas3ruZEaSJxV2ASWRyp7j4Wblqseei1uSsZSydC504MJD4y7hapg_aem_AfqTUHnOUikvmY4wiVJpFeiGWJ5JkilMt3Rp8jzwWTIZzOlUD6X12aZ51CScSrDqAHylFR5sw0a9xdAzwUcflo-zSGun2vfrDLdv4VHbv2zxyds82BCyoG6exZsKRxykNTk&external_browser_redirect=true
 
<B><font color = 'blue'> ==> -</font>Redirects: URL: https://foxtale.in/products/c-for-yourself-vitamin-c-serum?utm_source=Facebook&utm_medium=Instagram_Stories&utm_campaign=[FT]%20Adv_shopping_141222&utm_content=[FT]_RM_VitC_Conv_Review-10days_140223%20%E2%80%93%20Copy&fbclid=PAAaaPYogas3ruZEaSJxV2ASWRyp7j4Wblqseei1uSsZSydC504MJD4y7hapg_aem_AfqTUHnOUikvmY4wiVJpFeiGWJ5JkilMt3Rp8jzwWTIZzOlUD6X12aZ51CScSrDqAHylFR5sw0a9xdAzwUcflo-zSGun2vfrDLdv4VHbv2zxyds82BCyoG6exZsKRxykNTk&external_browser_redirect=true
 
<B><font color = 'blue'> ==> -</font>Redirects: URL: https://foxtale.in/products/c-for-yourself-vitamin-c-serum?utm_source=Facebook&utm_medium=Instagram_Stories&utm_campaign=[FT]%20Adv_shopping_141222&utm_content=[FT]_RM_VitC_Conv_Review-10days_140223%20%E2%80%93%20Copy&fbclid=PAAaaPYogas3ruZEaSJxV2ASWRyp7j4Wblqseei1uSsZSydC504MJD4y7hapg_aem_AfqTUHnOUikvmY4wiVJpFeiGWJ5JkilMt3Rp8jzwWTIZzOlUD6X12aZ51CScSrDqAHylFR5sw0a9xdAzwUcflo-zSGun2vfrDLdv4VHbv2zxyds82BCyoG6exZsKRxykNTk&external_browser_redirect=true
 
<B><font color = 'blue'> ==> -</font>Redirects: URL: https://foxtale.in/products/c-for-yourself-vitamin-c-serum?variant=43520247234807
 
<B><font color = 'blue'> ==> -</font>Outgoing links: Source URL: null
 
<B><font color = 'blue'> ==> -</font>Outgoing links: Redirect URL: https://foxtale.in/products/c-for-yourself-vitamin-c-serum?utm_source=Facebook&utm_medium=Instagram_Stories&utm_campaign=[FT]%20Adv_shopping_141222&utm_content=[FT]_RM_VitC_Conv_Review-10days_140223%20%E2%80%93%20Copy&fbclid=PAAaaPYogas3ruZEaSJxV2ASWRyp7j4Wblqseei1uSsZSydC504MJD4y7hapg_aem_AfqTUHnOUikvmY4wiVJpFeiGWJ5JkilMt3Rp8jzwWTIZzOlUD6X12aZ51CScSrDqAHylFR5sw0a9xdAzwUcflo-zSGun2vfrDLdv4VHbv2zxyds82BCyoG6exZsKRxykNTk&external_browser_redirect=true
 
<B><font color = 'blue'> ==> -</font>Outgoing links: Final URL:null
 
<B><font color = 'blue'> ==> -</font>Fb post link: URL : null
 
<B><font color ='red'> 3 Ad -</font>  
<B><font color = 'blue'> ==> -</font> ID of the Ad = 29769
<B><font color = 'blue'> ==> -</font> Clicked On ShowAnalytics Icon
 
<B><font color = 'blue'> ==> -</font>Basic info: URL: https://ashbabotanics.com/collections/all?utm_source=facebook&utm_medium=cpc&utm_campaign=6297344753208&utm_content=6307279264008&fbclid=PAAaZXHXXbtXnGlvsZL_vn2k3iMh9ZNhQQJ_Sa0YXKSlwyavGD8pDMcxccT3o_aem_Afpvc14ZRd5VQpMX3xjWYvtCpn2cTMqYKG2XrYTooAXqF5bX45FpP_xSM9Z8wJ_mPoRs5Omy7um5QNFBfq9GI4en28P0fd_fI9NTUaupbo4hWNngSHWEdwkCc7d76K96cfumkT1srfD8QW7SeNudepmQ&external_browser_redirect=true
 
<B><font color = 'blue'> ==> -</font>Redirects: URL: https://ashbabotanics.com/collections/all?utm_source=facebook&utm_medium=cpc&utm_campaign=6297344753208&utm_content=6307279264008&fbclid=PAAaZXHXXbtXnGlvsZL_vn2k3iMh9ZNhQQJ_Sa0YXKSlwyavGD8pDMcxccT3o_aem_Afpvc14ZRd5VQpMX3xjWYvtCpn2cTMqYKG2XrYTooAXqF5bX45FpP_xSM9Z8wJ_mPoRs5Omy7um5QNFBfq9GI4en28P0fd_fI9NTUaupbo4hWNngSHWEdwkCc7d76K96cfumkT1srfD8QW7SeNudepmQ&external_browser_redirect=true
 
<B><font color = 'blue'> ==> -</font>Redirects: URL: https://ashbabotanics.com/collections/all?utm_source=facebook&utm_medium=cpc&utm_campaign=6297344753208&utm_content=6307279264008&fbclid=PAAaZXHXXbtXnGlvsZL_vn2k3iMh9ZNhQQJ_Sa0YXKSlwyavGD8pDMcxccT3o_aem_Afpvc14ZRd5VQpMX3xjWYvtCpn2cTMqYKG2XrYTooAXqF5bX45FpP_xSM9Z8wJ_mPoRs5Omy7um5QNFBfq9GI4en28P0fd_fI9NTUaupbo4hWNngSHWEdwkCc7d76K96cfumkT1srfD8QW7SeNudepmQ&external_browser_redirect=true
 
<B><font color = 'blue'> ==> -</font>Outgoing links: Source URL: null
 
<B><font color = 'blue'> ==> -</font>Outgoing links: Redirect URL: https://ashbabotanics.com/collections/all?utm_source=facebook&utm_medium=cpc&utm_campaign=6297344753208&utm_content=6307279264008&fbclid=PAAaZXHXXbtXnGlvsZL_vn2k3iMh9ZNhQQJ_Sa0YXKSlwyavGD8pDMcxccT3o_aem_Afpvc14ZRd5VQpMX3xjWYvtCpn2cTMqYKG2XrYTooAXqF5bX45FpP_xSM9Z8wJ_mPoRs5Omy7um5QNFBfq9GI4en28P0fd_fI9NTUaupbo4hWNngSHWEdwkCc7d76K96cfumkT1srfD8QW7SeNudepmQ&external_browser_redirect=true
 
<B><font color = 'blue'> ==> -</font>Outgoing links: Final URL:null
 
<B><font color = 'blue'> ==> -</font>Fb post link: URL : null
 
<B><font color ='red'> 4 Ad -</font>  
<B><font color = 'blue'> ==> -</font> ID of the Ad = 29765
<B><font color = 'blue'> ==> -</font> Clicked On ShowAnalytics Icon
 
<B><font color = 'blue'> ==> -</font>Basic info: URL: https://82e.com/products/ashwagandha-bounce-hydrating-moisturiser?utm_source=adyogi&utm_medium=ig&utm_campaign=PROJ_11693_adyogi_Conversions_Prospect_Advantage%20%20Moisturiser%20Campaign&utm_content=110672%20Ashwagandha%20-DP%20-text2&fbclid=PAAaayXdx9GiEfHna0KEdycke6EO1lDQltPsmwQ1k4W7VootMhMcoHCVCkFNg_aem_AfpSLRfVWKUYIj_Yh0Xo7sSJeB3oUq_T0k34FfwTV40txDHCmlc-94BFUTpjHSdhBVWSK9gz4AWa5sZJqKSNeZ5VoF2Cau24gfGpd-HYXJVIfw630RMAAAjhScUszn4wJMY&external_browser_redirect=true
 
<B><font color = 'blue'> ==> -</font>Redirects: URL: https://82e.com/products/ashwagandha-bounce-hydrating-moisturiser?utm_source=adyogi&utm_medium=ig&utm_campaign=PROJ_11693_adyogi_Conversions_Prospect_Advantage%20%20Moisturiser%20Campaign&utm_content=110672%20Ashwagandha%20-DP%20-text2&fbclid=PAAaayXdx9GiEfHna0KEdycke6EO1lDQltPsmwQ1k4W7VootMhMcoHCVCkFNg_aem_AfpSLRfVWKUYIj_Yh0Xo7sSJeB3oUq_T0k34FfwTV40txDHCmlc-94BFUTpjHSdhBVWSK9gz4AWa5sZJqKSNeZ5VoF2Cau24gfGpd-HYXJVIfw630RMAAAjhScUszn4wJMY&external_browser_redirect=true
 
<B><font color = 'blue'> ==> -</font>Redirects: URL: https://82e.com/products/ashwagandha-bounce-hydrating-moisturiser?utm_source=adyogi&utm_medium=ig&utm_campaign=PROJ_11693_adyogi_Conversions_Prospect_Advantage%20%20Moisturiser%20Campaign&utm_content=110672%20Ashwagandha%20-DP%20-text2&fbclid=PAAaayXdx9GiEfHna0KEdycke6EO1lDQltPsmwQ1k4W7VootMhMcoHCVCkFNg_aem_AfpSLRfVWKUYIj_Yh0Xo7sSJeB3oUq_T0k34FfwTV40txDHCmlc-94BFUTpjHSdhBVWSK9gz4AWa5sZJqKSNeZ5VoF2Cau24gfGpd-HYXJVIfw630RMAAAjhScUszn4wJMY&external_browser_redirect=true
 
<B><font color = 'blue'> ==> -</font>Redirects: URL: https://82e.com/products/ashwagandha-bounce-hydrating-moisturiser?utm_source=adyogi&utm_medium=ig&utm_campaign=PROJ_11693_adyogi_Conversions_Prospect_Advantage%20%20Moisturiser%20Campaign&utm_content=110672%20Ashwagandha%20-DP%20-text2&fbclid=PAAaayXdx9GiEfHna0KEdycke6EO1lDQltPsmwQ1k4W7VootMhMcoHCVCkFNg_aem_AfpSLRfVWKUYIj_Yh0Xo7sSJeB3oUq_T0k34FfwTV40txDHCmlc-94BFUTpjHSdhBVWSK9gz4AWa5sZJqKSNeZ5VoF2Cau24gfGpd-HYXJVIfw630RMAAAjhScUszn4wJMY&external_browser_redirect=true
 
<B><font color = 'blue'> ==> -</font>Outgoing links: Source URL: null
 
<B><font color = 'blue'> ==> -</font>Outgoing links: Redirect URL: https://82e.com/products/ashwagandha-bounce-hydrating-moisturiser?utm_source=adyogi&utm_medium=ig&utm_campaign=PROJ_11693_adyogi_Conversions_Prospect_Advantage%20%20Moisturiser%20Campaign&utm_content=110672%20Ashwagandha%20-DP%20-text2&fbclid=PAAaayXdx9GiEfHna0KEdycke6EO1lDQltPsmwQ1k4W7VootMhMcoHCVCkFNg_aem_AfpSLRfVWKUYIj_Yh0Xo7sSJeB3oUq_T0k34FfwTV40txDHCmlc-94BFUTpjHSdhBVWSK9gz4AWa5sZJqKSNeZ5VoF2Cau24gfGpd-HYXJVIfw630RMAAAjhScUszn4wJMY&external_browser_redirect=true
 
<B><font color = 'blue'> ==> -</font>Outgoing links: Final URL:null
 
<B><font color = 'blue'> ==> -</font>Fb post link: URL : null
 
<B><font color ='red'> 5 Ad -</font>  
<B><font color = 'blue'> ==> -</font> ID of the Ad = 29761
<B><font color = 'blue'> ==> -</font> Clicked On ShowAnalytics Icon
 
<B><font color = 'blue'> ==> -</font>Basic info: URL: https://www.rasluxuryoils.com/pages/latest-offer-by-ras?utm_source=fb&utm_medium=cpc&utm_campaign=GC_TOF_Advantage%20_Offer_Free_Gold_Massager_13/01/23%20Campaign&utm_content=GC_TOF_Advantage%20_Offer_Free_Gold_Massager_13/01/23%20Ad%20set&utm_term=Free_10Piece_Set_Bestseller_Static%20-%20Copy&fbclid=PAAaYu1Kuzl52GUsmT22KYN4v3iIvSmTfmftzpHSTFzryIIWeAee0Vw2EUEUY_aem_Afq9gn6Rym6lo0_KpfKeXUpR604jypS_t0VtzgmiBgNobQ9R-gUA7Ocy5-tEf2sPY-Oeej-UAijtRzAs-0umG2BlWDkAhWxILIuDtdDzB3aJrddyuHAbb2ZwwcznK1jpKRorBfGd-r-DzOc-CItaSMRY&external_browser_redirect=true
 
<B><font color = 'blue'> ==> -</font>Redirects: URL: https://www.rasluxuryoils.com/pages/latest-offer-by-ras?utm_source=fb&utm_medium=cpc&utm_campaign=GC_TOF_Advantage%20_Offer_Free_Gold_Massager_13/01/23%20Campaign&utm_content=GC_TOF_Advantage%20_Offer_Free_Gold_Massager_13/01/23%20Ad%20set&utm_term=Free_10Piece_Set_Bestseller_Static%20-%20Copy&fbclid=PAAaYu1Kuzl52GUsmT22KYN4v3iIvSmTfmftzpHSTFzryIIWeAee0Vw2EUEUY_aem_Afq9gn6Rym6lo0_KpfKeXUpR604jypS_t0VtzgmiBgNobQ9R-gUA7Ocy5-tEf2sPY-Oeej-UAijtRzAs-0umG2BlWDkAhWxILIuDtdDzB3aJrddyuHAbb2ZwwcznK1jpKRorBfGd-r-DzOc-CItaSMRY&external_browser_redirect=true
 
<B><font color = 'blue'> ==> -</font>Redirects: URL: https://www.rasluxuryoils.com/pages/latest-offer-by-ras?utm_source=fb&utm_medium=cpc&utm_campaign=GC_TOF_Advantage%20_Offer_Free_Gold_Massager_13/01/23%20Campaign&utm_content=GC_TOF_Advantage%20_Offer_Free_Gold_Massager_13/01/23%20Ad%20set&utm_term=Free_10Piece_Set_Bestseller_Static%20-%20Copy&fbclid=PAAaYu1Kuzl52GUsmT22KYN4v3iIvSmTfmftzpHSTFzryIIWeAee0Vw2EUEUY_aem_Afq9gn6Rym6lo0_KpfKeXUpR604jypS_t0VtzgmiBgNobQ9R-gUA7Ocy5-tEf2sPY-Oeej-UAijtRzAs-0umG2BlWDkAhWxILIuDtdDzB3aJrddyuHAbb2ZwwcznK1jpKRorBfGd-r-DzOc-CItaSMRY&external_browser_redirect=true
 
<B><font color = 'blue'> ==> -</font>Redirects: URL: https://www.rasluxuryoils.com/pages/latest-offer-by-ras?utm_source=fb&utm_medium=cpc&utm_campaign=GC_TOF_Advantage%20_Offer_Free_Gold_Massager_13/01/23%20Campaign&utm_content=GC_TOF_Advantage%20_Offer_Free_Gold_Massager_13/01/23%20Ad%20set&utm_term=Free_10Piece_Set_Bestseller_Static%20-%20Copy&fbclid=PAAaYu1Kuzl52GUsmT22KYN4v3iIvSmTfmftzpHSTFzryIIWeAee0Vw2EUEUY_aem_Afq9gn6Rym6lo0_KpfKeXUpR604jypS_t0VtzgmiBgNobQ9R-gUA7Ocy5-tEf2sPY-Oeej-UAijtRzAs-0umG2BlWDkAhWxILIuDtdDzB3aJrddyuHAbb2ZwwcznK1jpKRorBfGd-r-DzOc-CItaSMRY&external_browser_redirect=true
 
<B><font color = 'blue'> ==> -</font>Outgoing links: Source URL: null
 
<B><font color = 'blue'> ==> -</font>Outgoing links: Redirect URL: https://www.rasluxuryoils.com/pages/latest-offer-by-ras?utm_source=fb&utm_medium=cpc&utm_campaign=GC_TOF_Advantage%20_Offer_Free_Gold_Massager_13/01/23%20Campaign&utm_content=GC_TOF_Advantage%20_Offer_Free_Gold_Massager_13/01/23%20Ad%20set&utm_term=Free_10Piece_Set_Bestseller_Static%20-%20Copy&fbclid=PAAaYu1Kuzl52GUsmT22KYN4v3iIvSmTfmftzpHSTFzryIIWeAee0Vw2EUEUY_aem_Afq9gn6Rym6lo0_KpfKeXUpR604jypS_t0VtzgmiBgNobQ9R-gUA7Ocy5-tEf2sPY-Oeej-UAijtRzAs-0umG2BlWDkAhWxILIuDtdDzB3aJrddyuHAbb2ZwwcznK1jpKRorBfGd-r-DzOc-CItaSMRY&external_browser_redirect=true
 
<B><font color = 'blue'> ==> -</font>Outgoing links: Final URL:null
 
<B><font color = 'blue'> ==> -</font>Fb post link: URL : null
 
<B><font color ='red'> 6 Ad -</font>  
<B><font color = 'blue'> ==> -</font> ID of the Ad = 29760
<B><font color = 'blue'> ==> -</font> Clicked On ShowAnalytics Icon
 
<B><font color = 'blue'> ==> -</font>Basic info: URL: https://www.thriveco.in/products/hair-growth-serum-men-women-hair-fall-regrowth-thinning?variant=32784573235340&utm_source=Facebook_Ads&utm_medium=Instagram_Stories&utm_campaign=ADB_ASC_All%20Ads-Retargeting%20Campaign&utm_content=HGS_6%20months%20pack%20%E2%80%93%20Copy%20-%20Copy&utm_term=ADB_ASC_All%20Ads-Retargeting%20Ad%20Set&fbclid=PAAabu2Ow7TTJ6DqAcSus6V1BwHtR-qelRIDcC_QUWweJIyiEZH2dVOJwJbZs_aem_AfrJsPKPJIkTzKe8E6wkDuM5whlb0MuxGTWNHdDTrk5SFjMeMK39QNqnwT_53zF_NsiIXv9wDViF7b_K5UpJa679Oi4aOlSwVu-AH7F_1CGbS6UOVuLCoVSAjJs8wILLQUo&external_browser_redirect=true
 
<B><font color = 'blue'> ==> -</font>Redirects: URL: https://www.thriveco.in/products/hair-growth-serum-men-women-hair-fall-regrowth-thinning?variant=32784573235340&utm_source=Facebook_Ads&utm_medium=Instagram_Stories&utm_campaign=ADB_ASC_All%20Ads-Retargeting%20Campaign&utm_content=HGS_6%20months%20pack%20%E2%80%93%20Copy%20-%20Copy&utm_term=ADB_ASC_All%20Ads-Retargeting%20Ad%20Set&fbclid=PAAabu2Ow7TTJ6DqAcSus6V1BwHtR-qelRIDcC_QUWweJIyiEZH2dVOJwJbZs_aem_AfrJsPKPJIkTzKe8E6wkDuM5whlb0MuxGTWNHdDTrk5SFjMeMK39QNqnwT_53zF_NsiIXv9wDViF7b_K5UpJa679Oi4aOlSwVu-AH7F_1CGbS6UOVuLCoVSAjJs8wILLQUo&external_browser_redirect=true
 
<B><font color = 'blue'> ==> -</font>Redirects: URL: https://www.thriveco.in/products/hair-growth-serum-men-women-hair-fall-regrowth-thinning?variant=32784573235340&utm_source=Facebook_Ads&utm_medium=Instagram_Stories&utm_campaign=ADB_ASC_All%20Ads-Retargeting%20Campaign&utm_content=HGS_6%20months%20pack%20%E2%80%93%20Copy%20-%20Copy&utm_term=ADB_ASC_All%20Ads-Retargeting%20Ad%20Set&fbclid=PAAabu2Ow7TTJ6DqAcSus6V1BwHtR-qelRIDcC_QUWweJIyiEZH2dVOJwJbZs_aem_AfrJsPKPJIkTzKe8E6wkDuM5whlb0MuxGTWNHdDTrk5SFjMeMK39QNqnwT_53zF_NsiIXv9wDViF7b_K5UpJa679Oi4aOlSwVu-AH7F_1CGbS6UOVuLCoVSAjJs8wILLQUo&external_browser_redirect=true
 
<B><font color = 'blue'> ==> -</font>Redirects: URL: https://www.thriveco.in/products/hair-growth-serum-men-women-hair-fall-regrowth-thinning?variant=32784573235340&utm_source=Facebook_Ads&utm_medium=Instagram_Stories&utm_campaign=ADB_ASC_All%20Ads-Retargeting%20Campaign&utm_content=HGS_6%20months%20pack%20%E2%80%93%20Copy%20-%20Copy&utm_term=ADB_ASC_All%20Ads-Retargeting%20Ad%20Set&fbclid=PAAabu2Ow7TTJ6DqAcSus6V1BwHtR-qelRIDcC_QUWweJIyiEZH2dVOJwJbZs_aem_AfrJsPKPJIkTzKe8E6wkDuM5whlb0MuxGTWNHdDTrk5SFjMeMK39QNqnwT_53zF_NsiIXv9wDViF7b_K5UpJa679Oi4aOlSwVu-AH7F_1CGbS6UOVuLCoVSAjJs8wILLQUo&external_browser_redirect=true
 
<B><font color = 'blue'> ==> -</font>Outgoing links: Source URL: null
 
<B><font color = 'blue'> ==> -</font>Outgoing links: Redirect URL: https://www.thriveco.in/products/hair-growth-serum-men-women-hair-fall-regrowth-thinning?variant=32784573235340&utm_source=Facebook_Ads&utm_medium=Instagram_Stories&utm_campaign=ADB_ASC_All%20Ads-Retargeting%20Campaign&utm_content=HGS_6%20months%20pack%20%E2%80%93%20Copy%20-%20Copy&utm_term=ADB_ASC_All%20Ads-Retargeting%20Ad%20Set&fbclid=PAAabu2Ow7TTJ6DqAcSus6V1BwHtR-qelRIDcC_QUWweJIyiEZH2dVOJwJbZs_aem_AfrJsPKPJIkTzKe8E6wkDuM5whlb0MuxGTWNHdDTrk5SFjMeMK39QNqnwT_53zF_NsiIXv9wDViF7b_K5UpJa679Oi4aOlSwVu-AH7F_1CGbS6UOVuLCoVSAjJs8wILLQUo&external_browser_redirect=true
 
<B><font color = 'blue'> ==> -</font>Outgoing links: Final URL:null
 
<B><font color = 'blue'> ==> -</font>Fb post link: URL : null
 
<B><font color ='red'> 7 Ad -</font>  
<B><font color = 'blue'> ==> -</font> ID of the Ad = 29756
<B><font color = 'blue'> ==> -</font> Clicked On ShowAnalytics Icon
 
<B><font color = 'blue'> ==> -</font>Basic info: URL: https://www.mcaffeine.com/collections/special-offer?utm_source=facebook&utm_medium=cpc&utm_campaign=VM_Conversion_Purchase_Prospecting_Open_1412202-23853543972260568&utm_content=VM_Offer_SingleImage_Extended_B3at899_22032023-Instagram_Stories-23854606584190568&utm_term=VM_Prospecting_Interest_website&sunscreen_Offer_21022023-23854503979860568&fbclid=PAAaYGeAVLVNIL_vgAIDVc9RpR7iqke7mGQvM-0czlrLTGuFm-ouOFjfJrk8g_aem_AfobzqZLCzGCi8xdZVvAW0nblVPDeFIS7-bgskmHhVVeZHoBKUXAzixq7Xj8YHu2_64w-Op1e42B68FZnA2ClPMcdsDsKyzVmr4GfViID5hygK0dd0UsPYwV1U08i0HAC0IZPJMd4DfWBpkIyFlJiSaL&external_browser_redirect=true
 
<B><font color = 'blue'> ==> -</font>Redirects: URL: https://www.mcaffeine.com/collections/special-offer?utm_source=facebook&utm_medium=cpc&utm_campaign=VM_Conversion_Purchase_Prospecting_Open_1412202-23853543972260568&utm_content=VM_Offer_SingleImage_Extended_B3at899_22032023-Instagram_Stories-23854606584190568&utm_term=VM_Prospecting_Interest_website&sunscreen_Offer_21022023-23854503979860568&fbclid=PAAaYGeAVLVNIL_vgAIDVc9RpR7iqke7mGQvM-0czlrLTGuFm-ouOFjfJrk8g_aem_AfobzqZLCzGCi8xdZVvAW0nblVPDeFIS7-bgskmHhVVeZHoBKUXAzixq7Xj8YHu2_64w-Op1e42B68FZnA2ClPMcdsDsKyzVmr4GfViID5hygK0dd0UsPYwV1U08i0HAC0IZPJMd4DfWBpkIyFlJiSaL&external_browser_redirect=true
 
<B><font color = 'blue'> ==> -</font>Redirects: URL: https://www.mcaffeine.com/collections/special-offer?utm_source=facebook&utm_medium=cpc&utm_campaign=VM_Conversion_Purchase_Prospecting_Open_1412202-23853543972260568&utm_content=VM_Offer_SingleImage_Extended_B3at899_22032023-Instagram_Stories-23854606584190568&utm_term=VM_Prospecting_Interest_website&sunscreen_Offer_21022023-23854503979860568&fbclid=PAAaYGeAVLVNIL_vgAIDVc9RpR7iqke7mGQvM-0czlrLTGuFm-ouOFjfJrk8g_aem_AfobzqZLCzGCi8xdZVvAW0nblVPDeFIS7-bgskmHhVVeZHoBKUXAzixq7Xj8YHu2_64w-Op1e42B68FZnA2ClPMcdsDsKyzVmr4GfViID5hygK0dd0UsPYwV1U08i0HAC0IZPJMd4DfWBpkIyFlJiSaL&external_browser_redirect=true
 
<B><font color = 'blue'> ==> -</font>Outgoing links: Source URL: null
 
<B><font color = 'blue'> ==> -</font>Outgoing links: Redirect URL: https://www.mcaffeine.com/collections/special-offer?utm_source=facebook&utm_medium=cpc&utm_campaign=VM_Conversion_Purchase_Prospecting_Open_1412202-23853543972260568&utm_content=VM_Offer_SingleImage_Extended_B3at899_22032023-Instagram_Stories-23854606584190568&utm_term=VM_Prospecting_Interest_website&sunscreen_Offer_21022023-23854503979860568&fbclid=PAAaYGeAVLVNIL_vgAIDVc9RpR7iqke7mGQvM-0czlrLTGuFm-ouOFjfJrk8g_aem_AfobzqZLCzGCi8xdZVvAW0nblVPDeFIS7-bgskmHhVVeZHoBKUXAzixq7Xj8YHu2_64w-Op1e42B68FZnA2ClPMcdsDsKyzVmr4GfViID5hygK0dd0UsPYwV1U08i0HAC0IZPJMd4DfWBpkIyFlJiSaL&external_browser_redirect=true
 
<B><font color = 'blue'> ==> -</font>Outgoing links: Final URL:null
 
<B><font color = 'blue'> ==> -</font>Fb post link: URL : null
 
<B><font color ='red'> 8 Ad -</font>  
<B><font color = 'blue'> ==> -</font> ID of the Ad = 29755
<B><font color = 'blue'> ==> -</font> Clicked On ShowAnalytics Icon
 
<B><font color = 'blue'> ==> -</font>Basic info: URL: https://www.lotusbotanicals.com/collections/offers?utm_source=fb&utm_medium=cpc&utm_campaign=GC_TOF_1_Mar_Free%20Wash%20m%20Moisturise%20Combo_Offer_21/03/23&utm_content=Free%20Wash%20n%20Moisturise%20Combo_Image%202&utm_term=Beauty%20Pageant&fbclid=PAAaZhzUCMNJ4I9agLbEpMDGfwTgP2qG74iHEb2Rd-aA9u-WbJGzJZ8l0TVKY_aem_AfpGyx8mkPYQawAN4umi46yqJUyYr2R6Q50eyBw4vRd44ceBc42hIruNzKeVGAG09sodwG6vH9-YUxe0wzRCbc6hdvBNbvQE9GI7dLVdJRUgEQ7gQFnqdnUILW354ZvZIRDNdcpTnlES9ugj5-pBXOF0&external_browser_redirect=true
 
<B><font color = 'blue'> ==> -</font>Redirects: URL: https://www.lotusbotanicals.com/collections/offers?utm_source=fb&utm_medium=cpc&utm_campaign=GC_TOF_1_Mar_Free%20Wash%20m%20Moisturise%20Combo_Offer_21/03/23&utm_content=Free%20Wash%20n%20Moisturise%20Combo_Image%202&utm_term=Beauty%20Pageant&fbclid=PAAaZhzUCMNJ4I9agLbEpMDGfwTgP2qG74iHEb2Rd-aA9u-WbJGzJZ8l0TVKY_aem_AfpGyx8mkPYQawAN4umi46yqJUyYr2R6Q50eyBw4vRd44ceBc42hIruNzKeVGAG09sodwG6vH9-YUxe0wzRCbc6hdvBNbvQE9GI7dLVdJRUgEQ7gQFnqdnUILW354ZvZIRDNdcpTnlES9ugj5-pBXOF0&external_browser_redirect=true
 
<B><font color = 'blue'> ==> -</font>Redirects: URL: https://www.lotusbotanicals.com/collections/offers?utm_source=fb&utm_medium=cpc&utm_campaign=GC_TOF_1_Mar_Free%20Wash%20m%20Moisturise%20Combo_Offer_21/03/23&utm_content=Free%20Wash%20n%20Moisturise%20Combo_Image%202&utm_term=Beauty%20Pageant&fbclid=PAAaZhzUCMNJ4I9agLbEpMDGfwTgP2qG74iHEb2Rd-aA9u-WbJGzJZ8l0TVKY_aem_AfpGyx8mkPYQawAN4umi46yqJUyYr2R6Q50eyBw4vRd44ceBc42hIruNzKeVGAG09sodwG6vH9-YUxe0wzRCbc6hdvBNbvQE9GI7dLVdJRUgEQ7gQFnqdnUILW354ZvZIRDNdcpTnlES9ugj5-pBXOF0&external_browser_redirect=true
 
<B><font color = 'blue'> ==> -</font>Outgoing links: Source URL: null
 
<B><font color = 'blue'> ==> -</font>Outgoing links: Redirect URL: https://www.lotusbotanicals.com/collections/offers?utm_source=fb&utm_medium=cpc&utm_campaign=GC_TOF_1_Mar_Free%20Wash%20m%20Moisturise%20Combo_Offer_21/03/23&utm_content=Free%20Wash%20n%20Moisturise%20Combo_Image%202&utm_term=Beauty%20Pageant&fbclid=PAAaZhzUCMNJ4I9agLbEpMDGfwTgP2qG74iHEb2Rd-aA9u-WbJGzJZ8l0TVKY_aem_AfpGyx8mkPYQawAN4umi46yqJUyYr2R6Q50eyBw4vRd44ceBc42hIruNzKeVGAG09sodwG6vH9-YUxe0wzRCbc6hdvBNbvQE9GI7dLVdJRUgEQ7gQFnqdnUILW354ZvZIRDNdcpTnlES9ugj5-pBXOF0&external_browser_redirect=true
 
<B><font color = 'blue'> ==> -</font>Outgoing links: Final URL:null
 
<B><font color = 'blue'> ==> -</font>Fb post link: URL : null
 
<B><font color ='red'> 9 Ad -</font>  
<B><font color = 'blue'> ==> -</font> ID of the Ad = 29752
<B><font color = 'blue'> ==> -</font> Clicked On ShowAnalytics Icon
 
<B><font color = 'blue'> ==> -</font>Basic info: URL: https://gynoveda.com/products/thyroid-supplement-for-hyperthyroidism?utm_source=fb&utm_medium=cpc&utm_campaign=[GC]_TOF_Conv_Thyroid&utm_content=[GC]_TOF_Conv_Thyroid_NaturalProduct_GCB11036_200123&utm_term=[GC]_TOF_Conv_Thyroid_NaturalProduct_GCB11036_200123&fbclid=PAAaYusCVwXrfBonC7IXwo49CPSGe3EAzwTKSBBH1lkPtz4Nz3EhuX1cd30FY_aem_AfrKHewpfUxOOp1D-YWBh8RbbwaoPA3rkE1zivRnI9QCX4EHBbN5UGyKOrNun4EnQJY2aKAQVyedk5HkMMa4bxNYzEB4Ag2wW09HdIOZFhDArlVHMUJF6PKxM4Q0nrZGCOs&external_browser_redirect=true
 
<B><font color = 'blue'> ==> -</font>Redirects: URL: https://gynoveda.com/products/thyroid-supplement-for-hyperthyroidism?utm_source=fb&utm_medium=cpc&utm_campaign=[GC]_TOF_Conv_Thyroid&utm_content=[GC]_TOF_Conv_Thyroid_NaturalProduct_GCB11036_200123&utm_term=[GC]_TOF_Conv_Thyroid_NaturalProduct_GCB11036_200123&fbclid=PAAaYusCVwXrfBonC7IXwo49CPSGe3EAzwTKSBBH1lkPtz4Nz3EhuX1cd30FY_aem_AfrKHewpfUxOOp1D-YWBh8RbbwaoPA3rkE1zivRnI9QCX4EHBbN5UGyKOrNun4EnQJY2aKAQVyedk5HkMMa4bxNYzEB4Ag2wW09HdIOZFhDArlVHMUJF6PKxM4Q0nrZGCOs&external_browser_redirect=true
 
<B><font color = 'blue'> ==> -</font>Redirects: URL: https://gynoveda.com/products/thyroid-supplement-for-hyperthyroidism?utm_source=fb&utm_medium=cpc&utm_campaign=[GC]_TOF_Conv_Thyroid&utm_content=[GC]_TOF_Conv_Thyroid_NaturalProduct_GCB11036_200123&utm_term=[GC]_TOF_Conv_Thyroid_NaturalProduct_GCB11036_200123&fbclid=PAAaYusCVwXrfBonC7IXwo49CPSGe3EAzwTKSBBH1lkPtz4Nz3EhuX1cd30FY_aem_AfrKHewpfUxOOp1D-YWBh8RbbwaoPA3rkE1zivRnI9QCX4EHBbN5UGyKOrNun4EnQJY2aKAQVyedk5HkMMa4bxNYzEB4Ag2wW09HdIOZFhDArlVHMUJF6PKxM4Q0nrZGCOs&external_browser_redirect=true
 
<B><font color = 'blue'> ==> -</font>Redirects: URL: https://gynoveda.com/products/kanchanar-guggulu?external_browser_redirect=true&fbclid=PAAaYusCVwXrfBonC7IXwo49CPSGe3EAzwTKSBBH1lkPtz4Nz3EhuX1cd30FY_aem_AfrKHewpfUxOOp1D-YWBh8RbbwaoPA3rkE1zivRnI9QCX4EHBbN5UGyKOrNun4EnQJY2aKAQVyedk5HkMMa4bxNYzEB4Ag2wW09HdIOZFhDArlVHMUJF6PKxM4Q0nrZGCOs&utm_campaign=%5BGC%5D_TOF_Conv_Thyroid&utm_content=%5BGC%5D_TOF_Conv_Thyroid_NaturalProduct_GCB11036_200123&utm_medium=cpc&utm_source=fb&utm_term=%5BGC%5D_TOF_Conv_Thyroid_NaturalProduct_GCB11036_200123
 
<B><font color = 'blue'> ==> -</font>Outgoing links: Source URL: null
 
<B><font color = 'blue'> ==> -</font>Outgoing links: Redirect URL: https://gynoveda.com/products/thyroid-supplement-for-hyperthyroidism?utm_source=fb&utm_medium=cpc&utm_campaign=[GC]_TOF_Conv_Thyroid&utm_content=[GC]_TOF_Conv_Thyroid_NaturalProduct_GCB11036_200123&utm_term=[GC]_TOF_Conv_Thyroid_NaturalProduct_GCB11036_200123&fbclid=PAAaYusCVwXrfBonC7IXwo49CPSGe3EAzwTKSBBH1lkPtz4Nz3EhuX1cd30FY_aem_AfrKHewpfUxOOp1D-YWBh8RbbwaoPA3rkE1zivRnI9QCX4EHBbN5UGyKOrNun4EnQJY2aKAQVyedk5HkMMa4bxNYzEB4Ag2wW09HdIOZFhDArlVHMUJF6PKxM4Q0nrZGCOs&external_browser_redirect=true
 
<B><font color = 'blue'> ==> -</font>Outgoing links: Final URL:null
 
<B><font color = 'blue'> ==> -</font>Fb post link: URL : null
 
<B><font color ='red'> 10 Ad -</font>  
<B><font color = 'blue'> ==> -</font> ID of the Ad = 29737
<B><font color = 'blue'> ==> -</font> Clicked On ShowAnalytics Icon
 
<B><font color = 'blue'> ==> -</font>Basic info: URL: https://www.glutone.in/products/glutone-1000?fbclid=PAAabALF_9jKRdiSunS_gegX3yC6ijYwcf8oJFaURFtZocKhDbgBqrPFKrY4I_aem_AfqC_FochLzBHIQBvQlosRSWa8UDfGvPQS_WaE8_tRYKh4YsPVyB4YeyJeUa5RzZQioQe3XIlnzmQZfwQ6IrjxStCW-N4_ep7cS6IVghs2_Mtl0t86S8WhNremS5DjSoadM&external_browser_redirect=true
 
<B><font color = 'blue'> ==> -</font>Redirects: URL: https://www.glutone.in/products/glutone-1000?fbclid=PAAabALF_9jKRdiSunS_gegX3yC6ijYwcf8oJFaURFtZocKhDbgBqrPFKrY4I_aem_AfqC_FochLzBHIQBvQlosRSWa8UDfGvPQS_WaE8_tRYKh4YsPVyB4YeyJeUa5RzZQioQe3XIlnzmQZfwQ6IrjxStCW-N4_ep7cS6IVghs2_Mtl0t86S8WhNremS5DjSoadM&external_browser_redirect=true
 
<B><font color = 'blue'> ==> -</font>Redirects: URL: https://www.glutone.in/products/glutone-1000?fbclid=PAAabALF_9jKRdiSunS_gegX3yC6ijYwcf8oJFaURFtZocKhDbgBqrPFKrY4I_aem_AfqC_FochLzBHIQBvQlosRSWa8UDfGvPQS_WaE8_tRYKh4YsPVyB4YeyJeUa5RzZQioQe3XIlnzmQZfwQ6IrjxStCW-N4_ep7cS6IVghs2_Mtl0t86S8WhNremS5DjSoadM&external_browser_redirect=true
 
<B><font color = 'blue'> ==> -</font>Outgoing links: Source URL: null
 
<B><font color = 'blue'> ==> -</font>Outgoing links: Redirect URL: https://www.glutone.in/products/glutone-1000?fbclid=PAAabALF_9jKRdiSunS_gegX3yC6ijYwcf8oJFaURFtZocKhDbgBqrPFKrY4I_aem_AfqC_FochLzBHIQBvQlosRSWa8UDfGvPQS_WaE8_tRYKh4YsPVyB4YeyJeUa5RzZQioQe3XIlnzmQZfwQ6IrjxStCW-N4_ep7cS6IVghs2_Mtl0t86S8WhNremS5DjSoadM&external_browser_redirect=true
 
<B><font color = 'blue'> ==> -</font>Outgoing links: Final URL:null
 
<B><font color = 'blue'> ==> -</font>Fb post link: URL : null
 
<B><font color ='red'> 11 Ad -</font>  
<B><font color = 'blue'> ==> -</font> ID of the Ad = 29735
<B><font color = 'blue'> ==> -</font> Clicked On ShowAnalytics Icon
 
<B><font color = 'blue'> ==> -</font>Basic info: URL: https://traya.health/?utm_source=facebook&utm_medium=cpc&utm_campaign=TOF-Cv-P-I-Open-B-2345-A-07Feb23-HP-S-SunilSecret&fbclid=PAAaZhdUmHC3bHWssoOgHMhBkLLXER_PBtY-4WHMmBX6FKbUMAltuKXyFtXdI_aem_Afqk9unkHTZJQcEuOB5esfLNUe5dHY8X3FEoNPLyEIVVw8fJ4w44V6E4GrMWALSsR5xH_camy7xQjjh2I30BIEiShFv6z4TnvcroOy4VE9WB_AsiVeFPj8KFz6nB43TvItU&external_browser_redirect=true
 
<B><font color = 'blue'> ==> -</font>Redirects: URL: https://traya.health/?utm_source=facebook&utm_medium=cpc&utm_campaign=TOF-Cv-P-I-Open-B-2345-A-07Feb23-HP-S-SunilSecret&fbclid=PAAaZhdUmHC3bHWssoOgHMhBkLLXER_PBtY-4WHMmBX6FKbUMAltuKXyFtXdI_aem_Afqk9unkHTZJQcEuOB5esfLNUe5dHY8X3FEoNPLyEIVVw8fJ4w44V6E4GrMWALSsR5xH_camy7xQjjh2I30BIEiShFv6z4TnvcroOy4VE9WB_AsiVeFPj8KFz6nB43TvItU&external_browser_redirect=true
 
<B><font color = 'blue'> ==> -</font>Redirects: URL: https://traya.health/?utm_source=facebook&utm_medium=cpc&utm_campaign=TOF-Cv-P-I-Open-B-2345-A-07Feb23-HP-S-SunilSecret&fbclid=PAAaZhdUmHC3bHWssoOgHMhBkLLXER_PBtY-4WHMmBX6FKbUMAltuKXyFtXdI_aem_Afqk9unkHTZJQcEuOB5esfLNUe5dHY8X3FEoNPLyEIVVw8fJ4w44V6E4GrMWALSsR5xH_camy7xQjjh2I30BIEiShFv6z4TnvcroOy4VE9WB_AsiVeFPj8KFz6nB43TvItU&external_browser_redirect=true
 
<B><font color = 'blue'> ==> -</font>Outgoing links: Source URL: null
 
<B><font color = 'blue'> ==> -</font>Outgoing links: Redirect URL: https://traya.health/?utm_source=facebook&utm_medium=cpc&utm_campaign=TOF-Cv-P-I-Open-B-2345-A-07Feb23-HP-S-SunilSecret&fbclid=PAAaZhdUmHC3bHWssoOgHMhBkLLXER_PBtY-4WHMmBX6FKbUMAltuKXyFtXdI_aem_Afqk9unkHTZJQcEuOB5esfLNUe5dHY8X3FEoNPLyEIVVw8fJ4w44V6E4GrMWALSsR5xH_camy7xQjjh2I30BIEiShFv6z4TnvcroOy4VE9WB_AsiVeFPj8KFz6nB43TvItU&external_browser_redirect=true
 
<B><font color = 'blue'> ==> -</font>Outgoing links: Final URL:null
 
<B><font color = 'blue'> ==> -</font>Fb post link: URL : null
 
<B><font color ='red'> 12 Ad -</font>  
<B><font color = 'blue'> ==> -</font> ID of the Ad = 29709
<B><font color = 'blue'> ==> -</font> Clicked On ShowAnalytics Icon
 
<B><font color = 'blue'> ==> -</font>Basic info: URL: https://naturali.co.in/products/pollution-defence-duo-shampoo-conditioner?utm_source=Meta&utm_medium=CPC&utm_campaign=Naturali_HairCare_Combo_Performance_Conversion_ABO_CPC&utm_adset=PollutionDefence_Meta_AllPlacements_CC_Prospecting_18-44MF_NonMetros_Interest_NCCSAB&utm_ad=PD_340mlPlus180ml_4sec_GIF_BuyOneGetOne_17Feb2023&fbclid=PAAaZ-T0fqpsjKfctSde78dsIRl7sz-LY7cHP0FRNhBiznXmhmOZrn60tArDM&external_browser_redirect=true
 
<B><font color = 'blue'> ==> -</font>Redirects: URL: https://naturali.co.in/products/pollution-defence-duo-shampoo-conditioner?utm_source=Meta&utm_medium=CPC&utm_campaign=Naturali_HairCare_Combo_Performance_Conversion_ABO_CPC&utm_adset=PollutionDefence_Meta_AllPlacements_CC_Prospecting_18-44MF_NonMetros_Interest_NCCSAB&utm_ad=PD_340mlPlus180ml_4sec_GIF_BuyOneGetOne_17Feb2023&fbclid=PAAaZ-T0fqpsjKfctSde78dsIRl7sz-LY7cHP0FRNhBiznXmhmOZrn60tArDM&external_browser_redirect=true
 
<B><font color = 'blue'> ==> -</font>Redirects: URL: https://naturali.co.in/products/pollution-defence-duo-shampoo-conditioner?utm_source=Meta&utm_medium=CPC&utm_campaign=Naturali_HairCare_Combo_Performance_Conversion_ABO_CPC&utm_adset=PollutionDefence_Meta_AllPlacements_CC_Prospecting_18-44MF_NonMetros_Interest_NCCSAB&utm_ad=PD_340mlPlus180ml_4sec_GIF_BuyOneGetOne_17Feb2023&fbclid=PAAaZ-T0fqpsjKfctSde78dsIRl7sz-LY7cHP0FRNhBiznXmhmOZrn60tArDM&external_browser_redirect=true
 
<B><font color = 'blue'> ==> -</font>Outgoing links: Source URL: null
 
<B><font color = 'blue'> ==> -</font>Outgoing links: Redirect URL: https://naturali.co.in/products/pollution-defence-duo-shampoo-conditioner?utm_source=Meta&utm_medium=CPC&utm_campaign=Naturali_HairCare_Combo_Performance_Conversion_ABO_CPC&utm_adset=PollutionDefence_Meta_AllPlacements_CC_Prospecting_18-44MF_NonMetros_Interest_NCCSAB&utm_ad=PD_340mlPlus180ml_4sec_GIF_BuyOneGetOne_17Feb2023&fbclid=PAAaZ-T0fqpsjKfctSde78dsIRl7sz-LY7cHP0FRNhBiznXmhmOZrn60tArDM&external_browser_redirect=true
 
<B><font color = 'blue'> ==> -</font>Outgoing links: Final URL:null
 
<B><font color = 'blue'> ==> -</font>Fb post link: URL : null
 
<B><font color ='red'> 13 Ad -</font>  
<B><font color = 'blue'> ==> -</font> ID of the Ad = 29703
<B><font color = 'blue'> ==> -</font> Clicked On ShowAnalytics Icon
 
<B><font color = 'blue'> ==> -</font>Basic info: URL: https://www.kimirica.shop/collections/hand-care?utm_source=ig&utm_medium=Instagram_Stories&utm_campaign=ADB_ASC_DPA%20Campaign&utm_content=NewCaddys&fbclid=PAAaZ5xbC90fGe6jOXetuXZu-ZhOIdvLenpcQuKrzCBqt_bKROBSgwZaqMPqw&external_browser_redirect=true
 
<B><font color = 'blue'> ==> -</font>Redirects: URL: https://www.kimirica.shop/collections/hand-care?utm_source=ig&utm_medium=Instagram_Stories&utm_campaign=ADB_ASC_DPA%20Campaign&utm_content=NewCaddys&fbclid=PAAaZ5xbC90fGe6jOXetuXZu-ZhOIdvLenpcQuKrzCBqt_bKROBSgwZaqMPqw&external_browser_redirect=true
 
<B><font color = 'blue'> ==> -</font>Redirects: URL: https://www.kimirica.shop/collections/hand-care?utm_source=ig&utm_medium=Instagram_Stories&utm_campaign=ADB_ASC_DPA%20Campaign&utm_content=NewCaddys&fbclid=PAAaZ5xbC90fGe6jOXetuXZu-ZhOIdvLenpcQuKrzCBqt_bKROBSgwZaqMPqw&external_browser_redirect=true
 
<B><font color = 'blue'> ==> -</font>Outgoing links: Source URL: null
 
<B><font color = 'blue'> ==> -</font>Outgoing links: Redirect URL: https://www.kimirica.shop/collections/hand-care?utm_source=ig&utm_medium=Instagram_Stories&utm_campaign=ADB_ASC_DPA%20Campaign&utm_content=NewCaddys&fbclid=PAAaZ5xbC90fGe6jOXetuXZu-ZhOIdvLenpcQuKrzCBqt_bKROBSgwZaqMPqw&external_browser_redirect=true
 
<B><font color = 'blue'> ==> -</font>Outgoing links: Final URL:null
 
<B><font color = 'blue'> ==> -</font>Fb post link: URL : null
 
<B><font color ='red'> 14 Ad -</font>  
<B><font color = 'blue'> ==> -</font> ID of the Ad = 29702
<B><font color = 'blue'> ==> -</font> Clicked On ShowAnalytics Icon
 
<B><font color = 'blue'> ==> -</font>Basic info: URL: https://www.happywagon.com/collections/wall-art?filter.p.vendor=Twillo&utm_source=HW_TS_Wall_Arts_10Feb_350%20Ad%20Set&utm_medium=Instagram_Stories&utm_campaign=HW_TS_Wall_Arts_10Feb_350%20Campaign&utm_content=HW_TS_Wall_Art_Carousel&fbclid=PAAaYGg0EVmeFV9YzcX42UV1esXJ-QW9PtsobM2jb9ru8Eo4s-PoZa7FiioHk&external_browser_redirect=true
 
<B><font color = 'blue'> ==> -</font>Redirects: URL: https://www.happywagon.com/collections/wall-art?filter.p.vendor=Twillo&utm_source=HW_TS_Wall_Arts_10Feb_350%20Ad%20Set&utm_medium=Instagram_Stories&utm_campaign=HW_TS_Wall_Arts_10Feb_350%20Campaign&utm_content=HW_TS_Wall_Art_Carousel&fbclid=PAAaYGg0EVmeFV9YzcX42UV1esXJ-QW9PtsobM2jb9ru8Eo4s-PoZa7FiioHk&external_browser_redirect=true
 
<B><font color = 'blue'> ==> -</font>Redirects: URL: https://www.happywagon.com/collections/wall-art?filter.p.vendor=Twillo&utm_source=HW_TS_Wall_Arts_10Feb_350%20Ad%20Set&utm_medium=Instagram_Stories&utm_campaign=HW_TS_Wall_Arts_10Feb_350%20Campaign&utm_content=HW_TS_Wall_Art_Carousel&fbclid=PAAaYGg0EVmeFV9YzcX42UV1esXJ-QW9PtsobM2jb9ru8Eo4s-PoZa7FiioHk&external_browser_redirect=true
 
<B><font color = 'blue'> ==> -</font>Outgoing links: Source URL: null
 
<B><font color = 'blue'> ==> -</font>Outgoing links: Redirect URL: https://www.happywagon.com/collections/wall-art?filter.p.vendor=Twillo&utm_source=HW_TS_Wall_Arts_10Feb_350%20Ad%20Set&utm_medium=Instagram_Stories&utm_campaign=HW_TS_Wall_Arts_10Feb_350%20Campaign&utm_content=HW_TS_Wall_Art_Carousel&fbclid=PAAaYGg0EVmeFV9YzcX42UV1esXJ-QW9PtsobM2jb9ru8Eo4s-PoZa7FiioHk&external_browser_redirect=true
 
<B><font color = 'blue'> ==> -</font>Outgoing links: Final URL:null
 
<B><font color = 'blue'> ==> -</font>Fb post link: URL : null
 
<B><font color ='red'> 15 Ad -</font>  
<B><font color = 'blue'> ==> -</font> ID of the Ad = 29697
<B><font color = 'blue'> ==> -</font> Clicked On ShowAnalytics Icon
 
<B><font color = 'blue'> ==> -</font>Basic info: URL: https://thetasslelife.com/collections/dreamcatcher?utm_source=adyogi&utm_medium=ig&utm_campaign=THET_3747_adyogi_Conversions_Prospect_Advantage%20%20shopping%20campaign%2001/29/2023%20Campaign-23852510922770464&utm_content=87315%20Buddha%20Wall%20Hanging&fbclid=PAAaYs9Kd6CzDMWnXACMhc2r36mx9XbtyZHHmIUK_cmwH7qiTHfiYXVNcNXiI&external_browser_redirect=true
 
<B><font color = 'blue'> ==> -</font>Redirects: URL: https://thetasslelife.com/collections/dreamcatcher?utm_source=adyogi&utm_medium=ig&utm_campaign=THET_3747_adyogi_Conversions_Prospect_Advantage%20%20shopping%20campaign%2001/29/2023%20Campaign-23852510922770464&utm_content=87315%20Buddha%20Wall%20Hanging&fbclid=PAAaYs9Kd6CzDMWnXACMhc2r36mx9XbtyZHHmIUK_cmwH7qiTHfiYXVNcNXiI&external_browser_redirect=true
 
<B><font color = 'blue'> ==> -</font>Redirects: URL: https://thetasslelife.com/collections/dreamcatcher?utm_source=adyogi&utm_medium=ig&utm_campaign=THET_3747_adyogi_Conversions_Prospect_Advantage%20%20shopping%20campaign%2001/29/2023%20Campaign-23852510922770464&utm_content=87315%20Buddha%20Wall%20Hanging&fbclid=PAAaYs9Kd6CzDMWnXACMhc2r36mx9XbtyZHHmIUK_cmwH7qiTHfiYXVNcNXiI&external_browser_redirect=true
 
<B><font color = 'blue'> ==> -</font>Outgoing links: Source URL: null
 
<B><font color = 'blue'> ==> -</font>Outgoing links: Redirect URL: https://thetasslelife.com/collections/dreamcatcher?utm_source=adyogi&utm_medium=ig&utm_campaign=THET_3747_adyogi_Conversions_Prospect_Advantage%20%20shopping%20campaign%2001/29/2023%20Campaign-23852510922770464&utm_content=87315%20Buddha%20Wall%20Hanging&fbclid=PAAaYs9Kd6CzDMWnXACMhc2r36mx9XbtyZHHmIUK_cmwH7qiTHfiYXVNcNXiI&external_browser_redirect=true
 
<B><font color = 'blue'> ==> -</font>Outgoing links: Final URL:null
 
<B><font color = 'blue'> ==> -</font>Fb post link: URL : null
 ]]>
  </system-out>
</testsuite> <!-- com.power.testcases.Verify_Instagram_LanderProperties_MarketingPlatform -->
