<?xml version="1.0" encoding="UTF-8"?>
<!-- Generated by org.testng.reporters.JUnitReportReporter -->
<testsuite hostname="GLB-459-PC" failures="0" tests="1" name="com.power.testcases.Sample_Testing" time="8.374" errors="0" timestamp="2023-02-07T12:34:20 IST" skipped="0">
  <testcase classname="com.power.testcases.Sample_Testing" name="TestPage" time="8.374"/>
  <system-out/>
</testsuite> <!-- com.power.testcases.Sample_Testing -->
