<?xml version="1.0" encoding="UTF-8"?>
<!-- Generated by org.testng.reporters.JUnitReportReporter -->
<testsuite hostname="GLB-281-PC" failures="0" tests="1" name="com.power.testcases.Verify_Instagram_DashBoard_AdSeenBetween" time="281.880" errors="0" timestamp="2022-12-02T15:28:21 IST" skipped="0">
  <testcase classname="com.power.testcases.Verify_Instagram_DashBoard_AdSeenBetween" name="verify_instagram_dasboard_adseenBetween" time="281.880"/>
  <system-out>
    <![CDATA[<B><font color = 'orange'> Step1 -</font> Logged into PowerAdSpy Application
<B><font color = 'orange'> Step2 -</font> I am on the page :PowerAdSpy | Facebook Dashboard
<B><font color = 'orange'> Step3 -</font> Power Ad Spy Logo is Displayed
<B><font color = 'orange'> Step4 -</font> Clicked On Instagram Icon

<B><font color = 'green'> Ads Seen Between : All -</font> 
<B><font color = 'orange'> Step 1 -</font> Clicked On clear search.
<B><font color = 'orange'> Step 2 -</font> Clicked On Ads Seen Between.
<B><font color = 'orange'> Step 3 -</font> Clicked On Ads Seen Between all_Button.
<B><font color = 'orange'> Step 4 -</font> Clicked On Search Bar.
<B><font color = 'orange'> Step 5 -</font> Total_Ads_Count_All= 551

<B><font color = 'Blue-Violet'> 1st -</font> 
<B><font color = 'blue'> ==> -</font> Clicked On current_Date_All Image = 11 November 2022
<B><font color = 'blue'> ==> -</font> ID of the Ad = 29399
<B><font color = 'blue'> ==> -</font> Clicked on showAnalytics Button
<B><font color = 'blue'> ==> -</font> Last_Seen_childWindow AdDetails Page= November 11 2022
<B><font color = 'blue'> ==> -</font> Image Date =  11 November 2022    ::    Last Seeen Date = 11 November 2022  are same == PASS

<B><font color = 'Blue-Violet'> 2nd -</font> 
<B><font color = 'blue'> ==> -</font> Clicked On current_Date_All Image = 11 November 2022
<B><font color = 'blue'> ==> -</font> ID of the Ad = 29398
<B><font color = 'blue'> ==> -</font> Clicked on showAnalytics Button
<B><font color = 'blue'> ==> -</font> Last_Seen_childWindow AdDetails Page= November 11 2022
<B><font color = 'blue'> ==> -</font> Image Date =  11 November 2022    ::    Last Seeen Date = 11 November 2022  are same == PASS

<B><font color = 'Blue-Violet'> 3rd -</font> 
<B><font color = 'blue'> ==> -</font> Clicked On current_Date_All Image = 11 November 2022
<B><font color = 'blue'> ==> -</font> ID of the Ad = 29397
<B><font color = 'blue'> ==> -</font> Clicked on showAnalytics Button
<B><font color = 'blue'> ==> -</font> Last_Seen_childWindow AdDetails Page= November 11 2022
<B><font color = 'blue'> ==> -</font> Image Date =  11 November 2022    ::    Last Seeen Date = 11 November 2022  are same == PASS

<B><font color = 'Blue-Violet'> 4th -</font> 
<B><font color = 'blue'> ==> -</font> Clicked On current_Date_All Image = 11 November 2022
<B><font color = 'blue'> ==> -</font> ID of the Ad = 29396
<B><font color = 'blue'> ==> -</font> Clicked on showAnalytics Button
<B><font color = 'blue'> ==> -</font> Last_Seen_childWindow AdDetails Page= November 11 2022
<B><font color = 'blue'> ==> -</font> Image Date =  11 November 2022    ::    Last Seeen Date = 11 November 2022  are same == PASS

<B><font color = 'Blue-Violet'> 5th -</font> 
<B><font color = 'blue'> ==> -</font> Clicked On current_Date_All Image = 11 November 2022
<B><font color = 'blue'> ==> -</font> ID of the Ad = 29395
<B><font color = 'blue'> ==> -</font> Clicked on showAnalytics Button
<B><font color = 'blue'> ==> -</font> Last_Seen_childWindow AdDetails Page= November 11 2022
<B><font color = 'blue'> ==> -</font> Image Date =  11 November 2022    ::    Last Seeen Date = 11 November 2022  are same == PASS

<B><font color = 'Blue-Violet'> 6th -</font> 
<B><font color = 'blue'> ==> -</font> Clicked On current_Date_All Image = 11 November 2022
<B><font color = 'blue'> ==> -</font> ID of the Ad = 29394
<B><font color = 'blue'> ==> -</font> Clicked on showAnalytics Button
<B><font color = 'blue'> ==> -</font> Last_Seen_childWindow AdDetails Page= November 11 2022
<B><font color = 'blue'> ==> -</font> Image Date =  11 November 2022    ::    Last Seeen Date = 11 November 2022  are same == PASS

<B><font color = 'Blue-Violet'> 7th -</font> 
<B><font color = 'blue'> ==> -</font> Clicked On current_Date_All Image = 11 November 2022
<B><font color = 'blue'> ==> -</font> ID of the Ad = 29393
<B><font color = 'blue'> ==> -</font> Clicked on showAnalytics Button
<B><font color = 'blue'> ==> -</font> Last_Seen_childWindow AdDetails Page= November 11 2022
<B><font color = 'blue'> ==> -</font> Image Date =  11 November 2022    ::    Last Seeen Date = 11 November 2022  are same == PASS

<B><font color = 'Blue-Violet'> 8th -</font> 
<B><font color = 'blue'> ==> -</font> Clicked On current_Date_All Image = 11 November 2022
<B><font color = 'blue'> ==> -</font> ID of the Ad = 29392
<B><font color = 'blue'> ==> -</font> Clicked on showAnalytics Button
<B><font color = 'blue'> ==> -</font> Last_Seen_childWindow AdDetails Page= November 11 2022
<B><font color = 'blue'> ==> -</font> Image Date =  11 November 2022    ::    Last Seeen Date = 11 November 2022  are same == PASS

<B><font color = 'Blue-Violet'> 9th -</font> 
<B><font color = 'blue'> ==> -</font> Clicked On current_Date_All Image = 11 November 2022
<B><font color = 'blue'> ==> -</font> ID of the Ad = 29391
<B><font color = 'blue'> ==> -</font> Clicked on showAnalytics Button
<B><font color = 'blue'> ==> -</font> Last_Seen_childWindow AdDetails Page= November 11 2022
<B><font color = 'blue'> ==> -</font> Image Date =  11 November 2022    ::    Last Seeen Date = 11 November 2022  are same == PASS

<B><font color = 'Blue-Violet'> 10th -</font> 
<B><font color = 'blue'> ==> -</font> Clicked On current_Date_All Image = 11 November 2022
<B><font color = 'blue'> ==> -</font> ID of the Ad = 29399
<B><font color = 'blue'> ==> -</font> Clicked on showAnalytics Button
<B><font color = 'blue'> ==> -</font> Last_Seen_childWindow AdDetails Page= November 11 2022
<B><font color = 'blue'> ==> -</font> Image Date =  11 November 2022    ::    Last Seeen Date = 11 November 2022  are same == PASS

<B><font color = 'Blue-Violet'> 11th -</font> 
<B><font color = 'blue'> ==> -</font> Clicked On current_Date_All Image = 11 November 2022
<B><font color = 'blue'> ==> -</font> ID of the Ad = 29398
<B><font color = 'blue'> ==> -</font> Clicked on showAnalytics Button
<B><font color = 'blue'> ==> -</font> Last_Seen_childWindow AdDetails Page= November 11 2022
<B><font color = 'blue'> ==> -</font> Image Date =  11 November 2022    ::    Last Seeen Date = 11 November 2022  are same == PASS

<B><font color = 'Blue-Violet'> 12th -</font> 
<B><font color = 'blue'> ==> -</font> Clicked On current_Date_All Image = 11 November 2022
<B><font color = 'blue'> ==> -</font> ID of the Ad = 29397
<B><font color = 'blue'> ==> -</font> Clicked on showAnalytics Button
<B><font color = 'blue'> ==> -</font> Last_Seen_childWindow AdDetails Page= November 11 2022
<B><font color = 'blue'> ==> -</font> Image Date =  11 November 2022    ::    Last Seeen Date = 11 November 2022  are same == PASS

<B><font color = 'Blue-Violet'> 13th -</font> 
<B><font color = 'blue'> ==> -</font> Clicked On current_Date_All Image = 11 November 2022
<B><font color = 'blue'> ==> -</font> ID of the Ad = 29396
<B><font color = 'blue'> ==> -</font> Clicked on showAnalytics Button
<B><font color = 'blue'> ==> -</font> Last_Seen_childWindow AdDetails Page= November 11 2022
<B><font color = 'blue'> ==> -</font> Image Date =  11 November 2022    ::    Last Seeen Date = 11 November 2022  are same == PASS

<B><font color = 'Blue-Violet'> 14th -</font> 
<B><font color = 'blue'> ==> -</font> Clicked On current_Date_All Image = 11 November 2022
<B><font color = 'blue'> ==> -</font> ID of the Ad = 29395
<B><font color = 'blue'> ==> -</font> Clicked on showAnalytics Button
<B><font color = 'blue'> ==> -</font> Last_Seen_childWindow AdDetails Page= November 11 2022
<B><font color = 'blue'> ==> -</font> Image Date =  11 November 2022    ::    Last Seeen Date = 11 November 2022  are same == PASS

<B><font color = 'Blue-Violet'> 15th -</font> 
<B><font color = 'blue'> ==> -</font> Clicked On current_Date_All Image = 11 November 2022
<B><font color = 'blue'> ==> -</font> ID of the Ad = 29394
<B><font color = 'blue'> ==> -</font> Clicked on showAnalytics Button
<B><font color = 'blue'> ==> -</font> Last_Seen_childWindow AdDetails Page= November 11 2022
<B><font color = 'blue'> ==> -</font> Image Date =  11 November 2022    ::    Last Seeen Date = 11 November 2022  are same == PASS]]>
  </system-out>
</testsuite> <!-- com.power.testcases.Verify_Instagram_DashBoard_AdSeenBetween -->
