<?xml version="1.0" encoding="UTF-8"?>
<!-- Generated by org.testng.reporters.JUnitReportReporter -->
<testsuite hostname="GLB-459-PC" failures="0" tests="1" name="com.power.testcases.Verify_FaceBook_landerProperties_TestScript" time="866.101" errors="0" timestamp="2023-03-02T12:51:00 IST" skipped="0">
  <testcase classname="com.power.testcases.Verify_FaceBook_landerProperties_TestScript" name="Verify_FaceBook_landerProperties_TestScript" time="866.101"/>
  <system-out>
    <![CDATA[<B><font color = 'orange'> Step1 -</font> Logged into PowerAdSpy Application
<B><font color = 'orange'> Step2 -</font> I am on the page :PowerAdSpy | Facebook Dashboard
<B><font color = 'orange'> Step3 -</font> Power Ad Spy Logo is Displayed
<B><font color = 'orange'> Step4 -</font> Clicked On FaceBook Icon
       
<B><font color = 'purple'>  - ShortBy Newest Step will Start from here </font>  
<B><font color = 'orange'> Step1 -</font> Clicked On sortBy Icon
<B><font color = 'orange'> Step2 -</font> Clicked On SortBy Newest Icon
<B><font color = 'orange'> Step3 -</font> Clicked On search Button Icon
<B><font color = 'orange'> Step4 -</font> Clicked On Lander Properties Button Icon
<B><font color = 'orange'> Step5 -</font> Clicked On Ecommerce platform click
 
<B><font color = 'Green'>- Ecommerce Platform</font>
       :-Shopify
<B><font color = 'orange'> Step1 -</font> Selected  On Ecommerce platform Shopify
<B><font color = 'orange'> Step2 -</font> Clicked On search Button Icon
<B><font color = 'orange'> Step3 -</font> Total_Ads_Count_newest= 595
 
<B><font color ='red'> 1 Ad -</font>  
<B><font color = 'blue'> ==> -</font> ID of the Ad = 21092
<B><font color = 'blue'> ==> -</font> Brand Image link Ecom Platform:= Shopify.png
<B><font color = 'blue'> ==> -</font> Both  Ecommerce Platform are Matching in Assert Pass :Shopify.png == Shopify.png
<B><font color = 'blue'> ==> -</font> Clicked On ShowAnalytics Icon
<B><font color = 'green'> ===> -</font> Assert pass: cdn.shopify.com==cdn.shopify.com
 
<B><font color ='red'> 2 Ad -</font>  
<B><font color = 'blue'> ==> -</font> ID of the Ad = 21088
<B><font color = 'blue'> ==> -</font> Brand Image link Ecom Platform:= Shopify.png
<B><font color = 'blue'> ==> -</font> Both  Ecommerce Platform are Matching in Assert Pass :Shopify.png == Shopify.png
<B><font color = 'blue'> ==> -</font> Clicked On ShowAnalytics Icon
<B><font color = 'green'> ===> -</font> Assert pass: cdn.shopify.com==cdn.shopify.com
 
<B><font color ='red'> 3 Ad -</font>  
<B><font color = 'blue'> ==> -</font> ID of the Ad = 21087
<B><font color = 'blue'> ==> -</font> Brand Image link Ecom Platform:= Shopify.png
<B><font color = 'blue'> ==> -</font> Both  Ecommerce Platform are Matching in Assert Pass :Shopify.png == Shopify.png
<B><font color = 'blue'> ==> -</font> Clicked On ShowAnalytics Icon
<B><font color = 'green'> ===> -</font> Assert pass: cdn.shopify.com==cdn.shopify.com
 
<B><font color ='red'> 4 Ad -</font>  
<B><font color = 'blue'> ==> -</font> ID of the Ad = 21086
<B><font color = 'blue'> ==> -</font> Brand Image link Ecom Platform:= Shopify.png
<B><font color = 'blue'> ==> -</font> Both  Ecommerce Platform are Matching in Assert Pass :Shopify.png == Shopify.png
<B><font color = 'blue'> ==> -</font> Clicked On ShowAnalytics Icon
<B><font color = 'green'> ===> -</font> Assert pass: cdn.shopify.com==cdn.shopify.com
 
<B><font color ='red'> 5 Ad -</font>  
<B><font color = 'blue'> ==> -</font> ID of the Ad = 21085
<B><font color = 'blue'> ==> -</font> Brand Image link Ecom Platform:= Shopify.png
<B><font color = 'blue'> ==> -</font> Both  Ecommerce Platform are Matching in Assert Pass :Shopify.png == Shopify.png
<B><font color = 'blue'> ==> -</font> Clicked On ShowAnalytics Icon
<B><font color = 'green'> ===> -</font> Assert pass: cdn.shopify.com==cdn.shopify.com
 
<B><font color ='red'> 6 Ad -</font>  
<B><font color = 'blue'> ==> -</font> ID of the Ad = 21084
<B><font color = 'blue'> ==> -</font> Brand Image link Ecom Platform:= Shopify.png
<B><font color = 'blue'> ==> -</font> Both  Ecommerce Platform are Matching in Assert Pass :Shopify.png == Shopify.png
<B><font color = 'blue'> ==> -</font> Clicked On ShowAnalytics Icon
<B><font color = 'green'> ===> -</font> Assert pass: cdn.shopify.com==cdn.shopify.com
 
<B><font color ='red'> 7 Ad -</font>  
<B><font color = 'blue'> ==> -</font> ID of the Ad = 21082
<B><font color = 'blue'> ==> -</font> Brand Image link Ecom Platform:= Shopify.png
<B><font color = 'blue'> ==> -</font> Both  Ecommerce Platform are Matching in Assert Pass :Shopify.png == Shopify.png
<B><font color = 'blue'> ==> -</font> Clicked On ShowAnalytics Icon
<B><font color = 'green'> ===> -</font> Assert pass: cdn.shopify.com==cdn.shopify.com
 
<B><font color ='red'> 8 Ad -</font>  
<B><font color = 'blue'> ==> -</font> ID of the Ad = 21080
<B><font color = 'blue'> ==> -</font> Brand Image link Ecom Platform:= Shopify.png
<B><font color = 'blue'> ==> -</font> Both  Ecommerce Platform are Matching in Assert Pass :Shopify.png == Shopify.png
<B><font color = 'blue'> ==> -</font> Clicked On ShowAnalytics Icon
<B><font color = 'green'> ===> -</font> Assert pass: cdn.shopify.com==cdn.shopify.com
 
<B><font color ='red'> 9 Ad -</font>  
<B><font color = 'blue'> ==> -</font> ID of the Ad = 21065
<B><font color = 'blue'> ==> -</font> Brand Image link Ecom Platform:= Shopify.png
<B><font color = 'blue'> ==> -</font> Both  Ecommerce Platform are Matching in Assert Pass :Shopify.png == Shopify.png
<B><font color = 'blue'> ==> -</font> Clicked On ShowAnalytics Icon
<B><font color = 'green'> ===> -</font> Assert pass: cdn.shopify.com==cdn.shopify.com
 
<B><font color ='red'> 10 Ad -</font>  
<B><font color = 'blue'> ==> -</font> ID of the Ad = 21048
<B><font color = 'blue'> ==> -</font> Brand Image link Ecom Platform:= Shopify.png
<B><font color = 'blue'> ==> -</font> Both  Ecommerce Platform are Matching in Assert Pass :Shopify.png == Shopify.png
<B><font color = 'blue'> ==> -</font> Clicked On ShowAnalytics Icon
<B><font color = 'green'> ===> -</font> Assert pass: cdn.shopify.com==cdn.shopify.com
 
<B><font color ='red'> 11 Ad -</font>  
<B><font color = 'blue'> ==> -</font> ID of the Ad = 21047
<B><font color = 'blue'> ==> -</font> Brand Image link Ecom Platform:= Shopify.png
<B><font color = 'blue'> ==> -</font> Both  Ecommerce Platform are Matching in Assert Pass :Shopify.png == Shopify.png
<B><font color = 'blue'> ==> -</font> Clicked On ShowAnalytics Icon
<B><font color = 'green'> ===> -</font> Assert pass: cdn.shopify.com==cdn.shopify.com
 
<B><font color ='red'> 12 Ad -</font>  
<B><font color = 'blue'> ==> -</font> ID of the Ad = 21044
<B><font color = 'blue'> ==> -</font> Brand Image link Ecom Platform:= Shopify.png
<B><font color = 'blue'> ==> -</font> Both  Ecommerce Platform are Matching in Assert Pass :Shopify.png == Shopify.png
<B><font color = 'blue'> ==> -</font> Clicked On ShowAnalytics Icon
<B><font color = 'green'> ===> -</font> Assert pass: cdn.shopify.com==cdn.shopify.com
 
<B><font color ='red'> 13 Ad -</font>  
<B><font color = 'blue'> ==> -</font> ID of the Ad = 21033
<B><font color = 'blue'> ==> -</font> Brand Image link Ecom Platform:= Shopify.png
<B><font color = 'blue'> ==> -</font> Both  Ecommerce Platform are Matching in Assert Pass :Shopify.png == Shopify.png
<B><font color = 'blue'> ==> -</font> Clicked On ShowAnalytics Icon
<B><font color = 'green'> ===> -</font> Assert pass: cdn.shopify.com==cdn.shopify.com
 
<B><font color ='red'> 14 Ad -</font>  
<B><font color = 'blue'> ==> -</font> ID of the Ad = 21031
<B><font color = 'blue'> ==> -</font> Brand Image link Ecom Platform:= Shopify.png
<B><font color = 'blue'> ==> -</font> Both  Ecommerce Platform are Matching in Assert Pass :Shopify.png == Shopify.png
<B><font color = 'blue'> ==> -</font> Clicked On ShowAnalytics Icon
<B><font color = 'green'> ===> -</font> Assert pass: cdn.shopify.com==cdn.shopify.com
 
<B><font color ='red'> 15 Ad -</font>  
<B><font color = 'blue'> ==> -</font> ID of the Ad = 21012
<B><font color = 'blue'> ==> -</font> Brand Image link Ecom Platform:= Shopify.png
<B><font color = 'blue'> ==> -</font> Both  Ecommerce Platform are Matching in Assert Pass :Shopify.png == Shopify.png
<B><font color = 'blue'> ==> -</font> Clicked On ShowAnalytics Icon
<B><font color = 'green'> ===> -</font> Assert pass: cdn.shopify.com==cdn.shopify.com
<B><font color = 'orange'> Step4 -</font> Clicked On Lander Properties Button Icon
<B><font color = 'orange'> Step5 -</font> Clicked On Marketing Platform click
 
<B><font color = 'Green'>-Ecommerce Platform</font>
       :-null
<B><font color = 'orange'> Step1 -</font> Selected  On Marketing Platform Google Marketing Platform
<B><font color = 'orange'> Step2 -</font> Clicked On search Button Icon
<B><font color = 'orange'> Step3 -</font> Total_Ads_Count_newest= 74
 
<B><font color ='red'> 1 Ad -</font>  
<B><font color = 'blue'> ==> -</font> ID of the Ad = 21206
<B><font color = 'blue'> ==> -</font> Clicked On ShowAnalytics Icon
 
<B><font color = 'blue'> ==> -</font>Basic info: URL: https://ad.doubleclick.net/ddm/trackclk/N581205.3207516FACEBOOK_IE/B28879155.359657052;dc_trk_aid=550389866;dc_trk_cid=186707444;dc_lat=;dc_rdid=;tag_for_child_directed_treatment=;tfua=;ltd=?fbclid=IwAR3U2RZg26ndePYCQUjtN6fNos_B7QLidC-IBhkyIqYy030nmlO9jZWxTZo&h=AT3l7tt3WRKhGLcylsrVHbUeinmbgWGJ_MzRIeTB_ySKchGkkpGaXniQY9KLRuEZYxv8nu2tbv9LH61nWgh5VCK7lF7wI6fALeYgzotf6NJ7aOn4cR49IZwyzVwgAKHOboBFnIHIehs&__tn__=*I&c[0]=AT1pb0OXecD5yPKeV0dcWjw7YHCsGq-3jkstx75ZgXa0quI9lDf1302vrol8WYPHh-c3W-_0K6uihfQS12IvyqPDvmTK5CwcUYDmonYDvVV7TyCA9I7hxxJaKn8fQ3R_JrHFaVsM8ePrQbtkgSy9JtWp4b9_4wXluO-L4qSvZo0KRTUuS5KIHSxZ_YO6BXIJHP125CX-nOtJRQp7GVAj975EoA
<B><font color = 'green'> ===> -</font> Assert pass: doubleclick==doubleclick
 
<B><font color = 'blue'> ==> -</font>Redirects: URL: null
 
<B><font color = 'blue'> ==> -</font>Outgoing links: Source URL: null
 
<B><font color = 'blue'> ==> -</font>Outgoing links: Redirect URL: null
 
<B><font color = 'blue'> ==> -</font>Outgoing links: Final URL:null
 
<B><font color ='red'> 2 Ad -</font>  
<B><font color = 'blue'> ==> -</font> ID of the Ad = 21195
<B><font color = 'blue'> ==> -</font> Clicked On ShowAnalytics Icon
 
<B><font color = 'blue'> ==> -</font>Basic info: URL: https://ad.doubleclick.net/ddm/socialclk?ds_aid=700000001769749&ds_e_ca_id=23852112895690316&ds_e_ag_id=23852113095580316&ds_e_ad_id=23852113095820316&ds_e_ca_name=Q1_2023_Google%20Ads_APAC_IN_Facebook_Desktop-Feed_DR_Auction_Traffic_OliveIO103312-E-Testimonial&ds_e_ag_name=Q1_2023_Google%20Ads_APAC_IN_Facebook_Desktop-Feed_VideoWatchers-E_DR_Auction_Traffic_Desktop_na&ds_e_ad_name=Adwords%20-%20A01_DR_ESS01_APAC_IN_Facebook_Desk_None_None_Track_1x1_Q1%202023_NonRMKT_P_Facebook_Static_feed_ExposedSet4_en_N/A_Auction_Traffic_Vale-E-CreativeTest_XnX_VideoWatchers%20(OPID-3402496)&ds_sig=pNCMYtwproOVZw&ds_dest_url=https://ads.google.com/intl/en_in/getstarted/?subid=in-en-adon-awa-dis-c-ffa!o3~[*GCLID*]&fbclid=IwAR3jDziplQLD-J473NFOuhRm8pglMEAVksQuCb0jBnJMepJqD-_ydXdXX7s&h=AT2pL9cB4gKkwWOJJ_6ePoj_EbEjSKt1TqJdV2Jrm58Ff8BQkNcbfjtJqILR0CVcJTJr6ndy8wE7Oht6RPVnitYNgaI_9VFL86ONtTY15ZVxlhnxrT0-0gsIPC0ZQ6nUd915LLqZsxWQ9UZAtdimfdaGKBy0Zw
<B><font color = 'green'> ===> -</font> Assert pass: doubleclick==doubleclick
 
<B><font color = 'blue'> ==> -</font>Redirects: URL: null
 
<B><font color = 'blue'> ==> -</font>Outgoing links: Source URL: null
 
<B><font color = 'blue'> ==> -</font>Outgoing links: Redirect URL: null
 
<B><font color = 'blue'> ==> -</font>Outgoing links: Final URL:null
 
<B><font color = 'blue'> ==> -</font>Fb post link: URL : null
 
<B><font color ='red'> 3 Ad -</font>  
<B><font color = 'blue'> ==> -</font> ID of the Ad = 21063
<B><font color = 'blue'> ==> -</font> Clicked On ShowAnalytics Icon
 
<B><font color = 'blue'> ==> -</font>Basic info: URL: https://ad.doubleclick.net/ddm/trackclk/N1262025.3377923DMFACEBOOK/B29311876.359115620;dc_trk_aid=550247622;dc_trk_cid=186409321;dc_lat=;dc_rdid=;tag_for_child_directed_treatment=;tfua=;ltd=
<B><font color = 'green'> ===> -</font> Assert pass: doubleclick==doubleclick
 
<B><font color = 'blue'> ==> -</font>Redirects: URL: null
 
<B><font color = 'blue'> ==> -</font>Outgoing links: Source URL: null
 
<B><font color = 'blue'> ==> -</font>Outgoing links: Redirect URL: null
 
<B><font color = 'blue'> ==> -</font>Outgoing links: Final URL:null
 
<B><font color = 'blue'> ==> -</font>Fb post link: URL : null
 
<B><font color ='red'> 4 Ad -</font>  
<B><font color = 'blue'> ==> -</font> ID of the Ad = 21056
<B><font color = 'blue'> ==> -</font> Clicked On ShowAnalytics Icon
 
<B><font color = 'blue'> ==> -</font>Basic info: URL: https://ad.doubleclick.net/ddm/trackclk/N484203.3377923DMFACEBOOK/B28906556.355170422;dc_trk_aid=546305250;dc_trk_cid=165508835;dc_lat=;dc_rdid=;tag_for_child_directed_treatment=;tfua=;ltd=
<B><font color = 'green'> ===> -</font> Assert pass: doubleclick==doubleclick
 
<B><font color = 'blue'> ==> -</font>Redirects: URL: null
 
<B><font color = 'blue'> ==> -</font>Outgoing links: Source URL: null
 
<B><font color = 'blue'> ==> -</font>Outgoing links: Redirect URL: null
 
<B><font color = 'blue'> ==> -</font>Outgoing links: Final URL:null
 
<B><font color = 'blue'> ==> -</font>Fb post link: URL : null
 
<B><font color ='red'> 5 Ad -</font>  
<B><font color = 'blue'> ==> -</font> ID of the Ad = 20975
<B><font color = 'blue'> ==> -</font> Clicked On ShowAnalytics Icon
 
<B><font color = 'blue'> ==> -</font>Basic info: URL: https://ad.doubleclick.net/ddm/trackclk/N1096968.153075FACEBOOKAU/B28999012.353937548;dc_trk_aid=545176103;dc_trk_cid=183190900;dc_lat=;dc_rdid=;tag_for_child_directed_treatment=;tfua=;ltd=?fbclid=IwAR2v8URcCPUIN3gU2nlxUqqsmbZqvx8vd_q-MYVrJmcpCsAg5tfkCTdZprw&h=AT2dpomYgcpK2Jl5ZA8c7a0DsEvCk4KECDMpcNSW2Mu9PBrNDovwmYop1WbrHyfQDe0hWJpVvUDLLlfMjhoFcDE4YDvF4NQ5RTRr4gl-4xho30ZLY1YfNZ5D9ZOnb4C0tso5Jl4GixOaE_UjgdxATRKttKn86g
<B><font color = 'green'> ===> -</font> Assert pass: doubleclick==doubleclick
 
<B><font color = 'blue'> ==> -</font>Redirects: URL: null
 
<B><font color = 'blue'> ==> -</font>Outgoing links: Source URL: null
 
<B><font color = 'blue'> ==> -</font>Outgoing links: Redirect URL: null
 
<B><font color = 'blue'> ==> -</font>Outgoing links: Final URL:null
 
<B><font color = 'blue'> ==> -</font>Fb post link: URL : null
 
<B><font color ='red'> 6 Ad -</font>  
<B><font color = 'blue'> ==> -</font> ID of the Ad = 20974
<B><font color = 'blue'> ==> -</font> Clicked On ShowAnalytics Icon
 
<B><font color = 'blue'> ==> -</font>Basic info: URL: https://ad.doubleclick.net/ddm/trackclk/N1096968.153075FACEBOOKAU/B28999012.354298753;dc_trk_aid=545177771;dc_trk_cid=183729420;dc_lat=;dc_rdid=;tag_for_child_directed_treatment=;tfua=;ltd=?fbclid=IwAR3m_i7f1QFJAQlo0Y1eAQNsKr4f2EXe5_7UxdjnuMx8bHCRRMz6XeHelec&h=AT3L7k3b_DTlYFweEGcwhzILXMY3OKItx3Jok5KvSEUSrvM8GrfiJFYwOIzqnM47oo63cuCol86gv6ogVijLsoCaCqN_ELg-cy7gduq4RV_Zg4WZb8e1I5db42Yt_wPLbn6JxwW7VnElEJh3dp68Jxi5QPLJ-g
<B><font color = 'green'> ===> -</font> Assert pass: doubleclick==doubleclick
 
<B><font color = 'blue'> ==> -</font>Redirects: URL: null
 
<B><font color = 'blue'> ==> -</font>Outgoing links: Source URL: null
 
<B><font color = 'blue'> ==> -</font>Outgoing links: Redirect URL: null
 
<B><font color = 'blue'> ==> -</font>Outgoing links: Final URL:null
 
<B><font color = 'blue'> ==> -</font>Fb post link: URL : null
 
<B><font color ='red'> 7 Ad -</font>  
<B><font color = 'blue'> ==> -</font> ID of the Ad = 20960
<B><font color = 'blue'> ==> -</font> Clicked On ShowAnalytics Icon
 
<B><font color = 'blue'> ==> -</font>Basic info: URL: https://ad.doubleclick.net/ddm/trackclk/N99201.153075FACEBOOKAU0/B29090891.354368177;dc_trk_aid=545553755;dc_trk_cid=109771623;dc_lat=;dc_rdid=;tag_for_child_directed_treatment=;tfua=;ltd=?%3CIMG%20SRC=%22https://ad.doubleclick.net/ddm/trackimp/N99201.153075FACEBOOKAU0/B29090891.354368177;dc_trk_aid=545553755;dc_trk_cid=109771623;ord=[timestamp];dc_lat=;dc_rdid=;tag_for_child_directed_treatment=;tfua=;gdpr=${GDPR};gdpr_consent=${GDPR_CONSENT_755};ltd=?%22%20BORDER=%220%22%20HEIGHT=%221%22%20WIDTH=%221%22%20ALT=%22Advertisement%22%3E
<B><font color = 'green'> ===> -</font> Assert pass: doubleclick==doubleclick
 
<B><font color = 'blue'> ==> -</font>Redirects: URL: https://ad.doubleclick.net/ddm/trackclk/N99201.153075FACEBOOKAU0/B29090891.354368177;dc_trk_aid=545553755;dc_trk_cid=109771623;dc_lat=;dc_rdid=;tag_for_child_directed_treatment=;tfua=;ltd=?%3CIMG%20SRC=%22https://ad.doubleclick.net/ddm/trackimp/N99201.153075FACEBOOKAU0/B29090891.354368177;dc_trk_aid=545553755;dc_trk_cid=109771623;ord=[timestamp];dc_lat=;dc_rdid=;tag_for_child_directed_treatment=;tfua=;gdpr=${GDPR};gdpr_consent=${GDPR_CONSENT_755};ltd=?%22%20BORDER=%220%22%20HEIGHT=%221%22%20WIDTH=%221%22%20ALT=%22Advertisement%22%3E
<B><font color = 'green'> ===> -</font> Assert pass: doubleclick==doubleclick
 
<B><font color = 'blue'> ==> -</font>Redirects: URL: https://ad.doubleclick.net/ddm/trackclk/N99201.153075FACEBOOKAU0/B29090891.354368177;dc_trk_aid=545553755;dc_trk_cid=109771623;dc_lat=;dc_rdid=;tag_for_child_directed_treatment=;tfua=;ltd=?%3CIMG%20SRC=%22https://ad.doubleclick.net/ddm/trackimp/N99201.153075FACEBOOKAU0/B29090891.354368177;dc_trk_aid=545553755;dc_trk_cid=109771623;ord=[timestamp];dc_lat=;dc_rdid=;tag_for_child_directed_treatment=;tfua=;gdpr=${GDPR};gdpr_consent=${GDPR_CONSENT_755};ltd=?%22%20BORDER=%220%22%20HEIGHT=%221%22%20WIDTH=%221%22%20ALT=%22Advertisement%22%3E
<B><font color = 'green'> ===> -</font> Assert pass: doubleclick==doubleclick
 
<B><font color = 'blue'> ==> -</font>Outgoing links: Source URL: null
 
<B><font color = 'blue'> ==> -</font>Outgoing links: Redirect URL: https://ad.doubleclick.net/ddm/trackclk/N99201.153075FACEBOOKAU0/B29090891.354368177;dc_trk_aid=545553755;dc_trk_cid=109771623;dc_lat=;dc_rdid=;tag_for_child_directed_treatment=;tfua=;ltd=?%3CIMG%20SRC=%22https://ad.doubleclick.net/ddm/trackimp/N99201.153075FACEBOOKAU0/B29090891.354368177;dc_trk_aid=545553755;dc_trk_cid=109771623;ord=[timestamp];dc_lat=;dc_rdid=;tag_for_child_directed_treatment=;tfua=;gdpr=${GDPR};gdpr_consent=${GDPR_CONSENT_755};ltd=?%22%20BORDER=%220%22%20HEIGHT=%221%22%20WIDTH=%221%22%20ALT=%22Advertisement%22%3E
<B><font color = 'green'> ===> -</font> Assert pass: doubleclick==doubleclick
 
<B><font color = 'blue'> ==> -</font>Outgoing links: Final URL:null
 
<B><font color = 'blue'> ==> -</font>Fb post link: URL : null
 
<B><font color ='red'> 8 Ad -</font>  
<B><font color = 'blue'> ==> -</font> ID of the Ad = 20952
<B><font color = 'blue'> ==> -</font> Clicked On ShowAnalytics Icon
 
<B><font color = 'blue'> ==> -</font>Basic info: URL: https://ad.doubleclick.net/ddm/socialclk?ds_aid=700000001769749&ds_e_ca_id=23852112895690316&ds_e_ag_id=23852113095570316&ds_e_ad_id=23852113095720316&ds_e_ca_name=Q1_2023_Google%20Ads_APAC_IN_Facebook_Desktop-Feed_DR_Auction_Traffic_OliveIO103312-E-Testimonial&ds_e_ag_name=Q1_2023_Google%20Ads_APAC_IN_Facebook_Desktop-Feed_Agri&Food-E_DR_Auction_Traffic_Desktop_na&ds_e_ad_name=Adwords%20-%20A01_DR_ESS01_APAC_IN_Facebook_Desk_None_None_Track_1x1_Q1%202023_NonRMKT_P_Facebook_Static_feed_ExposedSet3_en_N/A_Auction_Traffic_Vale-E-CreativeTest_XnX_Agri&Food%20(OPID-3402482)&ds_sig=DPJt3UUtHE2tFQ&ds_dest_url=https://ads.google.com/intl/en_in/getstarted/?subid=in-en-adon-awa-dis-c-ffa!o3~[*GCLID*]
<B><font color = 'green'> ===> -</font> Assert pass: doubleclick==doubleclick
 
<B><font color = 'blue'> ==> -</font>Redirects: URL: https://ad.doubleclick.net/ddm/socialclk?ds_aid=700000001769749&ds_e_ca_id=23852112895690316&ds_e_ag_id=23852113095570316&ds_e_ad_id=23852113095720316&ds_e_ca_name=Q1_2023_Google%20Ads_APAC_IN_Facebook_Desktop-Feed_DR_Auction_Traffic_OliveIO103312-E-Testimonial&ds_e_ag_name=Q1_2023_Google%20Ads_APAC_IN_Facebook_Desktop-Feed_Agri&Food-E_DR_Auction_Traffic_Desktop_na&ds_e_ad_name=Adwords%20-%20A01_DR_ESS01_APAC_IN_Facebook_Desk_None_None_Track_1x1_Q1%202023_NonRMKT_P_Facebook_Static_feed_ExposedSet3_en_N/A_Auction_Traffic_Vale-E-CreativeTest_XnX_Agri&Food%20(OPID-3402482)&ds_sig=DPJt3UUtHE2tFQ&ds_dest_url=https://ads.google.com/intl/en_in/getstarted/?subid=in-en-adon-awa-dis-c-ffa!o3~[*GCLID*]
<B><font color = 'green'> ===> -</font> Assert pass: doubleclick==doubleclick
 
<B><font color = 'blue'> ==> -</font>Redirects: URL: https://ad.doubleclick.net/ddm/socialclk?ds_aid=700000001769749&ds_e_ca_id=23852112895690316&ds_e_ag_id=23852113095570316&ds_e_ad_id=23852113095720316&ds_e_ca_name=Q1_2023_Google%20Ads_APAC_IN_Facebook_Desktop-Feed_DR_Auction_Traffic_OliveIO103312-E-Testimonial&ds_e_ag_name=Q1_2023_Google%20Ads_APAC_IN_Facebook_Desktop-Feed_Agri&Food-E_DR_Auction_Traffic_Desktop_na&ds_e_ad_name=Adwords%20-%20A01_DR_ESS01_APAC_IN_Facebook_Desk_None_None_Track_1x1_Q1%202023_NonRMKT_P_Facebook_Static_feed_ExposedSet3_en_N/A_Auction_Traffic_Vale-E-CreativeTest_XnX_Agri&Food%20(OPID-3402482)&ds_sig=DPJt3UUtHE2tFQ&ds_dest_url=https://ads.google.com/intl/en_in/getstarted/?subid=in-en-adon-awa-dis-c-ffa!o3~[*GCLID*]
<B><font color = 'green'> ===> -</font> Assert pass: doubleclick==doubleclick
 
<B><font color = 'blue'> ==> -</font>Outgoing links: Source URL: null
 
<B><font color = 'blue'> ==> -</font>Outgoing links: Redirect URL: https://ad.doubleclick.net/ddm/socialclk?ds_aid=700000001769749&ds_e_ca_id=23852112895690316&ds_e_ag_id=23852113095570316&ds_e_ad_id=23852113095720316&ds_e_ca_name=Q1_2023_Google%20Ads_APAC_IN_Facebook_Desktop-Feed_DR_Auction_Traffic_OliveIO103312-E-Testimonial&ds_e_ag_name=Q1_2023_Google%20Ads_APAC_IN_Facebook_Desktop-Feed_Agri&Food-E_DR_Auction_Traffic_Desktop_na&ds_e_ad_name=Adwords%20-%20A01_DR_ESS01_APAC_IN_Facebook_Desk_None_None_Track_1x1_Q1%202023_NonRMKT_P_Facebook_Static_feed_ExposedSet3_en_N/A_Auction_Traffic_Vale-E-CreativeTest_XnX_Agri&Food%20(OPID-3402482)&ds_sig=DPJt3UUtHE2tFQ&ds_dest_url=https://ads.google.com/intl/en_in/getstarted/?subid=in-en-adon-awa-dis-c-ffa!o3~[*GCLID*]
<B><font color = 'green'> ===> -</font> Assert pass: doubleclick==doubleclick
 
<B><font color = 'blue'> ==> -</font>Outgoing links: Final URL:null
 
<B><font color = 'blue'> ==> -</font>Fb post link: URL : null
 
<B><font color ='red'> 9 Ad -</font>  
<B><font color = 'blue'> ==> -</font> ID of the Ad = 20949
<B><font color = 'blue'> ==> -</font> Clicked On ShowAnalytics Icon
 
<B><font color = 'blue'> ==> -</font>Basic info: URL: https://ad.doubleclick.net/ddm/trackclk/N1087876.4553118LINKEDIN_IN/B27804414.349161207;dc_trk_aid=540543883;dc_trk_cid=180321390;dc_lat=;dc_rdid=;tag_for_child_directed_treatment=;tfua=;ltd=
<B><font color = 'green'> ===> -</font> Assert pass: doubleclick==doubleclick
 
<B><font color = 'blue'> ==> -</font>Redirects: URL: null
 
<B><font color = 'blue'> ==> -</font>Outgoing links: Source URL: null
 
<B><font color = 'blue'> ==> -</font>Outgoing links: Redirect URL: null
 
<B><font color = 'blue'> ==> -</font>Outgoing links: Final URL:null
 
<B><font color = 'blue'> ==> -</font>Fb post link: URL : null
 
<B><font color ='red'> 10 Ad -</font>  
<B><font color = 'blue'> ==> -</font> ID of the Ad = 20916
<B><font color = 'blue'> ==> -</font> Clicked On ShowAnalytics Icon
 
<B><font color = 'blue'> ==> -</font>Basic info: URL: https://ad.doubleclick.net/ddm/socialclk?ds_aid=700000001769749&ds_e_ca_id=23852112895690316&ds_e_ag_id=23852113095570316&ds_e_ad_id=23852113095690316&ds_e_ca_name=Q1_2023_Google%20Ads_APAC_IN_Facebook_Desktop-Feed_DR_Auction_Traffic_OliveIO103312-E-Testimonial&ds_e_ag_name=Q1_2023_Google%20Ads_APAC_IN_Facebook_Desktop-Feed_Agri&Food-E_DR_Auction_Traffic_Desktop_na&ds_e_ad_name=Adwords%20-%20A01_DR_ESS01_APAC_IN_Facebook_Desk_None_None_Track_1x1_Q1%202023_NonRMKT_P_Facebook_Static_feed_ExposedSet2_en_N/A_Auction_Traffic_Vale-E-CreativeTest_XnX_Agri&Food%20(OPID-3402474)&ds_sig=NyJj2DCbzGSU7w&ds_dest_url=https://ads.google.com/intl/en_in/getstarted/?subid=in-en-adon-awa-dis-c-ffa!o3~[*GCLID*]
<B><font color = 'green'> ===> -</font> Assert pass: doubleclick==doubleclick
 
<B><font color = 'blue'> ==> -</font>Redirects: URL: https://ad.doubleclick.net/ddm/socialclk?ds_aid=700000001769749&ds_e_ca_id=23852112895690316&ds_e_ag_id=23852113095570316&ds_e_ad_id=23852113095690316&ds_e_ca_name=Q1_2023_Google%20Ads_APAC_IN_Facebook_Desktop-Feed_DR_Auction_Traffic_OliveIO103312-E-Testimonial&ds_e_ag_name=Q1_2023_Google%20Ads_APAC_IN_Facebook_Desktop-Feed_Agri&Food-E_DR_Auction_Traffic_Desktop_na&ds_e_ad_name=Adwords%20-%20A01_DR_ESS01_APAC_IN_Facebook_Desk_None_None_Track_1x1_Q1%202023_NonRMKT_P_Facebook_Static_feed_ExposedSet2_en_N/A_Auction_Traffic_Vale-E-CreativeTest_XnX_Agri&Food%20(OPID-3402474)&ds_sig=NyJj2DCbzGSU7w&ds_dest_url=https://ads.google.com/intl/en_in/getstarted/?subid=in-en-adon-awa-dis-c-ffa!o3~[*GCLID*]
<B><font color = 'green'> ===> -</font> Assert pass: doubleclick==doubleclick
 
<B><font color = 'blue'> ==> -</font>Redirects: URL: https://ad.doubleclick.net/ddm/socialclk?ds_aid=700000001769749&ds_e_ca_id=23852112895690316&ds_e_ag_id=23852113095570316&ds_e_ad_id=23852113095690316&ds_e_ca_name=Q1_2023_Google%20Ads_APAC_IN_Facebook_Desktop-Feed_DR_Auction_Traffic_OliveIO103312-E-Testimonial&ds_e_ag_name=Q1_2023_Google%20Ads_APAC_IN_Facebook_Desktop-Feed_Agri&Food-E_DR_Auction_Traffic_Desktop_na&ds_e_ad_name=Adwords%20-%20A01_DR_ESS01_APAC_IN_Facebook_Desk_None_None_Track_1x1_Q1%202023_NonRMKT_P_Facebook_Static_feed_ExposedSet2_en_N/A_Auction_Traffic_Vale-E-CreativeTest_XnX_Agri&Food%20(OPID-3402474)&ds_sig=NyJj2DCbzGSU7w&ds_dest_url=https://ads.google.com/intl/en_in/getstarted/?subid=in-en-adon-awa-dis-c-ffa!o3~[*GCLID*]
<B><font color = 'green'> ===> -</font> Assert pass: doubleclick==doubleclick
 
<B><font color = 'blue'> ==> -</font>Outgoing links: Source URL: null
 
<B><font color = 'blue'> ==> -</font>Outgoing links: Redirect URL: https://ad.doubleclick.net/ddm/socialclk?ds_aid=700000001769749&ds_e_ca_id=23852112895690316&ds_e_ag_id=23852113095570316&ds_e_ad_id=23852113095690316&ds_e_ca_name=Q1_2023_Google%20Ads_APAC_IN_Facebook_Desktop-Feed_DR_Auction_Traffic_OliveIO103312-E-Testimonial&ds_e_ag_name=Q1_2023_Google%20Ads_APAC_IN_Facebook_Desktop-Feed_Agri&Food-E_DR_Auction_Traffic_Desktop_na&ds_e_ad_name=Adwords%20-%20A01_DR_ESS01_APAC_IN_Facebook_Desk_None_None_Track_1x1_Q1%202023_NonRMKT_P_Facebook_Static_feed_ExposedSet2_en_N/A_Auction_Traffic_Vale-E-CreativeTest_XnX_Agri&Food%20(OPID-3402474)&ds_sig=NyJj2DCbzGSU7w&ds_dest_url=https://ads.google.com/intl/en_in/getstarted/?subid=in-en-adon-awa-dis-c-ffa!o3~[*GCLID*]
<B><font color = 'green'> ===> -</font> Assert pass: doubleclick==doubleclick
 
<B><font color = 'blue'> ==> -</font>Outgoing links: Final URL:null
 
<B><font color = 'blue'> ==> -</font>Fb post link: URL : null
 
<B><font color ='red'> 11 Ad -</font>  
<B><font color = 'blue'> ==> -</font> ID of the Ad = 20913
<B><font color = 'blue'> ==> -</font> Clicked On ShowAnalytics Icon
 
<B><font color = 'blue'> ==> -</font>Basic info: URL: https://ad.doubleclick.net/ddm/socialclk?ds_aid=700000002407382&ds_e_ca_id=23852409198240529&ds_e_ag_id=23852409206930529&ds_e_ad_id=23852409278560529&ds_e_ca_name=Etihad%20Airways%20|%20FBIG%20|%20POC3MarketSupport%20(C)%20|%20February%202023%20|%20IN&ds_e_ag_name=IN%20|%20POC3MarketSupport%20|%20FLIGHT%20|%20ALL-Interest-EN%20|%20BLR&ds_e_ad_name=IN_ALL_Interest-EN_ZRH_ALL-Interest-EN_POC3MarketSupport_Image%20Ad-EN-ALL-Prospecting_DEST_CH-ZRH_2_BookNow_FLIGHT_NONE_Image%20Ad-EN-ALL-Prospecting&ds_sig=3Sye4xyBIL7YIQ&ds_dest_url=https://www.etihad.com/en-in/book?cid=dissoc:Social_FB_IG:POC3MarketSupport:NONE:FLIGHT:PR:C:ALL:ALL:IN:EN:BLR:ZRH:TACTICAL:PAID:ImageAd-DEST_CH-ZRH_2&utm_source=Social_FB_IG&utm_medium=dissoc&utm_campaign=POC3MarketSupport:IN:ImageAd-DEST_CH-ZRH_2:NONE:NONE:NONE
<B><font color = 'green'> ===> -</font> Assert pass: doubleclick==doubleclick
 
<B><font color = 'blue'> ==> -</font>Redirects: URL: null
 
<B><font color = 'blue'> ==> -</font>Outgoing links: Source URL: null
 
<B><font color = 'blue'> ==> -</font>Outgoing links: Redirect URL: null
 
<B><font color = 'blue'> ==> -</font>Outgoing links: Final URL:null
 
<B><font color = 'blue'> ==> -</font>Fb post link: URL : null
 
<B><font color ='red'> 12 Ad -</font>  
<B><font color = 'blue'> ==> -</font> ID of the Ad = 20889
<B><font color = 'blue'> ==> -</font> Clicked On ShowAnalytics Icon
 
<B><font color = 'blue'> ==> -</font>Basic info: URL: https://www.shopify.com/plus/webinars/india-commerce-trends-2023?utm_source=facebook&utm_medium=cpm&utm_campaign=2023-in-commerce-trends-report-webinar&utm_content=in-awareness-ct23-job-titles-image&dclid=CP3U_cDBg_0CFe6pUQodLJkMsg
 
<B><font color = 'blue'> ==> -</font>Redirects: URL: https://ad.doubleclick.net/ddm/trackclk/N1087876.4503161FACEBOOKIN/B27804414.358152988;dc_trk_aid=549031041;dc_trk_cid=185581381;dc_lat=;dc_rdid=;tag_for_child_directed_treatment=;tfua=;ltd=
<B><font color = 'green'> ===> -</font> Assert pass: doubleclick==doubleclick
 
<B><font color = 'blue'> ==> -</font>Redirects: URL: https://ad.doubleclick.net/ddm/trackclk/N1087876.4503161FACEBOOKIN/B27804414.358152988;dc_trk_aid=549031041;dc_trk_cid=185581381;dc_lat=;dc_rdid=;tag_for_child_directed_treatment=;tfua=;ltd=
<B><font color = 'green'> ===> -</font> Assert pass: doubleclick==doubleclick
 
<B><font color = 'blue'> ==> -</font>Outgoing links: Source URL: null
 
<B><font color = 'blue'> ==> -</font>Outgoing links: Redirect URL: https://ad.doubleclick.net/ddm/trackclk/N1087876.4503161FACEBOOKIN/B27804414.358152988;dc_trk_aid=549031041;dc_trk_cid=185581381;dc_lat=;dc_rdid=;tag_for_child_directed_treatment=;tfua=;ltd=
<B><font color = 'green'> ===> -</font> Assert pass: doubleclick==doubleclick
 
<B><font color = 'blue'> ==> -</font>Outgoing links: Final URL:null
 
<B><font color = 'blue'> ==> -</font>Fb post link: URL : null
 
<B><font color ='red'> 13 Ad -</font>  
<B><font color = 'blue'> ==> -</font> ID of the Ad = 20841
<B><font color = 'blue'> ==> -</font> Clicked On ShowAnalytics Icon
 
<B><font color = 'blue'> ==> -</font>Basic info: URL: https://ad.doubleclick.net/ddm/socialclk?ds_aid=700000001769749&ds_e_ca_id=23852112895720316&ds_e_ag_id=23852113065180316&ds_e_ad_id=23852113065370316&ds_e_ca_name=Q1_2023_Google%20Ads_APAC_IN_Facebook_Desktop-Feed_DR_Auction_Traffic_OliveIO103312-C-Testimonial&ds_e_ag_name=Q1_2023_Google%20Ads_APAC_IN_Facebook_Desktop-Feed_Agri&Food-C_DR_Auction_Traffic_Desktop_na&ds_e_ad_name=Adwords%20-%20A01_DR_ESS01_APAC_IN_Facebook_Desk_None_None_Track_1x1_Q1%202023_NonRMKT_P_Facebook_Static_feed_ControlSet2_en_N/A_Auction_Traffic_Vale-C-CreativeTest_XnX_Agri&Food%20(OPID-3402431)&ds_sig=JFXWBOWznGiVNw&ds_dest_url=https://ads.google.com/intl/en_in/getstarted/?subid=in-en-adon-awa-dis-c-ffa!o3~[*GCLID*]
<B><font color = 'green'> ===> -</font> Assert pass: doubleclick==doubleclick
 
<B><font color = 'blue'> ==> -</font>Redirects: URL: https://ad.doubleclick.net/ddm/socialclk?ds_aid=700000001769749&ds_e_ca_id=23852112895720316&ds_e_ag_id=23852113065180316&ds_e_ad_id=23852113065370316&ds_e_ca_name=Q1_2023_Google%20Ads_APAC_IN_Facebook_Desktop-Feed_DR_Auction_Traffic_OliveIO103312-C-Testimonial&ds_e_ag_name=Q1_2023_Google%20Ads_APAC_IN_Facebook_Desktop-Feed_Agri&Food-C_DR_Auction_Traffic_Desktop_na&ds_e_ad_name=Adwords%20-%20A01_DR_ESS01_APAC_IN_Facebook_Desk_None_None_Track_1x1_Q1%202023_NonRMKT_P_Facebook_Static_feed_ControlSet2_en_N/A_Auction_Traffic_Vale-C-CreativeTest_XnX_Agri&Food%20(OPID-3402431)&ds_sig=JFXWBOWznGiVNw&ds_dest_url=https://ads.google.com/intl/en_in/getstarted/?subid=in-en-adon-awa-dis-c-ffa!o3~[*GCLID*]
<B><font color = 'green'> ===> -</font> Assert pass: doubleclick==doubleclick
 
<B><font color = 'blue'> ==> -</font>Redirects: URL: https://ad.doubleclick.net/ddm/socialclk?ds_aid=700000001769749&ds_e_ca_id=23852112895720316&ds_e_ag_id=23852113065180316&ds_e_ad_id=23852113065370316&ds_e_ca_name=Q1_2023_Google%20Ads_APAC_IN_Facebook_Desktop-Feed_DR_Auction_Traffic_OliveIO103312-C-Testimonial&ds_e_ag_name=Q1_2023_Google%20Ads_APAC_IN_Facebook_Desktop-Feed_Agri&Food-C_DR_Auction_Traffic_Desktop_na&ds_e_ad_name=Adwords%20-%20A01_DR_ESS01_APAC_IN_Facebook_Desk_None_None_Track_1x1_Q1%202023_NonRMKT_P_Facebook_Static_feed_ControlSet2_en_N/A_Auction_Traffic_Vale-C-CreativeTest_XnX_Agri&Food%20(OPID-3402431)&ds_sig=JFXWBOWznGiVNw&ds_dest_url=https://ads.google.com/intl/en_in/getstarted/?subid=in-en-adon-awa-dis-c-ffa!o3~[*GCLID*]
<B><font color = 'green'> ===> -</font> Assert pass: doubleclick==doubleclick
 
<B><font color = 'blue'> ==> -</font>Outgoing links: Source URL: null
 
<B><font color = 'blue'> ==> -</font>Outgoing links: Redirect URL: https://ad.doubleclick.net/ddm/socialclk?ds_aid=700000001769749&ds_e_ca_id=23852112895720316&ds_e_ag_id=23852113065180316&ds_e_ad_id=23852113065370316&ds_e_ca_name=Q1_2023_Google%20Ads_APAC_IN_Facebook_Desktop-Feed_DR_Auction_Traffic_OliveIO103312-C-Testimonial&ds_e_ag_name=Q1_2023_Google%20Ads_APAC_IN_Facebook_Desktop-Feed_Agri&Food-C_DR_Auction_Traffic_Desktop_na&ds_e_ad_name=Adwords%20-%20A01_DR_ESS01_APAC_IN_Facebook_Desk_None_None_Track_1x1_Q1%202023_NonRMKT_P_Facebook_Static_feed_ControlSet2_en_N/A_Auction_Traffic_Vale-C-CreativeTest_XnX_Agri&Food%20(OPID-3402431)&ds_sig=JFXWBOWznGiVNw&ds_dest_url=https://ads.google.com/intl/en_in/getstarted/?subid=in-en-adon-awa-dis-c-ffa!o3~[*GCLID*]
<B><font color = 'green'> ===> -</font> Assert pass: doubleclick==doubleclick
 
<B><font color = 'blue'> ==> -</font>Outgoing links: Final URL:null
 
<B><font color = 'blue'> ==> -</font>Fb post link: URL : null
 
<B><font color ='red'> 14 Ad -</font>  
<B><font color = 'blue'> ==> -</font> ID of the Ad = 20834
<B><font color = 'blue'> ==> -</font> Clicked On ShowAnalytics Icon
 
<B><font color = 'blue'> ==> -</font>Basic info: URL: https://ad.doubleclick.net/ddm/socialclk?ds_aid=700000001769749&ds_e_ca_id=23852112895720316&ds_e_ag_id=23852113065140316&ds_e_ad_id=23852113065280316&ds_e_ca_name=Q1_2023_Google%20Ads_APAC_IN_Facebook_Desktop-Feed_DR_Auction_Traffic_OliveIO103312-C-Testimonial&ds_e_ag_name=Q1_2023_Google%20Ads_APAC_IN_Facebook_Desktop-Feed_Startups-C_DR_Auction_Traffic_Desktop_na&ds_e_ad_name=Adwords%20-%20A01_DR_ESS01_APAC_IN_Facebook_Desk_None_None_Track_1x1_Q1%202023_NonRMKT_P_Facebook_Static_feed_ControlSet4_en_N/A_Auction_Traffic_Vale-C-CreativeTest_XnX_Startups%20(OPID-3402462)&ds_sig=IcMeKpbkuxxumw&ds_dest_url=https://ads.google.com/intl/en_in/getstarted/?subid=in-en-adon-awa-dis-c-ffa!o3~[*GCLID*]
<B><font color = 'green'> ===> -</font> Assert pass: doubleclick==doubleclick
 
<B><font color = 'blue'> ==> -</font>Redirects: URL: https://ad.doubleclick.net/ddm/socialclk?ds_aid=700000001769749&ds_e_ca_id=23852112895720316&ds_e_ag_id=23852113065140316&ds_e_ad_id=23852113065280316&ds_e_ca_name=Q1_2023_Google%20Ads_APAC_IN_Facebook_Desktop-Feed_DR_Auction_Traffic_OliveIO103312-C-Testimonial&ds_e_ag_name=Q1_2023_Google%20Ads_APAC_IN_Facebook_Desktop-Feed_Startups-C_DR_Auction_Traffic_Desktop_na&ds_e_ad_name=Adwords%20-%20A01_DR_ESS01_APAC_IN_Facebook_Desk_None_None_Track_1x1_Q1%202023_NonRMKT_P_Facebook_Static_feed_ControlSet4_en_N/A_Auction_Traffic_Vale-C-CreativeTest_XnX_Startups%20(OPID-3402462)&ds_sig=IcMeKpbkuxxumw&ds_dest_url=https://ads.google.com/intl/en_in/getstarted/?subid=in-en-adon-awa-dis-c-ffa!o3~[*GCLID*]
<B><font color = 'green'> ===> -</font> Assert pass: doubleclick==doubleclick
 
<B><font color = 'blue'> ==> -</font>Redirects: URL: https://ad.doubleclick.net/ddm/socialclk?ds_aid=700000001769749&ds_e_ca_id=23852112895720316&ds_e_ag_id=23852113065140316&ds_e_ad_id=23852113065280316&ds_e_ca_name=Q1_2023_Google%20Ads_APAC_IN_Facebook_Desktop-Feed_DR_Auction_Traffic_OliveIO103312-C-Testimonial&ds_e_ag_name=Q1_2023_Google%20Ads_APAC_IN_Facebook_Desktop-Feed_Startups-C_DR_Auction_Traffic_Desktop_na&ds_e_ad_name=Adwords%20-%20A01_DR_ESS01_APAC_IN_Facebook_Desk_None_None_Track_1x1_Q1%202023_NonRMKT_P_Facebook_Static_feed_ControlSet4_en_N/A_Auction_Traffic_Vale-C-CreativeTest_XnX_Startups%20(OPID-3402462)&ds_sig=IcMeKpbkuxxumw&ds_dest_url=https://ads.google.com/intl/en_in/getstarted/?subid=in-en-adon-awa-dis-c-ffa!o3~[*GCLID*]
<B><font color = 'green'> ===> -</font> Assert pass: doubleclick==doubleclick
 
<B><font color = 'blue'> ==> -</font>Outgoing links: Source URL: null
 
<B><font color = 'blue'> ==> -</font>Outgoing links: Redirect URL: https://ad.doubleclick.net/ddm/socialclk?ds_aid=700000001769749&ds_e_ca_id=23852112895720316&ds_e_ag_id=23852113065140316&ds_e_ad_id=23852113065280316&ds_e_ca_name=Q1_2023_Google%20Ads_APAC_IN_Facebook_Desktop-Feed_DR_Auction_Traffic_OliveIO103312-C-Testimonial&ds_e_ag_name=Q1_2023_Google%20Ads_APAC_IN_Facebook_Desktop-Feed_Startups-C_DR_Auction_Traffic_Desktop_na&ds_e_ad_name=Adwords%20-%20A01_DR_ESS01_APAC_IN_Facebook_Desk_None_None_Track_1x1_Q1%202023_NonRMKT_P_Facebook_Static_feed_ControlSet4_en_N/A_Auction_Traffic_Vale-C-CreativeTest_XnX_Startups%20(OPID-3402462)&ds_sig=IcMeKpbkuxxumw&ds_dest_url=https://ads.google.com/intl/en_in/getstarted/?subid=in-en-adon-awa-dis-c-ffa!o3~[*GCLID*]
<B><font color = 'green'> ===> -</font> Assert pass: doubleclick==doubleclick
 
<B><font color = 'blue'> ==> -</font>Outgoing links: Final URL:null
 
<B><font color = 'blue'> ==> -</font>Fb post link: URL : null
 
<B><font color ='red'> 15 Ad -</font>  
<B><font color = 'blue'> ==> -</font> ID of the Ad = 20674
<B><font color = 'blue'> ==> -</font> Clicked On ShowAnalytics Icon
 
<B><font color = 'blue'> ==> -</font>Basic info: URL: https://ad.doubleclick.net/ddm/socialclk?ds_aid=700000001769749&ds_e_ca_id=23852112895690316&ds_e_ag_id=23852113095540316&ds_e_ad_id=23852113095650316&ds_e_ca_name=Q1_2023_Google%20Ads_APAC_IN_Facebook_Desktop-Feed_DR_Auction_Traffic_OliveIO103312-E-Testimonial&ds_e_ag_name=Q1_2023_Google%20Ads_APAC_IN_Facebook_Desktop-Feed_PageAdminMark-E_DR_Auction_Traffic_Desktop_na&ds_e_ad_name=Adwords%20-%20A01_DR_ESS01_APAC_IN_Facebook_Desk_None_None_Track_1x1_Q1%202023_NonRMKT_P_Facebook_Static_feed_ExposedSet3_en_N/A_Auction_Traffic_Vale-E-CreativeTest_XnX_PageAdminMark%20(OPID-3402486)&ds_sig=z8k70VHyLJ4NDQ&ds_dest_url=https://ads.google.com/intl/en_in/getstarted/?subid=in-en-adon-awa-dis-c-ffa!o3~[*GCLID*]
<B><font color = 'green'> ===> -</font> Assert pass: doubleclick==doubleclick
 
<B><font color = 'blue'> ==> -</font>Redirects: URL: null
 
<B><font color = 'blue'> ==> -</font>Outgoing links: Source URL: null
 
<B><font color = 'blue'> ==> -</font>Outgoing links: Redirect URL: null
 
<B><font color = 'blue'> ==> -</font>Outgoing links: Final URL:null
 
<B><font color = 'blue'> ==> -</font>Fb post link: URL : null
 ]]>
  </system-out>
</testsuite> <!-- com.power.testcases.Verify_FaceBook_landerProperties_TestScript -->
