<?xml version="1.0" encoding="UTF-8"?>
<!-- Generated by org.testng.reporters.JUnitReportReporter -->
<testsuite hostname="GLB-459-PC" failures="0" tests="1" name="com.power.testcases.Verify_Gdn_landerProperties_MarketingPlatform_TestScript" time="168.565" errors="0" timestamp="2023-03-29T17:35:30 IST" skipped="0">
  <testcase classname="com.power.testcases.Verify_Gdn_landerProperties_MarketingPlatform_TestScript" name="Verify_Gdn_landerProperties_MarketingPlatform_TestScript" time="168.565"/>
  <system-out>
    <![CDATA[<B><font color = 'purple'> Step1 -</font> Logged into PowerAdSpy Application
<B><font color = 'purple'> Step3 -</font> Power Ad Spy Logo is Displayed
<B><font color = 'purple'> Step2 -</font> I am on the page :PowerAdSpy | Facebook Dashboard
<B><font color = 'purple'> Step4 -</font> Clicked On GDN  Icon
    
<B><font color = 'green'>  - ShortBy Newest Step will Start from here </font>  

<B><font color = 'orange'> Step1 -</font> Clicked On sortBy Icon
<B><font color = 'orange'> Step2 -</font> Clicked On SortBy Newest Icon
<B><font color = 'orange'> Step3 -</font> Clicked On search Button Icon
<B><font color = 'orange'> Step4 -</font> Clicked On Lander Properties Button Icon
<B><font color = 'orange'> Step5 -</font> Clicked On Marketing Platform click
 
<B><font color = 'Green'>-Ecommerce Platform</font>
       :-null
<B><font color = 'orange'> Step1 -</font> Selected  On Marketing Platform Google Marketing Platform
<B><font color = 'orange'> Step2 -</font> Clicked On search Button Icon
<B><font color = 'orange'> Step3 -</font> Total_Ads_Count_newest= 49767
 
<B><font color ='red'> 1 Ad -</font>  
<B><font color = 'blue'> ==> -</font> ID of the Ad = 268260
<B><font color = 'blue'> ==> -</font> Clicked On ShowAnalytics Icon
<B><font color = 'Red'> ==> -</font> Image is not able: Oops! Looks like we don't have data for this search criteria yet.
 
<B><font color ='red'> 2 Ad -</font>  
<B><font color = 'blue'> ==> -</font> ID of the Ad = 268259
<B><font color = 'blue'> ==> -</font> Clicked On ShowAnalytics Icon
 
<B><font color = 'blue'> ==> -</font>Basic info: URL: https://www.cisco.com/c/en/us/solutions/collateral/enterprise-networks/nb-06-journey-cloud-network-management-wp-cte-en.html?oid=wprswt029963?team=global_campaign&medium=programmatic&campaign=transform_infrastructure&CCID=cc003043&DTID=pdiprg000001&OID=wprswt029963&POSITION=3rd+party+banner&COUNTRY_SITE=in&CAMPAIGN=xa-09&CREATIVE=347779225|539251138|183664930&REFERRING_SITE=N7442.1972103DOUBLECLICKBIDMANAG&CID=&ebuy!&dclid=CMjOs5T4_f0CFRWc1QodnsIKpQ&gclid=EAIaIQobChMI15P8j_j9_QIVFUtgCh1PbgDCEAEYASAAEgJytvD_BwE
 
<B><font color = 'blue'> ==> -</font>Redirects: URL: https://adclick.g.doubleclick.net/pcs/click?xai=AKAOjssPHH8-ryslYEIffkEOz-mtPUqBuDc7rinCu2Ve7-1LNBGObN-SOI190VUT1OkmpUONhtSmY2BKmbMcE6dhnz2hAHv7WWE5uADFdk1ETXSJUxFqeIUhW_iuUx7MLmXTCiAdncQdDlpcJ2v14snie4l7L8TsmYxt_ueciLAJZWv3Cu3D3knr3XDbOze8LPcrbYvEF38SCTczc7RhkcFaRY9tyMK12h3BTsWmTniHlrNbWFjhXzyc7p9CGNDmkq7ebv5GNJuYzijPynb61Z2HquNjRFQsxwGZSwlh_vDZz3UtsCksGnQ-OiXGwFcUvY05S7O2kgneCE4r4u2PqdsDLoBW4kspv2FI7u4ONBkuEprJoLX0jD8mfQ7OhRlamAcxkmIwXb0JdY5kYO4kCoeaWQ7n8dZXfYwhSLpsJ4I03pXqn5uxeU2i_9xXb0_EQ8X9cByV7i1wYYfvLmRB0ltI5txpSTqUH7DRYymGtRVuIKqkEqJdlZ6pgEsRoUuwReX1rCCbuH8Fu-8Oea1TUgnC3hyXbUbMn0QaIWNx_MTV-CxwzsUIMZWXtSuzShIebFzKlhh5Vneg_WYMlqUTuFT8GGD-q_SsNymlNfpDGDMARx_nv3pSIbb03lKdLYSTm7jt_lWAl8Oz7Bvi_77ZKRxAk-80d86nJrj0IQ0p195tk3sc6I2XrYU9ZRqQuyF1rqn1_lVduMaQRBqxYUowpj0MBdVrdC-JR8PSC9xitQNCV6Z9PR-Ks8pmfksGISwex4und9osHVKzHGmshIilooAttD9GatjL7Dey0mT52ZW683v_AD4xm7P63jBi5N4zk2Vi4MA9sVBchfoGsuNDcf6w0M7pU9SEo7lvMifsa3nNvwsP9mgEnBPWVAThivIr_Wjtr7XbDSDijsgfR0QB49jMNingI_jpsq2_L7DPXaI9toklvXTPcwIBwgxFoUm-NnSCjcHsu28gL7mg
<B><font color = 'green'> ===> -</font> Assert pass: doubleclick==doubleclick
 
<B><font color = 'blue'> ==> -</font>Outgoing links: Source URL: null
 
<B><font color = 'blue'> ==> -</font>Outgoing links: Redirect URL: https://adclick.g.doubleclick.net/pcs/click?xai=AKAOjssPHH8-ryslYEIffkEOz-mtPUqBuDc7rinCu2Ve7-1LNBGObN-SOI190VUT1OkmpUONhtSmY2BKmbMcE6dhnz2hAHv7WWE5uADFdk1ETXSJUxFqeIUhW_iuUx7MLmXTCiAdncQdDlpcJ2v14snie4l7L8TsmYxt_ueciLAJZWv3Cu3D3knr3XDbOze8LPcrbYvEF38SCTczc7RhkcFaRY9tyMK12h3BTsWmTniHlrNbWFjhXzyc7p9CGNDmkq7ebv5GNJuYzijPynb61Z2HquNjRFQsxwGZSwlh_vDZz3UtsCksGnQ-OiXGwFcUvY05S7O2kgneCE4r4u2PqdsDLoBW4kspv2FI7u4ONBkuEprJoLX0jD8mfQ7OhRlamAcxkmIwXb0JdY5kYO4kCoeaWQ7n8dZXfYwhSLpsJ4I03pXqn5uxeU2i_9xXb0_EQ8X9cByV7i1wYYfvLmRB0ltI5txpSTqUH7DRYymGtRVuIKqkEqJdlZ6pgEsRoUuwReX1rCCbuH8Fu-8Oea1TUgnC3hyXbUbMn0QaIWNx_MTV-CxwzsUIMZWXtSuzShIebFzKlhh5Vneg_WYMlqUTuFT8GGD-q_SsNymlNfpDGDMARx_nv3pSIbb03lKdLYSTm7jt_lWAl8Oz7Bvi_77ZKRxAk-80d86nJrj0IQ0p195tk3sc6I2XrYU9ZRqQuyF1rqn1_lVduMaQRBqxYUowpj0MBdVrdC-JR8PSC9xitQNCV6Z9PR-Ks8pmfksGISwex4und9osHVKzHGmshIilooAttD9GatjL7Dey0mT52ZW683v_AD4xm7P63jBi5N4zk2Vi4MA9sVBchfoGsuNDcf6w0M7pU9SEo7lvMifsa3nNvwsP9mgEnBPWVAThivIr_Wjtr7XbDSDijsgfR0QB49jMNingI_jpsq2_L7DPXaI9toklvXTPcwIBwgxFoUm-NnSCjcHsu28gL7mg
<B><font color = 'green'> ===> -</font> Assert pass: doubleclick==doubleclick
 
<B><font color = 'blue'> ==> -</font>Outgoing links: Final URL:null
 
<B><font color = 'blue'> ==> -</font>Fb post link: URL : null
 
<B><font color ='red'> 3 Ad -</font>  
<B><font color = 'blue'> ==> -</font> ID of the Ad = 268258
<B><font color = 'blue'> ==> -</font> Clicked On ShowAnalytics Icon
<B><font color = 'Red'> ==> -</font> Image is not able: Oops! Looks like we don't have data for this search criteria yet.
 
<B><font color ='red'> 4 Ad -</font>  
<B><font color = 'blue'> ==> -</font> ID of the Ad = 268257
<B><font color = 'blue'> ==> -</font> Clicked On ShowAnalytics Icon
<B><font color = 'Red'> ==> -</font> Image is not able: Oops! Looks like we don't have data for this search criteria yet.
 
<B><font color ='red'> 5 Ad -</font>  
<B><font color = 'blue'> ==> -</font> ID of the Ad = 268256
<B><font color = 'blue'> ==> -</font> Clicked On ShowAnalytics Icon
 
<B><font color = 'blue'> ==> -</font>Basic info: URL: https://www.theleela.com/the-leela-ambience-gurugram-hotel-residences/special-offers/the-leela-moments?gclid=CjwKCAjw_YShBhAiEiwAMomsEKJxgw7QGuHQt2i_wuQezJzSq5U274mIxrJvUYYJdwmT2ldR8MHYsBoC_IgQAvD_BwE
 
<B><font color = 'blue'> ==> -</font>Redirects: URL: https://www.googleadservices.com/pagead/aclk?sa=L&ai=COUWHPkshZKLrKNK4vwT596moDqampctvq9G7w_sQtbem75gOEAEgxvvWeWDlyuWDtA6gAeuK8JoDyAECqQLnbJK-OAlKPuACAKgDAcgDCKoErAJP0B2OGbESs_BmQo-zWhf729zlQi03boeJBf7wAPsI-UmlciwqyYoR4UgMP5XLL_AE3E7Lmxd92Wq9OGORHUqzDPS9Ifj6twlaKG51rx10C9cpTF8ommSjKC3N_21cYOrEPgajBXKVAblvl3ieQ4uTO5VlkmcW8ogRgUWdYtdU9eRrhUpg_ExiXiTm6YdMRKSxVuztpsgr_olU9TfMwDPOvXgDZjQ9ySMM7sFruxxF7bXqZ1_Bn2RSQQIjB9jse7UfaejsytAH6PfxV7jAVYDYoqMvOqkQGcZqcMu96vvuGbs9fMC192t2fxuyrL5q2t8_b_1lBFUmMyaRBmZd8xe4yj3I6x2toIo0KgALdj5wNZ0GuWMa35diWhmdFpWNVUf-DXdiRachw83fzfTABKqAmdPrA-AEAZAGAaAGAoAH-qD5Z4gHAZAHAqgHjs4bqAeT2BuoB-6WsQKoB_6esQKoB6SjsQKoB9XJG6gHpr4bqAeaBqgH89EbqAeW2BuoB6qbsQKoB4OtsQKoB_-esQKoB9-fsQLYBwHSCBIIABACGB0yAQA6B5_QgICAgASxCShbGs2VO3D1gAoDmAsByAsBuAwB2BMC0BUB-BYBgBcB&ae=1&num=1&cid=CAQSQgDUE5ymEG6c2jz7mTGaa3YMfBKLd8ZvESbs5hHa9nO90UfHRW6ipoC7KbwdVajhQ9yCD0jGxX1ICitjOMFbh65pehgB&sig=AOD64_3UMMhiDS78JGYJrqP1rULRrDOHuw&client=ca-pub-4573231550355221&rf=5&nx=CLICK_X&ny=CLICK_Y&uap=UACH(platform)&uapv=UACH(pla
 
<B><font color = 'blue'> ==> -</font>Outgoing links: Source URL: null
 
<B><font color = 'blue'> ==> -</font>Outgoing links: Redirect URL: https://www.googleadservices.com/pagead/aclk?sa=L&ai=COUWHPkshZKLrKNK4vwT596moDqampctvq9G7w_sQtbem75gOEAEgxvvWeWDlyuWDtA6gAeuK8JoDyAECqQLnbJK-OAlKPuACAKgDAcgDCKoErAJP0B2OGbESs_BmQo-zWhf729zlQi03boeJBf7wAPsI-UmlciwqyYoR4UgMP5XLL_AE3E7Lmxd92Wq9OGORHUqzDPS9Ifj6twlaKG51rx10C9cpTF8ommSjKC3N_21cYOrEPgajBXKVAblvl3ieQ4uTO5VlkmcW8ogRgUWdYtdU9eRrhUpg_ExiXiTm6YdMRKSxVuztpsgr_olU9TfMwDPOvXgDZjQ9ySMM7sFruxxF7bXqZ1_Bn2RSQQIjB9jse7UfaejsytAH6PfxV7jAVYDYoqMvOqkQGcZqcMu96vvuGbs9fMC192t2fxuyrL5q2t8_b_1lBFUmMyaRBmZd8xe4yj3I6x2toIo0KgALdj5wNZ0GuWMa35diWhmdFpWNVUf-DXdiRachw83fzfTABKqAmdPrA-AEAZAGAaAGAoAH-qD5Z4gHAZAHAqgHjs4bqAeT2BuoB-6WsQKoB_6esQKoB6SjsQKoB9XJG6gHpr4bqAeaBqgH89EbqAeW2BuoB6qbsQKoB4OtsQKoB_-esQKoB9-fsQLYBwHSCBIIABACGB0yAQA6B5_QgICAgASxCShbGs2VO3D1gAoDmAsByAsBuAwB2BMC0BUB-BYBgBcB&ae=1&num=1&cid=CAQSQgDUE5ymEG6c2jz7mTGaa3YMfBKLd8ZvESbs5hHa9nO90UfHRW6ipoC7KbwdVajhQ9yCD0jGxX1ICitjOMFbh65pehgB&sig=AOD64_3UMMhiDS78JGYJrqP1rULRrDOHuw&client=ca-pub-4573231550355221&rf=5&nx=CLICK_X&ny=CLICK_Y&uap=UACH(platform)&uapv=UACH(pla
 
<B><font color = 'blue'> ==> -</font>Outgoing links: Final URL:null
 
<B><font color = 'blue'> ==> -</font>Fb post link: URL : null
 
<B><font color ='red'> 6 Ad -</font>  
<B><font color = 'blue'> ==> -</font> ID of the Ad = 268255
<B><font color = 'blue'> ==> -</font> Clicked On ShowAnalytics Icon
<B><font color = 'Red'> ==> -</font> Image is not able: Oops! Looks like we don't have data for this search criteria yet.
 
<B><font color ='red'> 7 Ad -</font>  
<B><font color = 'blue'> ==> -</font> ID of the Ad = 268254
<B><font color = 'blue'> ==> -</font> Clicked On ShowAnalytics Icon
 
<B><font color = 'blue'> ==> -</font>Basic info: URL: https://www.amazon.in/minitv/tp/53e84807-e889-4634-a5fc-8c903fb3b587?mtv_pt=external&refMarker=AVOD_ex_mw_HUN_RTB_SS_L1P_BN1_COM&gclid=Cj0KCQjw8e-gBhD0ARIsAJiDsaUnWkZrp19_efL8CZ25uH4-1CRLa2h_hbhhQ39Ok0h1T86TmPukqAYaApqGEALw_wcB
 
<B><font color = 'blue'> ==> -</font>Redirects: URL: https://www.googleadservices.com/pagead/aclk?sa=L&ai=CvOl2UDIdZMfTMdGGvwT-urX4Ar3S5Ndv_YHBpqIR2tkeEAEgxvvWeWDlyuWDtA6gAdmFl5ooyAECqQLgw_8T8hpKPuACAKgDAcgDCKoEtAJP0KHZ4svP9AkbvMvs_tgla_RgpGc67O1E2xDnT1861YjikUiB7q5JveqcDoSFTyOyHg2CYBvQTpg9gEANOgTCz8_ji6Ag2ytpAzymRHw0RB30JyYmH45kq5rY7L8Ri96yaq932rFHXpO3h82mFtrZsCt-3ZxF17U3nUc2-HPDb1FLG3dfPolu0V4sefOMCwNlExezHE1tjZHypSKB7OW23-XqVundmr0Y2CHfrMHQGaj8626Y7eiaMuGceD5LRFG-ZCyW_oxtmRw6d5KTtbWcRN00GaBmTFJbBB2Mk2d-K6Qffhabpm2xiqzMW1rVfXy1giOqaRZmJ4fomTZYV6zsQSyn1kLdhVy3tsk9ylIRIVJamhI566c41kXqqsO1StStjlkHstH4U7Xkz7S6aScHDZNM9sAElIKdu6oE4AQBkAYBoAYCgAfZvef5AogHAZAHAqgHjs4bqAeT2BuoB-6WsQKoB_6esQKoB6SjsQKoB9XJG6gHpr4bqAeaBqgH89EbqAeW2BuoB6qbsQKoB4OtsQKoB_-esQKoB9-fsQLYBwHSCBIIABACGB0yAQA6B5_AgICAgASxCUoJ_h2B5vcBgAoDmAsByAsBuAwB2BMC0BUBmBYB-BYBgBcB&ae=1&num=1&cid=CAQSQgDUE5ymeMvflLc8hAbjJ0LLGVr4weBjAn5gTems23C6c215qAfbQBWSiAcfx22mlxEZarWY6I1H8gED6mNSEgXUXhgB&sig=AOD64_3Q78E1Vxo57STMHVr9zKqa57OLZQ&client=ca-pub-4573231550355221&rf=5&nx=CLICK_X&ny=CLICK_Y&uap=UACH(platform)&u
 
<B><font color = 'blue'> ==> -</font>Outgoing links: Source URL: null
 
<B><font color = 'blue'> ==> -</font>Outgoing links: Redirect URL: https://www.googleadservices.com/pagead/aclk?sa=L&ai=CvOl2UDIdZMfTMdGGvwT-urX4Ar3S5Ndv_YHBpqIR2tkeEAEgxvvWeWDlyuWDtA6gAdmFl5ooyAECqQLgw_8T8hpKPuACAKgDAcgDCKoEtAJP0KHZ4svP9AkbvMvs_tgla_RgpGc67O1E2xDnT1861YjikUiB7q5JveqcDoSFTyOyHg2CYBvQTpg9gEANOgTCz8_ji6Ag2ytpAzymRHw0RB30JyYmH45kq5rY7L8Ri96yaq932rFHXpO3h82mFtrZsCt-3ZxF17U3nUc2-HPDb1FLG3dfPolu0V4sefOMCwNlExezHE1tjZHypSKB7OW23-XqVundmr0Y2CHfrMHQGaj8626Y7eiaMuGceD5LRFG-ZCyW_oxtmRw6d5KTtbWcRN00GaBmTFJbBB2Mk2d-K6Qffhabpm2xiqzMW1rVfXy1giOqaRZmJ4fomTZYV6zsQSyn1kLdhVy3tsk9ylIRIVJamhI566c41kXqqsO1StStjlkHstH4U7Xkz7S6aScHDZNM9sAElIKdu6oE4AQBkAYBoAYCgAfZvef5AogHAZAHAqgHjs4bqAeT2BuoB-6WsQKoB_6esQKoB6SjsQKoB9XJG6gHpr4bqAeaBqgH89EbqAeW2BuoB6qbsQKoB4OtsQKoB_-esQKoB9-fsQLYBwHSCBIIABACGB0yAQA6B5_AgICAgASxCUoJ_h2B5vcBgAoDmAsByAsBuAwB2BMC0BUBmBYB-BYBgBcB&ae=1&num=1&cid=CAQSQgDUE5ymeMvflLc8hAbjJ0LLGVr4weBjAn5gTems23C6c215qAfbQBWSiAcfx22mlxEZarWY6I1H8gED6mNSEgXUXhgB&sig=AOD64_3Q78E1Vxo57STMHVr9zKqa57OLZQ&client=ca-pub-4573231550355221&rf=5&nx=CLICK_X&ny=CLICK_Y&uap=UACH(platform)&u
 
<B><font color = 'blue'> ==> -</font>Outgoing links: Final URL:null
 
<B><font color = 'blue'> ==> -</font>Fb post link: URL : null
 
<B><font color ='red'> 8 Ad -</font>  
<B><font color = 'blue'> ==> -</font> ID of the Ad = 268253
<B><font color = 'blue'> ==> -</font> Clicked On ShowAnalytics Icon
 
<B><font color = 'blue'> ==> -</font>Basic info: URL: https://torontoglobal.ca/international-business-expansion-canada?creative={creative}&keyword={keyword}&matchtype={matchtype}&network={network}&device={device}&gclid=Cj0KCQjw8e-gBhD0ARIsAJiDsaXt7j9X8wkoyyZfy-XHSaNi54Owu3W3y6Ri3jG865gg-BvajdjzSAQaApGMEALw_wcB
 
<B><font color = 'blue'> ==> -</font>Redirects: URL: https://www.googleadservices.com/pagead/aclk?sa=L&ai=CR3ae9TAdZPXwCquA9fwP4IScSN3wtNBrs6uZqqcN2tkeEAEgxvvWeWDlyuWDtA6gAYzGx7sCyAECqQKZ_RI-hHOoPuACAKgDAcgDCKoEswJP0NLBAuzujlQBto26FTMPscPShWbpk98ABwWdkC689fGIC3L30UwiAx3eEiVBu_pCKhpsjoudThwnp7w9cgVV7zuTUO1riiyPNw18FVYw_wIoGbRXQQy-LJ_ckcgOBiCtKyTBK83qeS3pKz2npJPCpjqnjNxPuhShUF9XGRiIpHDRM1f3vetPGTuC_6tIZey5yGG3WkQAKOqZMkEnoomVxV-Jm5_TFNOnjWQtYrcHy0Rfa97y5Vg3KmbkfXGVpu6hGaHq6b4Ne_iSJdnFOAz9vXhRzJhPbdnDfizqJkmzBxLC1NZiO1ILQJaaUjUU1dx341lByBZSa4Ff8R4becyPFK5BjYTLDtJo5lFIJN-EriZZEtwycUcnZZzqByJ12OVhDXhCnNN8p99PKmUzXsjDKq6ZwATx9ZyrngPgBAGQBgGgBgKAB9y5uMQBiAcBkAcCqAeOzhuoB5PYG6gH7paxAqgH_p6xAqgHpKOxAqgH1ckbqAemvhuoB5oGqAfz0RuoB5bYG6gHqpuxAqgHg62xAqgH_56xAqgH35-xAtgHAdIIEggAEAIYHTIBADoHn9CAgICABLEJ82kh4V4i5IyACgOYCwHICwG4DAHYEwLQFQGYFgH4FgGAFwE&ae=1&num=1&cid=CAQSQgDUE5ym5kjUvqS-aMXKpNDw2bc-OrlBi6gn81UCYkk-AyPsT4OrRC-49IGwsSC3LVvZiMWnFi6SZImr10eZd_fLKhgB&sig=AOD64_1T9SjFBUyI4j-jSV_ZbQq11nPQHA&client=ca-pub-4573231550355221&rf=5&nx=CLICK_X&ny=CLICK_Y&uap=UACH(platform)&ua
 
<B><font color = 'blue'> ==> -</font>Outgoing links: Source URL: null
 
<B><font color = 'blue'> ==> -</font>Outgoing links: Redirect URL: https://www.googleadservices.com/pagead/aclk?sa=L&ai=CR3ae9TAdZPXwCquA9fwP4IScSN3wtNBrs6uZqqcN2tkeEAEgxvvWeWDlyuWDtA6gAYzGx7sCyAECqQKZ_RI-hHOoPuACAKgDAcgDCKoEswJP0NLBAuzujlQBto26FTMPscPShWbpk98ABwWdkC689fGIC3L30UwiAx3eEiVBu_pCKhpsjoudThwnp7w9cgVV7zuTUO1riiyPNw18FVYw_wIoGbRXQQy-LJ_ckcgOBiCtKyTBK83qeS3pKz2npJPCpjqnjNxPuhShUF9XGRiIpHDRM1f3vetPGTuC_6tIZey5yGG3WkQAKOqZMkEnoomVxV-Jm5_TFNOnjWQtYrcHy0Rfa97y5Vg3KmbkfXGVpu6hGaHq6b4Ne_iSJdnFOAz9vXhRzJhPbdnDfizqJkmzBxLC1NZiO1ILQJaaUjUU1dx341lByBZSa4Ff8R4becyPFK5BjYTLDtJo5lFIJN-EriZZEtwycUcnZZzqByJ12OVhDXhCnNN8p99PKmUzXsjDKq6ZwATx9ZyrngPgBAGQBgGgBgKAB9y5uMQBiAcBkAcCqAeOzhuoB5PYG6gH7paxAqgH_p6xAqgHpKOxAqgH1ckbqAemvhuoB5oGqAfz0RuoB5bYG6gHqpuxAqgHg62xAqgH_56xAqgH35-xAtgHAdIIEggAEAIYHTIBADoHn9CAgICABLEJ82kh4V4i5IyACgOYCwHICwG4DAHYEwLQFQGYFgH4FgGAFwE&ae=1&num=1&cid=CAQSQgDUE5ym5kjUvqS-aMXKpNDw2bc-OrlBi6gn81UCYkk-AyPsT4OrRC-49IGwsSC3LVvZiMWnFi6SZImr10eZd_fLKhgB&sig=AOD64_1T9SjFBUyI4j-jSV_ZbQq11nPQHA&client=ca-pub-4573231550355221&rf=5&nx=CLICK_X&ny=CLICK_Y&uap=UACH(platform)&ua
 
<B><font color = 'blue'> ==> -</font>Outgoing links: Final URL:null
 
<B><font color = 'blue'> ==> -</font>Fb post link: URL : null
 
<B><font color ='red'> 9 Ad -</font>  
<B><font color = 'blue'> ==> -</font> ID of the Ad = 268252
<B><font color = 'blue'> ==> -</font> Clicked On ShowAnalytics Icon
 
<B><font color = 'blue'> ==> -</font>Basic info: URL: https://www.hp.com/in-en/shop/printers.html?jumpid=ps_in_di_mk_ot__pu_ot&subbrand=smart-tank
 
<B><font color = 'blue'> ==> -</font>Redirects: URL: https://www.googleadservices.com/pagead/aclk?sa=L&ai=CfU51iFEcZOPUGtPkogPJ9aPIBeiS-81vu9nAjZUR9c61opo5EAEg-5vVSWDlyuWDtA6gAaav044ByAECqQKoWJ5P5B1KPuACAKgDAcgDCKoElgJP0JG8tL252ePwU-lOvNwgtNmUv-dpTtOOCfEbdSvdJq-waRS61JqJz3tWdK8jQkIPBnqyJ2X2aucJGfSmgEy89XrRr0U0TXOnwEtm2KminFQJd-n0lrKDvbgls8nJjWtVfJGmyoSWg1indjJnUpnODv-Fc1oTbxqTHQ5TeY455ey94cmk6SYwm435ZmlmOtWmOs_onccKSFn_BjgV1lTgXPt-4ggMLJ9GXuwynkZDnsOlKtUHICBihguxSd0YnrJ4VF-f16RziD3GAlSdCNwRoBCo7IRlWe9eghV5dd5xlXGutq9I9UOSAnwoyEi9nF6NYvgV2Cafu5pUjHJH6mbqL97gzj6-dxPWGC-w5jj8tDKEsJbUPsAEwY3Gk60E4AQBkAYBoAYCgAfC0KzxAogHAZAHAqgHjs4bqAeT2BuoB-6WsQKoB_6esQKoB6SjsQKoB9XJG6gHpr4bqAeaBqgH89EbqAeW2BuoB6qbsQKoB4OtsQKoB_-esQKoB9-fsQLYBwHSCBIIABACGB0yAQA6B5_AgICAgATyCBthZHgtc3Vic3luLTIxMjc0NjI4ODUyNzI5ODexCSnk3NCcqeSzgAoDmAsByAsBuAwB2BMK0BUB-BYBgBcB&ae=1&num=1&cid=CAQSQgDUE5ymXSIOwllqyNaheukDKnr0yHt7RhrlWnm-xGz_aJujD5TVVApuretayrXkU9nl5XlbqNFiNAHmmr10EevgqhgB&sig=AOD64_08uUNFIoxKeT0CstcSRjZkRFT1ig&client=ca-pub-5812357352335075&rf=5&nx=CLICK_X&ny=CLICK_Y&uap=UACH(platform)&u
 
<B><font color = 'blue'> ==> -</font>Outgoing links: Source URL: null
 
<B><font color = 'blue'> ==> -</font>Outgoing links: Redirect URL: https://www.googleadservices.com/pagead/aclk?sa=L&ai=CfU51iFEcZOPUGtPkogPJ9aPIBeiS-81vu9nAjZUR9c61opo5EAEg-5vVSWDlyuWDtA6gAaav044ByAECqQKoWJ5P5B1KPuACAKgDAcgDCKoElgJP0JG8tL252ePwU-lOvNwgtNmUv-dpTtOOCfEbdSvdJq-waRS61JqJz3tWdK8jQkIPBnqyJ2X2aucJGfSmgEy89XrRr0U0TXOnwEtm2KminFQJd-n0lrKDvbgls8nJjWtVfJGmyoSWg1indjJnUpnODv-Fc1oTbxqTHQ5TeY455ey94cmk6SYwm435ZmlmOtWmOs_onccKSFn_BjgV1lTgXPt-4ggMLJ9GXuwynkZDnsOlKtUHICBihguxSd0YnrJ4VF-f16RziD3GAlSdCNwRoBCo7IRlWe9eghV5dd5xlXGutq9I9UOSAnwoyEi9nF6NYvgV2Cafu5pUjHJH6mbqL97gzj6-dxPWGC-w5jj8tDKEsJbUPsAEwY3Gk60E4AQBkAYBoAYCgAfC0KzxAogHAZAHAqgHjs4bqAeT2BuoB-6WsQKoB_6esQKoB6SjsQKoB9XJG6gHpr4bqAeaBqgH89EbqAeW2BuoB6qbsQKoB4OtsQKoB_-esQKoB9-fsQLYBwHSCBIIABACGB0yAQA6B5_AgICAgATyCBthZHgtc3Vic3luLTIxMjc0NjI4ODUyNzI5ODexCSnk3NCcqeSzgAoDmAsByAsBuAwB2BMK0BUB-BYBgBcB&ae=1&num=1&cid=CAQSQgDUE5ymXSIOwllqyNaheukDKnr0yHt7RhrlWnm-xGz_aJujD5TVVApuretayrXkU9nl5XlbqNFiNAHmmr10EevgqhgB&sig=AOD64_08uUNFIoxKeT0CstcSRjZkRFT1ig&client=ca-pub-5812357352335075&rf=5&nx=CLICK_X&ny=CLICK_Y&uap=UACH(platform)&u
 
<B><font color = 'blue'> ==> -</font>Outgoing links: Final URL:null
 
<B><font color = 'blue'> ==> -</font>Fb post link: URL : null
 
<B><font color ='red'> 10 Ad -</font>  
<B><font color = 'Red'> ==> -</font> Image is not able: Oops! Looks like we don't have data for this search criteria yet.
 
<B><font color ='red'> 11 Ad -</font>  
<B><font color = 'Red'> ==> -</font> Image is not able: Oops! Looks like we don't have data for this search criteria yet.
 
<B><font color ='red'> 12 Ad -</font>  
<B><font color = 'Red'> ==> -</font> Image is not able: Oops! Looks like we don't have data for this search criteria yet.
 
<B><font color ='red'> 13 Ad -</font>  
<B><font color = 'Red'> ==> -</font> Image is not able: Oops! Looks like we don't have data for this search criteria yet.
 
<B><font color ='red'> 14 Ad -</font>  
<B><font color = 'Red'> ==> -</font> Image is not able: Oops! Looks like we don't have data for this search criteria yet.
 
<B><font color ='red'> 15 Ad -</font>  
<B><font color = 'Red'> ==> -</font> Image is not able: Oops! Looks like we don't have data for this search criteria yet.
 ]]>
  </system-out>
</testsuite> <!-- com.power.testcases.Verify_Gdn_landerProperties_MarketingPlatform_TestScript -->
